ARM GAS  C:\Users\nhantt\AppData\Local\Temp\ccetoeYx.s 			page 1


   1              		.cpu cortex-m3
   2              		.eabi_attribute 20, 1
   3              		.eabi_attribute 21, 1
   4              		.eabi_attribute 23, 3
   5              		.eabi_attribute 24, 1
   6              		.eabi_attribute 25, 1
   7              		.eabi_attribute 26, 1
   8              		.eabi_attribute 30, 1
   9              		.eabi_attribute 34, 1
  10              		.eabi_attribute 18, 4
  11              		.file	"u8g2_buffer.c"
  12              		.text
  13              	.Ltext0:
  14              		.cfi_sections	.debug_frame
  15              		.section	.text.u8g2_send_tile_row,"ax",%progbits
  16              		.align	1
  17              		.syntax unified
  18              		.thumb
  19              		.thumb_func
  20              		.fpu softvfp
  22              	u8g2_send_tile_row:
  23              	.LFB1:
  24              		.file 1 "u8g2/csrc/u8g2_buffer.c"
   1:u8g2/csrc/u8g2_buffer.c **** /* 
   2:u8g2/csrc/u8g2_buffer.c **** 
   3:u8g2/csrc/u8g2_buffer.c ****   u8g2_buffer.c 
   4:u8g2/csrc/u8g2_buffer.c **** 
   5:u8g2/csrc/u8g2_buffer.c ****   Universal 8bit Graphics Library (https://github.com/olikraus/u8g2/)
   6:u8g2/csrc/u8g2_buffer.c **** 
   7:u8g2/csrc/u8g2_buffer.c ****   Copyright (c) 2016, olikraus@gmail.com
   8:u8g2/csrc/u8g2_buffer.c ****   All rights reserved.
   9:u8g2/csrc/u8g2_buffer.c **** 
  10:u8g2/csrc/u8g2_buffer.c ****   Redistribution and use in source and binary forms, with or without modification, 
  11:u8g2/csrc/u8g2_buffer.c ****   are permitted provided that the following conditions are met:
  12:u8g2/csrc/u8g2_buffer.c **** 
  13:u8g2/csrc/u8g2_buffer.c ****   * Redistributions of source code must retain the above copyright notice, this list 
  14:u8g2/csrc/u8g2_buffer.c ****     of conditions and the following disclaimer.
  15:u8g2/csrc/u8g2_buffer.c ****     
  16:u8g2/csrc/u8g2_buffer.c ****   * Redistributions in binary form must reproduce the above copyright notice, this 
  17:u8g2/csrc/u8g2_buffer.c ****     list of conditions and the following disclaimer in the documentation and/or other 
  18:u8g2/csrc/u8g2_buffer.c ****     materials provided with the distribution.
  19:u8g2/csrc/u8g2_buffer.c **** 
  20:u8g2/csrc/u8g2_buffer.c ****   THIS SOFTWARE IS PROVIDED BY THE COPYRIGHT HOLDERS AND 
  21:u8g2/csrc/u8g2_buffer.c ****   CONTRIBUTORS "AS IS" AND ANY EXPRESS OR IMPLIED WARRANTIES, 
  22:u8g2/csrc/u8g2_buffer.c ****   INCLUDING, BUT NOT LIMITED TO, THE IMPLIED WARRANTIES OF 
  23:u8g2/csrc/u8g2_buffer.c ****   MERCHANTABILITY AND FITNESS FOR A PARTICULAR PURPOSE ARE 
  24:u8g2/csrc/u8g2_buffer.c ****   DISCLAIMED. IN NO EVENT SHALL THE COPYRIGHT HOLDER OR 
  25:u8g2/csrc/u8g2_buffer.c ****   CONTRIBUTORS BE LIABLE FOR ANY DIRECT, INDIRECT, INCIDENTAL, 
  26:u8g2/csrc/u8g2_buffer.c ****   SPECIAL, EXEMPLARY, OR CONSEQUENTIAL DAMAGES (INCLUDING, BUT 
  27:u8g2/csrc/u8g2_buffer.c ****   NOT LIMITED TO, PROCUREMENT OF SUBSTITUTE GOODS OR SERVICES; 
  28:u8g2/csrc/u8g2_buffer.c ****   LOSS OF USE, DATA, OR PROFITS; OR BUSINESS INTERRUPTION) HOWEVER 
  29:u8g2/csrc/u8g2_buffer.c ****   CAUSED AND ON ANY THEORY OF LIABILITY, WHETHER IN CONTRACT, 
  30:u8g2/csrc/u8g2_buffer.c ****   STRICT LIABILITY, OR TORT (INCLUDING NEGLIGENCE OR OTHERWISE) 
  31:u8g2/csrc/u8g2_buffer.c ****   ARISING IN ANY WAY OUT OF THE USE OF THIS SOFTWARE, EVEN IF 
  32:u8g2/csrc/u8g2_buffer.c ****   ADVISED OF THE POSSIBILITY OF SUCH DAMAGE.  
  33:u8g2/csrc/u8g2_buffer.c **** 
  34:u8g2/csrc/u8g2_buffer.c **** */
ARM GAS  C:\Users\nhantt\AppData\Local\Temp\ccetoeYx.s 			page 2


  35:u8g2/csrc/u8g2_buffer.c **** 
  36:u8g2/csrc/u8g2_buffer.c **** #include "u8g2.h"
  37:u8g2/csrc/u8g2_buffer.c **** #include <string.h>
  38:u8g2/csrc/u8g2_buffer.c **** 
  39:u8g2/csrc/u8g2_buffer.c **** /*============================================*/
  40:u8g2/csrc/u8g2_buffer.c **** void u8g2_ClearBuffer(u8g2_t *u8g2)
  41:u8g2/csrc/u8g2_buffer.c **** {
  42:u8g2/csrc/u8g2_buffer.c ****   size_t cnt;
  43:u8g2/csrc/u8g2_buffer.c ****   cnt = u8g2_GetU8x8(u8g2)->display_info->tile_width;
  44:u8g2/csrc/u8g2_buffer.c ****   cnt *= u8g2->tile_buf_height;
  45:u8g2/csrc/u8g2_buffer.c ****   cnt *= 8;
  46:u8g2/csrc/u8g2_buffer.c ****   memset(u8g2->tile_buf_ptr, 0, cnt);
  47:u8g2/csrc/u8g2_buffer.c **** }
  48:u8g2/csrc/u8g2_buffer.c **** 
  49:u8g2/csrc/u8g2_buffer.c **** /*============================================*/
  50:u8g2/csrc/u8g2_buffer.c **** 
  51:u8g2/csrc/u8g2_buffer.c **** static void u8g2_send_tile_row(u8g2_t *u8g2, uint8_t src_tile_row, uint8_t dest_tile_row)
  52:u8g2/csrc/u8g2_buffer.c **** {
  25              		.loc 1 52 0
  26              		.cfi_startproc
  27              		@ args = 0, pretend = 0, frame = 0
  28              		@ frame_needed = 0, uses_anonymous_args = 0
  29              	.LVL0:
  30 0000 10B5     		push	{r4, lr}
  31              	.LCFI0:
  32              		.cfi_def_cfa_offset 8
  33              		.cfi_offset 4, -8
  34              		.cfi_offset 14, -4
  35 0002 82B0     		sub	sp, sp, #8
  36              	.LCFI1:
  37              		.cfi_def_cfa_offset 16
  53:u8g2/csrc/u8g2_buffer.c ****   uint8_t *ptr;
  54:u8g2/csrc/u8g2_buffer.c ****   uint16_t offset;
  55:u8g2/csrc/u8g2_buffer.c ****   uint8_t w;
  56:u8g2/csrc/u8g2_buffer.c ****   
  57:u8g2/csrc/u8g2_buffer.c ****   w = u8g2_GetU8x8(u8g2)->display_info->tile_width;
  38              		.loc 1 57 0
  39 0004 0368     		ldr	r3, [r0]
  40 0006 1B7C     		ldrb	r3, [r3, #16]	@ zero_extendqisi2
  41              	.LVL1:
  58:u8g2/csrc/u8g2_buffer.c ****   offset = src_tile_row;
  59:u8g2/csrc/u8g2_buffer.c ****   ptr = u8g2->tile_buf_ptr;
  42              		.loc 1 59 0
  43 0008 446B     		ldr	r4, [r0, #52]
  44              	.LVL2:
  60:u8g2/csrc/u8g2_buffer.c ****   offset *= w;
  45              		.loc 1 60 0
  46 000a 03FB01F1 		mul	r1, r3, r1
  47              	.LVL3:
  61:u8g2/csrc/u8g2_buffer.c ****   offset *= 8;
  48              		.loc 1 61 0
  49 000e C900     		lsls	r1, r1, #3
  50              	.LVL4:
  51 0010 89B2     		uxth	r1, r1
  52              	.LVL5:
  62:u8g2/csrc/u8g2_buffer.c ****   ptr += offset;
  53              		.loc 1 62 0
ARM GAS  C:\Users\nhantt\AppData\Local\Temp\ccetoeYx.s 			page 3


  54 0012 2144     		add	r1, r1, r4
  55              	.LVL6:
  63:u8g2/csrc/u8g2_buffer.c ****   u8x8_DrawTile(u8g2_GetU8x8(u8g2), 0, dest_tile_row, w, ptr);
  56              		.loc 1 63 0
  57 0014 0091     		str	r1, [sp]
  58 0016 0021     		movs	r1, #0
  59              	.LVL7:
  60 0018 FFF7FEFF 		bl	u8x8_DrawTile
  61              	.LVL8:
  64:u8g2/csrc/u8g2_buffer.c **** }
  62              		.loc 1 64 0
  63 001c 02B0     		add	sp, sp, #8
  64              	.LCFI2:
  65              		.cfi_def_cfa_offset 8
  66              		@ sp needed
  67 001e 10BD     		pop	{r4, pc}
  68              		.cfi_endproc
  69              	.LFE1:
  71              		.section	.text.u8g2_send_buffer,"ax",%progbits
  72              		.align	1
  73              		.syntax unified
  74              		.thumb
  75              		.thumb_func
  76              		.fpu softvfp
  78              	u8g2_send_buffer:
  79              	.LFB2:
  65:u8g2/csrc/u8g2_buffer.c **** 
  66:u8g2/csrc/u8g2_buffer.c **** /* 
  67:u8g2/csrc/u8g2_buffer.c ****   write the buffer to the display RAM. 
  68:u8g2/csrc/u8g2_buffer.c ****   For most displays, this will make the content visible to the user.
  69:u8g2/csrc/u8g2_buffer.c ****   Some displays (like the SSD1606) require a u8x8_RefreshDisplay()
  70:u8g2/csrc/u8g2_buffer.c **** */
  71:u8g2/csrc/u8g2_buffer.c **** static void u8g2_send_buffer(u8g2_t *u8g2) U8X8_NOINLINE;
  72:u8g2/csrc/u8g2_buffer.c **** static void u8g2_send_buffer(u8g2_t *u8g2)
  73:u8g2/csrc/u8g2_buffer.c **** {
  80              		.loc 1 73 0
  81              		.cfi_startproc
  82              		@ args = 0, pretend = 0, frame = 0
  83              		@ frame_needed = 0, uses_anonymous_args = 0
  84              	.LVL9:
  85 0000 2DE9F041 		push	{r4, r5, r6, r7, r8, lr}
  86              	.LCFI3:
  87              		.cfi_def_cfa_offset 24
  88              		.cfi_offset 4, -24
  89              		.cfi_offset 5, -20
  90              		.cfi_offset 6, -16
  91              		.cfi_offset 7, -12
  92              		.cfi_offset 8, -8
  93              		.cfi_offset 14, -4
  94 0004 0646     		mov	r6, r0
  95              	.LVL10:
  74:u8g2/csrc/u8g2_buffer.c ****   uint8_t src_row;
  75:u8g2/csrc/u8g2_buffer.c ****   uint8_t src_max;
  76:u8g2/csrc/u8g2_buffer.c ****   uint8_t dest_row;
  77:u8g2/csrc/u8g2_buffer.c ****   uint8_t dest_max;
  78:u8g2/csrc/u8g2_buffer.c **** 
  79:u8g2/csrc/u8g2_buffer.c ****   src_row = 0;
ARM GAS  C:\Users\nhantt\AppData\Local\Temp\ccetoeYx.s 			page 4


  80:u8g2/csrc/u8g2_buffer.c ****   src_max = u8g2->tile_buf_height;
  96              		.loc 1 80 0
  97 0006 90F83870 		ldrb	r7, [r0, #56]	@ zero_extendqisi2
  98              	.LVL11:
  81:u8g2/csrc/u8g2_buffer.c ****   dest_row = u8g2->tile_curr_row;
  99              		.loc 1 81 0
 100 000a 90F83950 		ldrb	r5, [r0, #57]	@ zero_extendqisi2
 101              	.LVL12:
  82:u8g2/csrc/u8g2_buffer.c ****   dest_max = u8g2_GetU8x8(u8g2)->display_info->tile_height;
 102              		.loc 1 82 0
 103 000e 0368     		ldr	r3, [r0]
 104 0010 93F81180 		ldrb	r8, [r3, #17]	@ zero_extendqisi2
 105              	.LVL13:
  79:u8g2/csrc/u8g2_buffer.c ****   src_max = u8g2->tile_buf_height;
 106              		.loc 1 79 0
 107 0014 0024     		movs	r4, #0
 108              	.LVL14:
 109              	.L5:
  83:u8g2/csrc/u8g2_buffer.c ****   
  84:u8g2/csrc/u8g2_buffer.c ****   do
  85:u8g2/csrc/u8g2_buffer.c ****   {
  86:u8g2/csrc/u8g2_buffer.c ****     u8g2_send_tile_row(u8g2, src_row, dest_row);
 110              		.loc 1 86 0 discriminator 2
 111 0016 2A46     		mov	r2, r5
 112 0018 2146     		mov	r1, r4
 113 001a 3046     		mov	r0, r6
 114 001c FFF7FEFF 		bl	u8g2_send_tile_row
 115              	.LVL15:
  87:u8g2/csrc/u8g2_buffer.c ****     src_row++;
 116              		.loc 1 87 0 discriminator 2
 117 0020 0134     		adds	r4, r4, #1
 118              	.LVL16:
 119 0022 E4B2     		uxtb	r4, r4
 120              	.LVL17:
  88:u8g2/csrc/u8g2_buffer.c ****     dest_row++;
 121              		.loc 1 88 0 discriminator 2
 122 0024 0135     		adds	r5, r5, #1
 123              	.LVL18:
 124 0026 EDB2     		uxtb	r5, r5
 125              	.LVL19:
  89:u8g2/csrc/u8g2_buffer.c ****   } while( src_row < src_max && dest_row < dest_max );
 126              		.loc 1 89 0 discriminator 2
 127 0028 A742     		cmp	r7, r4
 128 002a 01D9     		bls	.L3
 129              		.loc 1 89 0 is_stmt 0 discriminator 1
 130 002c A845     		cmp	r8, r5
 131 002e F2D8     		bhi	.L5
 132              	.L3:
 133 0030 BDE8F081 		pop	{r4, r5, r6, r7, r8, pc}
 134              		.cfi_endproc
 135              	.LFE2:
 137              		.section	.text.u8g2_ClearBuffer,"ax",%progbits
 138              		.align	1
 139              		.global	u8g2_ClearBuffer
 140              		.syntax unified
 141              		.thumb
 142              		.thumb_func
ARM GAS  C:\Users\nhantt\AppData\Local\Temp\ccetoeYx.s 			page 5


 143              		.fpu softvfp
 145              	u8g2_ClearBuffer:
 146              	.LFB0:
  41:u8g2/csrc/u8g2_buffer.c ****   size_t cnt;
 147              		.loc 1 41 0 is_stmt 1
 148              		.cfi_startproc
 149              		@ args = 0, pretend = 0, frame = 0
 150              		@ frame_needed = 0, uses_anonymous_args = 0
 151              	.LVL20:
 152 0000 08B5     		push	{r3, lr}
 153              	.LCFI4:
 154              		.cfi_def_cfa_offset 8
 155              		.cfi_offset 3, -8
 156              		.cfi_offset 14, -4
  43:u8g2/csrc/u8g2_buffer.c ****   cnt *= u8g2->tile_buf_height;
 157              		.loc 1 43 0
 158 0002 0368     		ldr	r3, [r0]
 159 0004 1B7C     		ldrb	r3, [r3, #16]	@ zero_extendqisi2
 160              	.LVL21:
  44:u8g2/csrc/u8g2_buffer.c ****   cnt *= 8;
 161              		.loc 1 44 0
 162 0006 90F83820 		ldrb	r2, [r0, #56]	@ zero_extendqisi2
 163 000a 02FB03F2 		mul	r2, r2, r3
 164              	.LVL22:
  46:u8g2/csrc/u8g2_buffer.c **** }
 165              		.loc 1 46 0
 166 000e D200     		lsls	r2, r2, #3
 167              	.LVL23:
 168 0010 0021     		movs	r1, #0
 169 0012 406B     		ldr	r0, [r0, #52]
 170              	.LVL24:
 171 0014 FFF7FEFF 		bl	memset
 172              	.LVL25:
 173 0018 08BD     		pop	{r3, pc}
 174              		.cfi_endproc
 175              	.LFE0:
 177              		.section	.text.u8g2_SendBuffer,"ax",%progbits
 178              		.align	1
 179              		.global	u8g2_SendBuffer
 180              		.syntax unified
 181              		.thumb
 182              		.thumb_func
 183              		.fpu softvfp
 185              	u8g2_SendBuffer:
 186              	.LFB3:
  90:u8g2/csrc/u8g2_buffer.c **** }
  91:u8g2/csrc/u8g2_buffer.c **** 
  92:u8g2/csrc/u8g2_buffer.c **** /* same as u8g2_send_buffer but also send the DISPLAY_REFRESH message (used by SSD1606) */
  93:u8g2/csrc/u8g2_buffer.c **** void u8g2_SendBuffer(u8g2_t *u8g2)
  94:u8g2/csrc/u8g2_buffer.c **** {
 187              		.loc 1 94 0
 188              		.cfi_startproc
 189              		@ args = 0, pretend = 0, frame = 0
 190              		@ frame_needed = 0, uses_anonymous_args = 0
 191              	.LVL26:
 192 0000 10B5     		push	{r4, lr}
 193              	.LCFI5:
ARM GAS  C:\Users\nhantt\AppData\Local\Temp\ccetoeYx.s 			page 6


 194              		.cfi_def_cfa_offset 8
 195              		.cfi_offset 4, -8
 196              		.cfi_offset 14, -4
 197 0002 0446     		mov	r4, r0
  95:u8g2/csrc/u8g2_buffer.c ****   u8g2_send_buffer(u8g2);
 198              		.loc 1 95 0
 199 0004 FFF7FEFF 		bl	u8g2_send_buffer
 200              	.LVL27:
  96:u8g2/csrc/u8g2_buffer.c ****   u8x8_RefreshDisplay( u8g2_GetU8x8(u8g2) );  
 201              		.loc 1 96 0
 202 0008 2046     		mov	r0, r4
 203 000a FFF7FEFF 		bl	u8x8_RefreshDisplay
 204              	.LVL28:
 205 000e 10BD     		pop	{r4, pc}
 206              		.cfi_endproc
 207              	.LFE3:
 209              		.section	.text.u8g2_SetBufferCurrTileRow,"ax",%progbits
 210              		.align	1
 211              		.global	u8g2_SetBufferCurrTileRow
 212              		.syntax unified
 213              		.thumb
 214              		.thumb_func
 215              		.fpu softvfp
 217              	u8g2_SetBufferCurrTileRow:
 218              	.LFB4:
  97:u8g2/csrc/u8g2_buffer.c **** }
  98:u8g2/csrc/u8g2_buffer.c **** 
  99:u8g2/csrc/u8g2_buffer.c **** /*============================================*/
 100:u8g2/csrc/u8g2_buffer.c **** void u8g2_SetBufferCurrTileRow(u8g2_t *u8g2, uint8_t row)
 101:u8g2/csrc/u8g2_buffer.c **** {
 219              		.loc 1 101 0
 220              		.cfi_startproc
 221              		@ args = 0, pretend = 0, frame = 0
 222              		@ frame_needed = 0, uses_anonymous_args = 0
 223              	.LVL29:
 224 0000 08B5     		push	{r3, lr}
 225              	.LCFI6:
 226              		.cfi_def_cfa_offset 8
 227              		.cfi_offset 3, -8
 228              		.cfi_offset 14, -4
 102:u8g2/csrc/u8g2_buffer.c ****   u8g2->tile_curr_row = row;
 229              		.loc 1 102 0
 230 0002 80F83910 		strb	r1, [r0, #57]
 103:u8g2/csrc/u8g2_buffer.c ****   u8g2->cb->update(u8g2);
 231              		.loc 1 103 0
 232 0006 036B     		ldr	r3, [r0, #48]
 233 0008 1B68     		ldr	r3, [r3]
 234 000a 9847     		blx	r3
 235              	.LVL30:
 236 000c 08BD     		pop	{r3, pc}
 237              		.cfi_endproc
 238              	.LFE4:
 240              		.section	.text.u8g2_FirstPage,"ax",%progbits
 241              		.align	1
 242              		.global	u8g2_FirstPage
 243              		.syntax unified
 244              		.thumb
ARM GAS  C:\Users\nhantt\AppData\Local\Temp\ccetoeYx.s 			page 7


 245              		.thumb_func
 246              		.fpu softvfp
 248              	u8g2_FirstPage:
 249              	.LFB5:
 104:u8g2/csrc/u8g2_buffer.c **** }
 105:u8g2/csrc/u8g2_buffer.c **** 
 106:u8g2/csrc/u8g2_buffer.c **** void u8g2_FirstPage(u8g2_t *u8g2)
 107:u8g2/csrc/u8g2_buffer.c **** {
 250              		.loc 1 107 0
 251              		.cfi_startproc
 252              		@ args = 0, pretend = 0, frame = 0
 253              		@ frame_needed = 0, uses_anonymous_args = 0
 254              	.LVL31:
 255 0000 10B5     		push	{r4, lr}
 256              	.LCFI7:
 257              		.cfi_def_cfa_offset 8
 258              		.cfi_offset 4, -8
 259              		.cfi_offset 14, -4
 260 0002 0446     		mov	r4, r0
 108:u8g2/csrc/u8g2_buffer.c ****   if ( u8g2->is_auto_page_clear )
 261              		.loc 1 108 0
 262 0004 90F87E30 		ldrb	r3, [r0, #126]	@ zero_extendqisi2
 263 0008 23B9     		cbnz	r3, .L16
 264              	.LVL32:
 265              	.L14:
 109:u8g2/csrc/u8g2_buffer.c ****   {
 110:u8g2/csrc/u8g2_buffer.c ****     u8g2_ClearBuffer(u8g2);
 111:u8g2/csrc/u8g2_buffer.c ****   }
 112:u8g2/csrc/u8g2_buffer.c ****   u8g2_SetBufferCurrTileRow(u8g2, 0);
 266              		.loc 1 112 0
 267 000a 0021     		movs	r1, #0
 268 000c 2046     		mov	r0, r4
 269 000e FFF7FEFF 		bl	u8g2_SetBufferCurrTileRow
 270              	.LVL33:
 271 0012 10BD     		pop	{r4, pc}
 272              	.LVL34:
 273              	.L16:
 110:u8g2/csrc/u8g2_buffer.c ****   }
 274              		.loc 1 110 0
 275 0014 FFF7FEFF 		bl	u8g2_ClearBuffer
 276              	.LVL35:
 277 0018 F7E7     		b	.L14
 278              		.cfi_endproc
 279              	.LFE5:
 281              		.section	.text.u8g2_NextPage,"ax",%progbits
 282              		.align	1
 283              		.global	u8g2_NextPage
 284              		.syntax unified
 285              		.thumb
 286              		.thumb_func
 287              		.fpu softvfp
 289              	u8g2_NextPage:
 290              	.LFB6:
 113:u8g2/csrc/u8g2_buffer.c **** }
 114:u8g2/csrc/u8g2_buffer.c **** 
 115:u8g2/csrc/u8g2_buffer.c **** uint8_t u8g2_NextPage(u8g2_t *u8g2)
 116:u8g2/csrc/u8g2_buffer.c **** {
ARM GAS  C:\Users\nhantt\AppData\Local\Temp\ccetoeYx.s 			page 8


 291              		.loc 1 116 0
 292              		.cfi_startproc
 293              		@ args = 0, pretend = 0, frame = 0
 294              		@ frame_needed = 0, uses_anonymous_args = 0
 295              	.LVL36:
 296 0000 38B5     		push	{r3, r4, r5, lr}
 297              	.LCFI8:
 298              		.cfi_def_cfa_offset 16
 299              		.cfi_offset 3, -16
 300              		.cfi_offset 4, -12
 301              		.cfi_offset 5, -8
 302              		.cfi_offset 14, -4
 303 0002 0546     		mov	r5, r0
 117:u8g2/csrc/u8g2_buffer.c ****   uint8_t row;
 118:u8g2/csrc/u8g2_buffer.c ****   u8g2_send_buffer(u8g2);
 304              		.loc 1 118 0
 305 0004 FFF7FEFF 		bl	u8g2_send_buffer
 306              	.LVL37:
 119:u8g2/csrc/u8g2_buffer.c ****   row = u8g2->tile_curr_row;
 307              		.loc 1 119 0
 308 0008 95F83940 		ldrb	r4, [r5, #57]	@ zero_extendqisi2
 309              	.LVL38:
 120:u8g2/csrc/u8g2_buffer.c ****   row += u8g2->tile_buf_height;
 310              		.loc 1 120 0
 311 000c 95F83830 		ldrb	r3, [r5, #56]	@ zero_extendqisi2
 312 0010 1C44     		add	r4, r4, r3
 313              	.LVL39:
 314 0012 E4B2     		uxtb	r4, r4
 315              	.LVL40:
 121:u8g2/csrc/u8g2_buffer.c ****   if ( row >= u8g2_GetU8x8(u8g2)->display_info->tile_height )
 316              		.loc 1 121 0
 317 0014 2B68     		ldr	r3, [r5]
 318 0016 5B7C     		ldrb	r3, [r3, #17]	@ zero_extendqisi2
 319 0018 9C42     		cmp	r4, r3
 320 001a 08D2     		bcs	.L22
 122:u8g2/csrc/u8g2_buffer.c ****   {
 123:u8g2/csrc/u8g2_buffer.c ****     u8x8_RefreshDisplay( u8g2_GetU8x8(u8g2) );
 124:u8g2/csrc/u8g2_buffer.c ****     return 0;
 125:u8g2/csrc/u8g2_buffer.c ****   }
 126:u8g2/csrc/u8g2_buffer.c ****   if ( u8g2->is_auto_page_clear )
 321              		.loc 1 126 0
 322 001c 95F87E30 		ldrb	r3, [r5, #126]	@ zero_extendqisi2
 323 0020 53B9     		cbnz	r3, .L23
 324              	.L20:
 127:u8g2/csrc/u8g2_buffer.c ****   {
 128:u8g2/csrc/u8g2_buffer.c ****     u8g2_ClearBuffer(u8g2);
 129:u8g2/csrc/u8g2_buffer.c ****   }
 130:u8g2/csrc/u8g2_buffer.c ****   u8g2_SetBufferCurrTileRow(u8g2, row);
 325              		.loc 1 130 0
 326 0022 2146     		mov	r1, r4
 327 0024 2846     		mov	r0, r5
 328 0026 FFF7FEFF 		bl	u8g2_SetBufferCurrTileRow
 329              	.LVL41:
 131:u8g2/csrc/u8g2_buffer.c ****   return 1;
 330              		.loc 1 131 0
 331 002a 0120     		movs	r0, #1
 132:u8g2/csrc/u8g2_buffer.c **** }
ARM GAS  C:\Users\nhantt\AppData\Local\Temp\ccetoeYx.s 			page 9


 332              		.loc 1 132 0
 333 002c 38BD     		pop	{r3, r4, r5, pc}
 334              	.LVL42:
 335              	.L22:
 123:u8g2/csrc/u8g2_buffer.c ****     return 0;
 336              		.loc 1 123 0
 337 002e 2846     		mov	r0, r5
 338 0030 FFF7FEFF 		bl	u8x8_RefreshDisplay
 339              	.LVL43:
 124:u8g2/csrc/u8g2_buffer.c ****   }
 340              		.loc 1 124 0
 341 0034 0020     		movs	r0, #0
 342 0036 38BD     		pop	{r3, r4, r5, pc}
 343              	.LVL44:
 344              	.L23:
 128:u8g2/csrc/u8g2_buffer.c ****   }
 345              		.loc 1 128 0
 346 0038 2846     		mov	r0, r5
 347 003a FFF7FEFF 		bl	u8g2_ClearBuffer
 348              	.LVL45:
 349 003e F0E7     		b	.L20
 350              		.cfi_endproc
 351              	.LFE6:
 353              		.text
 354              	.Letext0:
 355              		.file 2 "c:\\program files (x86)\\gnu tools arm embedded\\6.2 2016q4\\arm-none-eabi\\include\\mach
 356              		.file 3 "c:\\program files (x86)\\gnu tools arm embedded\\6.2 2016q4\\arm-none-eabi\\include\\sys\
 357              		.file 4 "c:\\program files (x86)\\gnu tools arm embedded\\6.2 2016q4\\lib\\gcc\\arm-none-eabi\\6.2
 358              		.file 5 "u8g2/csrc/u8x8.h"
 359              		.file 6 "u8g2/csrc/u8g2.h"
 360              		.file 7 "c:\\program files (x86)\\gnu tools arm embedded\\6.2 2016q4\\arm-none-eabi\\include\\sys\
 361              		.file 8 "c:\\program files (x86)\\gnu tools arm embedded\\6.2 2016q4\\arm-none-eabi\\include\\sys\
 362              		.file 9 "c:\\program files (x86)\\gnu tools arm embedded\\6.2 2016q4\\arm-none-eabi\\include\\sys\
ARM GAS  C:\Users\nhantt\AppData\Local\Temp\ccetoeYx.s 			page 10


DEFINED SYMBOLS
                            *ABS*:00000000 u8g2_buffer.c
C:\Users\nhantt\AppData\Local\Temp\ccetoeYx.s:16     .text.u8g2_send_tile_row:00000000 $t
C:\Users\nhantt\AppData\Local\Temp\ccetoeYx.s:22     .text.u8g2_send_tile_row:00000000 u8g2_send_tile_row
C:\Users\nhantt\AppData\Local\Temp\ccetoeYx.s:72     .text.u8g2_send_buffer:00000000 $t
C:\Users\nhantt\AppData\Local\Temp\ccetoeYx.s:78     .text.u8g2_send_buffer:00000000 u8g2_send_buffer
C:\Users\nhantt\AppData\Local\Temp\ccetoeYx.s:138    .text.u8g2_ClearBuffer:00000000 $t
C:\Users\nhantt\AppData\Local\Temp\ccetoeYx.s:145    .text.u8g2_ClearBuffer:00000000 u8g2_ClearBuffer
C:\Users\nhantt\AppData\Local\Temp\ccetoeYx.s:178    .text.u8g2_SendBuffer:00000000 $t
C:\Users\nhantt\AppData\Local\Temp\ccetoeYx.s:185    .text.u8g2_SendBuffer:00000000 u8g2_SendBuffer
C:\Users\nhantt\AppData\Local\Temp\ccetoeYx.s:210    .text.u8g2_SetBufferCurrTileRow:00000000 $t
C:\Users\nhantt\AppData\Local\Temp\ccetoeYx.s:217    .text.u8g2_SetBufferCurrTileRow:00000000 u8g2_SetBufferCurrTileRow
C:\Users\nhantt\AppData\Local\Temp\ccetoeYx.s:241    .text.u8g2_FirstPage:00000000 $t
C:\Users\nhantt\AppData\Local\Temp\ccetoeYx.s:248    .text.u8g2_FirstPage:00000000 u8g2_FirstPage
C:\Users\nhantt\AppData\Local\Temp\ccetoeYx.s:282    .text.u8g2_NextPage:00000000 $t
C:\Users\nhantt\AppData\Local\Temp\ccetoeYx.s:289    .text.u8g2_NextPage:00000000 u8g2_NextPage
                     .debug_frame:00000010 $d

UNDEFINED SYMBOLS
u8x8_DrawTile
memset
u8x8_RefreshDisplay
