ARM GAS  C:\Users\nhantt\AppData\Local\Temp\cctPlWyn.s 			page 1


   1              		.cpu cortex-m3
   2              		.eabi_attribute 20, 1
   3              		.eabi_attribute 21, 1
   4              		.eabi_attribute 23, 3
   5              		.eabi_attribute 24, 1
   6              		.eabi_attribute 25, 1
   7              		.eabi_attribute 26, 1
   8              		.eabi_attribute 30, 1
   9              		.eabi_attribute 34, 1
  10              		.eabi_attribute 18, 4
  11              		.file	"u8g2_setup.c"
  12              		.text
  13              	.Ltext0:
  14              		.cfi_sections	.debug_frame
  15              		.section	.text.u8g2_update_dimension_common,"ax",%progbits
  16              		.align	1
  17              		.syntax unified
  18              		.thumb
  19              		.thumb_func
  20              		.fpu softvfp
  22              	u8g2_update_dimension_common:
  23              	.LFB2:
  24              		.file 1 "u8g2/csrc/u8g2_setup.c"
   1:u8g2/csrc/u8g2_setup.c **** /*
   2:u8g2/csrc/u8g2_setup.c **** 
   3:u8g2/csrc/u8g2_setup.c ****   u8g2_setup.c
   4:u8g2/csrc/u8g2_setup.c **** 
   5:u8g2/csrc/u8g2_setup.c ****   Universal 8bit Graphics Library (https://github.com/olikraus/u8g2/)
   6:u8g2/csrc/u8g2_setup.c **** 
   7:u8g2/csrc/u8g2_setup.c ****   Copyright (c) 2016, olikraus@gmail.com
   8:u8g2/csrc/u8g2_setup.c ****   All rights reserved.
   9:u8g2/csrc/u8g2_setup.c **** 
  10:u8g2/csrc/u8g2_setup.c ****   Redistribution and use in source and binary forms, with or without modification, 
  11:u8g2/csrc/u8g2_setup.c ****   are permitted provided that the following conditions are met:
  12:u8g2/csrc/u8g2_setup.c **** 
  13:u8g2/csrc/u8g2_setup.c ****   * Redistributions of source code must retain the above copyright notice, this list 
  14:u8g2/csrc/u8g2_setup.c ****     of conditions and the following disclaimer.
  15:u8g2/csrc/u8g2_setup.c ****     
  16:u8g2/csrc/u8g2_setup.c ****   * Redistributions in binary form must reproduce the above copyright notice, this 
  17:u8g2/csrc/u8g2_setup.c ****     list of conditions and the following disclaimer in the documentation and/or other 
  18:u8g2/csrc/u8g2_setup.c ****     materials provided with the distribution.
  19:u8g2/csrc/u8g2_setup.c **** 
  20:u8g2/csrc/u8g2_setup.c ****   THIS SOFTWARE IS PROVIDED BY THE COPYRIGHT HOLDERS AND 
  21:u8g2/csrc/u8g2_setup.c ****   CONTRIBUTORS "AS IS" AND ANY EXPRESS OR IMPLIED WARRANTIES, 
  22:u8g2/csrc/u8g2_setup.c ****   INCLUDING, BUT NOT LIMITED TO, THE IMPLIED WARRANTIES OF 
  23:u8g2/csrc/u8g2_setup.c ****   MERCHANTABILITY AND FITNESS FOR A PARTICULAR PURPOSE ARE 
  24:u8g2/csrc/u8g2_setup.c ****   DISCLAIMED. IN NO EVENT SHALL THE COPYRIGHT HOLDER OR 
  25:u8g2/csrc/u8g2_setup.c ****   CONTRIBUTORS BE LIABLE FOR ANY DIRECT, INDIRECT, INCIDENTAL, 
  26:u8g2/csrc/u8g2_setup.c ****   SPECIAL, EXEMPLARY, OR CONSEQUENTIAL DAMAGES (INCLUDING, BUT 
  27:u8g2/csrc/u8g2_setup.c ****   NOT LIMITED TO, PROCUREMENT OF SUBSTITUTE GOODS OR SERVICES; 
  28:u8g2/csrc/u8g2_setup.c ****   LOSS OF USE, DATA, OR PROFITS; OR BUSINESS INTERRUPTION) HOWEVER 
  29:u8g2/csrc/u8g2_setup.c ****   CAUSED AND ON ANY THEORY OF LIABILITY, WHETHER IN CONTRACT, 
  30:u8g2/csrc/u8g2_setup.c ****   STRICT LIABILITY, OR TORT (INCLUDING NEGLIGENCE OR OTHERWISE) 
  31:u8g2/csrc/u8g2_setup.c ****   ARISING IN ANY WAY OUT OF THE USE OF THIS SOFTWARE, EVEN IF 
  32:u8g2/csrc/u8g2_setup.c ****   ADVISED OF THE POSSIBILITY OF SUCH DAMAGE.  
  33:u8g2/csrc/u8g2_setup.c **** 
  34:u8g2/csrc/u8g2_setup.c **** */
ARM GAS  C:\Users\nhantt\AppData\Local\Temp\cctPlWyn.s 			page 2


  35:u8g2/csrc/u8g2_setup.c **** 
  36:u8g2/csrc/u8g2_setup.c **** #include "u8g2.h"
  37:u8g2/csrc/u8g2_setup.c **** #include <string.h>
  38:u8g2/csrc/u8g2_setup.c **** 
  39:u8g2/csrc/u8g2_setup.c **** /*============================================*/
  40:u8g2/csrc/u8g2_setup.c **** /*
  41:u8g2/csrc/u8g2_setup.c ****   This procedure is called after setting up the display (u8x8 structure).
  42:u8g2/csrc/u8g2_setup.c ****   --> This is the central init procedure for u8g2 object
  43:u8g2/csrc/u8g2_setup.c **** */
  44:u8g2/csrc/u8g2_setup.c **** void u8g2_SetupBuffer(u8g2_t *u8g2, uint8_t *buf, uint8_t tile_buf_height, u8g2_draw_ll_hvline_cb l
  45:u8g2/csrc/u8g2_setup.c **** {
  46:u8g2/csrc/u8g2_setup.c ****   u8g2->font = NULL;
  47:u8g2/csrc/u8g2_setup.c ****   //u8g2->kerning = NULL;
  48:u8g2/csrc/u8g2_setup.c ****   //u8g2->get_kerning_cb = u8g2_GetNullKerning;
  49:u8g2/csrc/u8g2_setup.c ****   
  50:u8g2/csrc/u8g2_setup.c ****   //u8g2->ll_hvline = u8g2_ll_hvline_vertical_top_lsb;
  51:u8g2/csrc/u8g2_setup.c ****   u8g2->ll_hvline = ll_hvline_cb;
  52:u8g2/csrc/u8g2_setup.c ****   
  53:u8g2/csrc/u8g2_setup.c ****   u8g2->tile_buf_ptr = buf;
  54:u8g2/csrc/u8g2_setup.c ****   u8g2->tile_buf_height = tile_buf_height;
  55:u8g2/csrc/u8g2_setup.c ****   
  56:u8g2/csrc/u8g2_setup.c ****   u8g2->tile_curr_row = 0;
  57:u8g2/csrc/u8g2_setup.c ****   
  58:u8g2/csrc/u8g2_setup.c ****   u8g2->font_decode.is_transparent = 0; /* issue 443 */
  59:u8g2/csrc/u8g2_setup.c ****   u8g2->bitmap_transparency = 0;
  60:u8g2/csrc/u8g2_setup.c ****   
  61:u8g2/csrc/u8g2_setup.c ****   u8g2->draw_color = 1;
  62:u8g2/csrc/u8g2_setup.c ****   u8g2->is_auto_page_clear = 1;
  63:u8g2/csrc/u8g2_setup.c ****   
  64:u8g2/csrc/u8g2_setup.c ****   u8g2->cb = u8g2_cb;
  65:u8g2/csrc/u8g2_setup.c ****   u8g2->cb->update(u8g2);
  66:u8g2/csrc/u8g2_setup.c **** 
  67:u8g2/csrc/u8g2_setup.c ****   u8g2_SetFontPosBaseline(u8g2);  /* issue 195 */
  68:u8g2/csrc/u8g2_setup.c ****   
  69:u8g2/csrc/u8g2_setup.c **** #ifdef U8G2_WITH_FONT_ROTATION  
  70:u8g2/csrc/u8g2_setup.c ****   u8g2->font_decode.dir = 0;
  71:u8g2/csrc/u8g2_setup.c **** #endif
  72:u8g2/csrc/u8g2_setup.c **** }
  73:u8g2/csrc/u8g2_setup.c **** 
  74:u8g2/csrc/u8g2_setup.c **** /*
  75:u8g2/csrc/u8g2_setup.c ****   Usually the display rotation is set initially, but it could be done later also
  76:u8g2/csrc/u8g2_setup.c ****   u8g2_cb can be U8G2_R0..U8G2_R3
  77:u8g2/csrc/u8g2_setup.c **** */
  78:u8g2/csrc/u8g2_setup.c **** void u8g2_SetDisplayRotation(u8g2_t *u8g2, const u8g2_cb_t *u8g2_cb)
  79:u8g2/csrc/u8g2_setup.c **** {
  80:u8g2/csrc/u8g2_setup.c ****   u8g2->cb = u8g2_cb;
  81:u8g2/csrc/u8g2_setup.c ****   u8g2->cb->update(u8g2);
  82:u8g2/csrc/u8g2_setup.c **** }
  83:u8g2/csrc/u8g2_setup.c **** 
  84:u8g2/csrc/u8g2_setup.c **** 
  85:u8g2/csrc/u8g2_setup.c **** /*============================================*/
  86:u8g2/csrc/u8g2_setup.c **** /* 
  87:u8g2/csrc/u8g2_setup.c ****   update dimension: 
  88:u8g2/csrc/u8g2_setup.c ****   calculate the following variables:
  89:u8g2/csrc/u8g2_setup.c ****     u8g2_uint_t buf_x0;	left corner of the buffer
  90:u8g2/csrc/u8g2_setup.c ****     u8g2_uint_t buf_x1;	right corner of the buffer (excluded)
  91:u8g2/csrc/u8g2_setup.c ****     u8g2_uint_t buf_y0;
ARM GAS  C:\Users\nhantt\AppData\Local\Temp\cctPlWyn.s 			page 3


  92:u8g2/csrc/u8g2_setup.c ****     u8g2_uint_t buf_y1; 	
  93:u8g2/csrc/u8g2_setup.c **** */
  94:u8g2/csrc/u8g2_setup.c **** 
  95:u8g2/csrc/u8g2_setup.c **** static void u8g2_update_dimension_common(u8g2_t *u8g2)
  96:u8g2/csrc/u8g2_setup.c **** {
  25              		.loc 1 96 0
  26              		.cfi_startproc
  27              		@ args = 0, pretend = 0, frame = 0
  28              		@ frame_needed = 0, uses_anonymous_args = 0
  29              		@ link register save eliminated.
  30              	.LVL0:
  31 0000 70B4     		push	{r4, r5, r6}
  32              	.LCFI0:
  33              		.cfi_def_cfa_offset 12
  34              		.cfi_offset 4, -12
  35              		.cfi_offset 5, -8
  36              		.cfi_offset 6, -4
  97:u8g2/csrc/u8g2_setup.c ****   u8g2_uint_t t;
  98:u8g2/csrc/u8g2_setup.c ****   
  99:u8g2/csrc/u8g2_setup.c ****   t = u8g2->tile_buf_height;
  37              		.loc 1 99 0
  38 0002 90F83830 		ldrb	r3, [r0, #56]	@ zero_extendqisi2
  39              	.LVL1:
 100:u8g2/csrc/u8g2_setup.c ****   t *= 8;
  40              		.loc 1 100 0
  41 0006 DA00     		lsls	r2, r3, #3
  42              	.LVL2:
 101:u8g2/csrc/u8g2_setup.c ****   u8g2->pixel_buf_height = t;
  43              		.loc 1 101 0
  44 0008 80F83B20 		strb	r2, [r0, #59]
 102:u8g2/csrc/u8g2_setup.c ****   
 103:u8g2/csrc/u8g2_setup.c ****   t = u8g2_GetU8x8(u8g2)->display_info->tile_width;
  45              		.loc 1 103 0
  46 000c 0168     		ldr	r1, [r0]
  47 000e 0A7C     		ldrb	r2, [r1, #16]	@ zero_extendqisi2
  48              	.LVL3:
 104:u8g2/csrc/u8g2_setup.c **** #ifndef U8G2_16BIT
 105:u8g2/csrc/u8g2_setup.c ****   if ( t >= 32 )
  49              		.loc 1 105 0
  50 0010 1F2A     		cmp	r2, #31
  51 0012 00D9     		bls	.L2
 106:u8g2/csrc/u8g2_setup.c ****     t = 31;
  52              		.loc 1 106 0
  53 0014 1F22     		movs	r2, #31
  54              	.LVL4:
  55              	.L2:
 107:u8g2/csrc/u8g2_setup.c **** #endif
 108:u8g2/csrc/u8g2_setup.c ****   t *= 8;
  56              		.loc 1 108 0
  57 0016 D200     		lsls	r2, r2, #3
  58              	.LVL5:
 109:u8g2/csrc/u8g2_setup.c ****   u8g2->pixel_buf_width = t;
  59              		.loc 1 109 0
  60 0018 80F83A20 		strb	r2, [r0, #58]
 110:u8g2/csrc/u8g2_setup.c ****   
 111:u8g2/csrc/u8g2_setup.c ****   t = u8g2->tile_curr_row;
  61              		.loc 1 111 0
ARM GAS  C:\Users\nhantt\AppData\Local\Temp\cctPlWyn.s 			page 4


  62 001c 90F83950 		ldrb	r5, [r0, #57]	@ zero_extendqisi2
  63              	.LVL6:
 112:u8g2/csrc/u8g2_setup.c ****   t *= 8;
  64              		.loc 1 112 0
  65 0020 EA00     		lsls	r2, r5, #3
  66 0022 D2B2     		uxtb	r2, r2
  67              	.LVL7:
 113:u8g2/csrc/u8g2_setup.c ****   u8g2->pixel_curr_row = t;
  68              		.loc 1 113 0
  69 0024 80F83C20 		strb	r2, [r0, #60]
  70              	.LVL8:
 114:u8g2/csrc/u8g2_setup.c ****   
 115:u8g2/csrc/u8g2_setup.c ****   t = u8g2->tile_buf_height;
 116:u8g2/csrc/u8g2_setup.c ****   /* handle the case, where the buffer is larger than the (remaining) part of the display */
 117:u8g2/csrc/u8g2_setup.c ****   if ( t + u8g2->tile_curr_row > u8g2_GetU8x8(u8g2)->display_info->tile_height )
  71              		.loc 1 117 0
  72 0028 5E19     		adds	r6, r3, r5
  73 002a 4C7C     		ldrb	r4, [r1, #17]	@ zero_extendqisi2
  74 002c A642     		cmp	r6, r4
  75 002e 01DD     		ble	.L3
 118:u8g2/csrc/u8g2_setup.c ****     t = u8g2_GetU8x8(u8g2)->display_info->tile_height - u8g2->tile_curr_row;
  76              		.loc 1 118 0
  77 0030 631B     		subs	r3, r4, r5
  78              	.LVL9:
  79 0032 DBB2     		uxtb	r3, r3
  80              	.LVL10:
  81              	.L3:
 119:u8g2/csrc/u8g2_setup.c ****   t *= 8;
  82              		.loc 1 119 0
  83 0034 DB00     		lsls	r3, r3, #3
  84              	.LVL11:
  85 0036 DBB2     		uxtb	r3, r3
  86              	.LVL12:
 120:u8g2/csrc/u8g2_setup.c ****   
 121:u8g2/csrc/u8g2_setup.c ****   u8g2->buf_y0 = u8g2->pixel_curr_row;   
  87              		.loc 1 121 0
  88 0038 80F83D20 		strb	r2, [r0, #61]
 122:u8g2/csrc/u8g2_setup.c ****   u8g2->buf_y1 = u8g2->buf_y0;
 123:u8g2/csrc/u8g2_setup.c ****   u8g2->buf_y1 += t;
  89              		.loc 1 123 0
  90 003c 1344     		add	r3, r3, r2
  91              	.LVL13:
  92 003e 80F83E30 		strb	r3, [r0, #62]
 124:u8g2/csrc/u8g2_setup.c **** 
 125:u8g2/csrc/u8g2_setup.c ****   
 126:u8g2/csrc/u8g2_setup.c **** #ifdef U8G2_16BIT
 127:u8g2/csrc/u8g2_setup.c ****   u8g2->width = u8g2_GetU8x8(u8g2)->display_info->pixel_width;
 128:u8g2/csrc/u8g2_setup.c ****   u8g2->height = u8g2_GetU8x8(u8g2)->display_info->pixel_height;
 129:u8g2/csrc/u8g2_setup.c **** #else
 130:u8g2/csrc/u8g2_setup.c ****   u8g2->width = 240;
  93              		.loc 1 130 0
  94 0042 F023     		movs	r3, #240
  95 0044 80F83F30 		strb	r3, [r0, #63]
 131:u8g2/csrc/u8g2_setup.c ****   if ( u8g2_GetU8x8(u8g2)->display_info->pixel_width <= 240 )
  96              		.loc 1 131 0
  97 0048 8B8A     		ldrh	r3, [r1, #20]
  98 004a F02B     		cmp	r3, #240
ARM GAS  C:\Users\nhantt\AppData\Local\Temp\cctPlWyn.s 			page 5


  99 004c 01D8     		bhi	.L4
 132:u8g2/csrc/u8g2_setup.c ****     u8g2->width = u8g2_GetU8x8(u8g2)->display_info->pixel_width;
 100              		.loc 1 132 0
 101 004e 80F83F30 		strb	r3, [r0, #63]
 102              	.L4:
 133:u8g2/csrc/u8g2_setup.c ****   u8g2->height = u8g2_GetU8x8(u8g2)->display_info->pixel_height;
 103              		.loc 1 133 0
 104 0052 CB8A     		ldrh	r3, [r1, #22]
 105 0054 80F84030 		strb	r3, [r0, #64]
 134:u8g2/csrc/u8g2_setup.c **** #endif
 135:u8g2/csrc/u8g2_setup.c **** 
 136:u8g2/csrc/u8g2_setup.c **** }
 106              		.loc 1 136 0
 107 0058 70BC     		pop	{r4, r5, r6}
 108              	.LCFI1:
 109              		.cfi_restore 6
 110              		.cfi_restore 5
 111              		.cfi_restore 4
 112              		.cfi_def_cfa_offset 0
 113 005a 7047     		bx	lr
 114              		.cfi_endproc
 115              	.LFE2:
 117              		.section	.text.u8g2_update_dimension_r0,"ax",%progbits
 118              		.align	1
 119              		.global	u8g2_update_dimension_r0
 120              		.syntax unified
 121              		.thumb
 122              		.thumb_func
 123              		.fpu softvfp
 125              	u8g2_update_dimension_r0:
 126              	.LFB3:
 137:u8g2/csrc/u8g2_setup.c **** 
 138:u8g2/csrc/u8g2_setup.c **** void u8g2_update_dimension_r0(u8g2_t *u8g2)
 139:u8g2/csrc/u8g2_setup.c **** {
 127              		.loc 1 139 0
 128              		.cfi_startproc
 129              		@ args = 0, pretend = 0, frame = 0
 130              		@ frame_needed = 0, uses_anonymous_args = 0
 131              	.LVL14:
 132 0000 10B5     		push	{r4, lr}
 133              	.LCFI2:
 134              		.cfi_def_cfa_offset 8
 135              		.cfi_offset 4, -8
 136              		.cfi_offset 14, -4
 137 0002 0446     		mov	r4, r0
 140:u8g2/csrc/u8g2_setup.c ****   u8g2_update_dimension_common(u8g2);
 138              		.loc 1 140 0
 139 0004 FFF7FEFF 		bl	u8g2_update_dimension_common
 140              	.LVL15:
 141:u8g2/csrc/u8g2_setup.c **** 
 142:u8g2/csrc/u8g2_setup.c ****   u8g2->user_x0 = 0;
 141              		.loc 1 142 0
 142 0008 0023     		movs	r3, #0
 143 000a 84F84130 		strb	r3, [r4, #65]
 143:u8g2/csrc/u8g2_setup.c ****   u8g2->user_x1 = u8g2->pixel_buf_width;	/* pixel_buf_width replaced with width */
 144              		.loc 1 143 0
 145 000e 94F83A30 		ldrb	r3, [r4, #58]	@ zero_extendqisi2
ARM GAS  C:\Users\nhantt\AppData\Local\Temp\cctPlWyn.s 			page 6


 146 0012 84F84230 		strb	r3, [r4, #66]
 144:u8g2/csrc/u8g2_setup.c ****   
 145:u8g2/csrc/u8g2_setup.c ****   u8g2->user_y0 = u8g2->buf_y0;
 147              		.loc 1 145 0
 148 0016 94F83D30 		ldrb	r3, [r4, #61]	@ zero_extendqisi2
 149 001a 84F84330 		strb	r3, [r4, #67]
 146:u8g2/csrc/u8g2_setup.c ****   u8g2->user_y1 = u8g2->buf_y1;
 150              		.loc 1 146 0
 151 001e 94F83E30 		ldrb	r3, [r4, #62]	@ zero_extendqisi2
 152 0022 84F84430 		strb	r3, [r4, #68]
 153 0026 10BD     		pop	{r4, pc}
 154              		.cfi_endproc
 155              	.LFE3:
 157              		.section	.text.u8g2_update_dimension_r1,"ax",%progbits
 158              		.align	1
 159              		.global	u8g2_update_dimension_r1
 160              		.syntax unified
 161              		.thumb
 162              		.thumb_func
 163              		.fpu softvfp
 165              	u8g2_update_dimension_r1:
 166              	.LFB4:
 147:u8g2/csrc/u8g2_setup.c ****   
 148:u8g2/csrc/u8g2_setup.c **** //  printf("x0=%d x1=%d y0=%d y1=%d\n", 
 149:u8g2/csrc/u8g2_setup.c **** //      u8g2->user_x0, u8g2->user_x1, u8g2->user_y0, u8g2->user_y1);
 150:u8g2/csrc/u8g2_setup.c **** }
 151:u8g2/csrc/u8g2_setup.c **** 
 152:u8g2/csrc/u8g2_setup.c **** void u8g2_update_dimension_r1(u8g2_t *u8g2)
 153:u8g2/csrc/u8g2_setup.c **** {
 167              		.loc 1 153 0
 168              		.cfi_startproc
 169              		@ args = 0, pretend = 0, frame = 0
 170              		@ frame_needed = 0, uses_anonymous_args = 0
 171              	.LVL16:
 172 0000 10B5     		push	{r4, lr}
 173              	.LCFI3:
 174              		.cfi_def_cfa_offset 8
 175              		.cfi_offset 4, -8
 176              		.cfi_offset 14, -4
 177 0002 0446     		mov	r4, r0
 154:u8g2/csrc/u8g2_setup.c ****   u8g2_update_dimension_common(u8g2);
 178              		.loc 1 154 0
 179 0004 FFF7FEFF 		bl	u8g2_update_dimension_common
 180              	.LVL17:
 155:u8g2/csrc/u8g2_setup.c ****   
 156:u8g2/csrc/u8g2_setup.c ****   u8g2->height = u8g2_GetU8x8(u8g2)->display_info->pixel_width;
 181              		.loc 1 156 0
 182 0008 2268     		ldr	r2, [r4]
 183 000a 137D     		ldrb	r3, [r2, #20]	@ zero_extendqisi2
 184 000c 84F84030 		strb	r3, [r4, #64]
 157:u8g2/csrc/u8g2_setup.c ****   u8g2->width = u8g2_GetU8x8(u8g2)->display_info->pixel_height;
 185              		.loc 1 157 0
 186 0010 D28A     		ldrh	r2, [r2, #22]
 187 0012 84F83F20 		strb	r2, [r4, #63]
 158:u8g2/csrc/u8g2_setup.c ****   
 159:u8g2/csrc/u8g2_setup.c ****   u8g2->user_x0 = u8g2->buf_y0;
 188              		.loc 1 159 0
ARM GAS  C:\Users\nhantt\AppData\Local\Temp\cctPlWyn.s 			page 7


 189 0016 94F83D20 		ldrb	r2, [r4, #61]	@ zero_extendqisi2
 190 001a 84F84120 		strb	r2, [r4, #65]
 160:u8g2/csrc/u8g2_setup.c ****   u8g2->user_x1 = u8g2->buf_y1;
 191              		.loc 1 160 0
 192 001e 94F83E20 		ldrb	r2, [r4, #62]	@ zero_extendqisi2
 193 0022 84F84220 		strb	r2, [r4, #66]
 161:u8g2/csrc/u8g2_setup.c ****   
 162:u8g2/csrc/u8g2_setup.c ****   u8g2->user_y0 = 0;
 194              		.loc 1 162 0
 195 0026 0022     		movs	r2, #0
 196 0028 84F84320 		strb	r2, [r4, #67]
 163:u8g2/csrc/u8g2_setup.c ****   u8g2->user_y1 = u8g2->height;	/* pixel_buf_width replaced with height (which is the real pixel wi
 197              		.loc 1 163 0
 198 002c 84F84430 		strb	r3, [r4, #68]
 199 0030 10BD     		pop	{r4, pc}
 200              		.cfi_endproc
 201              	.LFE4:
 203              		.section	.text.u8g2_update_dimension_r2,"ax",%progbits
 204              		.align	1
 205              		.global	u8g2_update_dimension_r2
 206              		.syntax unified
 207              		.thumb
 208              		.thumb_func
 209              		.fpu softvfp
 211              	u8g2_update_dimension_r2:
 212              	.LFB5:
 164:u8g2/csrc/u8g2_setup.c ****   
 165:u8g2/csrc/u8g2_setup.c ****   //printf("x0=%d x1=%d y0=%d y1=%d\n", 
 166:u8g2/csrc/u8g2_setup.c ****    //   u8g2->user_x0, u8g2->user_x1, u8g2->user_y0, u8g2->user_y1);
 167:u8g2/csrc/u8g2_setup.c **** }
 168:u8g2/csrc/u8g2_setup.c **** 
 169:u8g2/csrc/u8g2_setup.c **** void u8g2_update_dimension_r2(u8g2_t *u8g2)
 170:u8g2/csrc/u8g2_setup.c **** {
 213              		.loc 1 170 0
 214              		.cfi_startproc
 215              		@ args = 0, pretend = 0, frame = 0
 216              		@ frame_needed = 0, uses_anonymous_args = 0
 217              	.LVL18:
 218 0000 10B5     		push	{r4, lr}
 219              	.LCFI4:
 220              		.cfi_def_cfa_offset 8
 221              		.cfi_offset 4, -8
 222              		.cfi_offset 14, -4
 223 0002 0446     		mov	r4, r0
 171:u8g2/csrc/u8g2_setup.c ****   u8g2_update_dimension_common(u8g2);
 224              		.loc 1 171 0
 225 0004 FFF7FEFF 		bl	u8g2_update_dimension_common
 226              	.LVL19:
 172:u8g2/csrc/u8g2_setup.c **** 
 173:u8g2/csrc/u8g2_setup.c ****   u8g2->user_x0 = 0;
 227              		.loc 1 173 0
 228 0008 0023     		movs	r3, #0
 229 000a 84F84130 		strb	r3, [r4, #65]
 174:u8g2/csrc/u8g2_setup.c ****   u8g2->user_x1 = u8g2->width;	/* pixel_buf_width replaced with width */
 230              		.loc 1 174 0
 231 000e 94F83F30 		ldrb	r3, [r4, #63]	@ zero_extendqisi2
 232 0012 84F84230 		strb	r3, [r4, #66]
ARM GAS  C:\Users\nhantt\AppData\Local\Temp\cctPlWyn.s 			page 8


 175:u8g2/csrc/u8g2_setup.c ****   
 176:u8g2/csrc/u8g2_setup.c ****   u8g2->user_y0 = u8g2->height - u8g2->buf_y1;
 233              		.loc 1 176 0
 234 0016 94F84030 		ldrb	r3, [r4, #64]	@ zero_extendqisi2
 235 001a 94F83E20 		ldrb	r2, [r4, #62]	@ zero_extendqisi2
 236 001e 9A1A     		subs	r2, r3, r2
 237 0020 84F84320 		strb	r2, [r4, #67]
 177:u8g2/csrc/u8g2_setup.c ****   u8g2->user_y1 = u8g2->height - u8g2->buf_y0;
 238              		.loc 1 177 0
 239 0024 94F83D20 		ldrb	r2, [r4, #61]	@ zero_extendqisi2
 240 0028 9B1A     		subs	r3, r3, r2
 241 002a 84F84430 		strb	r3, [r4, #68]
 242 002e 10BD     		pop	{r4, pc}
 243              		.cfi_endproc
 244              	.LFE5:
 246              		.section	.text.u8g2_update_dimension_r3,"ax",%progbits
 247              		.align	1
 248              		.global	u8g2_update_dimension_r3
 249              		.syntax unified
 250              		.thumb
 251              		.thumb_func
 252              		.fpu softvfp
 254              	u8g2_update_dimension_r3:
 255              	.LFB6:
 178:u8g2/csrc/u8g2_setup.c **** 
 179:u8g2/csrc/u8g2_setup.c **** //  printf("x0=%d x1=%d y0=%d y1=%d\n", 
 180:u8g2/csrc/u8g2_setup.c **** //      u8g2->user_x0, u8g2->user_x1, u8g2->user_y0, u8g2->user_y1);
 181:u8g2/csrc/u8g2_setup.c **** }
 182:u8g2/csrc/u8g2_setup.c **** 
 183:u8g2/csrc/u8g2_setup.c **** void u8g2_update_dimension_r3(u8g2_t *u8g2)
 184:u8g2/csrc/u8g2_setup.c **** {
 256              		.loc 1 184 0
 257              		.cfi_startproc
 258              		@ args = 0, pretend = 0, frame = 0
 259              		@ frame_needed = 0, uses_anonymous_args = 0
 260              	.LVL20:
 261 0000 10B5     		push	{r4, lr}
 262              	.LCFI5:
 263              		.cfi_def_cfa_offset 8
 264              		.cfi_offset 4, -8
 265              		.cfi_offset 14, -4
 266 0002 0446     		mov	r4, r0
 185:u8g2/csrc/u8g2_setup.c ****   u8g2_update_dimension_common(u8g2);
 267              		.loc 1 185 0
 268 0004 FFF7FEFF 		bl	u8g2_update_dimension_common
 269              	.LVL21:
 186:u8g2/csrc/u8g2_setup.c ****   
 187:u8g2/csrc/u8g2_setup.c ****   u8g2->height = u8g2_GetU8x8(u8g2)->display_info->pixel_width;
 270              		.loc 1 187 0
 271 0008 2368     		ldr	r3, [r4]
 272 000a 197D     		ldrb	r1, [r3, #20]	@ zero_extendqisi2
 273 000c 84F84010 		strb	r1, [r4, #64]
 188:u8g2/csrc/u8g2_setup.c ****   u8g2->width = u8g2_GetU8x8(u8g2)->display_info->pixel_height;
 274              		.loc 1 188 0
 275 0010 9B7D     		ldrb	r3, [r3, #22]	@ zero_extendqisi2
 276 0012 84F83F30 		strb	r3, [r4, #63]
 189:u8g2/csrc/u8g2_setup.c **** 
ARM GAS  C:\Users\nhantt\AppData\Local\Temp\cctPlWyn.s 			page 9


 190:u8g2/csrc/u8g2_setup.c ****   u8g2->user_x0 = u8g2->width - u8g2->buf_y1;
 277              		.loc 1 190 0
 278 0016 94F83E20 		ldrb	r2, [r4, #62]	@ zero_extendqisi2
 279 001a 9A1A     		subs	r2, r3, r2
 280 001c 84F84120 		strb	r2, [r4, #65]
 191:u8g2/csrc/u8g2_setup.c ****   u8g2->user_x1 = u8g2->width - u8g2->buf_y0;
 281              		.loc 1 191 0
 282 0020 94F83D20 		ldrb	r2, [r4, #61]	@ zero_extendqisi2
 283 0024 9B1A     		subs	r3, r3, r2
 284 0026 84F84230 		strb	r3, [r4, #66]
 192:u8g2/csrc/u8g2_setup.c ****   
 193:u8g2/csrc/u8g2_setup.c ****   u8g2->user_y0 = 0;
 285              		.loc 1 193 0
 286 002a 0023     		movs	r3, #0
 287 002c 84F84330 		strb	r3, [r4, #67]
 194:u8g2/csrc/u8g2_setup.c ****   u8g2->user_y1 = u8g2->height;	/* pixel_buf_width replaced with height (pixel_width) */
 288              		.loc 1 194 0
 289 0030 84F84410 		strb	r1, [r4, #68]
 290 0034 10BD     		pop	{r4, pc}
 291              		.cfi_endproc
 292              	.LFE6:
 294              		.section	.text.u8g2_draw_l90_r0,"ax",%progbits
 295              		.align	1
 296              		.global	u8g2_draw_l90_r0
 297              		.syntax unified
 298              		.thumb
 299              		.thumb_func
 300              		.fpu softvfp
 302              	u8g2_draw_l90_r0:
 303              	.LFB7:
 195:u8g2/csrc/u8g2_setup.c **** 
 196:u8g2/csrc/u8g2_setup.c **** //  printf("x0=%d x1=%d y0=%d y1=%d\n", 
 197:u8g2/csrc/u8g2_setup.c **** //      u8g2->user_x0, u8g2->user_x1, u8g2->user_y0, u8g2->user_y1);
 198:u8g2/csrc/u8g2_setup.c **** }
 199:u8g2/csrc/u8g2_setup.c **** 
 200:u8g2/csrc/u8g2_setup.c **** /*============================================*/
 201:u8g2/csrc/u8g2_setup.c **** extern void u8g2_draw_hv_line_4dir(u8g2_t *u8g2, u8g2_uint_t x, u8g2_uint_t y, u8g2_uint_t len, uin
 202:u8g2/csrc/u8g2_setup.c **** 
 203:u8g2/csrc/u8g2_setup.c **** 
 204:u8g2/csrc/u8g2_setup.c **** void u8g2_draw_l90_r0(u8g2_t *u8g2, u8g2_uint_t x, u8g2_uint_t y, u8g2_uint_t len, uint8_t dir)
 205:u8g2/csrc/u8g2_setup.c **** {
 304              		.loc 1 205 0
 305              		.cfi_startproc
 306              		@ args = 4, pretend = 0, frame = 0
 307              		@ frame_needed = 0, uses_anonymous_args = 0
 308              	.LVL22:
 309 0000 10B5     		push	{r4, lr}
 310              	.LCFI6:
 311              		.cfi_def_cfa_offset 8
 312              		.cfi_offset 4, -8
 313              		.cfi_offset 14, -4
 314 0002 82B0     		sub	sp, sp, #8
 315              	.LCFI7:
 316              		.cfi_def_cfa_offset 16
 206:u8g2/csrc/u8g2_setup.c ****   u8g2_draw_hv_line_4dir(u8g2, x, y, len, dir);
 317              		.loc 1 206 0
 318 0004 9DF81040 		ldrb	r4, [sp, #16]	@ zero_extendqisi2
ARM GAS  C:\Users\nhantt\AppData\Local\Temp\cctPlWyn.s 			page 10


 319 0008 0094     		str	r4, [sp]
 320 000a FFF7FEFF 		bl	u8g2_draw_hv_line_4dir
 321              	.LVL23:
 207:u8g2/csrc/u8g2_setup.c **** }
 322              		.loc 1 207 0
 323 000e 02B0     		add	sp, sp, #8
 324              	.LCFI8:
 325              		.cfi_def_cfa_offset 8
 326              		@ sp needed
 327 0010 10BD     		pop	{r4, pc}
 328              		.cfi_endproc
 329              	.LFE7:
 331              		.section	.text.u8g2_draw_l90_mirrorr_r0,"ax",%progbits
 332              		.align	1
 333              		.global	u8g2_draw_l90_mirrorr_r0
 334              		.syntax unified
 335              		.thumb
 336              		.thumb_func
 337              		.fpu softvfp
 339              	u8g2_draw_l90_mirrorr_r0:
 340              	.LFB8:
 208:u8g2/csrc/u8g2_setup.c **** 
 209:u8g2/csrc/u8g2_setup.c **** void u8g2_draw_l90_mirrorr_r0(u8g2_t *u8g2, u8g2_uint_t x, u8g2_uint_t y, u8g2_uint_t len, uint8_t 
 210:u8g2/csrc/u8g2_setup.c **** {
 341              		.loc 1 210 0
 342              		.cfi_startproc
 343              		@ args = 4, pretend = 0, frame = 0
 344              		@ frame_needed = 0, uses_anonymous_args = 0
 345              	.LVL24:
 346 0000 30B5     		push	{r4, r5, lr}
 347              	.LCFI9:
 348              		.cfi_def_cfa_offset 12
 349              		.cfi_offset 4, -12
 350              		.cfi_offset 5, -8
 351              		.cfi_offset 14, -4
 352 0002 83B0     		sub	sp, sp, #12
 353              	.LCFI10:
 354              		.cfi_def_cfa_offset 24
 355 0004 9DF81850 		ldrb	r5, [sp, #24]	@ zero_extendqisi2
 211:u8g2/csrc/u8g2_setup.c ****   u8g2_uint_t xx;
 212:u8g2/csrc/u8g2_setup.c ****   xx = u8g2->width;
 356              		.loc 1 212 0
 357 0008 90F83F40 		ldrb	r4, [r0, #63]	@ zero_extendqisi2
 358              	.LVL25:
 213:u8g2/csrc/u8g2_setup.c ****   xx -= x;
 359              		.loc 1 213 0
 360 000c 611A     		subs	r1, r4, r1
 361              	.LVL26:
 362 000e C9B2     		uxtb	r1, r1
 363              	.LVL27:
 214:u8g2/csrc/u8g2_setup.c ****   if ( (dir & 1) == 0 )
 364              		.loc 1 214 0
 365 0010 15F0010F 		tst	r5, #1
 366 0014 06D0     		beq	.L21
 215:u8g2/csrc/u8g2_setup.c ****   {
 216:u8g2/csrc/u8g2_setup.c ****     xx -= len;
 217:u8g2/csrc/u8g2_setup.c ****   }
ARM GAS  C:\Users\nhantt\AppData\Local\Temp\cctPlWyn.s 			page 11


 218:u8g2/csrc/u8g2_setup.c ****   else
 219:u8g2/csrc/u8g2_setup.c ****   {
 220:u8g2/csrc/u8g2_setup.c ****     xx--;
 367              		.loc 1 220 0
 368 0016 0139     		subs	r1, r1, #1
 369              	.LVL28:
 370 0018 C9B2     		uxtb	r1, r1
 371              	.LVL29:
 372              	.L19:
 221:u8g2/csrc/u8g2_setup.c ****   }
 222:u8g2/csrc/u8g2_setup.c ****   u8g2_draw_hv_line_4dir(u8g2, xx, y, len, dir);
 373              		.loc 1 222 0
 374 001a 0095     		str	r5, [sp]
 375 001c FFF7FEFF 		bl	u8g2_draw_hv_line_4dir
 376              	.LVL30:
 223:u8g2/csrc/u8g2_setup.c **** }
 377              		.loc 1 223 0
 378 0020 03B0     		add	sp, sp, #12
 379              	.LCFI11:
 380              		.cfi_remember_state
 381              		.cfi_def_cfa_offset 12
 382              		@ sp needed
 383 0022 30BD     		pop	{r4, r5, pc}
 384              	.LVL31:
 385              	.L21:
 386              	.LCFI12:
 387              		.cfi_restore_state
 216:u8g2/csrc/u8g2_setup.c ****   }
 388              		.loc 1 216 0
 389 0024 C91A     		subs	r1, r1, r3
 390              	.LVL32:
 391 0026 C9B2     		uxtb	r1, r1
 392              	.LVL33:
 393 0028 F7E7     		b	.L19
 394              		.cfi_endproc
 395              	.LFE8:
 397              		.section	.text.u8g2_draw_l90_r1,"ax",%progbits
 398              		.align	1
 399              		.global	u8g2_draw_l90_r1
 400              		.syntax unified
 401              		.thumb
 402              		.thumb_func
 403              		.fpu softvfp
 405              	u8g2_draw_l90_r1:
 406              	.LFB9:
 224:u8g2/csrc/u8g2_setup.c **** 
 225:u8g2/csrc/u8g2_setup.c **** 
 226:u8g2/csrc/u8g2_setup.c **** 
 227:u8g2/csrc/u8g2_setup.c **** void u8g2_draw_l90_r1(u8g2_t *u8g2, u8g2_uint_t x, u8g2_uint_t y, u8g2_uint_t len, uint8_t dir)
 228:u8g2/csrc/u8g2_setup.c **** {
 407              		.loc 1 228 0
 408              		.cfi_startproc
 409              		@ args = 4, pretend = 0, frame = 0
 410              		@ frame_needed = 0, uses_anonymous_args = 0
 411              	.LVL34:
 412 0000 10B5     		push	{r4, lr}
 413              	.LCFI13:
ARM GAS  C:\Users\nhantt\AppData\Local\Temp\cctPlWyn.s 			page 12


 414              		.cfi_def_cfa_offset 8
 415              		.cfi_offset 4, -8
 416              		.cfi_offset 14, -4
 417 0002 82B0     		sub	sp, sp, #8
 418              	.LCFI14:
 419              		.cfi_def_cfa_offset 16
 420              	.LVL35:
 229:u8g2/csrc/u8g2_setup.c ****   u8g2_uint_t xx, yy;
 230:u8g2/csrc/u8g2_setup.c ****   
 231:u8g2/csrc/u8g2_setup.c ****   yy = x;
 232:u8g2/csrc/u8g2_setup.c ****   
 233:u8g2/csrc/u8g2_setup.c ****   xx = u8g2->height;
 421              		.loc 1 233 0
 422 0004 90F84040 		ldrb	r4, [r0, #64]	@ zero_extendqisi2
 423              	.LVL36:
 234:u8g2/csrc/u8g2_setup.c ****   xx -= y;
 424              		.loc 1 234 0
 425 0008 A41A     		subs	r4, r4, r2
 426              	.LVL37:
 427 000a E4B2     		uxtb	r4, r4
 428              	.LVL38:
 235:u8g2/csrc/u8g2_setup.c ****   xx--;
 429              		.loc 1 235 0
 430 000c 013C     		subs	r4, r4, #1
 431              	.LVL39:
 236:u8g2/csrc/u8g2_setup.c ****   
 237:u8g2/csrc/u8g2_setup.c ****   dir ++;
 432              		.loc 1 237 0
 433 000e 9DF81020 		ldrb	r2, [sp, #16]	@ zero_extendqisi2
 434              	.LVL40:
 435 0012 0132     		adds	r2, r2, #1
 436              	.LVL41:
 238:u8g2/csrc/u8g2_setup.c ****   dir &= 3;
 437              		.loc 1 238 0
 438 0014 02F00302 		and	r2, r2, #3
 439              	.LVL42:
 239:u8g2/csrc/u8g2_setup.c ****   u8g2_draw_hv_line_4dir(u8g2, xx, yy, len, dir);
 440              		.loc 1 239 0
 441 0018 0092     		str	r2, [sp]
 442 001a 0A46     		mov	r2, r1
 443              	.LVL43:
 444 001c E1B2     		uxtb	r1, r4
 445              	.LVL44:
 446 001e FFF7FEFF 		bl	u8g2_draw_hv_line_4dir
 447              	.LVL45:
 240:u8g2/csrc/u8g2_setup.c **** }
 448              		.loc 1 240 0
 449 0022 02B0     		add	sp, sp, #8
 450              	.LCFI15:
 451              		.cfi_def_cfa_offset 8
 452              		@ sp needed
 453 0024 10BD     		pop	{r4, pc}
 454              		.cfi_endproc
 455              	.LFE9:
 457              		.section	.text.u8g2_draw_l90_r2,"ax",%progbits
 458              		.align	1
 459              		.global	u8g2_draw_l90_r2
ARM GAS  C:\Users\nhantt\AppData\Local\Temp\cctPlWyn.s 			page 13


 460              		.syntax unified
 461              		.thumb
 462              		.thumb_func
 463              		.fpu softvfp
 465              	u8g2_draw_l90_r2:
 466              	.LFB10:
 241:u8g2/csrc/u8g2_setup.c **** 
 242:u8g2/csrc/u8g2_setup.c **** void u8g2_draw_l90_r2(u8g2_t *u8g2, u8g2_uint_t x, u8g2_uint_t y, u8g2_uint_t len, uint8_t dir)
 243:u8g2/csrc/u8g2_setup.c **** {
 467              		.loc 1 243 0
 468              		.cfi_startproc
 469              		@ args = 4, pretend = 0, frame = 0
 470              		@ frame_needed = 0, uses_anonymous_args = 0
 471              	.LVL46:
 472 0000 30B5     		push	{r4, r5, lr}
 473              	.LCFI16:
 474              		.cfi_def_cfa_offset 12
 475              		.cfi_offset 4, -12
 476              		.cfi_offset 5, -8
 477              		.cfi_offset 14, -4
 478 0002 83B0     		sub	sp, sp, #12
 479              	.LCFI17:
 480              		.cfi_def_cfa_offset 24
 244:u8g2/csrc/u8g2_setup.c ****   u8g2_uint_t xx, yy;
 245:u8g2/csrc/u8g2_setup.c **** 
 246:u8g2/csrc/u8g2_setup.c ****   yy = u8g2->height;
 481              		.loc 1 246 0
 482 0004 90F84040 		ldrb	r4, [r0, #64]	@ zero_extendqisi2
 483              	.LVL47:
 247:u8g2/csrc/u8g2_setup.c ****   yy -= y;
 484              		.loc 1 247 0
 485 0008 A21A     		subs	r2, r4, r2
 486              	.LVL48:
 487 000a D2B2     		uxtb	r2, r2
 488              	.LVL49:
 248:u8g2/csrc/u8g2_setup.c ****   yy--;
 489              		.loc 1 248 0
 490 000c 013A     		subs	r2, r2, #1
 491              	.LVL50:
 249:u8g2/csrc/u8g2_setup.c ****   
 250:u8g2/csrc/u8g2_setup.c ****   xx = u8g2->width;
 492              		.loc 1 250 0
 493 000e 90F83F40 		ldrb	r4, [r0, #63]	@ zero_extendqisi2
 494              	.LVL51:
 251:u8g2/csrc/u8g2_setup.c ****   xx -= x;
 495              		.loc 1 251 0
 496 0012 611A     		subs	r1, r4, r1
 497              	.LVL52:
 498 0014 C9B2     		uxtb	r1, r1
 499              	.LVL53:
 252:u8g2/csrc/u8g2_setup.c ****   xx--;
 500              		.loc 1 252 0
 501 0016 0139     		subs	r1, r1, #1
 502              	.LVL54:
 253:u8g2/csrc/u8g2_setup.c ****   
 254:u8g2/csrc/u8g2_setup.c ****   dir +=2;
 503              		.loc 1 254 0
ARM GAS  C:\Users\nhantt\AppData\Local\Temp\cctPlWyn.s 			page 14


 504 0018 9DF81840 		ldrb	r4, [sp, #24]	@ zero_extendqisi2
 505 001c 0234     		adds	r4, r4, #2
 506              	.LVL55:
 255:u8g2/csrc/u8g2_setup.c ****   dir &= 3;
 507              		.loc 1 255 0
 508 001e 04F00304 		and	r4, r4, #3
 509              	.LVL56:
 256:u8g2/csrc/u8g2_setup.c ****   u8g2_draw_hv_line_4dir(u8g2, xx, yy, len, dir);
 510              		.loc 1 256 0
 511 0022 0094     		str	r4, [sp]
 512 0024 D2B2     		uxtb	r2, r2
 513 0026 C9B2     		uxtb	r1, r1
 514 0028 FFF7FEFF 		bl	u8g2_draw_hv_line_4dir
 515              	.LVL57:
 257:u8g2/csrc/u8g2_setup.c **** }
 516              		.loc 1 257 0
 517 002c 03B0     		add	sp, sp, #12
 518              	.LCFI18:
 519              		.cfi_def_cfa_offset 12
 520              		@ sp needed
 521 002e 30BD     		pop	{r4, r5, pc}
 522              		.cfi_endproc
 523              	.LFE10:
 525              		.section	.text.u8g2_draw_l90_r3,"ax",%progbits
 526              		.align	1
 527              		.global	u8g2_draw_l90_r3
 528              		.syntax unified
 529              		.thumb
 530              		.thumb_func
 531              		.fpu softvfp
 533              	u8g2_draw_l90_r3:
 534              	.LFB11:
 258:u8g2/csrc/u8g2_setup.c **** 
 259:u8g2/csrc/u8g2_setup.c **** void u8g2_draw_l90_r3(u8g2_t *u8g2, u8g2_uint_t x, u8g2_uint_t y, u8g2_uint_t len, uint8_t dir)
 260:u8g2/csrc/u8g2_setup.c **** {
 535              		.loc 1 260 0
 536              		.cfi_startproc
 537              		@ args = 4, pretend = 0, frame = 0
 538              		@ frame_needed = 0, uses_anonymous_args = 0
 539              	.LVL58:
 540 0000 10B5     		push	{r4, lr}
 541              	.LCFI19:
 542              		.cfi_def_cfa_offset 8
 543              		.cfi_offset 4, -8
 544              		.cfi_offset 14, -4
 545 0002 82B0     		sub	sp, sp, #8
 546              	.LCFI20:
 547              		.cfi_def_cfa_offset 16
 548 0004 1446     		mov	r4, r2
 549              	.LVL59:
 261:u8g2/csrc/u8g2_setup.c ****   u8g2_uint_t xx, yy;
 262:u8g2/csrc/u8g2_setup.c **** 
 263:u8g2/csrc/u8g2_setup.c ****   xx = y;
 264:u8g2/csrc/u8g2_setup.c ****   
 265:u8g2/csrc/u8g2_setup.c ****   yy = u8g2->width;
 550              		.loc 1 265 0
 551 0006 90F83F20 		ldrb	r2, [r0, #63]	@ zero_extendqisi2
ARM GAS  C:\Users\nhantt\AppData\Local\Temp\cctPlWyn.s 			page 15


 552              	.LVL60:
 266:u8g2/csrc/u8g2_setup.c ****   yy -= x;
 553              		.loc 1 266 0
 554 000a 521A     		subs	r2, r2, r1
 555              	.LVL61:
 556 000c D2B2     		uxtb	r2, r2
 557              	.LVL62:
 267:u8g2/csrc/u8g2_setup.c ****   yy--;
 558              		.loc 1 267 0
 559 000e 013A     		subs	r2, r2, #1
 560              	.LVL63:
 268:u8g2/csrc/u8g2_setup.c ****   
 269:u8g2/csrc/u8g2_setup.c ****   dir +=3;
 561              		.loc 1 269 0
 562 0010 9DF81010 		ldrb	r1, [sp, #16]	@ zero_extendqisi2
 563              	.LVL64:
 564 0014 0331     		adds	r1, r1, #3
 565              	.LVL65:
 270:u8g2/csrc/u8g2_setup.c ****   dir &= 3;
 566              		.loc 1 270 0
 567 0016 01F00301 		and	r1, r1, #3
 568              	.LVL66:
 271:u8g2/csrc/u8g2_setup.c ****   u8g2_draw_hv_line_4dir(u8g2, xx, yy, len, dir);
 569              		.loc 1 271 0
 570 001a 0091     		str	r1, [sp]
 571 001c D2B2     		uxtb	r2, r2
 572 001e 2146     		mov	r1, r4
 573              	.LVL67:
 574 0020 FFF7FEFF 		bl	u8g2_draw_hv_line_4dir
 575              	.LVL68:
 272:u8g2/csrc/u8g2_setup.c **** }
 576              		.loc 1 272 0
 577 0024 02B0     		add	sp, sp, #8
 578              	.LCFI21:
 579              		.cfi_def_cfa_offset 8
 580              		@ sp needed
 581 0026 10BD     		pop	{r4, pc}
 582              		.cfi_endproc
 583              	.LFE11:
 585              		.section	.text.u8g2_SetupBuffer,"ax",%progbits
 586              		.align	1
 587              		.global	u8g2_SetupBuffer
 588              		.syntax unified
 589              		.thumb
 590              		.thumb_func
 591              		.fpu softvfp
 593              	u8g2_SetupBuffer:
 594              	.LFB0:
  45:u8g2/csrc/u8g2_setup.c ****   u8g2->font = NULL;
 595              		.loc 1 45 0
 596              		.cfi_startproc
 597              		@ args = 4, pretend = 0, frame = 0
 598              		@ frame_needed = 0, uses_anonymous_args = 0
 599              	.LVL69:
 600 0000 70B5     		push	{r4, r5, r6, lr}
 601              	.LCFI22:
 602              		.cfi_def_cfa_offset 16
ARM GAS  C:\Users\nhantt\AppData\Local\Temp\cctPlWyn.s 			page 16


 603              		.cfi_offset 4, -16
 604              		.cfi_offset 5, -12
 605              		.cfi_offset 6, -8
 606              		.cfi_offset 14, -4
 607 0002 0446     		mov	r4, r0
 608 0004 049E     		ldr	r6, [sp, #16]
  46:u8g2/csrc/u8g2_setup.c ****   //u8g2->kerning = NULL;
 609              		.loc 1 46 0
 610 0006 0025     		movs	r5, #0
 611 0008 8564     		str	r5, [r0, #72]
  51:u8g2/csrc/u8g2_setup.c ****   
 612              		.loc 1 51 0
 613 000a C362     		str	r3, [r0, #44]
  53:u8g2/csrc/u8g2_setup.c ****   u8g2->tile_buf_height = tile_buf_height;
 614              		.loc 1 53 0
 615 000c 4163     		str	r1, [r0, #52]
  54:u8g2/csrc/u8g2_setup.c ****   
 616              		.loc 1 54 0
 617 000e 80F83820 		strb	r2, [r0, #56]
  56:u8g2/csrc/u8g2_setup.c ****   
 618              		.loc 1 56 0
 619 0012 80F83950 		strb	r5, [r0, #57]
  58:u8g2/csrc/u8g2_setup.c ****   u8g2->bitmap_transparency = 0;
 620              		.loc 1 58 0
 621 0016 80F85B50 		strb	r5, [r0, #91]
  59:u8g2/csrc/u8g2_setup.c ****   
 622              		.loc 1 59 0
 623 001a 80F87C50 		strb	r5, [r0, #124]
  61:u8g2/csrc/u8g2_setup.c ****   u8g2->is_auto_page_clear = 1;
 624              		.loc 1 61 0
 625 001e 0123     		movs	r3, #1
 626              	.LVL70:
 627 0020 80F87D30 		strb	r3, [r0, #125]
  62:u8g2/csrc/u8g2_setup.c ****   
 628              		.loc 1 62 0
 629 0024 80F87E30 		strb	r3, [r0, #126]
  64:u8g2/csrc/u8g2_setup.c ****   u8g2->cb->update(u8g2);
 630              		.loc 1 64 0
 631 0028 0663     		str	r6, [r0, #48]
  65:u8g2/csrc/u8g2_setup.c **** 
 632              		.loc 1 65 0
 633 002a 3368     		ldr	r3, [r6]
 634 002c 9847     		blx	r3
 635              	.LVL71:
  67:u8g2/csrc/u8g2_setup.c ****   
 636              		.loc 1 67 0
 637 002e 2046     		mov	r0, r4
 638 0030 FFF7FEFF 		bl	u8g2_SetFontPosBaseline
 639              	.LVL72:
  70:u8g2/csrc/u8g2_setup.c **** #endif
 640              		.loc 1 70 0
 641 0034 84F85E50 		strb	r5, [r4, #94]
 642 0038 70BD     		pop	{r4, r5, r6, pc}
 643              		.cfi_endproc
 644              	.LFE0:
 646              		.section	.text.u8g2_SetDisplayRotation,"ax",%progbits
 647              		.align	1
ARM GAS  C:\Users\nhantt\AppData\Local\Temp\cctPlWyn.s 			page 17


 648              		.global	u8g2_SetDisplayRotation
 649              		.syntax unified
 650              		.thumb
 651              		.thumb_func
 652              		.fpu softvfp
 654              	u8g2_SetDisplayRotation:
 655              	.LFB1:
  79:u8g2/csrc/u8g2_setup.c ****   u8g2->cb = u8g2_cb;
 656              		.loc 1 79 0
 657              		.cfi_startproc
 658              		@ args = 0, pretend = 0, frame = 0
 659              		@ frame_needed = 0, uses_anonymous_args = 0
 660              	.LVL73:
 661 0000 08B5     		push	{r3, lr}
 662              	.LCFI23:
 663              		.cfi_def_cfa_offset 8
 664              		.cfi_offset 3, -8
 665              		.cfi_offset 14, -4
  80:u8g2/csrc/u8g2_setup.c ****   u8g2->cb->update(u8g2);
 666              		.loc 1 80 0
 667 0002 0163     		str	r1, [r0, #48]
  81:u8g2/csrc/u8g2_setup.c **** }
 668              		.loc 1 81 0
 669 0004 0B68     		ldr	r3, [r1]
 670 0006 9847     		blx	r3
 671              	.LVL74:
 672 0008 08BD     		pop	{r3, pc}
 673              		.cfi_endproc
 674              	.LFE1:
 676              		.global	u8g2_cb_mirror
 677              		.global	u8g2_cb_r3
 678              		.global	u8g2_cb_r2
 679              		.global	u8g2_cb_r1
 680              		.global	u8g2_cb_r0
 681              		.section	.rodata.u8g2_cb_mirror,"a",%progbits
 682              		.align	2
 685              	u8g2_cb_mirror:
 686 0000 00000000 		.word	u8g2_update_dimension_r0
 687 0004 00000000 		.word	u8g2_draw_l90_mirrorr_r0
 688              		.section	.rodata.u8g2_cb_r0,"a",%progbits
 689              		.align	2
 692              	u8g2_cb_r0:
 693 0000 00000000 		.word	u8g2_update_dimension_r0
 694 0004 00000000 		.word	u8g2_draw_l90_r0
 695              		.section	.rodata.u8g2_cb_r1,"a",%progbits
 696              		.align	2
 699              	u8g2_cb_r1:
 700 0000 00000000 		.word	u8g2_update_dimension_r1
 701 0004 00000000 		.word	u8g2_draw_l90_r1
 702              		.section	.rodata.u8g2_cb_r2,"a",%progbits
 703              		.align	2
 706              	u8g2_cb_r2:
 707 0000 00000000 		.word	u8g2_update_dimension_r2
 708 0004 00000000 		.word	u8g2_draw_l90_r2
 709              		.section	.rodata.u8g2_cb_r3,"a",%progbits
 710              		.align	2
 713              	u8g2_cb_r3:
ARM GAS  C:\Users\nhantt\AppData\Local\Temp\cctPlWyn.s 			page 18


 714 0000 00000000 		.word	u8g2_update_dimension_r3
 715 0004 00000000 		.word	u8g2_draw_l90_r3
 716              		.text
 717              	.Letext0:
 718              		.file 2 "c:\\program files (x86)\\gnu tools arm embedded\\6.2 2016q4\\arm-none-eabi\\include\\mach
 719              		.file 3 "c:\\program files (x86)\\gnu tools arm embedded\\6.2 2016q4\\arm-none-eabi\\include\\sys\
 720              		.file 4 "u8g2/csrc/u8x8.h"
 721              		.file 5 "u8g2/csrc/u8g2.h"
 722              		.file 6 "c:\\program files (x86)\\gnu tools arm embedded\\6.2 2016q4\\arm-none-eabi\\include\\sys\
 723              		.file 7 "c:\\program files (x86)\\gnu tools arm embedded\\6.2 2016q4\\arm-none-eabi\\include\\sys\
 724              		.file 8 "c:\\program files (x86)\\gnu tools arm embedded\\6.2 2016q4\\lib\\gcc\\arm-none-eabi\\6.2
 725              		.file 9 "c:\\program files (x86)\\gnu tools arm embedded\\6.2 2016q4\\arm-none-eabi\\include\\sys\
ARM GAS  C:\Users\nhantt\AppData\Local\Temp\cctPlWyn.s 			page 19


DEFINED SYMBOLS
                            *ABS*:00000000 u8g2_setup.c
C:\Users\nhantt\AppData\Local\Temp\cctPlWyn.s:16     .text.u8g2_update_dimension_common:00000000 $t
C:\Users\nhantt\AppData\Local\Temp\cctPlWyn.s:22     .text.u8g2_update_dimension_common:00000000 u8g2_update_dimension_common
C:\Users\nhantt\AppData\Local\Temp\cctPlWyn.s:118    .text.u8g2_update_dimension_r0:00000000 $t
C:\Users\nhantt\AppData\Local\Temp\cctPlWyn.s:125    .text.u8g2_update_dimension_r0:00000000 u8g2_update_dimension_r0
C:\Users\nhantt\AppData\Local\Temp\cctPlWyn.s:158    .text.u8g2_update_dimension_r1:00000000 $t
C:\Users\nhantt\AppData\Local\Temp\cctPlWyn.s:165    .text.u8g2_update_dimension_r1:00000000 u8g2_update_dimension_r1
C:\Users\nhantt\AppData\Local\Temp\cctPlWyn.s:204    .text.u8g2_update_dimension_r2:00000000 $t
C:\Users\nhantt\AppData\Local\Temp\cctPlWyn.s:211    .text.u8g2_update_dimension_r2:00000000 u8g2_update_dimension_r2
C:\Users\nhantt\AppData\Local\Temp\cctPlWyn.s:247    .text.u8g2_update_dimension_r3:00000000 $t
C:\Users\nhantt\AppData\Local\Temp\cctPlWyn.s:254    .text.u8g2_update_dimension_r3:00000000 u8g2_update_dimension_r3
C:\Users\nhantt\AppData\Local\Temp\cctPlWyn.s:295    .text.u8g2_draw_l90_r0:00000000 $t
C:\Users\nhantt\AppData\Local\Temp\cctPlWyn.s:302    .text.u8g2_draw_l90_r0:00000000 u8g2_draw_l90_r0
C:\Users\nhantt\AppData\Local\Temp\cctPlWyn.s:332    .text.u8g2_draw_l90_mirrorr_r0:00000000 $t
C:\Users\nhantt\AppData\Local\Temp\cctPlWyn.s:339    .text.u8g2_draw_l90_mirrorr_r0:00000000 u8g2_draw_l90_mirrorr_r0
C:\Users\nhantt\AppData\Local\Temp\cctPlWyn.s:398    .text.u8g2_draw_l90_r1:00000000 $t
C:\Users\nhantt\AppData\Local\Temp\cctPlWyn.s:405    .text.u8g2_draw_l90_r1:00000000 u8g2_draw_l90_r1
C:\Users\nhantt\AppData\Local\Temp\cctPlWyn.s:458    .text.u8g2_draw_l90_r2:00000000 $t
C:\Users\nhantt\AppData\Local\Temp\cctPlWyn.s:465    .text.u8g2_draw_l90_r2:00000000 u8g2_draw_l90_r2
C:\Users\nhantt\AppData\Local\Temp\cctPlWyn.s:526    .text.u8g2_draw_l90_r3:00000000 $t
C:\Users\nhantt\AppData\Local\Temp\cctPlWyn.s:533    .text.u8g2_draw_l90_r3:00000000 u8g2_draw_l90_r3
C:\Users\nhantt\AppData\Local\Temp\cctPlWyn.s:586    .text.u8g2_SetupBuffer:00000000 $t
C:\Users\nhantt\AppData\Local\Temp\cctPlWyn.s:593    .text.u8g2_SetupBuffer:00000000 u8g2_SetupBuffer
C:\Users\nhantt\AppData\Local\Temp\cctPlWyn.s:647    .text.u8g2_SetDisplayRotation:00000000 $t
C:\Users\nhantt\AppData\Local\Temp\cctPlWyn.s:654    .text.u8g2_SetDisplayRotation:00000000 u8g2_SetDisplayRotation
C:\Users\nhantt\AppData\Local\Temp\cctPlWyn.s:685    .rodata.u8g2_cb_mirror:00000000 u8g2_cb_mirror
C:\Users\nhantt\AppData\Local\Temp\cctPlWyn.s:713    .rodata.u8g2_cb_r3:00000000 u8g2_cb_r3
C:\Users\nhantt\AppData\Local\Temp\cctPlWyn.s:706    .rodata.u8g2_cb_r2:00000000 u8g2_cb_r2
C:\Users\nhantt\AppData\Local\Temp\cctPlWyn.s:699    .rodata.u8g2_cb_r1:00000000 u8g2_cb_r1
C:\Users\nhantt\AppData\Local\Temp\cctPlWyn.s:692    .rodata.u8g2_cb_r0:00000000 u8g2_cb_r0
C:\Users\nhantt\AppData\Local\Temp\cctPlWyn.s:682    .rodata.u8g2_cb_mirror:00000000 $d
C:\Users\nhantt\AppData\Local\Temp\cctPlWyn.s:689    .rodata.u8g2_cb_r0:00000000 $d
C:\Users\nhantt\AppData\Local\Temp\cctPlWyn.s:696    .rodata.u8g2_cb_r1:00000000 $d
C:\Users\nhantt\AppData\Local\Temp\cctPlWyn.s:703    .rodata.u8g2_cb_r2:00000000 $d
C:\Users\nhantt\AppData\Local\Temp\cctPlWyn.s:710    .rodata.u8g2_cb_r3:00000000 $d
                     .debug_frame:00000010 $d

UNDEFINED SYMBOLS
u8g2_draw_hv_line_4dir
u8g2_SetFontPosBaseline
