ARM GAS  C:\Users\nhantt\AppData\Local\Temp\ccIm0Lyk.s 			page 1


   1              		.cpu cortex-m3
   2              		.eabi_attribute 20, 1
   3              		.eabi_attribute 21, 1
   4              		.eabi_attribute 23, 3
   5              		.eabi_attribute 24, 1
   6              		.eabi_attribute 25, 1
   7              		.eabi_attribute 26, 1
   8              		.eabi_attribute 30, 1
   9              		.eabi_attribute 34, 1
  10              		.eabi_attribute 18, 4
  11              		.file	"u8x8_d_a2printer.c"
  12              		.text
  13              	.Ltext0:
  14              		.cfi_sections	.debug_frame
  15              		.section	.text.get_delay_in_milliseconds,"ax",%progbits
  16              		.align	1
  17              		.global	get_delay_in_milliseconds
  18              		.syntax unified
  19              		.thumb
  20              		.thumb_func
  21              		.fpu softvfp
  23              	get_delay_in_milliseconds:
  24              	.LFB0:
  25              		.file 1 "u8g2/csrc/u8x8_d_a2printer.c"
   1:u8g2/csrc/u8x8_d_a2printer.c **** /*
   2:u8g2/csrc/u8x8_d_a2printer.c **** 
   3:u8g2/csrc/u8x8_d_a2printer.c ****   u8x8_d_a2printer.c
   4:u8g2/csrc/u8x8_d_a2printer.c ****   
   5:u8g2/csrc/u8x8_d_a2printer.c ****   Universal 8bit Graphics Library (https://github.com/olikraus/u8g2/)
   6:u8g2/csrc/u8x8_d_a2printer.c **** 
   7:u8g2/csrc/u8x8_d_a2printer.c ****   Copyright (c) 2016, olikraus@gmail.com
   8:u8g2/csrc/u8x8_d_a2printer.c ****   All rights reserved.
   9:u8g2/csrc/u8x8_d_a2printer.c **** 
  10:u8g2/csrc/u8x8_d_a2printer.c ****   Redistribution and use in source and binary forms, with or without modification, 
  11:u8g2/csrc/u8x8_d_a2printer.c ****   are permitted provided that the following conditions are met:
  12:u8g2/csrc/u8x8_d_a2printer.c **** 
  13:u8g2/csrc/u8x8_d_a2printer.c ****   * Redistributions of source code must retain the above copyright notice, this list 
  14:u8g2/csrc/u8x8_d_a2printer.c ****     of conditions and the following disclaimer.
  15:u8g2/csrc/u8x8_d_a2printer.c ****     
  16:u8g2/csrc/u8x8_d_a2printer.c ****   * Redistributions in binary form must reproduce the above copyright notice, this 
  17:u8g2/csrc/u8x8_d_a2printer.c ****     list of conditions and the following disclaimer in the documentation and/or other 
  18:u8g2/csrc/u8x8_d_a2printer.c ****     materials provided with the distribution.
  19:u8g2/csrc/u8x8_d_a2printer.c **** 
  20:u8g2/csrc/u8x8_d_a2printer.c ****   THIS SOFTWARE IS PROVIDED BY THE COPYRIGHT HOLDERS AND 
  21:u8g2/csrc/u8x8_d_a2printer.c ****   CONTRIBUTORS "AS IS" AND ANY EXPRESS OR IMPLIED WARRANTIES, 
  22:u8g2/csrc/u8x8_d_a2printer.c ****   INCLUDING, BUT NOT LIMITED TO, THE IMPLIED WARRANTIES OF 
  23:u8g2/csrc/u8x8_d_a2printer.c ****   MERCHANTABILITY AND FITNESS FOR A PARTICULAR PURPOSE ARE 
  24:u8g2/csrc/u8x8_d_a2printer.c ****   DISCLAIMED. IN NO EVENT SHALL THE COPYRIGHT HOLDER OR 
  25:u8g2/csrc/u8x8_d_a2printer.c ****   CONTRIBUTORS BE LIABLE FOR ANY DIRECT, INDIRECT, INCIDENTAL, 
  26:u8g2/csrc/u8x8_d_a2printer.c ****   SPECIAL, EXEMPLARY, OR CONSEQUENTIAL DAMAGES (INCLUDING, BUT 
  27:u8g2/csrc/u8x8_d_a2printer.c ****   NOT LIMITED TO, PROCUREMENT OF SUBSTITUTE GOODS OR SERVICES; 
  28:u8g2/csrc/u8x8_d_a2printer.c ****   LOSS OF USE, DATA, OR PROFITS; OR BUSINESS INTERRUPTION) HOWEVER 
  29:u8g2/csrc/u8x8_d_a2printer.c ****   CAUSED AND ON ANY THEORY OF LIABILITY, WHETHER IN CONTRACT, 
  30:u8g2/csrc/u8x8_d_a2printer.c ****   STRICT LIABILITY, OR TORT (INCLUDING NEGLIGENCE OR OTHERWISE) 
  31:u8g2/csrc/u8x8_d_a2printer.c ****   ARISING IN ANY WAY OUT OF THE USE OF THIS SOFTWARE, EVEN IF 
  32:u8g2/csrc/u8x8_d_a2printer.c ****   ADVISED OF THE POSSIBILITY OF SUCH DAMAGE.  
  33:u8g2/csrc/u8x8_d_a2printer.c **** 
ARM GAS  C:\Users\nhantt\AppData\Local\Temp\ccIm0Lyk.s 			page 2


  34:u8g2/csrc/u8x8_d_a2printer.c **** 
  35:u8g2/csrc/u8x8_d_a2printer.c ****   Use DC2 bitmap command of the A2 Micro panel termal printer
  36:u8g2/csrc/u8x8_d_a2printer.c ****   double stroke
  37:u8g2/csrc/u8x8_d_a2printer.c ****   
  38:u8g2/csrc/u8x8_d_a2printer.c ****   
  39:u8g2/csrc/u8x8_d_a2printer.c **** */
  40:u8g2/csrc/u8x8_d_a2printer.c **** 
  41:u8g2/csrc/u8x8_d_a2printer.c **** 
  42:u8g2/csrc/u8x8_d_a2printer.c **** #include "u8x8.h"
  43:u8g2/csrc/u8x8_d_a2printer.c **** 
  44:u8g2/csrc/u8x8_d_a2printer.c **** #define LINE_MIN_DELAY_MS 15
  45:u8g2/csrc/u8x8_d_a2printer.c **** /* higher values improve quality */
  46:u8g2/csrc/u8x8_d_a2printer.c **** /* however if the value is too high (>=5) then form feed does not work any more */
  47:u8g2/csrc/u8x8_d_a2printer.c **** #define LINE_EXTRA_8PIXEL_DELAY_MS 3
  48:u8g2/csrc/u8x8_d_a2printer.c **** /* this must be a power of two and between 1 and 8 */
  49:u8g2/csrc/u8x8_d_a2printer.c **** /* best quality only with 1 */
  50:u8g2/csrc/u8x8_d_a2printer.c **** #define NO_OF_LINES_TO_SEND_WITHOUT_DELAY 1
  51:u8g2/csrc/u8x8_d_a2printer.c **** 
  52:u8g2/csrc/u8x8_d_a2printer.c **** /* calculates the delay, based on the number of black pixel */
  53:u8g2/csrc/u8x8_d_a2printer.c **** /* actually only "none-zero" bytes are calculated which is, of course not so accurate, but should b
  54:u8g2/csrc/u8x8_d_a2printer.c **** uint16_t get_delay_in_milliseconds(uint8_t cnt, uint8_t *data)
  55:u8g2/csrc/u8x8_d_a2printer.c **** {
  26              		.loc 1 55 0
  27              		.cfi_startproc
  28              		@ args = 0, pretend = 0, frame = 0
  29              		@ frame_needed = 0, uses_anonymous_args = 0
  30              		@ link register save eliminated.
  31              	.LVL0:
  56:u8g2/csrc/u8x8_d_a2printer.c ****   uint8_t i;
  57:u8g2/csrc/u8x8_d_a2printer.c ****   uint16_t time = LINE_MIN_DELAY_MS;
  32              		.loc 1 57 0
  33 0000 0F22     		movs	r2, #15
  58:u8g2/csrc/u8x8_d_a2printer.c ****   for ( i = 0; i < cnt; i++ )
  34              		.loc 1 58 0
  35 0002 0023     		movs	r3, #0
  36              	.LVL1:
  37 0004 8342     		cmp	r3, r0
  38 0006 0ED2     		bcs	.L9
  55:u8g2/csrc/u8x8_d_a2printer.c ****   uint8_t i;
  39              		.loc 1 55 0
  40 0008 10B4     		push	{r4}
  41              	.LCFI0:
  42              		.cfi_def_cfa_offset 4
  43              		.cfi_offset 4, -4
  44 000a 03E0     		b	.L4
  45              	.L3:
  46              		.loc 1 58 0 discriminator 2
  47 000c 0133     		adds	r3, r3, #1
  48              	.LVL2:
  49 000e DBB2     		uxtb	r3, r3
  50              	.LVL3:
  51 0010 8342     		cmp	r3, r0
  52 0012 05D2     		bcs	.L10
  53              	.L4:
  59:u8g2/csrc/u8x8_d_a2printer.c ****     if ( data[i] != 0 )
  54              		.loc 1 59 0
  55 0014 CC5C     		ldrb	r4, [r1, r3]	@ zero_extendqisi2
ARM GAS  C:\Users\nhantt\AppData\Local\Temp\ccIm0Lyk.s 			page 3


  56 0016 002C     		cmp	r4, #0
  57 0018 F8D0     		beq	.L3
  60:u8g2/csrc/u8x8_d_a2printer.c ****       time += LINE_EXTRA_8PIXEL_DELAY_MS;
  58              		.loc 1 60 0
  59 001a 0332     		adds	r2, r2, #3
  60              	.LVL4:
  61 001c 92B2     		uxth	r2, r2
  62              	.LVL5:
  63 001e F5E7     		b	.L3
  64              	.L10:
  61:u8g2/csrc/u8x8_d_a2printer.c ****   return time;
  62:u8g2/csrc/u8x8_d_a2printer.c **** }
  65              		.loc 1 62 0
  66 0020 1046     		mov	r0, r2
  67              	.LVL6:
  68 0022 10BC     		pop	{r4}
  69              	.LCFI1:
  70              		.cfi_restore 4
  71              		.cfi_def_cfa_offset 0
  72 0024 7047     		bx	lr
  73              	.LVL7:
  74              	.L9:
  75 0026 1046     		mov	r0, r2
  76              	.LVL8:
  77 0028 7047     		bx	lr
  78              		.cfi_endproc
  79              	.LFE0:
  81              		.section	.text.u8x8_d_a2printer_common,"ax",%progbits
  82              		.align	1
  83              		.global	u8x8_d_a2printer_common
  84              		.syntax unified
  85              		.thumb
  86              		.thumb_func
  87              		.fpu softvfp
  89              	u8x8_d_a2printer_common:
  90              	.LFB1:
  63:u8g2/csrc/u8x8_d_a2printer.c **** 
  64:u8g2/csrc/u8x8_d_a2printer.c **** uint8_t u8x8_d_a2printer_common(u8x8_t *u8x8, uint8_t msg, U8X8_UNUSED uint8_t arg_int, void *arg_p
  65:u8g2/csrc/u8x8_d_a2printer.c **** {
  91              		.loc 1 65 0
  92              		.cfi_startproc
  93              		@ args = 0, pretend = 0, frame = 0
  94              		@ frame_needed = 0, uses_anonymous_args = 0
  95              	.LVL9:
  66:u8g2/csrc/u8x8_d_a2printer.c ****   uint8_t c, i, j;
  67:u8g2/csrc/u8x8_d_a2printer.c ****   uint8_t *ptr;
  68:u8g2/csrc/u8x8_d_a2printer.c ****   uint16_t delay_in_milliseconds;
  69:u8g2/csrc/u8x8_d_a2printer.c ****   switch(msg)
  96              		.loc 1 69 0
  97 0000 0B29     		cmp	r1, #11
  98 0002 00F08280 		beq	.L21
  65:u8g2/csrc/u8x8_d_a2printer.c ****   uint8_t c, i, j;
  99              		.loc 1 65 0
 100 0006 2DE9F843 		push	{r3, r4, r5, r6, r7, r8, r9, lr}
 101              	.LCFI2:
 102              		.cfi_def_cfa_offset 32
 103              		.cfi_offset 3, -32
ARM GAS  C:\Users\nhantt\AppData\Local\Temp\ccIm0Lyk.s 			page 4


 104              		.cfi_offset 4, -28
 105              		.cfi_offset 5, -24
 106              		.cfi_offset 6, -20
 107              		.cfi_offset 7, -16
 108              		.cfi_offset 8, -12
 109              		.cfi_offset 9, -8
 110              		.cfi_offset 14, -4
 111 000a 1C46     		mov	r4, r3
 112 000c 0746     		mov	r7, r0
 113              		.loc 1 69 0
 114 000e 0F29     		cmp	r1, #15
 115 0010 09D0     		beq	.L14
 116 0012 0A29     		cmp	r1, #10
 117 0014 02D0     		beq	.L15
  70:u8g2/csrc/u8x8_d_a2printer.c ****   {
  71:u8g2/csrc/u8x8_d_a2printer.c ****     /* U8X8_MSG_DISPLAY_SETUP_MEMORY is handled by the calling function */
  72:u8g2/csrc/u8x8_d_a2printer.c ****     /*
  73:u8g2/csrc/u8x8_d_a2printer.c ****     case U8X8_MSG_DISPLAY_SETUP_MEMORY:
  74:u8g2/csrc/u8x8_d_a2printer.c ****       break;
  75:u8g2/csrc/u8x8_d_a2printer.c ****     */
  76:u8g2/csrc/u8x8_d_a2printer.c ****     case U8X8_MSG_DISPLAY_INIT:
  77:u8g2/csrc/u8x8_d_a2printer.c ****       u8x8_d_helper_display_init(u8x8);
  78:u8g2/csrc/u8x8_d_a2printer.c ****       // no setup required
  79:u8g2/csrc/u8x8_d_a2printer.c ****       // u8x8_cad_SendSequence(u8x8, u8x8_d_a2printer_init_seq);
  80:u8g2/csrc/u8x8_d_a2printer.c ****       break;
  81:u8g2/csrc/u8x8_d_a2printer.c ****     case U8X8_MSG_DISPLAY_SET_POWER_SAVE:
  82:u8g2/csrc/u8x8_d_a2printer.c ****       // no powersave 
  83:u8g2/csrc/u8x8_d_a2printer.c ****       break;
  84:u8g2/csrc/u8x8_d_a2printer.c ****     case U8X8_MSG_DISPLAY_DRAW_TILE:
  85:u8g2/csrc/u8x8_d_a2printer.c ****       u8x8_cad_StartTransfer(u8x8);
  86:u8g2/csrc/u8x8_d_a2printer.c ****       
  87:u8g2/csrc/u8x8_d_a2printer.c ****       u8x8_cad_SendCmd(u8x8, 27);      /* ESC */
  88:u8g2/csrc/u8x8_d_a2printer.c ****       u8x8_cad_SendCmd(u8x8, 55 );      /* parameter command */
  89:u8g2/csrc/u8x8_d_a2printer.c ****       /* increasing the "max printing dots" requires a good power supply, but LINE_EXTRA_8PIXEL_DEL
  90:u8g2/csrc/u8x8_d_a2printer.c ****       u8x8_cad_SendCmd(u8x8, 0);      /* Max printing dots,Unit(8dots),Default:7(64 dots) 8*(x+1) .
  91:u8g2/csrc/u8x8_d_a2printer.c ****       u8x8_cad_SendCmd(u8x8, 200);      /* 3-255 Heating time,Unit(10us),Default:80(800us) */
  92:u8g2/csrc/u8x8_d_a2printer.c ****       u8x8_cad_SendCmd(u8x8, 2);      /* 0-255 Heating interval,Unit(10us),Default:2(20us) ... does
  93:u8g2/csrc/u8x8_d_a2printer.c ****       
  94:u8g2/csrc/u8x8_d_a2printer.c ****       //c = ((u8x8_tile_t *)arg_ptr)->cnt;	/* number of tiles */
  95:u8g2/csrc/u8x8_d_a2printer.c ****       c = u8x8->display_info->tile_width;
  96:u8g2/csrc/u8x8_d_a2printer.c ****       ptr = ((u8x8_tile_t *)arg_ptr)->tile_ptr;	/* data ptr to the tiles */
  97:u8g2/csrc/u8x8_d_a2printer.c ****     
  98:u8g2/csrc/u8x8_d_a2printer.c ****       u8x8_cad_SendCmd(u8x8, 18);      /* DC2 */
  99:u8g2/csrc/u8x8_d_a2printer.c ****       u8x8_cad_SendCmd(u8x8, 42 );      /* *  */
 100:u8g2/csrc/u8x8_d_a2printer.c ****       u8x8_cad_SendCmd(u8x8, 8 ); 	/* height */
 101:u8g2/csrc/u8x8_d_a2printer.c ****       u8x8_cad_SendCmd(u8x8, c ); 	/* c, u8x8->display_info->tile_width */
 102:u8g2/csrc/u8x8_d_a2printer.c ****       
 103:u8g2/csrc/u8x8_d_a2printer.c ****       for( j = 0; j < 8 / NO_OF_LINES_TO_SEND_WITHOUT_DELAY; j ++ )
 104:u8g2/csrc/u8x8_d_a2printer.c ****       {
 105:u8g2/csrc/u8x8_d_a2printer.c **** 
 106:u8g2/csrc/u8x8_d_a2printer.c **** 	delay_in_milliseconds = 0;
 107:u8g2/csrc/u8x8_d_a2printer.c **** 	for( i = 0; i < NO_OF_LINES_TO_SEND_WITHOUT_DELAY; i++ )
 108:u8g2/csrc/u8x8_d_a2printer.c **** 	{
 109:u8g2/csrc/u8x8_d_a2printer.c **** 	  u8x8_cad_SendData(u8x8, c, ptr);	/* c, note: SendData can not handle more than 255 bytes, send o
 110:u8g2/csrc/u8x8_d_a2printer.c **** 	  delay_in_milliseconds += get_delay_in_milliseconds(c, ptr);
 111:u8g2/csrc/u8x8_d_a2printer.c **** 	  ptr += c;
 112:u8g2/csrc/u8x8_d_a2printer.c **** 	}
ARM GAS  C:\Users\nhantt\AppData\Local\Temp\ccIm0Lyk.s 			page 5


 113:u8g2/csrc/u8x8_d_a2printer.c **** 	
 114:u8g2/csrc/u8x8_d_a2printer.c **** 	while( delay_in_milliseconds > 200 )
 115:u8g2/csrc/u8x8_d_a2printer.c **** 	{
 116:u8g2/csrc/u8x8_d_a2printer.c **** 	  u8x8->gpio_and_delay_cb(u8x8, U8X8_MSG_DELAY_MILLI, 200, NULL);	
 117:u8g2/csrc/u8x8_d_a2printer.c **** 	  delay_in_milliseconds -= 200;
 118:u8g2/csrc/u8x8_d_a2printer.c **** 	}
 119:u8g2/csrc/u8x8_d_a2printer.c **** 	u8x8->gpio_and_delay_cb(u8x8, U8X8_MSG_DELAY_MILLI, delay_in_milliseconds, NULL);	
 120:u8g2/csrc/u8x8_d_a2printer.c ****       }
 121:u8g2/csrc/u8x8_d_a2printer.c **** 
 122:u8g2/csrc/u8x8_d_a2printer.c ****       /* set parameters back to their default values */
 123:u8g2/csrc/u8x8_d_a2printer.c ****       u8x8_cad_SendCmd(u8x8, 27);      /* ESC */
 124:u8g2/csrc/u8x8_d_a2printer.c ****       u8x8_cad_SendCmd(u8x8, 55 );      /* parameter command */
 125:u8g2/csrc/u8x8_d_a2printer.c ****       u8x8_cad_SendCmd(u8x8, 7);      /* Max printing dots,Unit(8dots),Default:7(64 dots) 8*(x+1)*/
 126:u8g2/csrc/u8x8_d_a2printer.c ****       u8x8_cad_SendCmd(u8x8, 80);      /* 3-255 Heating time,Unit(10us),Default:80(800us) */
 127:u8g2/csrc/u8x8_d_a2printer.c ****       u8x8_cad_SendCmd(u8x8, 2);      /* 0-255 Heating interval,Unit(10us),Default:2(20us)*/
 128:u8g2/csrc/u8x8_d_a2printer.c **** 
 129:u8g2/csrc/u8x8_d_a2printer.c ****       u8x8_cad_EndTransfer(u8x8);
 130:u8g2/csrc/u8x8_d_a2printer.c **** 
 131:u8g2/csrc/u8x8_d_a2printer.c ****       break;
 132:u8g2/csrc/u8x8_d_a2printer.c ****     default:
 133:u8g2/csrc/u8x8_d_a2printer.c ****       return 0;
 118              		.loc 1 133 0
 119 0016 0020     		movs	r0, #0
 120              	.LVL10:
 121 0018 BDE8F883 		pop	{r3, r4, r5, r6, r7, r8, r9, pc}
 122              	.LVL11:
 123              	.L15:
  77:u8g2/csrc/u8x8_d_a2printer.c ****       // no setup required
 124              		.loc 1 77 0
 125 001c FFF7FEFF 		bl	u8x8_d_helper_display_init
 126              	.LVL12:
 134:u8g2/csrc/u8x8_d_a2printer.c ****   }
 135:u8g2/csrc/u8x8_d_a2printer.c ****   return 1;
 127              		.loc 1 135 0
 128 0020 0120     		movs	r0, #1
  80:u8g2/csrc/u8x8_d_a2printer.c ****     case U8X8_MSG_DISPLAY_SET_POWER_SAVE:
 129              		.loc 1 80 0
 130 0022 BDE8F883 		pop	{r3, r4, r5, r6, r7, r8, r9, pc}
 131              	.LVL13:
 132              	.L14:
  85:u8g2/csrc/u8x8_d_a2printer.c ****       
 133              		.loc 1 85 0
 134 0026 FFF7FEFF 		bl	u8x8_cad_StartTransfer
 135              	.LVL14:
  87:u8g2/csrc/u8x8_d_a2printer.c ****       u8x8_cad_SendCmd(u8x8, 55 );      /* parameter command */
 136              		.loc 1 87 0
 137 002a 1B21     		movs	r1, #27
 138 002c 3846     		mov	r0, r7
 139 002e FFF7FEFF 		bl	u8x8_cad_SendCmd
 140              	.LVL15:
  88:u8g2/csrc/u8x8_d_a2printer.c ****       /* increasing the "max printing dots" requires a good power supply, but LINE_EXTRA_8PIXEL_DEL
 141              		.loc 1 88 0
 142 0032 3721     		movs	r1, #55
 143 0034 3846     		mov	r0, r7
 144 0036 FFF7FEFF 		bl	u8x8_cad_SendCmd
 145              	.LVL16:
  90:u8g2/csrc/u8x8_d_a2printer.c ****       u8x8_cad_SendCmd(u8x8, 200);      /* 3-255 Heating time,Unit(10us),Default:80(800us) */
ARM GAS  C:\Users\nhantt\AppData\Local\Temp\ccIm0Lyk.s 			page 6


 146              		.loc 1 90 0
 147 003a 0021     		movs	r1, #0
 148 003c 3846     		mov	r0, r7
 149 003e FFF7FEFF 		bl	u8x8_cad_SendCmd
 150              	.LVL17:
  91:u8g2/csrc/u8x8_d_a2printer.c ****       u8x8_cad_SendCmd(u8x8, 2);      /* 0-255 Heating interval,Unit(10us),Default:2(20us) ... does
 151              		.loc 1 91 0
 152 0042 C821     		movs	r1, #200
 153 0044 3846     		mov	r0, r7
 154 0046 FFF7FEFF 		bl	u8x8_cad_SendCmd
 155              	.LVL18:
  92:u8g2/csrc/u8x8_d_a2printer.c ****       
 156              		.loc 1 92 0
 157 004a 0221     		movs	r1, #2
 158 004c 3846     		mov	r0, r7
 159 004e FFF7FEFF 		bl	u8x8_cad_SendCmd
 160              	.LVL19:
  95:u8g2/csrc/u8x8_d_a2printer.c ****       ptr = ((u8x8_tile_t *)arg_ptr)->tile_ptr;	/* data ptr to the tiles */
 161              		.loc 1 95 0
 162 0052 3B68     		ldr	r3, [r7]
 163 0054 93F81080 		ldrb	r8, [r3, #16]	@ zero_extendqisi2
 164              	.LVL20:
  96:u8g2/csrc/u8x8_d_a2printer.c ****     
 165              		.loc 1 96 0
 166 0058 2668     		ldr	r6, [r4]
 167              	.LVL21:
  98:u8g2/csrc/u8x8_d_a2printer.c ****       u8x8_cad_SendCmd(u8x8, 42 );      /* *  */
 168              		.loc 1 98 0
 169 005a 1221     		movs	r1, #18
 170 005c 3846     		mov	r0, r7
 171 005e FFF7FEFF 		bl	u8x8_cad_SendCmd
 172              	.LVL22:
  99:u8g2/csrc/u8x8_d_a2printer.c ****       u8x8_cad_SendCmd(u8x8, 8 ); 	/* height */
 173              		.loc 1 99 0
 174 0062 2A21     		movs	r1, #42
 175 0064 3846     		mov	r0, r7
 176 0066 FFF7FEFF 		bl	u8x8_cad_SendCmd
 177              	.LVL23:
 100:u8g2/csrc/u8x8_d_a2printer.c ****       u8x8_cad_SendCmd(u8x8, c ); 	/* c, u8x8->display_info->tile_width */
 178              		.loc 1 100 0
 179 006a 0821     		movs	r1, #8
 180 006c 3846     		mov	r0, r7
 181 006e FFF7FEFF 		bl	u8x8_cad_SendCmd
 182              	.LVL24:
 101:u8g2/csrc/u8x8_d_a2printer.c ****       
 183              		.loc 1 101 0
 184 0072 4146     		mov	r1, r8
 185 0074 3846     		mov	r0, r7
 186 0076 FFF7FEFF 		bl	u8x8_cad_SendCmd
 187              	.LVL25:
 103:u8g2/csrc/u8x8_d_a2printer.c ****       {
 188              		.loc 1 103 0
 189 007a 4FF00009 		mov	r9, #0
 190 007e 24E0     		b	.L16
 191              	.LVL26:
 192              	.L17:
 109:u8g2/csrc/u8x8_d_a2printer.c **** 	  delay_in_milliseconds += get_delay_in_milliseconds(c, ptr);
ARM GAS  C:\Users\nhantt\AppData\Local\Temp\ccIm0Lyk.s 			page 7


 193              		.loc 1 109 0 discriminator 3
 194 0080 3246     		mov	r2, r6
 195 0082 4146     		mov	r1, r8
 196 0084 3846     		mov	r0, r7
 197 0086 FFF7FEFF 		bl	u8x8_cad_SendData
 198              	.LVL27:
 110:u8g2/csrc/u8x8_d_a2printer.c **** 	  ptr += c;
 199              		.loc 1 110 0 discriminator 3
 200 008a 3146     		mov	r1, r6
 201 008c 4046     		mov	r0, r8
 202 008e FFF7FEFF 		bl	get_delay_in_milliseconds
 203              	.LVL28:
 204 0092 0444     		add	r4, r4, r0
 205              	.LVL29:
 206 0094 A4B2     		uxth	r4, r4
 207              	.LVL30:
 111:u8g2/csrc/u8x8_d_a2printer.c **** 	}
 208              		.loc 1 111 0 discriminator 3
 209 0096 4644     		add	r6, r6, r8
 210              	.LVL31:
 107:u8g2/csrc/u8x8_d_a2printer.c **** 	{
 211              		.loc 1 107 0 discriminator 3
 212 0098 0135     		adds	r5, r5, #1
 213              	.LVL32:
 214 009a EDB2     		uxtb	r5, r5
 215              	.LVL33:
 216              	.L20:
 107:u8g2/csrc/u8x8_d_a2printer.c **** 	{
 217              		.loc 1 107 0 is_stmt 0 discriminator 1
 218 009c 002D     		cmp	r5, #0
 219 009e EFD0     		beq	.L17
 220 00a0 07E0     		b	.L18
 221              	.LVL34:
 222              	.L19:
 116:u8g2/csrc/u8x8_d_a2printer.c **** 	  delay_in_milliseconds -= 200;
 223              		.loc 1 116 0 is_stmt 1
 224 00a2 7D69     		ldr	r5, [r7, #20]
 225 00a4 0023     		movs	r3, #0
 226 00a6 C822     		movs	r2, #200
 227 00a8 2921     		movs	r1, #41
 228 00aa 3846     		mov	r0, r7
 229 00ac A847     		blx	r5
 230              	.LVL35:
 117:u8g2/csrc/u8x8_d_a2printer.c **** 	}
 231              		.loc 1 117 0
 232 00ae C83C     		subs	r4, r4, #200
 233              	.LVL36:
 234 00b0 A4B2     		uxth	r4, r4
 235              	.LVL37:
 236              	.L18:
 114:u8g2/csrc/u8x8_d_a2printer.c **** 	{
 237              		.loc 1 114 0
 238 00b2 C82C     		cmp	r4, #200
 239 00b4 F5D8     		bhi	.L19
 119:u8g2/csrc/u8x8_d_a2printer.c ****       }
 240              		.loc 1 119 0 discriminator 2
 241 00b6 7D69     		ldr	r5, [r7, #20]
ARM GAS  C:\Users\nhantt\AppData\Local\Temp\ccIm0Lyk.s 			page 8


 242 00b8 0023     		movs	r3, #0
 243 00ba E2B2     		uxtb	r2, r4
 244 00bc 2921     		movs	r1, #41
 245 00be 3846     		mov	r0, r7
 246 00c0 A847     		blx	r5
 247              	.LVL38:
 103:u8g2/csrc/u8x8_d_a2printer.c ****       {
 248              		.loc 1 103 0 discriminator 2
 249 00c2 09F10109 		add	r9, r9, #1
 250              	.LVL39:
 251 00c6 5FFA89F9 		uxtb	r9, r9
 252              	.LVL40:
 253              	.L16:
 103:u8g2/csrc/u8x8_d_a2printer.c ****       {
 254              		.loc 1 103 0 is_stmt 0 discriminator 1
 255 00ca B9F1070F 		cmp	r9, #7
 256 00ce 02D8     		bhi	.L27
 257 00d0 0024     		movs	r4, #0
 258 00d2 2546     		mov	r5, r4
 259 00d4 E2E7     		b	.L20
 260              	.L27:
 123:u8g2/csrc/u8x8_d_a2printer.c ****       u8x8_cad_SendCmd(u8x8, 55 );      /* parameter command */
 261              		.loc 1 123 0 is_stmt 1
 262 00d6 1B21     		movs	r1, #27
 263 00d8 3846     		mov	r0, r7
 264 00da FFF7FEFF 		bl	u8x8_cad_SendCmd
 265              	.LVL41:
 124:u8g2/csrc/u8x8_d_a2printer.c ****       u8x8_cad_SendCmd(u8x8, 7);      /* Max printing dots,Unit(8dots),Default:7(64 dots) 8*(x+1)*/
 266              		.loc 1 124 0
 267 00de 3721     		movs	r1, #55
 268 00e0 3846     		mov	r0, r7
 269 00e2 FFF7FEFF 		bl	u8x8_cad_SendCmd
 270              	.LVL42:
 125:u8g2/csrc/u8x8_d_a2printer.c ****       u8x8_cad_SendCmd(u8x8, 80);      /* 3-255 Heating time,Unit(10us),Default:80(800us) */
 271              		.loc 1 125 0
 272 00e6 0721     		movs	r1, #7
 273 00e8 3846     		mov	r0, r7
 274 00ea FFF7FEFF 		bl	u8x8_cad_SendCmd
 275              	.LVL43:
 126:u8g2/csrc/u8x8_d_a2printer.c ****       u8x8_cad_SendCmd(u8x8, 2);      /* 0-255 Heating interval,Unit(10us),Default:2(20us)*/
 276              		.loc 1 126 0
 277 00ee 5021     		movs	r1, #80
 278 00f0 3846     		mov	r0, r7
 279 00f2 FFF7FEFF 		bl	u8x8_cad_SendCmd
 280              	.LVL44:
 127:u8g2/csrc/u8x8_d_a2printer.c **** 
 281              		.loc 1 127 0
 282 00f6 0221     		movs	r1, #2
 283 00f8 3846     		mov	r0, r7
 284 00fa FFF7FEFF 		bl	u8x8_cad_SendCmd
 285              	.LVL45:
 129:u8g2/csrc/u8x8_d_a2printer.c **** 
 286              		.loc 1 129 0
 287 00fe 3846     		mov	r0, r7
 288 0100 FFF7FEFF 		bl	u8x8_cad_EndTransfer
 289              	.LVL46:
 290              		.loc 1 135 0
ARM GAS  C:\Users\nhantt\AppData\Local\Temp\ccIm0Lyk.s 			page 9


 291 0104 0120     		movs	r0, #1
 131:u8g2/csrc/u8x8_d_a2printer.c ****     default:
 292              		.loc 1 131 0
 293 0106 BDE8F883 		pop	{r3, r4, r5, r6, r7, r8, r9, pc}
 294              	.LVL47:
 295              	.L21:
 296              	.LCFI3:
 297              		.cfi_def_cfa_offset 0
 298              		.cfi_restore 3
 299              		.cfi_restore 4
 300              		.cfi_restore 5
 301              		.cfi_restore 6
 302              		.cfi_restore 7
 303              		.cfi_restore 8
 304              		.cfi_restore 9
 305              		.cfi_restore 14
 306              		.loc 1 135 0
 307 010a 0120     		movs	r0, #1
 308              	.LVL48:
 309 010c 7047     		bx	lr
 310              		.cfi_endproc
 311              	.LFE1:
 313              		.section	.text.u8x8_d_a2printer_384x240,"ax",%progbits
 314              		.align	1
 315              		.global	u8x8_d_a2printer_384x240
 316              		.syntax unified
 317              		.thumb
 318              		.thumb_func
 319              		.fpu softvfp
 321              	u8x8_d_a2printer_384x240:
 322              	.LFB2:
 136:u8g2/csrc/u8x8_d_a2printer.c **** }
 137:u8g2/csrc/u8x8_d_a2printer.c **** 
 138:u8g2/csrc/u8x8_d_a2printer.c **** 
 139:u8g2/csrc/u8x8_d_a2printer.c **** static const u8x8_display_info_t u8x8_a2printer_384x240_display_info =
 140:u8g2/csrc/u8x8_d_a2printer.c **** {
 141:u8g2/csrc/u8x8_d_a2printer.c ****   /* most of the settings are not required, because this is a serial RS232 printer */
 142:u8g2/csrc/u8x8_d_a2printer.c ****   
 143:u8g2/csrc/u8x8_d_a2printer.c ****   /* chip_enable_level = */ 1,
 144:u8g2/csrc/u8x8_d_a2printer.c ****   /* chip_disable_level = */ 0,
 145:u8g2/csrc/u8x8_d_a2printer.c ****   
 146:u8g2/csrc/u8x8_d_a2printer.c ****   /* post_chip_enable_wait_ns = */ 5,
 147:u8g2/csrc/u8x8_d_a2printer.c ****   /* pre_chip_disable_wait_ns = */ 5,
 148:u8g2/csrc/u8x8_d_a2printer.c ****   /* reset_pulse_width_ms = */ 1, 
 149:u8g2/csrc/u8x8_d_a2printer.c ****   /* post_reset_wait_ms = */ 6, 
 150:u8g2/csrc/u8x8_d_a2printer.c ****   /* sda_setup_time_ns = */ 20,		
 151:u8g2/csrc/u8x8_d_a2printer.c ****   /* sck_pulse_width_ns = */  140,	
 152:u8g2/csrc/u8x8_d_a2printer.c ****   /* sck_clock_hz = */ 1000000UL,	/* since Arduino 1.6.0, the SPI bus speed in Hz. Should be  10000
 153:u8g2/csrc/u8x8_d_a2printer.c ****   /* spi_mode = */ 0,		/* old: sck_takeover_edge, new: active high (bit 1), rising edge (bit 0) */
 154:u8g2/csrc/u8x8_d_a2printer.c ****   /* i2c_bus_clock_100kHz = */ 4,
 155:u8g2/csrc/u8x8_d_a2printer.c ****   /* data_setup_time_ns = */ 30,
 156:u8g2/csrc/u8x8_d_a2printer.c ****   /* write_pulse_width_ns = */ 40,
 157:u8g2/csrc/u8x8_d_a2printer.c ****   /* tile_width = */ 48,
 158:u8g2/csrc/u8x8_d_a2printer.c ****   /* tile_hight = */ 30,
 159:u8g2/csrc/u8x8_d_a2printer.c ****   /* default_x_offset = */ 0,
 160:u8g2/csrc/u8x8_d_a2printer.c ****   /* flipmode_x_offset = */ 0,
 161:u8g2/csrc/u8x8_d_a2printer.c ****   /* pixel_width = */ 384,
ARM GAS  C:\Users\nhantt\AppData\Local\Temp\ccIm0Lyk.s 			page 10


 162:u8g2/csrc/u8x8_d_a2printer.c ****   /* pixel_height = */ 240
 163:u8g2/csrc/u8x8_d_a2printer.c **** };
 164:u8g2/csrc/u8x8_d_a2printer.c **** 
 165:u8g2/csrc/u8x8_d_a2printer.c **** uint8_t u8x8_d_a2printer_384x240(u8x8_t *u8x8, uint8_t msg, uint8_t arg_int, void *arg_ptr)
 166:u8g2/csrc/u8x8_d_a2printer.c **** {
 323              		.loc 1 166 0
 324              		.cfi_startproc
 325              		@ args = 0, pretend = 0, frame = 0
 326              		@ frame_needed = 0, uses_anonymous_args = 0
 327              	.LVL49:
 328 0000 08B5     		push	{r3, lr}
 329              	.LCFI4:
 330              		.cfi_def_cfa_offset 8
 331              		.cfi_offset 3, -8
 332              		.cfi_offset 14, -4
 167:u8g2/csrc/u8x8_d_a2printer.c ****   switch(msg)
 333              		.loc 1 167 0
 334 0002 0929     		cmp	r1, #9
 335 0004 02D0     		beq	.L34
 168:u8g2/csrc/u8x8_d_a2printer.c ****   {
 169:u8g2/csrc/u8x8_d_a2printer.c ****     case U8X8_MSG_DISPLAY_SETUP_MEMORY:
 170:u8g2/csrc/u8x8_d_a2printer.c ****       u8x8_d_helper_display_setup_memory(u8x8, &u8x8_a2printer_384x240_display_info);
 171:u8g2/csrc/u8x8_d_a2printer.c ****       break;
 172:u8g2/csrc/u8x8_d_a2printer.c ****     default:
 173:u8g2/csrc/u8x8_d_a2printer.c ****       return u8x8_d_a2printer_common(u8x8, msg, arg_int, arg_ptr);
 336              		.loc 1 173 0
 337 0006 FFF7FEFF 		bl	u8x8_d_a2printer_common
 338              	.LVL50:
 174:u8g2/csrc/u8x8_d_a2printer.c ****   }
 175:u8g2/csrc/u8x8_d_a2printer.c ****   return 1;
 176:u8g2/csrc/u8x8_d_a2printer.c **** }
 339              		.loc 1 176 0
 340 000a 08BD     		pop	{r3, pc}
 341              	.LVL51:
 342              	.L34:
 170:u8g2/csrc/u8x8_d_a2printer.c ****       break;
 343              		.loc 1 170 0
 344 000c 0249     		ldr	r1, .L35
 345              	.LVL52:
 346 000e FFF7FEFF 		bl	u8x8_d_helper_display_setup_memory
 347              	.LVL53:
 175:u8g2/csrc/u8x8_d_a2printer.c **** }
 348              		.loc 1 175 0
 349 0012 0120     		movs	r0, #1
 350 0014 08BD     		pop	{r3, pc}
 351              	.L36:
 352 0016 00BF     		.align	2
 353              	.L35:
 354 0018 00000000 		.word	.LANCHOR0
 355              		.cfi_endproc
 356              	.LFE2:
 358              		.section	.rodata.u8x8_a2printer_384x240_display_info,"a",%progbits
 359              		.align	2
 360              		.set	.LANCHOR0,. + 0
 363              	u8x8_a2printer_384x240_display_info:
 364 0000 01       		.byte	1
 365 0001 00       		.byte	0
ARM GAS  C:\Users\nhantt\AppData\Local\Temp\ccIm0Lyk.s 			page 11


 366 0002 05       		.byte	5
 367 0003 05       		.byte	5
 368 0004 01       		.byte	1
 369 0005 06       		.byte	6
 370 0006 14       		.byte	20
 371 0007 8C       		.byte	-116
 372 0008 40420F00 		.word	1000000
 373 000c 00       		.byte	0
 374 000d 04       		.byte	4
 375 000e 1E       		.byte	30
 376 000f 28       		.byte	40
 377 0010 30       		.byte	48
 378 0011 1E       		.byte	30
 379 0012 00       		.byte	0
 380 0013 00       		.byte	0
 381 0014 8001     		.short	384
 382 0016 F000     		.short	240
 383              		.text
 384              	.Letext0:
 385              		.file 2 "c:\\program files (x86)\\gnu tools arm embedded\\6.2 2016q4\\arm-none-eabi\\include\\mach
 386              		.file 3 "c:\\program files (x86)\\gnu tools arm embedded\\6.2 2016q4\\arm-none-eabi\\include\\sys\
 387              		.file 4 "u8g2/csrc/u8x8.h"
ARM GAS  C:\Users\nhantt\AppData\Local\Temp\ccIm0Lyk.s 			page 12


DEFINED SYMBOLS
                            *ABS*:00000000 u8x8_d_a2printer.c
C:\Users\nhantt\AppData\Local\Temp\ccIm0Lyk.s:16     .text.get_delay_in_milliseconds:00000000 $t
C:\Users\nhantt\AppData\Local\Temp\ccIm0Lyk.s:23     .text.get_delay_in_milliseconds:00000000 get_delay_in_milliseconds
C:\Users\nhantt\AppData\Local\Temp\ccIm0Lyk.s:82     .text.u8x8_d_a2printer_common:00000000 $t
C:\Users\nhantt\AppData\Local\Temp\ccIm0Lyk.s:89     .text.u8x8_d_a2printer_common:00000000 u8x8_d_a2printer_common
C:\Users\nhantt\AppData\Local\Temp\ccIm0Lyk.s:314    .text.u8x8_d_a2printer_384x240:00000000 $t
C:\Users\nhantt\AppData\Local\Temp\ccIm0Lyk.s:321    .text.u8x8_d_a2printer_384x240:00000000 u8x8_d_a2printer_384x240
C:\Users\nhantt\AppData\Local\Temp\ccIm0Lyk.s:354    .text.u8x8_d_a2printer_384x240:00000018 $d
C:\Users\nhantt\AppData\Local\Temp\ccIm0Lyk.s:359    .rodata.u8x8_a2printer_384x240_display_info:00000000 $d
C:\Users\nhantt\AppData\Local\Temp\ccIm0Lyk.s:363    .rodata.u8x8_a2printer_384x240_display_info:00000000 u8x8_a2printer_384x240_display_info
                     .debug_frame:00000010 $d

UNDEFINED SYMBOLS
u8x8_d_helper_display_init
u8x8_cad_StartTransfer
u8x8_cad_SendCmd
u8x8_cad_SendData
u8x8_cad_EndTransfer
u8x8_d_helper_display_setup_memory
