ARM GAS  C:\Users\behun\AppData\Local\Temp\ccIvszs1.s 			page 1


   1              		.cpu cortex-m3
   2              		.eabi_attribute 20, 1
   3              		.eabi_attribute 21, 1
   4              		.eabi_attribute 23, 3
   5              		.eabi_attribute 24, 1
   6              		.eabi_attribute 25, 1
   7              		.eabi_attribute 26, 1
   8              		.eabi_attribute 30, 1
   9              		.eabi_attribute 34, 1
  10              		.eabi_attribute 18, 4
  11              		.file	"gpio.c"
  12              		.text
  13              	.Ltext0:
  14              		.cfi_sections	.debug_frame
  15              		.section	.text.MX_GPIO_Init,"ax",%progbits
  16              		.align	1
  17              		.global	MX_GPIO_Init
  18              		.arch armv7-m
  19              		.syntax unified
  20              		.thumb
  21              		.thumb_func
  22              		.fpu softvfp
  24              	MX_GPIO_Init:
  25              	.LFB66:
  26              		.file 1 "Src/gpio.c"
   1:Src/gpio.c    **** /**
   2:Src/gpio.c    ****   ******************************************************************************
   3:Src/gpio.c    ****   * File Name          : gpio.c
   4:Src/gpio.c    ****   * Description        : This file provides code for the configuration
   5:Src/gpio.c    ****   *                      of all used GPIO pins.
   6:Src/gpio.c    ****   ******************************************************************************
   7:Src/gpio.c    ****   * @attention
   8:Src/gpio.c    ****   *
   9:Src/gpio.c    ****   * <h2><center>&copy; Copyright (c) 2019 STMicroelectronics.
  10:Src/gpio.c    ****   * All rights reserved.</center></h2>
  11:Src/gpio.c    ****   *
  12:Src/gpio.c    ****   * This software component is licensed by ST under Ultimate Liberty license
  13:Src/gpio.c    ****   * SLA0044, the "License"; You may not use this file except in compliance with
  14:Src/gpio.c    ****   * the License. You may obtain a copy of the License at:
  15:Src/gpio.c    ****   *                             www.st.com/SLA0044
  16:Src/gpio.c    ****   *
  17:Src/gpio.c    ****   ******************************************************************************
  18:Src/gpio.c    ****   */
  19:Src/gpio.c    **** 
  20:Src/gpio.c    **** /* Includes ------------------------------------------------------------------*/
  21:Src/gpio.c    **** #include "gpio.h"
  22:Src/gpio.c    **** /* USER CODE BEGIN 0 */
  23:Src/gpio.c    **** 
  24:Src/gpio.c    **** /* USER CODE END 0 */
  25:Src/gpio.c    **** 
  26:Src/gpio.c    **** /*----------------------------------------------------------------------------*/
  27:Src/gpio.c    **** /* Configure GPIO                                                             */
  28:Src/gpio.c    **** /*----------------------------------------------------------------------------*/
  29:Src/gpio.c    **** /* USER CODE BEGIN 1 */
  30:Src/gpio.c    **** 
  31:Src/gpio.c    **** /* USER CODE END 1 */
  32:Src/gpio.c    **** 
ARM GAS  C:\Users\behun\AppData\Local\Temp\ccIvszs1.s 			page 2


  33:Src/gpio.c    **** /** Configure pins as 
  34:Src/gpio.c    ****         * Analog 
  35:Src/gpio.c    ****         * Input 
  36:Src/gpio.c    ****         * Output
  37:Src/gpio.c    ****         * EVENT_OUT
  38:Src/gpio.c    ****         * EXTI
  39:Src/gpio.c    **** */
  40:Src/gpio.c    **** void MX_GPIO_Init(void)
  41:Src/gpio.c    **** {
  27              		.loc 1 41 1 view -0
  28              		.cfi_startproc
  29              		@ args = 0, pretend = 0, frame = 32
  30              		@ frame_needed = 0, uses_anonymous_args = 0
  31 0000 2DE9F041 		push	{r4, r5, r6, r7, r8, lr}
  32              	.LCFI0:
  33              		.cfi_def_cfa_offset 24
  34              		.cfi_offset 4, -24
  35              		.cfi_offset 5, -20
  36              		.cfi_offset 6, -16
  37              		.cfi_offset 7, -12
  38              		.cfi_offset 8, -8
  39              		.cfi_offset 14, -4
  40 0004 88B0     		sub	sp, sp, #32
  41              	.LCFI1:
  42              		.cfi_def_cfa_offset 56
  42:Src/gpio.c    **** 
  43:Src/gpio.c    ****   GPIO_InitTypeDef GPIO_InitStruct = {0};
  43              		.loc 1 43 3 view .LVU1
  44              		.loc 1 43 20 is_stmt 0 view .LVU2
  45 0006 0024     		movs	r4, #0
  46 0008 0494     		str	r4, [sp, #16]
  47 000a 0594     		str	r4, [sp, #20]
  48 000c 0694     		str	r4, [sp, #24]
  49 000e 0794     		str	r4, [sp, #28]
  44:Src/gpio.c    **** 
  45:Src/gpio.c    ****   /* GPIO Ports Clock Enable */
  46:Src/gpio.c    ****   __HAL_RCC_GPIOC_CLK_ENABLE();
  50              		.loc 1 46 3 is_stmt 1 view .LVU3
  51              	.LBB2:
  52              		.loc 1 46 3 view .LVU4
  53              		.loc 1 46 3 view .LVU5
  54 0010 264B     		ldr	r3, .L3
  55 0012 9A69     		ldr	r2, [r3, #24]
  56 0014 42F01002 		orr	r2, r2, #16
  57 0018 9A61     		str	r2, [r3, #24]
  58              		.loc 1 46 3 view .LVU6
  59 001a 9A69     		ldr	r2, [r3, #24]
  60 001c 02F01002 		and	r2, r2, #16
  61 0020 0092     		str	r2, [sp]
  62              		.loc 1 46 3 view .LVU7
  63 0022 009A     		ldr	r2, [sp]
  64              	.LBE2:
  47:Src/gpio.c    ****   __HAL_RCC_GPIOD_CLK_ENABLE();
  65              		.loc 1 47 3 view .LVU8
  66              	.LBB3:
  67              		.loc 1 47 3 view .LVU9
  68              		.loc 1 47 3 view .LVU10
ARM GAS  C:\Users\behun\AppData\Local\Temp\ccIvszs1.s 			page 3


  69 0024 9A69     		ldr	r2, [r3, #24]
  70 0026 42F02002 		orr	r2, r2, #32
  71 002a 9A61     		str	r2, [r3, #24]
  72              		.loc 1 47 3 view .LVU11
  73 002c 9A69     		ldr	r2, [r3, #24]
  74 002e 02F02002 		and	r2, r2, #32
  75 0032 0192     		str	r2, [sp, #4]
  76              		.loc 1 47 3 view .LVU12
  77 0034 019A     		ldr	r2, [sp, #4]
  78              	.LBE3:
  48:Src/gpio.c    ****   __HAL_RCC_GPIOA_CLK_ENABLE();
  79              		.loc 1 48 3 view .LVU13
  80              	.LBB4:
  81              		.loc 1 48 3 view .LVU14
  82              		.loc 1 48 3 view .LVU15
  83 0036 9A69     		ldr	r2, [r3, #24]
  84 0038 42F00402 		orr	r2, r2, #4
  85 003c 9A61     		str	r2, [r3, #24]
  86              		.loc 1 48 3 view .LVU16
  87 003e 9A69     		ldr	r2, [r3, #24]
  88 0040 02F00402 		and	r2, r2, #4
  89 0044 0292     		str	r2, [sp, #8]
  90              		.loc 1 48 3 view .LVU17
  91 0046 029A     		ldr	r2, [sp, #8]
  92              	.LBE4:
  49:Src/gpio.c    ****   __HAL_RCC_GPIOB_CLK_ENABLE();
  93              		.loc 1 49 3 view .LVU18
  94              	.LBB5:
  95              		.loc 1 49 3 view .LVU19
  96              		.loc 1 49 3 view .LVU20
  97 0048 9A69     		ldr	r2, [r3, #24]
  98 004a 42F00802 		orr	r2, r2, #8
  99 004e 9A61     		str	r2, [r3, #24]
 100              		.loc 1 49 3 view .LVU21
 101 0050 9B69     		ldr	r3, [r3, #24]
 102 0052 03F00803 		and	r3, r3, #8
 103 0056 0393     		str	r3, [sp, #12]
 104              		.loc 1 49 3 view .LVU22
 105 0058 039B     		ldr	r3, [sp, #12]
 106              	.LBE5:
  50:Src/gpio.c    **** 
  51:Src/gpio.c    ****   /*Configure GPIO pin Output Level */
  52:Src/gpio.c    ****   HAL_GPIO_WritePin(GPIOC, GPIO_PIN_13, GPIO_PIN_RESET);
 107              		.loc 1 52 3 view .LVU23
 108 005a DFF85880 		ldr	r8, .L3+8
 109 005e 2246     		mov	r2, r4
 110 0060 4FF40051 		mov	r1, #8192
 111 0064 4046     		mov	r0, r8
 112 0066 FFF7FEFF 		bl	HAL_GPIO_WritePin
 113              	.LVL0:
  53:Src/gpio.c    **** 
  54:Src/gpio.c    ****   /*Configure GPIO pin Output Level */
  55:Src/gpio.c    ****   HAL_GPIO_WritePin(GPIOA, GPIO_PIN_15, GPIO_PIN_RESET);
 114              		.loc 1 55 3 view .LVU24
 115 006a 114D     		ldr	r5, .L3+4
 116 006c 2246     		mov	r2, r4
 117 006e 4FF40041 		mov	r1, #32768
ARM GAS  C:\Users\behun\AppData\Local\Temp\ccIvszs1.s 			page 4


 118 0072 2846     		mov	r0, r5
 119 0074 FFF7FEFF 		bl	HAL_GPIO_WritePin
 120              	.LVL1:
  56:Src/gpio.c    **** 
  57:Src/gpio.c    ****   /*Configure GPIO pin : PC13 */
  58:Src/gpio.c    ****   GPIO_InitStruct.Pin = GPIO_PIN_13;
 121              		.loc 1 58 3 view .LVU25
 122              		.loc 1 58 23 is_stmt 0 view .LVU26
 123 0078 4FF40053 		mov	r3, #8192
 124 007c 0493     		str	r3, [sp, #16]
  59:Src/gpio.c    ****   GPIO_InitStruct.Mode = GPIO_MODE_OUTPUT_PP;
 125              		.loc 1 59 3 is_stmt 1 view .LVU27
 126              		.loc 1 59 24 is_stmt 0 view .LVU28
 127 007e 0127     		movs	r7, #1
 128 0080 0597     		str	r7, [sp, #20]
  60:Src/gpio.c    ****   GPIO_InitStruct.Pull = GPIO_NOPULL;
 129              		.loc 1 60 3 is_stmt 1 view .LVU29
 130              		.loc 1 60 24 is_stmt 0 view .LVU30
 131 0082 0694     		str	r4, [sp, #24]
  61:Src/gpio.c    ****   GPIO_InitStruct.Speed = GPIO_SPEED_FREQ_LOW;
 132              		.loc 1 61 3 is_stmt 1 view .LVU31
 133              		.loc 1 61 25 is_stmt 0 view .LVU32
 134 0084 0226     		movs	r6, #2
 135 0086 0796     		str	r6, [sp, #28]
  62:Src/gpio.c    ****   HAL_GPIO_Init(GPIOC, &GPIO_InitStruct);
 136              		.loc 1 62 3 is_stmt 1 view .LVU33
 137 0088 04A9     		add	r1, sp, #16
 138 008a 4046     		mov	r0, r8
 139 008c FFF7FEFF 		bl	HAL_GPIO_Init
 140              	.LVL2:
  63:Src/gpio.c    **** 
  64:Src/gpio.c    ****   /*Configure GPIO pin : PA15 */
  65:Src/gpio.c    ****   GPIO_InitStruct.Pin = GPIO_PIN_15;
 141              		.loc 1 65 3 view .LVU34
 142              		.loc 1 65 23 is_stmt 0 view .LVU35
 143 0090 4FF40043 		mov	r3, #32768
 144 0094 0493     		str	r3, [sp, #16]
  66:Src/gpio.c    ****   GPIO_InitStruct.Mode = GPIO_MODE_OUTPUT_PP;
 145              		.loc 1 66 3 is_stmt 1 view .LVU36
 146              		.loc 1 66 24 is_stmt 0 view .LVU37
 147 0096 0597     		str	r7, [sp, #20]
  67:Src/gpio.c    ****   GPIO_InitStruct.Pull = GPIO_NOPULL;
 148              		.loc 1 67 3 is_stmt 1 view .LVU38
 149              		.loc 1 67 24 is_stmt 0 view .LVU39
 150 0098 0694     		str	r4, [sp, #24]
  68:Src/gpio.c    ****   GPIO_InitStruct.Speed = GPIO_SPEED_FREQ_LOW;
 151              		.loc 1 68 3 is_stmt 1 view .LVU40
 152              		.loc 1 68 25 is_stmt 0 view .LVU41
 153 009a 0796     		str	r6, [sp, #28]
  69:Src/gpio.c    ****   HAL_GPIO_Init(GPIOA, &GPIO_InitStruct);
 154              		.loc 1 69 3 is_stmt 1 view .LVU42
 155 009c 04A9     		add	r1, sp, #16
 156 009e 2846     		mov	r0, r5
 157 00a0 FFF7FEFF 		bl	HAL_GPIO_Init
 158              	.LVL3:
  70:Src/gpio.c    **** 
  71:Src/gpio.c    **** }
ARM GAS  C:\Users\behun\AppData\Local\Temp\ccIvszs1.s 			page 5


 159              		.loc 1 71 1 is_stmt 0 view .LVU43
 160 00a4 08B0     		add	sp, sp, #32
 161              	.LCFI2:
 162              		.cfi_def_cfa_offset 24
 163              		@ sp needed
 164 00a6 BDE8F081 		pop	{r4, r5, r6, r7, r8, pc}
 165              	.L4:
 166 00aa 00BF     		.align	2
 167              	.L3:
 168 00ac 00100240 		.word	1073876992
 169 00b0 00080140 		.word	1073809408
 170 00b4 00100140 		.word	1073811456
 171              		.cfi_endproc
 172              	.LFE66:
 174              		.text
 175              	.Letext0:
 176              		.file 2 "c:\\program files (x86)\\gnu tools arm embedded\\8 2019-q3-update\\arm-none-eabi\\include
 177              		.file 3 "c:\\program files (x86)\\gnu tools arm embedded\\8 2019-q3-update\\arm-none-eabi\\include
 178              		.file 4 "Drivers/CMSIS/Include/core_cm3.h"
 179              		.file 5 "Drivers/CMSIS/Device/ST/STM32F1xx/Include/system_stm32f1xx.h"
 180              		.file 6 "Drivers/CMSIS/Device/ST/STM32F1xx/Include/stm32f103xe.h"
 181              		.file 7 "c:\\program files (x86)\\gnu tools arm embedded\\8 2019-q3-update\\lib\\gcc\\arm-none-eab
 182              		.file 8 "c:\\program files (x86)\\gnu tools arm embedded\\8 2019-q3-update\\arm-none-eabi\\include
 183              		.file 9 "c:\\program files (x86)\\gnu tools arm embedded\\8 2019-q3-update\\arm-none-eabi\\include
 184              		.file 10 "c:\\program files (x86)\\gnu tools arm embedded\\8 2019-q3-update\\arm-none-eabi\\includ
 185              		.file 11 "Drivers/STM32F1xx_HAL_Driver/Inc/stm32f1xx_hal_gpio.h"
 186              		.file 12 "Drivers/STM32F1xx_HAL_Driver/Inc/stm32f1xx_hal.h"
ARM GAS  C:\Users\behun\AppData\Local\Temp\ccIvszs1.s 			page 6


DEFINED SYMBOLS
                            *ABS*:00000000 gpio.c
C:\Users\behun\AppData\Local\Temp\ccIvszs1.s:16     .text.MX_GPIO_Init:00000000 $t
C:\Users\behun\AppData\Local\Temp\ccIvszs1.s:24     .text.MX_GPIO_Init:00000000 MX_GPIO_Init
C:\Users\behun\AppData\Local\Temp\ccIvszs1.s:168    .text.MX_GPIO_Init:000000ac $d

UNDEFINED SYMBOLS
HAL_GPIO_WritePin
HAL_GPIO_Init
