ARM GAS  C:\Users\behun\AppData\Local\Temp\ccbVRvaL.s 			page 1


   1              		.cpu cortex-m3
   2              		.eabi_attribute 20, 1
   3              		.eabi_attribute 21, 1
   4              		.eabi_attribute 23, 3
   5              		.eabi_attribute 24, 1
   6              		.eabi_attribute 25, 1
   7              		.eabi_attribute 26, 1
   8              		.eabi_attribute 30, 1
   9              		.eabi_attribute 34, 1
  10              		.eabi_attribute 18, 4
  11              		.file	"info_screen.c"
  12              		.text
  13              	.Ltext0:
  14              		.cfi_sections	.debug_frame
  15              		.section	.text.Info_Screen_Init,"ax",%progbits
  16              		.align	1
  17              		.global	Info_Screen_Init
  18              		.arch armv7-m
  19              		.syntax unified
  20              		.thumb
  21              		.thumb_func
  22              		.fpu softvfp
  24              	Info_Screen_Init:
  25              	.LFB66:
  26              		.file 1 "Src/info_screen.c"
   1:Src/info_screen.c **** #include "info_screen.h"
   2:Src/info_screen.c **** #include "u8g2.h"
   3:Src/info_screen.c **** 
   4:Src/info_screen.c **** u8g2_t u8g2;
   5:Src/info_screen.c **** 
   6:Src/info_screen.c **** INFO_SCREEN_STR Info_Scr;
   7:Src/info_screen.c **** 
   8:Src/info_screen.c **** void Info_Screen_Init(void)
   9:Src/info_screen.c **** {
  27              		.loc 1 9 1 view -0
  28              		.cfi_startproc
  29              		@ args = 0, pretend = 0, frame = 0
  30              		@ frame_needed = 0, uses_anonymous_args = 0
  31 0000 10B5     		push	{r4, lr}
  32              	.LCFI0:
  33              		.cfi_def_cfa_offset 8
  34              		.cfi_offset 4, -8
  35              		.cfi_offset 14, -4
  10:Src/info_screen.c ****     Info_Scr.SysTime = 0;
  36              		.loc 1 10 5 view .LVU1
  37              		.loc 1 10 22 is_stmt 0 view .LVU2
  38 0002 064C     		ldr	r4, .L3
  39 0004 0023     		movs	r3, #0
  40 0006 2370     		strb	r3, [r4]
  11:Src/info_screen.c ****     Info_Scr.SysWork = 0;
  41              		.loc 1 11 5 is_stmt 1 view .LVU3
  42              		.loc 1 11 22 is_stmt 0 view .LVU4
  43 0008 6370     		strb	r3, [r4, #1]
  12:Src/info_screen.c ****     Info_Scr.Filter_Pa = 0;
  44              		.loc 1 12 5 is_stmt 1 view .LVU5
  45              		.loc 1 12 24 is_stmt 0 view .LVU6
  46 000a A370     		strb	r3, [r4, #2]
ARM GAS  C:\Users\behun\AppData\Local\Temp\ccbVRvaL.s 			page 2


  13:Src/info_screen.c ****     Info_Scr.Filter_Time = 0;
  47              		.loc 1 13 5 is_stmt 1 view .LVU7
  48              		.loc 1 13 26 is_stmt 0 view .LVU8
  49 000c E370     		strb	r3, [r4, #3]
  14:Src/info_screen.c ****     Info_Scr.Flow = 0;
  50              		.loc 1 14 5 is_stmt 1 view .LVU9
  51              		.loc 1 14 19 is_stmt 0 view .LVU10
  52 000e 2371     		strb	r3, [r4, #4]
  15:Src/info_screen.c ****     Info_Scr.UV = 0;
  53              		.loc 1 15 5 is_stmt 1 view .LVU11
  54              		.loc 1 15 17 is_stmt 0 view .LVU12
  55 0010 6371     		strb	r3, [r4, #5]
  16:Src/info_screen.c ****     // u8g2_ClearBuffer(&u8g2);
  17:Src/info_screen.c ****     Info_Scr.tick = HAL_GetTick();
  56              		.loc 1 17 5 is_stmt 1 view .LVU13
  57              		.loc 1 17 21 is_stmt 0 view .LVU14
  58 0012 FFF7FEFF 		bl	HAL_GetTick
  59              	.LVL0:
  60              		.loc 1 17 19 view .LVU15
  61 0016 A060     		str	r0, [r4, #8]
  18:Src/info_screen.c **** }
  62              		.loc 1 18 1 view .LVU16
  63 0018 10BD     		pop	{r4, pc}
  64              	.L4:
  65 001a 00BF     		.align	2
  66              	.L3:
  67 001c 00000000 		.word	Info_Scr
  68              		.cfi_endproc
  69              	.LFE66:
  71              		.section	.text.SysTime,"ax",%progbits
  72              		.align	1
  73              		.global	SysTime
  74              		.syntax unified
  75              		.thumb
  76              		.thumb_func
  77              		.fpu softvfp
  79              	SysTime:
  80              	.LVL1:
  81              	.LFB67:
  19:Src/info_screen.c **** void SysTime(uint8_t TimeStatus)
  20:Src/info_screen.c **** {
  82              		.loc 1 20 1 is_stmt 1 view -0
  83              		.cfi_startproc
  84              		@ args = 0, pretend = 0, frame = 0
  85              		@ frame_needed = 0, uses_anonymous_args = 0
  21:Src/info_screen.c ****     switch(TimeStatus)
  86              		.loc 1 21 5 view .LVU18
  87 0000 00B1     		cbz	r0, .L11
  88 0002 7047     		bx	lr
  89              	.L11:
  20:Src/info_screen.c ****     switch(TimeStatus)
  90              		.loc 1 20 1 is_stmt 0 view .LVU19
  91 0004 38B5     		push	{r3, r4, r5, lr}
  92              	.LCFI1:
  93              		.cfi_def_cfa_offset 16
  94              		.cfi_offset 3, -16
  95              		.cfi_offset 4, -12
ARM GAS  C:\Users\behun\AppData\Local\Temp\ccbVRvaL.s 			page 3


  96              		.cfi_offset 5, -8
  97              		.cfi_offset 14, -4
  22:Src/info_screen.c ****     {
  23:Src/info_screen.c ****         case 0:
  24:Src/info_screen.c ****             u8g2_SetFont(&u8g2, u8g2_font_inr21_mf);
  98              		.loc 1 24 13 is_stmt 1 view .LVU20
  99 0006 1D4C     		ldr	r4, .L12
 100 0008 1D49     		ldr	r1, .L12+4
 101 000a 2046     		mov	r0, r4
 102              	.LVL2:
 103              		.loc 1 24 13 is_stmt 0 view .LVU21
 104 000c FFF7FEFF 		bl	u8g2_SetFont
 105              	.LVL3:
  25:Src/info_screen.c ****             u8g2_DrawStr(&u8g2, 19, 24, "23"); //Variable
 106              		.loc 1 25 13 is_stmt 1 view .LVU22
 107 0010 1C4B     		ldr	r3, .L12+8
 108 0012 1822     		movs	r2, #24
 109 0014 1321     		movs	r1, #19
 110 0016 2046     		mov	r0, r4
 111 0018 FFF7FEFF 		bl	u8g2_DrawStr
 112              	.LVL4:
  26:Src/info_screen.c ****             u8g2_DrawStr(&u8g2, 55, 24, ":");//Blink for second
 113              		.loc 1 26 13 view .LVU23
 114 001c 1A4B     		ldr	r3, .L12+12
 115 001e 1822     		movs	r2, #24
 116 0020 3721     		movs	r1, #55
 117 0022 2046     		mov	r0, r4
 118 0024 FFF7FEFF 		bl	u8g2_DrawStr
 119              	.LVL5:
  27:Src/info_screen.c ****             u8g2_DrawStr(&u8g2, 73, 24, "59");//Variable
 120              		.loc 1 27 13 view .LVU24
 121 0028 184B     		ldr	r3, .L12+16
 122 002a 1822     		movs	r2, #24
 123 002c 4921     		movs	r1, #73
 124 002e 2046     		mov	r0, r4
 125 0030 FFF7FEFF 		bl	u8g2_DrawStr
 126              	.LVL6:
  28:Src/info_screen.c ****             u8g2_SetFont(&u8g2, u8g2_font_5x7_tr );
 127              		.loc 1 28 13 view .LVU25
 128 0034 1649     		ldr	r1, .L12+20
 129 0036 2046     		mov	r0, r4
 130 0038 FFF7FEFF 		bl	u8g2_SetFont
 131              	.LVL7:
  29:Src/info_screen.c ****             u8g2_DrawStr(&u8g2, 40, 36, "31");//Variable
 132              		.loc 1 29 13 view .LVU26
 133 003c 154B     		ldr	r3, .L12+24
 134 003e 2422     		movs	r2, #36
 135 0040 2821     		movs	r1, #40
 136 0042 2046     		mov	r0, r4
 137 0044 FFF7FEFF 		bl	u8g2_DrawStr
 138              	.LVL8:
  30:Src/info_screen.c ****             u8g2_DrawStr(&u8g2, 50, 36, ".");
 139              		.loc 1 30 13 view .LVU27
 140 0048 134D     		ldr	r5, .L12+28
 141 004a 2B46     		mov	r3, r5
 142 004c 2422     		movs	r2, #36
 143 004e 3221     		movs	r1, #50
ARM GAS  C:\Users\behun\AppData\Local\Temp\ccbVRvaL.s 			page 4


 144 0050 2046     		mov	r0, r4
 145 0052 FFF7FEFF 		bl	u8g2_DrawStr
 146              	.LVL9:
  31:Src/info_screen.c ****             u8g2_DrawStr(&u8g2, 54, 36, "12");//Variable
 147              		.loc 1 31 13 view .LVU28
 148 0056 114B     		ldr	r3, .L12+32
 149 0058 2422     		movs	r2, #36
 150 005a 3621     		movs	r1, #54
 151 005c 2046     		mov	r0, r4
 152 005e FFF7FEFF 		bl	u8g2_DrawStr
 153              	.LVL10:
  32:Src/info_screen.c ****             u8g2_DrawStr(&u8g2, 64, 36, ".");
 154              		.loc 1 32 13 view .LVU29
 155 0062 2B46     		mov	r3, r5
 156 0064 2422     		movs	r2, #36
 157 0066 4021     		movs	r1, #64
 158 0068 2046     		mov	r0, r4
 159 006a FFF7FEFF 		bl	u8g2_DrawStr
 160              	.LVL11:
  33:Src/info_screen.c ****             u8g2_DrawStr(&u8g2, 69, 36, "2019");//Variable
 161              		.loc 1 33 13 view .LVU30
 162 006e 0C4B     		ldr	r3, .L12+36
 163 0070 2422     		movs	r2, #36
 164 0072 4521     		movs	r1, #69
 165 0074 2046     		mov	r0, r4
 166 0076 FFF7FEFF 		bl	u8g2_DrawStr
 167              	.LVL12:
  34:Src/info_screen.c ****             break;
 168              		.loc 1 34 13 view .LVU31
  35:Src/info_screen.c ****         case 1:
  36:Src/info_screen.c ****             break;
  37:Src/info_screen.c ****         default:
  38:Src/info_screen.c ****             break;
  39:Src/info_screen.c ****     }
  40:Src/info_screen.c **** }
 169              		.loc 1 40 1 is_stmt 0 view .LVU32
 170 007a 38BD     		pop	{r3, r4, r5, pc}
 171              	.L13:
 172              		.align	2
 173              	.L12:
 174 007c 00000000 		.word	u8g2
 175 0080 00000000 		.word	u8g2_font_inr21_mf
 176 0084 00000000 		.word	.LC0
 177 0088 04000000 		.word	.LC1
 178 008c 08000000 		.word	.LC2
 179 0090 00000000 		.word	u8g2_font_5x7_tr
 180 0094 0C000000 		.word	.LC3
 181 0098 10000000 		.word	.LC4
 182 009c 14000000 		.word	.LC5
 183 00a0 18000000 		.word	.LC6
 184              		.cfi_endproc
 185              	.LFE67:
 187              		.section	.text.Filter_Pa,"ax",%progbits
 188              		.align	1
 189              		.global	Filter_Pa
 190              		.syntax unified
 191              		.thumb
ARM GAS  C:\Users\behun\AppData\Local\Temp\ccbVRvaL.s 			page 5


 192              		.thumb_func
 193              		.fpu softvfp
 195              	Filter_Pa:
 196              	.LVL13:
 197              	.LFB68:
  41:Src/info_screen.c **** void Filter_Pa(uint8_t PaStatus)
  42:Src/info_screen.c **** {
 198              		.loc 1 42 1 is_stmt 1 view -0
 199              		.cfi_startproc
 200              		@ args = 0, pretend = 0, frame = 0
 201              		@ frame_needed = 0, uses_anonymous_args = 0
  43:Src/info_screen.c ****     switch(PaStatus)
 202              		.loc 1 43 5 view .LVU34
 203 0000 00B1     		cbz	r0, .L20
 204 0002 7047     		bx	lr
 205              	.L20:
  42:Src/info_screen.c ****     switch(PaStatus)
 206              		.loc 1 42 1 is_stmt 0 view .LVU35
 207 0004 10B5     		push	{r4, lr}
 208              	.LCFI2:
 209              		.cfi_def_cfa_offset 8
 210              		.cfi_offset 4, -8
 211              		.cfi_offset 14, -4
  44:Src/info_screen.c ****     {
  45:Src/info_screen.c ****         case 0:
  46:Src/info_screen.c ****             u8g2_SetFont(&u8g2, u8g2_font_5x8_tr );
 212              		.loc 1 46 13 is_stmt 1 view .LVU36
 213 0006 0E4C     		ldr	r4, .L21
 214 0008 0E49     		ldr	r1, .L21+4
 215 000a 2046     		mov	r0, r4
 216              	.LVL14:
 217              		.loc 1 46 13 is_stmt 0 view .LVU37
 218 000c FFF7FEFF 		bl	u8g2_SetFont
 219              	.LVL15:
  47:Src/info_screen.c ****             u8g2_DrawStr(&u8g2, 7, 51, "Filter:");
 220              		.loc 1 47 13 is_stmt 1 view .LVU38
 221 0010 0D4B     		ldr	r3, .L21+8
 222 0012 3322     		movs	r2, #51
 223 0014 0721     		movs	r1, #7
 224 0016 2046     		mov	r0, r4
 225 0018 FFF7FEFF 		bl	u8g2_DrawStr
 226              	.LVL16:
  48:Src/info_screen.c ****             u8g2_DrawStr(&u8g2, 107, 51, "Pa");
 227              		.loc 1 48 13 view .LVU39
 228 001c 0B4B     		ldr	r3, .L21+12
 229 001e 3322     		movs	r2, #51
 230 0020 6B21     		movs	r1, #107
 231 0022 2046     		mov	r0, r4
 232 0024 FFF7FEFF 		bl	u8g2_DrawStr
 233              	.LVL17:
  49:Src/info_screen.c ****             u8g2_SetFont(&u8g2, u8g2_font_5x7_tr );
 234              		.loc 1 49 13 view .LVU40
 235 0028 0949     		ldr	r1, .L21+16
 236 002a 2046     		mov	r0, r4
 237 002c FFF7FEFF 		bl	u8g2_SetFont
 238              	.LVL18:
  50:Src/info_screen.c ****             u8g2_DrawStr(&u8g2, 78, 51, "999");//Variable
ARM GAS  C:\Users\behun\AppData\Local\Temp\ccbVRvaL.s 			page 6


 239              		.loc 1 50 13 view .LVU41
 240 0030 084B     		ldr	r3, .L21+20
 241 0032 3322     		movs	r2, #51
 242 0034 4E21     		movs	r1, #78
 243 0036 2046     		mov	r0, r4
 244 0038 FFF7FEFF 		bl	u8g2_DrawStr
 245              	.LVL19:
  51:Src/info_screen.c ****             
  52:Src/info_screen.c ****         case 1:
  53:Src/info_screen.c ****             break;
  54:Src/info_screen.c ****         default:
  55:Src/info_screen.c ****             break;
  56:Src/info_screen.c ****     }
  57:Src/info_screen.c **** }
 246              		.loc 1 57 1 is_stmt 0 view .LVU42
 247 003c 10BD     		pop	{r4, pc}
 248              	.L22:
 249 003e 00BF     		.align	2
 250              	.L21:
 251 0040 00000000 		.word	u8g2
 252 0044 00000000 		.word	u8g2_font_5x8_tr
 253 0048 00000000 		.word	.LC7
 254 004c 08000000 		.word	.LC8
 255 0050 00000000 		.word	u8g2_font_5x7_tr
 256 0054 0C000000 		.word	.LC9
 257              		.cfi_endproc
 258              	.LFE68:
 260              		.section	.text.Flow,"ax",%progbits
 261              		.align	1
 262              		.global	Flow
 263              		.syntax unified
 264              		.thumb
 265              		.thumb_func
 266              		.fpu softvfp
 268              	Flow:
 269              	.LVL20:
 270              	.LFB69:
  58:Src/info_screen.c **** void Flow(uint8_t FlowStatus)
  59:Src/info_screen.c **** {
 271              		.loc 1 59 1 is_stmt 1 view -0
 272              		.cfi_startproc
 273              		@ args = 0, pretend = 0, frame = 0
 274              		@ frame_needed = 0, uses_anonymous_args = 0
  60:Src/info_screen.c ****     switch (FlowStatus)
 275              		.loc 1 60 5 view .LVU44
 276 0000 00B1     		cbz	r0, .L29
 277 0002 7047     		bx	lr
 278              	.L29:
  59:Src/info_screen.c ****     switch (FlowStatus)
 279              		.loc 1 59 1 is_stmt 0 view .LVU45
 280 0004 10B5     		push	{r4, lr}
 281              	.LCFI3:
 282              		.cfi_def_cfa_offset 8
 283              		.cfi_offset 4, -8
 284              		.cfi_offset 14, -4
  61:Src/info_screen.c ****     {
  62:Src/info_screen.c ****         case 0:
ARM GAS  C:\Users\behun\AppData\Local\Temp\ccbVRvaL.s 			page 7


  63:Src/info_screen.c ****             u8g2_SetFont(&u8g2, u8g2_font_5x8_mf);
 285              		.loc 1 63 13 is_stmt 1 view .LVU46
 286 0006 164C     		ldr	r4, .L30
 287 0008 1649     		ldr	r1, .L30+4
 288 000a 2046     		mov	r0, r4
 289              	.LVL21:
 290              		.loc 1 63 13 is_stmt 0 view .LVU47
 291 000c FFF7FEFF 		bl	u8g2_SetFont
 292              	.LVL22:
  64:Src/info_screen.c ****             u8g2_DrawStr(&u8g2, 7, 61, "Flow  :");
 293              		.loc 1 64 13 is_stmt 1 view .LVU48
 294 0010 154B     		ldr	r3, .L30+8
 295 0012 3D22     		movs	r2, #61
 296 0014 0721     		movs	r1, #7
 297 0016 2046     		mov	r0, r4
 298 0018 FFF7FEFF 		bl	u8g2_DrawStr
 299              	.LVL23:
  65:Src/info_screen.c ****             u8g2_SetFont(&u8g2, u8g2_font_5x7_mf);
 300              		.loc 1 65 13 view .LVU49
 301 001c 1349     		ldr	r1, .L30+12
 302 001e 2046     		mov	r0, r4
 303 0020 FFF7FEFF 		bl	u8g2_SetFont
 304              	.LVL24:
  66:Src/info_screen.c ****             u8g2_DrawStr(&u8g2, 107, 61, "m/s");
 305              		.loc 1 66 13 view .LVU50
 306 0024 124B     		ldr	r3, .L30+16
 307 0026 3D22     		movs	r2, #61
 308 0028 6B21     		movs	r1, #107
 309 002a 2046     		mov	r0, r4
 310 002c FFF7FEFF 		bl	u8g2_DrawStr
 311              	.LVL25:
  67:Src/info_screen.c ****             u8g2_SetFont(&u8g2, u8g2_font_5x7_tr);
 312              		.loc 1 67 13 view .LVU51
 313 0030 1049     		ldr	r1, .L30+20
 314 0032 2046     		mov	r0, r4
 315 0034 FFF7FEFF 		bl	u8g2_SetFont
 316              	.LVL26:
  68:Src/info_screen.c ****             u8g2_DrawStr(&u8g2, 77, 61, "00");//Variable
 317              		.loc 1 68 13 view .LVU52
 318 0038 0F4B     		ldr	r3, .L30+24
 319 003a 3D22     		movs	r2, #61
 320 003c 4D21     		movs	r1, #77
 321 003e 2046     		mov	r0, r4
 322 0040 FFF7FEFF 		bl	u8g2_DrawStr
 323              	.LVL27:
  69:Src/info_screen.c ****             u8g2_DrawStr(&u8g2, 87, 61, ".");
 324              		.loc 1 69 13 view .LVU53
 325 0044 0D4B     		ldr	r3, .L30+28
 326 0046 3D22     		movs	r2, #61
 327 0048 5721     		movs	r1, #87
 328 004a 2046     		mov	r0, r4
 329 004c FFF7FEFF 		bl	u8g2_DrawStr
 330              	.LVL28:
  70:Src/info_screen.c ****             u8g2_DrawStr(&u8g2, 91, 61, "99");//Variable
 331              		.loc 1 70 13 view .LVU54
 332 0050 0B4B     		ldr	r3, .L30+32
 333 0052 3D22     		movs	r2, #61
ARM GAS  C:\Users\behun\AppData\Local\Temp\ccbVRvaL.s 			page 8


 334 0054 5B21     		movs	r1, #91
 335 0056 2046     		mov	r0, r4
 336 0058 FFF7FEFF 		bl	u8g2_DrawStr
 337              	.LVL29:
  71:Src/info_screen.c ****             break;
 338              		.loc 1 71 13 view .LVU55
  72:Src/info_screen.c ****         case 1:
  73:Src/info_screen.c ****             break;
  74:Src/info_screen.c ****         default:
  75:Src/info_screen.c ****             break;
  76:Src/info_screen.c ****     }
  77:Src/info_screen.c **** }
 339              		.loc 1 77 1 is_stmt 0 view .LVU56
 340 005c 10BD     		pop	{r4, pc}
 341              	.L31:
 342 005e 00BF     		.align	2
 343              	.L30:
 344 0060 00000000 		.word	u8g2
 345 0064 00000000 		.word	u8g2_font_5x8_mf
 346 0068 00000000 		.word	.LC10
 347 006c 00000000 		.word	u8g2_font_5x7_mf
 348 0070 08000000 		.word	.LC11
 349 0074 00000000 		.word	u8g2_font_5x7_tr
 350 0078 0C000000 		.word	.LC12
 351 007c 10000000 		.word	.LC4
 352 0080 10000000 		.word	.LC13
 353              		.cfi_endproc
 354              	.LFE69:
 356              		.section	.text.Info_Screen_Manage,"ax",%progbits
 357              		.align	1
 358              		.global	Info_Screen_Manage
 359              		.syntax unified
 360              		.thumb
 361              		.thumb_func
 362              		.fpu softvfp
 364              	Info_Screen_Manage:
 365              	.LFB70:
  78:Src/info_screen.c **** void Info_Screen_Manage(void)
  79:Src/info_screen.c **** {
 366              		.loc 1 79 1 is_stmt 1 view -0
 367              		.cfi_startproc
 368              		@ args = 0, pretend = 0, frame = 0
 369              		@ frame_needed = 0, uses_anonymous_args = 0
 370 0000 10B5     		push	{r4, lr}
 371              	.LCFI4:
 372              		.cfi_def_cfa_offset 8
 373              		.cfi_offset 4, -8
 374              		.cfi_offset 14, -4
  80:Src/info_screen.c ****     SysTime(Info_Scr.SysTime);
 375              		.loc 1 80 5 view .LVU58
 376 0002 084C     		ldr	r4, .L34
 377 0004 2078     		ldrb	r0, [r4]	@ zero_extendqisi2
 378 0006 FFF7FEFF 		bl	SysTime
 379              	.LVL30:
  81:Src/info_screen.c ****     Filter_Pa(Info_Scr.Filter_Pa);
 380              		.loc 1 81 5 view .LVU59
 381 000a A078     		ldrb	r0, [r4, #2]	@ zero_extendqisi2
ARM GAS  C:\Users\behun\AppData\Local\Temp\ccbVRvaL.s 			page 9


 382 000c FFF7FEFF 		bl	Filter_Pa
 383              	.LVL31:
  82:Src/info_screen.c ****     Flow(Info_Scr.Flow);
 384              		.loc 1 82 5 view .LVU60
 385 0010 2079     		ldrb	r0, [r4, #4]	@ zero_extendqisi2
 386 0012 FFF7FEFF 		bl	Flow
 387              	.LVL32:
  83:Src/info_screen.c ****     u8g2_DrawHLine(&u8g2, 29, 40, 70);
 388              		.loc 1 83 5 view .LVU61
 389 0016 4623     		movs	r3, #70
 390 0018 2822     		movs	r2, #40
 391 001a 1D21     		movs	r1, #29
 392 001c 0248     		ldr	r0, .L34+4
 393 001e FFF7FEFF 		bl	u8g2_DrawHLine
 394              	.LVL33:
  84:Src/info_screen.c **** }
 395              		.loc 1 84 1 is_stmt 0 view .LVU62
 396 0022 10BD     		pop	{r4, pc}
 397              	.L35:
 398              		.align	2
 399              	.L34:
 400 0024 00000000 		.word	Info_Scr
 401 0028 00000000 		.word	u8g2
 402              		.cfi_endproc
 403              	.LFE70:
 405              		.comm	Info_Scr,12,4
 406              		.comm	u8g2,128,4
 407              		.section	.rodata.Filter_Pa.str1.4,"aMS",%progbits,1
 408              		.align	2
 409              	.LC7:
 410 0000 46696C74 		.ascii	"Filter:\000"
 410      65723A00 
 411              	.LC8:
 412 0008 506100   		.ascii	"Pa\000"
 413 000b 00       		.space	1
 414              	.LC9:
 415 000c 39393900 		.ascii	"999\000"
 416              		.section	.rodata.Flow.str1.4,"aMS",%progbits,1
 417              		.align	2
 418              	.LC10:
 419 0000 466C6F77 		.ascii	"Flow  :\000"
 419      20203A00 
 420              	.LC11:
 421 0008 6D2F7300 		.ascii	"m/s\000"
 422              	.LC12:
 423 000c 303000   		.ascii	"00\000"
 424 000f 00       		.space	1
 425              	.LC13:
 426 0010 393900   		.ascii	"99\000"
 427              		.section	.rodata.SysTime.str1.4,"aMS",%progbits,1
 428              		.align	2
 429              	.LC0:
 430 0000 323300   		.ascii	"23\000"
 431 0003 00       		.space	1
 432              	.LC1:
 433 0004 3A00     		.ascii	":\000"
 434 0006 0000     		.space	2
ARM GAS  C:\Users\behun\AppData\Local\Temp\ccbVRvaL.s 			page 10


 435              	.LC2:
 436 0008 353900   		.ascii	"59\000"
 437 000b 00       		.space	1
 438              	.LC3:
 439 000c 333100   		.ascii	"31\000"
 440 000f 00       		.space	1
 441              	.LC4:
 442 0010 2E00     		.ascii	".\000"
 443 0012 0000     		.space	2
 444              	.LC5:
 445 0014 313200   		.ascii	"12\000"
 446 0017 00       		.space	1
 447              	.LC6:
 448 0018 32303139 		.ascii	"2019\000"
 448      00
 449              		.text
 450              	.Letext0:
 451              		.file 2 "c:\\program files (x86)\\gnu tools arm embedded\\8 2019-q3-update\\arm-none-eabi\\include
 452              		.file 3 "c:\\program files (x86)\\gnu tools arm embedded\\8 2019-q3-update\\arm-none-eabi\\include
 453              		.file 4 "Drivers/CMSIS/Include/core_cm3.h"
 454              		.file 5 "Drivers/CMSIS/Device/ST/STM32F1xx/Include/system_stm32f1xx.h"
 455              		.file 6 "c:\\program files (x86)\\gnu tools arm embedded\\8 2019-q3-update\\lib\\gcc\\arm-none-eab
 456              		.file 7 "c:\\program files (x86)\\gnu tools arm embedded\\8 2019-q3-update\\arm-none-eabi\\include
 457              		.file 8 "c:\\program files (x86)\\gnu tools arm embedded\\8 2019-q3-update\\arm-none-eabi\\include
 458              		.file 9 "c:\\program files (x86)\\gnu tools arm embedded\\8 2019-q3-update\\arm-none-eabi\\include
 459              		.file 10 "Drivers/STM32F1xx_HAL_Driver/Inc/stm32f1xx_hal.h"
 460              		.file 11 "Inc/info_screen.h"
 461              		.file 12 "u8g2/csrc/u8x8.h"
 462              		.file 13 "u8g2/csrc/u8g2.h"
ARM GAS  C:\Users\behun\AppData\Local\Temp\ccbVRvaL.s 			page 11


DEFINED SYMBOLS
                            *ABS*:00000000 info_screen.c
C:\Users\behun\AppData\Local\Temp\ccbVRvaL.s:16     .text.Info_Screen_Init:00000000 $t
C:\Users\behun\AppData\Local\Temp\ccbVRvaL.s:24     .text.Info_Screen_Init:00000000 Info_Screen_Init
C:\Users\behun\AppData\Local\Temp\ccbVRvaL.s:67     .text.Info_Screen_Init:0000001c $d
                            *COM*:0000000c Info_Scr
C:\Users\behun\AppData\Local\Temp\ccbVRvaL.s:72     .text.SysTime:00000000 $t
C:\Users\behun\AppData\Local\Temp\ccbVRvaL.s:79     .text.SysTime:00000000 SysTime
C:\Users\behun\AppData\Local\Temp\ccbVRvaL.s:174    .text.SysTime:0000007c $d
                            *COM*:00000080 u8g2
C:\Users\behun\AppData\Local\Temp\ccbVRvaL.s:188    .text.Filter_Pa:00000000 $t
C:\Users\behun\AppData\Local\Temp\ccbVRvaL.s:195    .text.Filter_Pa:00000000 Filter_Pa
C:\Users\behun\AppData\Local\Temp\ccbVRvaL.s:251    .text.Filter_Pa:00000040 $d
C:\Users\behun\AppData\Local\Temp\ccbVRvaL.s:261    .text.Flow:00000000 $t
C:\Users\behun\AppData\Local\Temp\ccbVRvaL.s:268    .text.Flow:00000000 Flow
C:\Users\behun\AppData\Local\Temp\ccbVRvaL.s:344    .text.Flow:00000060 $d
C:\Users\behun\AppData\Local\Temp\ccbVRvaL.s:357    .text.Info_Screen_Manage:00000000 $t
C:\Users\behun\AppData\Local\Temp\ccbVRvaL.s:364    .text.Info_Screen_Manage:00000000 Info_Screen_Manage
C:\Users\behun\AppData\Local\Temp\ccbVRvaL.s:400    .text.Info_Screen_Manage:00000024 $d
C:\Users\behun\AppData\Local\Temp\ccbVRvaL.s:408    .rodata.Filter_Pa.str1.4:00000000 $d
C:\Users\behun\AppData\Local\Temp\ccbVRvaL.s:417    .rodata.Flow.str1.4:00000000 $d
C:\Users\behun\AppData\Local\Temp\ccbVRvaL.s:428    .rodata.SysTime.str1.4:00000000 $d

UNDEFINED SYMBOLS
HAL_GetTick
u8g2_SetFont
u8g2_DrawStr
u8g2_font_inr21_mf
u8g2_font_5x7_tr
u8g2_font_5x8_tr
u8g2_font_5x8_mf
u8g2_font_5x7_mf
u8g2_DrawHLine
