ARM GAS  C:\Users\behun\AppData\Local\Temp\ccm1ezjU.s 			page 1


   1              		.cpu cortex-m3
   2              		.eabi_attribute 20, 1
   3              		.eabi_attribute 21, 1
   4              		.eabi_attribute 23, 3
   5              		.eabi_attribute 24, 1
   6              		.eabi_attribute 25, 1
   7              		.eabi_attribute 26, 1
   8              		.eabi_attribute 30, 1
   9              		.eabi_attribute 34, 1
  10              		.eabi_attribute 18, 4
  11              		.file	"key.c"
  12              		.text
  13              	.Ltext0:
  14              		.cfi_sections	.debug_frame
  15              		.section	.text.KeyInit,"ax",%progbits
  16              		.align	1
  17              		.global	KeyInit
  18              		.arch armv7-m
  19              		.syntax unified
  20              		.thumb
  21              		.thumb_func
  22              		.fpu softvfp
  24              	KeyInit:
  25              	.LFB66:
  26              		.file 1 "Src/key.c"
   1:Src/key.c     **** #include "key.h"
   2:Src/key.c     **** #include "u8g2.h"
   3:Src/key.c     **** #include "main_screen.h"
   4:Src/key.c     **** 
   5:Src/key.c     **** KEY_STRUCT key;
   6:Src/key.c     **** 
   7:Src/key.c     **** void KeyInit(void)
   8:Src/key.c     **** {
  27              		.loc 1 8 1 view -0
  28              		.cfi_startproc
  29              		@ args = 0, pretend = 0, frame = 24
  30              		@ frame_needed = 0, uses_anonymous_args = 0
  31 0000 10B5     		push	{r4, lr}
  32              	.LCFI0:
  33              		.cfi_def_cfa_offset 8
  34              		.cfi_offset 4, -8
  35              		.cfi_offset 14, -4
  36 0002 86B0     		sub	sp, sp, #24
  37              	.LCFI1:
  38              		.cfi_def_cfa_offset 32
   9:Src/key.c     **** 	GPIO_InitTypeDef GPIO_InitStruct = {0};
  39              		.loc 1 9 2 view .LVU1
  40              		.loc 1 9 19 is_stmt 0 view .LVU2
  41 0004 0024     		movs	r4, #0
  42 0006 0394     		str	r4, [sp, #12]
  43 0008 0494     		str	r4, [sp, #16]
  44 000a 0594     		str	r4, [sp, #20]
  10:Src/key.c     **** 
  11:Src/key.c     **** 	__HAL_RCC_GPIOC_CLK_ENABLE();
  45              		.loc 1 11 2 is_stmt 1 view .LVU3
  46              	.LBB2:
  47              		.loc 1 11 2 view .LVU4
ARM GAS  C:\Users\behun\AppData\Local\Temp\ccm1ezjU.s 			page 2


  48              		.loc 1 11 2 view .LVU5
  49 000c 144B     		ldr	r3, .L6
  50 000e 9A69     		ldr	r2, [r3, #24]
  51 0010 42F01002 		orr	r2, r2, #16
  52 0014 9A61     		str	r2, [r3, #24]
  53              		.loc 1 11 2 view .LVU6
  54 0016 9B69     		ldr	r3, [r3, #24]
  55 0018 03F01003 		and	r3, r3, #16
  56 001c 0193     		str	r3, [sp, #4]
  57              		.loc 1 11 2 view .LVU7
  58 001e 019B     		ldr	r3, [sp, #4]
  59              	.LBE2:
  12:Src/key.c     **** 
  13:Src/key.c     **** 	/*Configure GPIO pins : PC13 PC10 PC11 PC12 */
  14:Src/key.c     **** 	GPIO_InitStruct.Pin = GPIO_PIN_13|GPIO_PIN_10|GPIO_PIN_11|GPIO_PIN_12;
  60              		.loc 1 14 2 view .LVU8
  61              		.loc 1 14 22 is_stmt 0 view .LVU9
  62 0020 4FF47053 		mov	r3, #15360
  63 0024 0293     		str	r3, [sp, #8]
  15:Src/key.c     **** 	GPIO_InitStruct.Mode = GPIO_MODE_INPUT;
  64              		.loc 1 15 2 is_stmt 1 view .LVU10
  16:Src/key.c     **** 	GPIO_InitStruct.Pull = GPIO_PULLUP;
  65              		.loc 1 16 2 view .LVU11
  66              		.loc 1 16 23 is_stmt 0 view .LVU12
  67 0026 0123     		movs	r3, #1
  68 0028 0493     		str	r3, [sp, #16]
  17:Src/key.c     **** 	HAL_GPIO_Init(GPIOC, &GPIO_InitStruct);
  69              		.loc 1 17 2 is_stmt 1 view .LVU13
  70 002a 02A9     		add	r1, sp, #8
  71 002c 0D48     		ldr	r0, .L6+4
  72 002e FFF7FEFF 		bl	HAL_GPIO_Init
  73              	.LVL0:
  18:Src/key.c     **** 	for(key.name = 0; key.name < NUM_KEY; key.name++)
  74              		.loc 1 18 2 view .LVU14
  75              		.loc 1 18 15 is_stmt 0 view .LVU15
  76 0032 0D4B     		ldr	r3, .L6+8
  77 0034 1C70     		strb	r4, [r3]
  78              	.L2:
  79              		.loc 1 18 23 discriminator 1 view .LVU16
  80 0036 0C4B     		ldr	r3, .L6+8
  81 0038 1B78     		ldrb	r3, [r3]	@ zero_extendqisi2
  82              		.loc 1 18 2 discriminator 1 view .LVU17
  83 003a 032B     		cmp	r3, #3
  84 003c 0AD8     		bhi	.L5
  19:Src/key.c     **** 	{
  20:Src/key.c     **** 		key.ext[key.name].press = key.ext[key.name].pressed = KEY_RELEASE;
  85              		.loc 1 20 3 is_stmt 1 discriminator 3 view .LVU18
  86              		.loc 1 20 55 is_stmt 0 discriminator 3 view .LVU19
  87 003e 0A48     		ldr	r0, .L6+8
  88 0040 00EB8302 		add	r2, r0, r3, lsl #2
  89 0044 0021     		movs	r1, #0
  90 0046 5170     		strb	r1, [r2, #1]
  91              		.loc 1 20 27 discriminator 3 view .LVU20
  92 0048 9170     		strb	r1, [r2, #2]
  21:Src/key.c     **** 		key.ext[key.name].waitRelease = 0;
  93              		.loc 1 21 3 is_stmt 1 discriminator 3 view .LVU21
  94              		.loc 1 21 33 is_stmt 0 discriminator 3 view .LVU22
ARM GAS  C:\Users\behun\AppData\Local\Temp\ccm1ezjU.s 			page 3


  95 004a D170     		strb	r1, [r2, #3]
  22:Src/key.c     **** 		key.ext[key.name].cnt = 0; 
  96              		.loc 1 22 3 is_stmt 1 discriminator 3 view .LVU23
  97              		.loc 1 22 25 is_stmt 0 discriminator 3 view .LVU24
  98 004c 1171     		strb	r1, [r2, #4]
  18:Src/key.c     **** 	{
  99              		.loc 1 18 48 discriminator 3 view .LVU25
 100 004e 0133     		adds	r3, r3, #1
 101 0050 0370     		strb	r3, [r0]
 102 0052 F0E7     		b	.L2
 103              	.L5:
  23:Src/key.c     **** 		
  24:Src/key.c     **** 	}
  25:Src/key.c     **** 	key.tick = HAL_GetTick();
 104              		.loc 1 25 2 is_stmt 1 view .LVU26
 105              		.loc 1 25 13 is_stmt 0 view .LVU27
 106 0054 FFF7FEFF 		bl	HAL_GetTick
 107              	.LVL1:
 108              		.loc 1 25 11 view .LVU28
 109 0058 034B     		ldr	r3, .L6+8
 110 005a 5861     		str	r0, [r3, #20]
  26:Src/key.c     **** }
 111              		.loc 1 26 1 view .LVU29
 112 005c 06B0     		add	sp, sp, #24
 113              	.LCFI2:
 114              		.cfi_def_cfa_offset 8
 115              		@ sp needed
 116 005e 10BD     		pop	{r4, pc}
 117              	.L7:
 118              		.align	2
 119              	.L6:
 120 0060 00100240 		.word	1073876992
 121 0064 00100140 		.word	1073811456
 122 0068 00000000 		.word	key
 123              		.cfi_endproc
 124              	.LFE66:
 126              		.section	.text.KeyGet,"ax",%progbits
 127              		.align	1
 128              		.global	KeyGet
 129              		.syntax unified
 130              		.thumb
 131              		.thumb_func
 132              		.fpu softvfp
 134              	KeyGet:
 135              	.LVL2:
 136              	.LFB67:
  27:Src/key.c     **** 
  28:Src/key.c     **** void KeyGet(uint8_t port_id)
  29:Src/key.c     **** {
 137              		.loc 1 29 1 is_stmt 1 view -0
 138              		.cfi_startproc
 139              		@ args = 0, pretend = 0, frame = 0
 140              		@ frame_needed = 0, uses_anonymous_args = 0
 141              		.loc 1 29 1 is_stmt 0 view .LVU31
 142 0000 10B5     		push	{r4, lr}
 143              	.LCFI3:
 144              		.cfi_def_cfa_offset 8
ARM GAS  C:\Users\behun\AppData\Local\Temp\ccm1ezjU.s 			page 4


 145              		.cfi_offset 4, -8
 146              		.cfi_offset 14, -4
 147 0002 0446     		mov	r4, r0
  30:Src/key.c     **** 	uint16_t keyGet;
 148              		.loc 1 30 2 is_stmt 1 view .LVU32
  31:Src/key.c     **** 	switch(port_id)
 149              		.loc 1 31 2 view .LVU33
 150 0004 0328     		cmp	r0, #3
 151 0006 0ED8     		bhi	.L9
 152 0008 DFE800F0 		tbb	[pc, r0]
 153              	.L11:
 154 000c 02       		.byte	(.L14-.L11)/2
 155 000d 24       		.byte	(.L13-.L11)/2
 156 000e 36       		.byte	(.L12-.L11)/2
 157 000f 48       		.byte	(.L10-.L11)/2
 158              		.p2align 1
 159              	.L14:
  32:Src/key.c     **** 	{
  33:Src/key.c     **** 		case 0: 
  34:Src/key.c     **** 			keyGet = key1_in;
 160              		.loc 1 34 4 view .LVU34
 161              		.loc 1 34 13 is_stmt 0 view .LVU35
 162 0010 4FF48061 		mov	r1, #1024
 163 0014 3048     		ldr	r0, .L23
 164              	.LVL3:
 165              		.loc 1 34 13 view .LVU36
 166 0016 FFF7FEFF 		bl	HAL_GPIO_ReadPin
 167              	.LVL4:
  35:Src/key.c     **** 			if(keyGet == !key1) key.ext[port_id].press = KEY_PRESS;
 168              		.loc 1 35 4 is_stmt 1 view .LVU37
 169              		.loc 1 35 6 is_stmt 0 view .LVU38
 170 001a A8B9     		cbnz	r0, .L15
 171              		.loc 1 35 24 is_stmt 1 discriminator 1 view .LVU39
 172              		.loc 1 35 47 is_stmt 0 discriminator 1 view .LVU40
 173 001c 2F4B     		ldr	r3, .L23+4
 174 001e 03EB8403 		add	r3, r3, r4, lsl #2
 175 0022 0122     		movs	r2, #1
 176 0024 9A70     		strb	r2, [r3, #2]
 177              	.LVL5:
 178              	.L9:
  36:Src/key.c     **** 			else key.ext[port_id].press = KEY_RELEASE;
  37:Src/key.c     **** 			break;
  38:Src/key.c     **** 		case 1: 
  39:Src/key.c     **** 			keyGet = key2_in;
  40:Src/key.c     **** 			if(keyGet == !key2) key.ext[port_id].press = KEY_PRESS;
  41:Src/key.c     **** 			else key.ext[port_id].press = KEY_RELEASE;
  42:Src/key.c     **** 			break;
  43:Src/key.c     **** 		case 2: 
  44:Src/key.c     **** 			keyGet = key3_in;
  45:Src/key.c     **** 			if(keyGet == !key3) key.ext[port_id].press = KEY_PRESS;
  46:Src/key.c     **** 			else key.ext[port_id].press = KEY_RELEASE;
  47:Src/key.c     **** 			break;
  48:Src/key.c     **** 		case 3: 
  49:Src/key.c     **** 			keyGet = key4_in;
  50:Src/key.c     **** 			if(keyGet == !key4) key.ext[port_id].press = KEY_PRESS;
  51:Src/key.c     **** 			else key.ext[port_id].press = KEY_RELEASE;
  52:Src/key.c     **** 			break;
ARM GAS  C:\Users\behun\AppData\Local\Temp\ccm1ezjU.s 			page 5


  53:Src/key.c     ****         default:
  54:Src/key.c     ****             break;
  55:Src/key.c     **** 	}
  56:Src/key.c     **** 	if(key.ext[port_id].press != key.ext[port_id].pressed)
 179              		.loc 1 56 2 is_stmt 1 view .LVU41
 180              		.loc 1 56 21 is_stmt 0 view .LVU42
 181 0026 2D4B     		ldr	r3, .L23+4
 182 0028 03EB8403 		add	r3, r3, r4, lsl #2
 183 002c 9A78     		ldrb	r2, [r3, #2]	@ zero_extendqisi2
 184              		.loc 1 56 47 view .LVU43
 185 002e 5B78     		ldrb	r3, [r3, #1]	@ zero_extendqisi2
 186              		.loc 1 56 4 view .LVU44
 187 0030 9A42     		cmp	r2, r3
 188 0032 4AD0     		beq	.L19
  57:Src/key.c     **** 	{
  58:Src/key.c     **** 		++(key.ext[port_id].cnt);
 189              		.loc 1 58 3 is_stmt 1 view .LVU45
 190              		.loc 1 58 22 is_stmt 0 view .LVU46
 191 0034 294A     		ldr	r2, .L23+4
 192 0036 02EB8402 		add	r2, r2, r4, lsl #2
 193 003a 1379     		ldrb	r3, [r2, #4]	@ zero_extendqisi2
 194              		.loc 1 58 3 view .LVU47
 195 003c 0133     		adds	r3, r3, #1
 196 003e DBB2     		uxtb	r3, r3
 197 0040 1371     		strb	r3, [r2, #4]
  59:Src/key.c     **** 		if(key.ext[port_id].cnt == NUM_OF_SAMPLE_KEY)
 198              		.loc 1 59 3 is_stmt 1 view .LVU48
 199              		.loc 1 59 5 is_stmt 0 view .LVU49
 200 0042 052B     		cmp	r3, #5
 201 0044 3CD0     		beq	.L22
 202              	.L8:
  60:Src/key.c     **** 		{
  61:Src/key.c     **** 			key.ext[port_id].pressed = key.ext[port_id].press;
  62:Src/key.c     **** 			key.ext[port_id].cnt = 0;
  63:Src/key.c     **** 		}
  64:Src/key.c     **** 	}
  65:Src/key.c     **** 	else
  66:Src/key.c     **** 	{
  67:Src/key.c     **** 		key.ext[port_id].cnt = 0;
  68:Src/key.c     **** 	}
  69:Src/key.c     **** }
 203              		.loc 1 69 1 view .LVU50
 204 0046 10BD     		pop	{r4, pc}
 205              	.LVL6:
 206              	.L15:
  36:Src/key.c     **** 			break;
 207              		.loc 1 36 9 is_stmt 1 view .LVU51
  36:Src/key.c     **** 			break;
 208              		.loc 1 36 32 is_stmt 0 view .LVU52
 209 0048 244B     		ldr	r3, .L23+4
 210 004a 03EB8403 		add	r3, r3, r4, lsl #2
 211 004e 0022     		movs	r2, #0
 212 0050 9A70     		strb	r2, [r3, #2]
 213 0052 E8E7     		b	.L9
 214              	.LVL7:
 215              	.L13:
  39:Src/key.c     **** 			if(keyGet == !key2) key.ext[port_id].press = KEY_PRESS;
ARM GAS  C:\Users\behun\AppData\Local\Temp\ccm1ezjU.s 			page 6


 216              		.loc 1 39 4 is_stmt 1 view .LVU53
  39:Src/key.c     **** 			if(keyGet == !key2) key.ext[port_id].press = KEY_PRESS;
 217              		.loc 1 39 13 is_stmt 0 view .LVU54
 218 0054 4FF40061 		mov	r1, #2048
 219 0058 1F48     		ldr	r0, .L23
 220              	.LVL8:
  39:Src/key.c     **** 			if(keyGet == !key2) key.ext[port_id].press = KEY_PRESS;
 221              		.loc 1 39 13 view .LVU55
 222 005a FFF7FEFF 		bl	HAL_GPIO_ReadPin
 223              	.LVL9:
  40:Src/key.c     **** 			else key.ext[port_id].press = KEY_RELEASE;
 224              		.loc 1 40 4 is_stmt 1 view .LVU56
  40:Src/key.c     **** 			else key.ext[port_id].press = KEY_RELEASE;
 225              		.loc 1 40 6 is_stmt 0 view .LVU57
 226 005e 28B9     		cbnz	r0, .L16
  40:Src/key.c     **** 			else key.ext[port_id].press = KEY_RELEASE;
 227              		.loc 1 40 24 is_stmt 1 discriminator 1 view .LVU58
  40:Src/key.c     **** 			else key.ext[port_id].press = KEY_RELEASE;
 228              		.loc 1 40 47 is_stmt 0 discriminator 1 view .LVU59
 229 0060 1E4B     		ldr	r3, .L23+4
 230 0062 03EB8403 		add	r3, r3, r4, lsl #2
 231 0066 0122     		movs	r2, #1
 232 0068 9A70     		strb	r2, [r3, #2]
 233 006a DCE7     		b	.L9
 234              	.L16:
  41:Src/key.c     **** 			break;
 235              		.loc 1 41 9 is_stmt 1 view .LVU60
  41:Src/key.c     **** 			break;
 236              		.loc 1 41 32 is_stmt 0 view .LVU61
 237 006c 1B4B     		ldr	r3, .L23+4
 238 006e 03EB8403 		add	r3, r3, r4, lsl #2
 239 0072 0022     		movs	r2, #0
 240 0074 9A70     		strb	r2, [r3, #2]
 241 0076 D6E7     		b	.L9
 242              	.LVL10:
 243              	.L12:
  44:Src/key.c     **** 			if(keyGet == !key3) key.ext[port_id].press = KEY_PRESS;
 244              		.loc 1 44 4 is_stmt 1 view .LVU62
  44:Src/key.c     **** 			if(keyGet == !key3) key.ext[port_id].press = KEY_PRESS;
 245              		.loc 1 44 13 is_stmt 0 view .LVU63
 246 0078 4FF48051 		mov	r1, #4096
 247 007c 1648     		ldr	r0, .L23
 248              	.LVL11:
  44:Src/key.c     **** 			if(keyGet == !key3) key.ext[port_id].press = KEY_PRESS;
 249              		.loc 1 44 13 view .LVU64
 250 007e FFF7FEFF 		bl	HAL_GPIO_ReadPin
 251              	.LVL12:
  45:Src/key.c     **** 			else key.ext[port_id].press = KEY_RELEASE;
 252              		.loc 1 45 4 is_stmt 1 view .LVU65
  45:Src/key.c     **** 			else key.ext[port_id].press = KEY_RELEASE;
 253              		.loc 1 45 6 is_stmt 0 view .LVU66
 254 0082 28B9     		cbnz	r0, .L17
  45:Src/key.c     **** 			else key.ext[port_id].press = KEY_RELEASE;
 255              		.loc 1 45 24 is_stmt 1 discriminator 1 view .LVU67
  45:Src/key.c     **** 			else key.ext[port_id].press = KEY_RELEASE;
 256              		.loc 1 45 47 is_stmt 0 discriminator 1 view .LVU68
 257 0084 154B     		ldr	r3, .L23+4
ARM GAS  C:\Users\behun\AppData\Local\Temp\ccm1ezjU.s 			page 7


 258 0086 03EB8403 		add	r3, r3, r4, lsl #2
 259 008a 0122     		movs	r2, #1
 260 008c 9A70     		strb	r2, [r3, #2]
 261 008e CAE7     		b	.L9
 262              	.L17:
  46:Src/key.c     **** 			break;
 263              		.loc 1 46 9 is_stmt 1 view .LVU69
  46:Src/key.c     **** 			break;
 264              		.loc 1 46 32 is_stmt 0 view .LVU70
 265 0090 124B     		ldr	r3, .L23+4
 266 0092 03EB8403 		add	r3, r3, r4, lsl #2
 267 0096 0022     		movs	r2, #0
 268 0098 9A70     		strb	r2, [r3, #2]
 269 009a C4E7     		b	.L9
 270              	.LVL13:
 271              	.L10:
  49:Src/key.c     **** 			if(keyGet == !key4) key.ext[port_id].press = KEY_PRESS;
 272              		.loc 1 49 4 is_stmt 1 view .LVU71
  49:Src/key.c     **** 			if(keyGet == !key4) key.ext[port_id].press = KEY_PRESS;
 273              		.loc 1 49 13 is_stmt 0 view .LVU72
 274 009c 4FF40051 		mov	r1, #8192
 275 00a0 0D48     		ldr	r0, .L23
 276              	.LVL14:
  49:Src/key.c     **** 			if(keyGet == !key4) key.ext[port_id].press = KEY_PRESS;
 277              		.loc 1 49 13 view .LVU73
 278 00a2 FFF7FEFF 		bl	HAL_GPIO_ReadPin
 279              	.LVL15:
  50:Src/key.c     **** 			else key.ext[port_id].press = KEY_RELEASE;
 280              		.loc 1 50 4 is_stmt 1 view .LVU74
  50:Src/key.c     **** 			else key.ext[port_id].press = KEY_RELEASE;
 281              		.loc 1 50 6 is_stmt 0 view .LVU75
 282 00a6 28B9     		cbnz	r0, .L18
  50:Src/key.c     **** 			else key.ext[port_id].press = KEY_RELEASE;
 283              		.loc 1 50 24 is_stmt 1 discriminator 1 view .LVU76
  50:Src/key.c     **** 			else key.ext[port_id].press = KEY_RELEASE;
 284              		.loc 1 50 47 is_stmt 0 discriminator 1 view .LVU77
 285 00a8 0C4B     		ldr	r3, .L23+4
 286 00aa 03EB8403 		add	r3, r3, r4, lsl #2
 287 00ae 0122     		movs	r2, #1
 288 00b0 9A70     		strb	r2, [r3, #2]
 289 00b2 B8E7     		b	.L9
 290              	.L18:
  51:Src/key.c     **** 			break;
 291              		.loc 1 51 9 is_stmt 1 view .LVU78
  51:Src/key.c     **** 			break;
 292              		.loc 1 51 32 is_stmt 0 view .LVU79
 293 00b4 094B     		ldr	r3, .L23+4
 294 00b6 03EB8403 		add	r3, r3, r4, lsl #2
 295 00ba 0022     		movs	r2, #0
 296 00bc 9A70     		strb	r2, [r3, #2]
 297 00be B2E7     		b	.L9
 298              	.LVL16:
 299              	.L22:
  61:Src/key.c     **** 			key.ext[port_id].cnt = 0;
 300              		.loc 1 61 4 is_stmt 1 view .LVU80
  61:Src/key.c     **** 			key.ext[port_id].cnt = 0;
 301              		.loc 1 61 47 is_stmt 0 view .LVU81
ARM GAS  C:\Users\behun\AppData\Local\Temp\ccm1ezjU.s 			page 8


 302 00c0 9378     		ldrb	r3, [r2, #2]	@ zero_extendqisi2
  61:Src/key.c     **** 			key.ext[port_id].cnt = 0;
 303              		.loc 1 61 29 view .LVU82
 304 00c2 5370     		strb	r3, [r2, #1]
  62:Src/key.c     **** 		}
 305              		.loc 1 62 4 is_stmt 1 view .LVU83
  62:Src/key.c     **** 		}
 306              		.loc 1 62 25 is_stmt 0 view .LVU84
 307 00c4 0023     		movs	r3, #0
 308 00c6 1371     		strb	r3, [r2, #4]
 309 00c8 BDE7     		b	.L8
 310              	.L19:
  67:Src/key.c     **** 	}
 311              		.loc 1 67 3 is_stmt 1 view .LVU85
  67:Src/key.c     **** 	}
 312              		.loc 1 67 24 is_stmt 0 view .LVU86
 313 00ca 044B     		ldr	r3, .L23+4
 314 00cc 03EB8404 		add	r4, r3, r4, lsl #2
 315 00d0 0023     		movs	r3, #0
 316 00d2 2371     		strb	r3, [r4, #4]
 317              		.loc 1 69 1 view .LVU87
 318 00d4 B7E7     		b	.L8
 319              	.L24:
 320 00d6 00BF     		.align	2
 321              	.L23:
 322 00d8 00100140 		.word	1073811456
 323 00dc 00000000 		.word	key
 324              		.cfi_endproc
 325              	.LFE67:
 327              		.section	.text.KeyProcess,"ax",%progbits
 328              		.align	1
 329              		.global	KeyProcess
 330              		.syntax unified
 331              		.thumb
 332              		.thumb_func
 333              		.fpu softvfp
 335              	KeyProcess:
 336              	.LFB68:
  70:Src/key.c     **** 
  71:Src/key.c     **** BUTTON_ID KeyProcess(void)
  72:Src/key.c     **** {	
 337              		.loc 1 72 1 is_stmt 1 view -0
 338              		.cfi_startproc
 339              		@ args = 0, pretend = 0, frame = 0
 340              		@ frame_needed = 0, uses_anonymous_args = 0
 341 0000 10B5     		push	{r4, lr}
 342              	.LCFI4:
 343              		.cfi_def_cfa_offset 8
 344              		.cfi_offset 4, -8
 345              		.cfi_offset 14, -4
  73:Src/key.c     **** 	uint8_t currentState = NONE;
 346              		.loc 1 73 2 view .LVU89
 347              	.LVL17:
  74:Src/key.c     **** 	for(key.name = 0; key.name < NUM_KEY; key.name++)
 348              		.loc 1 74 2 view .LVU90
 349              		.loc 1 74 15 is_stmt 0 view .LVU91
 350 0002 0024     		movs	r4, #0
ARM GAS  C:\Users\behun\AppData\Local\Temp\ccm1ezjU.s 			page 9


 351 0004 1D4B     		ldr	r3, .L40
 352 0006 1C70     		strb	r4, [r3]
 353              		.loc 1 74 2 view .LVU92
 354 0008 1CE0     		b	.L26
 355              	.LVL18:
 356              	.L39:
  75:Src/key.c     **** 	{
  76:Src/key.c     **** 		KeyGet(key.name);
  77:Src/key.c     **** 		
  78:Src/key.c     **** 		if(key.ext[key.name].pressed == KEY_PRESS)
  79:Src/key.c     **** 		{
  80:Src/key.c     **** 			if(key.ext[key.name].waitRelease == 0)
 357              		.loc 1 80 4 is_stmt 1 view .LVU93
 358              		.loc 1 80 24 is_stmt 0 view .LVU94
 359 000a 1C49     		ldr	r1, .L40
 360 000c 01EB8301 		add	r1, r1, r3, lsl #2
 361 0010 C978     		ldrb	r1, [r1, #3]	@ zero_extendqisi2
 362              		.loc 1 80 6 view .LVU95
 363 0012 71B9     		cbnz	r1, .L28
  81:Src/key.c     **** 			{
  82:Src/key.c     **** 				switch(key.name)
 364              		.loc 1 82 5 is_stmt 1 view .LVU96
 365 0014 032B     		cmp	r3, #3
 366 0016 09D8     		bhi	.L29
 367 0018 DFE803F0 		tbb	[pc, r3]
 368              	.L31:
 369 001c 02       		.byte	(.L33-.L31)/2
 370 001d 0A       		.byte	(.L36-.L31)/2
 371 001e 04       		.byte	(.L32-.L31)/2
 372 001f 06       		.byte	(.L30-.L31)/2
 373              		.p2align 1
 374              	.L33:
  83:Src/key.c     **** 				{
  84:Src/key.c     **** 					case KEY_NEON:
  85:Src/key.c     **** 						currentState = NEON;
 375              		.loc 1 85 20 is_stmt 0 view .LVU97
 376 0020 1446     		mov	r4, r2
 377              	.LVL19:
 378              		.loc 1 85 20 view .LVU98
 379 0022 06E0     		b	.L28
 380              	.LVL20:
 381              	.L32:
  86:Src/key.c     **** 						// printf("KEY NEON\n");
  87:Src/key.c     **** 						break;
  88:Src/key.c     **** 					case KEY_UV:
  89:Src/key.c     **** 						currentState = UV;
  90:Src/key.c     **** 						// printf("KEY UV\n");
  91:Src/key.c     **** 						break;
  92:Src/key.c     **** 					case KEY_FAN:
  93:Src/key.c     **** 						currentState = FAN;
 382              		.loc 1 93 7 is_stmt 1 view .LVU99
  94:Src/key.c     **** 						// printf("KEY FAN\n");
  95:Src/key.c     **** 						break;
 383              		.loc 1 95 7 view .LVU100
  93:Src/key.c     **** 						// printf("KEY FAN\n");
 384              		.loc 1 93 20 is_stmt 0 view .LVU101
 385 0024 0324     		movs	r4, #3
ARM GAS  C:\Users\behun\AppData\Local\Temp\ccm1ezjU.s 			page 10


 386              		.loc 1 95 7 view .LVU102
 387 0026 04E0     		b	.L28
 388              	.LVL21:
 389              	.L30:
  96:Src/key.c     **** 					case KEY_SOCKET:
  97:Src/key.c     **** 						currentState = SOCKET;
 390              		.loc 1 97 7 is_stmt 1 view .LVU103
  98:Src/key.c     **** 						// printf("KEY SOCKET\n");
  99:Src/key.c     **** 						break;
 391              		.loc 1 99 7 view .LVU104
  97:Src/key.c     **** 						// printf("KEY SOCKET\n");
 392              		.loc 1 97 20 is_stmt 0 view .LVU105
 393 0028 0424     		movs	r4, #4
 394              		.loc 1 99 7 view .LVU106
 395 002a 02E0     		b	.L28
 396              	.LVL22:
 397              	.L29:
 100:Src/key.c     **** 					default:
 101:Src/key.c     **** 						currentState = NONE;
 398              		.loc 1 101 7 is_stmt 1 view .LVU107
 102:Src/key.c     **** 						break;
 399              		.loc 1 102 7 view .LVU108
 101:Src/key.c     **** 						break;
 400              		.loc 1 101 20 is_stmt 0 view .LVU109
 401 002c 0C46     		mov	r4, r1
 402              		.loc 1 102 7 view .LVU110
 403 002e 00E0     		b	.L28
 404              	.LVL23:
 405              	.L36:
  89:Src/key.c     **** 						// printf("KEY UV\n");
 406              		.loc 1 89 20 view .LVU111
 407 0030 0224     		movs	r4, #2
 408              	.LVL24:
 409              	.L28:
 103:Src/key.c     **** 				}
 104:Src/key.c     **** 			}
 105:Src/key.c     **** 			key.ext[key.name].waitRelease = 1;
 410              		.loc 1 105 4 is_stmt 1 view .LVU112
 411              		.loc 1 105 34 is_stmt 0 view .LVU113
 412 0032 124A     		ldr	r2, .L40
 413 0034 02EB8302 		add	r2, r2, r3, lsl #2
 414 0038 0121     		movs	r1, #1
 415 003a D170     		strb	r1, [r2, #3]
 416 003c 0FE0     		b	.L27
 417              	.L34:
  74:Src/key.c     **** 	{
 418              		.loc 1 74 48 discriminator 2 view .LVU114
 419 003e 0133     		adds	r3, r3, #1
 420 0040 0E4A     		ldr	r2, .L40
 421 0042 1370     		strb	r3, [r2]
 422              	.LVL25:
 423              	.L26:
  74:Src/key.c     **** 	{
 424              		.loc 1 74 23 discriminator 1 view .LVU115
 425 0044 0D4B     		ldr	r3, .L40
 426 0046 1878     		ldrb	r0, [r3]	@ zero_extendqisi2
  74:Src/key.c     **** 	{
ARM GAS  C:\Users\behun\AppData\Local\Temp\ccm1ezjU.s 			page 11


 427              		.loc 1 74 2 discriminator 1 view .LVU116
 428 0048 0328     		cmp	r0, #3
 429 004a 14D8     		bhi	.L38
  76:Src/key.c     **** 		
 430              		.loc 1 76 3 is_stmt 1 view .LVU117
 431 004c FFF7FEFF 		bl	KeyGet
 432              	.LVL26:
  78:Src/key.c     **** 		{
 433              		.loc 1 78 3 view .LVU118
  78:Src/key.c     **** 		{
 434              		.loc 1 78 17 is_stmt 0 view .LVU119
 435 0050 0A4A     		ldr	r2, .L40
 436 0052 1378     		ldrb	r3, [r2]	@ zero_extendqisi2
  78:Src/key.c     **** 		{
 437              		.loc 1 78 23 view .LVU120
 438 0054 02EB8302 		add	r2, r2, r3, lsl #2
 439 0058 5278     		ldrb	r2, [r2, #1]	@ zero_extendqisi2
  78:Src/key.c     **** 		{
 440              		.loc 1 78 5 view .LVU121
 441 005a 012A     		cmp	r2, #1
 442 005c D5D0     		beq	.L39
 443              	.L27:
 106:Src/key.c     **** 		}
 107:Src/key.c     **** 		if(key.ext[key.name].pressed == KEY_RELEASE)
 444              		.loc 1 107 3 is_stmt 1 view .LVU122
 445              		.loc 1 107 23 is_stmt 0 view .LVU123
 446 005e 074A     		ldr	r2, .L40
 447 0060 02EB8302 		add	r2, r2, r3, lsl #2
 448 0064 5278     		ldrb	r2, [r2, #1]	@ zero_extendqisi2
 449              		.loc 1 107 5 view .LVU124
 450 0066 002A     		cmp	r2, #0
 451 0068 E9D1     		bne	.L34
 108:Src/key.c     **** 		{
 109:Src/key.c     **** 			// if(key.ext[key.name].waitRelease == 1)
 110:Src/key.c     **** 			// {	
 111:Src/key.c     **** 			// 	switch(key.name)
 112:Src/key.c     **** 			// 	{
 113:Src/key.c     **** 			// 		case KEY_NEON:
 114:Src/key.c     **** 			// 			//HD44780_Clear();
 115:Src/key.c     **** 			// 			HD44780_Puts(0,1,"MENU RELEASE");
 116:Src/key.c     **** 			// 			break;
 117:Src/key.c     **** 			// 		case KEY_UV:
 118:Src/key.c     **** 			// 			//HD44780_Clear();
 119:Src/key.c     **** 			// 			HD44780_Puts(0,1,"UP RELEASE");
 120:Src/key.c     **** 			// 			break;
 121:Src/key.c     **** 			// 		case KEY_FAN:
 122:Src/key.c     **** 			// 			//HD44780_Clear();
 123:Src/key.c     **** 			// 			HD44780_Puts(0,1,"DOWN RELEASE");
 124:Src/key.c     **** 			// 			break;
 125:Src/key.c     **** 			// 		case KEY_SOCKET:
 126:Src/key.c     **** 			// 			//HD44780_Clear();
 127:Src/key.c     **** 			// 			HD44780_Puts(0,1,"EXIT RELEASE");
 128:Src/key.c     **** 			// 			break;
 129:Src/key.c     **** 			// 	}
 130:Src/key.c     **** 			// }
 131:Src/key.c     **** 			key.ext[key.name].waitRelease = 0;
 452              		.loc 1 131 4 is_stmt 1 view .LVU125
ARM GAS  C:\Users\behun\AppData\Local\Temp\ccm1ezjU.s 			page 12


 453              		.loc 1 131 34 is_stmt 0 view .LVU126
 454 006a 044A     		ldr	r2, .L40
 455 006c 02EB8302 		add	r2, r2, r3, lsl #2
 456 0070 0021     		movs	r1, #0
 457 0072 D170     		strb	r1, [r2, #3]
 458 0074 E3E7     		b	.L34
 459              	.L38:
 132:Src/key.c     **** 		}
 133:Src/key.c     **** 	}
 134:Src/key.c     **** 	return currentState;
 460              		.loc 1 134 2 is_stmt 1 view .LVU127
 135:Src/key.c     **** }
 461              		.loc 1 135 1 is_stmt 0 view .LVU128
 462 0076 2046     		mov	r0, r4
 463 0078 10BD     		pop	{r4, pc}
 464              	.LVL27:
 465              	.L41:
 466              		.loc 1 135 1 view .LVU129
 467 007a 00BF     		.align	2
 468              	.L40:
 469 007c 00000000 		.word	key
 470              		.cfi_endproc
 471              	.LFE68:
 473              		.section	.text.KeyManage,"ax",%progbits
 474              		.align	1
 475              		.global	KeyManage
 476              		.syntax unified
 477              		.thumb
 478              		.thumb_func
 479              		.fpu softvfp
 481              	KeyManage:
 482              	.LFB69:
 136:Src/key.c     **** 
 137:Src/key.c     **** void KeyManage(void)
 138:Src/key.c     **** {
 483              		.loc 1 138 1 is_stmt 1 view -0
 484              		.cfi_startproc
 485              		@ args = 0, pretend = 0, frame = 0
 486              		@ frame_needed = 0, uses_anonymous_args = 0
 487 0000 08B5     		push	{r3, lr}
 488              	.LCFI5:
 489              		.cfi_def_cfa_offset 8
 490              		.cfi_offset 3, -8
 491              		.cfi_offset 14, -4
 139:Src/key.c     ****     if(HAL_GetTick() - key.tick > 1)
 492              		.loc 1 139 5 view .LVU131
 493              		.loc 1 139 8 is_stmt 0 view .LVU132
 494 0002 FFF7FEFF 		bl	HAL_GetTick
 495              	.LVL28:
 496              		.loc 1 139 27 view .LVU133
 497 0006 154B     		ldr	r3, .L52
 498 0008 5B69     		ldr	r3, [r3, #20]
 499              		.loc 1 139 22 view .LVU134
 500 000a C01A     		subs	r0, r0, r3
 501              		.loc 1 139 7 view .LVU135
 502 000c 0128     		cmp	r0, #1
 503 000e 00D8     		bhi	.L51
ARM GAS  C:\Users\behun\AppData\Local\Temp\ccm1ezjU.s 			page 13


 504              	.L42:
 140:Src/key.c     ****     {
 141:Src/key.c     ****       switch(KeyProcess())
 142:Src/key.c     ****       {
 143:Src/key.c     ****         case NEON:
 144:Src/key.c     ****           main_scr.lampStatus = ~main_scr.lampStatus;
 145:Src/key.c     **** 		  printf("neon: %d \n", main_scr.lampStatus);
 146:Src/key.c     ****           break;
 147:Src/key.c     ****         case UV:
 148:Src/key.c     ****           main_scr.uvStatus = ~main_scr.uvStatus;
 149:Src/key.c     ****           break;
 150:Src/key.c     ****         case FAN:
 151:Src/key.c     ****           main_scr.fanStatus = ~main_scr.fanStatus;
 152:Src/key.c     ****           break;
 153:Src/key.c     ****         case SOCKET:
 154:Src/key.c     ****           main_scr.socketStatus = ~main_scr.socketStatus;
 155:Src/key.c     ****           break;
 156:Src/key.c     ****         default:
 157:Src/key.c     ****           break; 
 158:Src/key.c     ****       }
 159:Src/key.c     ****       key.tick = HAL_GetTick();
 160:Src/key.c     ****     }
 161:Src/key.c     **** }...
 505              		.loc 1 161 1 view .LVU136
 506 0010 08BD     		pop	{r3, pc}
 507              	.L51:
 141:Src/key.c     ****       switch(KeyProcess())
 508              		.loc 1 141 7 is_stmt 1 view .LVU137
 141:Src/key.c     ****       switch(KeyProcess())
 509              		.loc 1 141 14 is_stmt 0 view .LVU138
 510 0012 FFF7FEFF 		bl	KeyProcess
 511              	.LVL29:
 141:Src/key.c     ****       switch(KeyProcess())
 512              		.loc 1 141 7 view .LVU139
 513 0016 0138     		subs	r0, r0, #1
 514 0018 0328     		cmp	r0, #3
 515 001a 0BD8     		bhi	.L44
 516 001c DFE800F0 		tbb	[pc, r0]
 517              	.L46:
 518 0020 02       		.byte	(.L49-.L46)/2
 519 0021 0F       		.byte	(.L48-.L46)/2
 520 0022 14       		.byte	(.L47-.L46)/2
 521 0023 19       		.byte	(.L45-.L46)/2
 522              		.p2align 1
 523              	.L49:
 144:Src/key.c     ****           main_scr.lampStatus = ~main_scr.lampStatus;
 524              		.loc 1 144 11 is_stmt 1 view .LVU140
 144:Src/key.c     ****           main_scr.lampStatus = ~main_scr.lampStatus;
 525              		.loc 1 144 42 is_stmt 0 view .LVU141
 526 0024 0E4B     		ldr	r3, .L52+4
 527 0026 1978     		ldrb	r1, [r3]	@ zero_extendqisi2
 144:Src/key.c     ****           main_scr.lampStatus = ~main_scr.lampStatus;
 528              		.loc 1 144 31 view .LVU142
 529 0028 C943     		mvns	r1, r1
 530 002a C9B2     		uxtb	r1, r1
 531 002c 1970     		strb	r1, [r3]
 145:Src/key.c     **** 		  printf("neon: %d \n", main_scr.lampStatus);
ARM GAS  C:\Users\behun\AppData\Local\Temp\ccm1ezjU.s 			page 14


 532              		.loc 1 145 5 is_stmt 1 view .LVU143
 533 002e 0D48     		ldr	r0, .L52+8
 534 0030 FFF7FEFF 		bl	printf
 535              	.LVL30:
 146:Src/key.c     ****           break;
 536              		.loc 1 146 11 view .LVU144
 537              	.L44:
 159:Src/key.c     ****       key.tick = HAL_GetTick();
 538              		.loc 1 159 7 view .LVU145
 159:Src/key.c     ****       key.tick = HAL_GetTick();
 539              		.loc 1 159 18 is_stmt 0 view .LVU146
 540 0034 FFF7FEFF 		bl	HAL_GetTick
 541              	.LVL31:
 159:Src/key.c     ****       key.tick = HAL_GetTick();
 542              		.loc 1 159 16 view .LVU147
 543 0038 084B     		ldr	r3, .L52
 544 003a 5861     		str	r0, [r3, #20]
 545              		.loc 1 161 1 view .LVU148
 546 003c E8E7     		b	.L42
 547              	.L48:
 148:Src/key.c     ****           main_scr.uvStatus = ~main_scr.uvStatus;
 548              		.loc 1 148 11 is_stmt 1 view .LVU149
 148:Src/key.c     ****           main_scr.uvStatus = ~main_scr.uvStatus;
 549              		.loc 1 148 40 is_stmt 0 view .LVU150
 550 003e 084A     		ldr	r2, .L52+4
 551 0040 5378     		ldrb	r3, [r2, #1]	@ zero_extendqisi2
 148:Src/key.c     ****           main_scr.uvStatus = ~main_scr.uvStatus;
 552              		.loc 1 148 29 view .LVU151
 553 0042 DB43     		mvns	r3, r3
 554 0044 5370     		strb	r3, [r2, #1]
 149:Src/key.c     ****           break;
 555              		.loc 1 149 11 is_stmt 1 view .LVU152
 556 0046 F5E7     		b	.L44
 557              	.L47:
 151:Src/key.c     ****           main_scr.fanStatus = ~main_scr.fanStatus;
 558              		.loc 1 151 11 view .LVU153
 151:Src/key.c     ****           main_scr.fanStatus = ~main_scr.fanStatus;
 559              		.loc 1 151 41 is_stmt 0 view .LVU154
 560 0048 054A     		ldr	r2, .L52+4
 561 004a 9378     		ldrb	r3, [r2, #2]	@ zero_extendqisi2
 151:Src/key.c     ****           main_scr.fanStatus = ~main_scr.fanStatus;
 562              		.loc 1 151 30 view .LVU155
 563 004c DB43     		mvns	r3, r3
 564 004e 9370     		strb	r3, [r2, #2]
 152:Src/key.c     ****           break;
 565              		.loc 1 152 11 is_stmt 1 view .LVU156
 566 0050 F0E7     		b	.L44
 567              	.L45:
 154:Src/key.c     ****           main_scr.socketStatus = ~main_scr.socketStatus;
 568              		.loc 1 154 11 view .LVU157
 154:Src/key.c     ****           main_scr.socketStatus = ~main_scr.socketStatus;
 569              		.loc 1 154 44 is_stmt 0 view .LVU158
 570 0052 034A     		ldr	r2, .L52+4
 571 0054 D378     		ldrb	r3, [r2, #3]	@ zero_extendqisi2
 154:Src/key.c     ****           main_scr.socketStatus = ~main_scr.socketStatus;
 572              		.loc 1 154 33 view .LVU159
 573 0056 DB43     		mvns	r3, r3
ARM GAS  C:\Users\behun\AppData\Local\Temp\ccm1ezjU.s 			page 15


 574 0058 D370     		strb	r3, [r2, #3]
 155:Src/key.c     ****           break;
 575              		.loc 1 155 11 is_stmt 1 view .LVU160
 576 005a EBE7     		b	.L44
 577              	.L53:
 578              		.align	2
 579              	.L52:
 580 005c 00000000 		.word	key
 581 0060 00000000 		.word	main_scr
 582 0064 00000000 		.word	.LC0
 583              		.cfi_endproc
 584              	.LFE69:
 586              		.comm	key,24,4
 587              		.section	.rodata.KeyManage.str1.4,"aMS",%progbits,1
 588              		.align	2
 589              	.LC0:
 590 0000 6E656F6E 		.ascii	"neon: %d \012\000"
 590      3A202564 
 590      200A00
 591              		.text
 592              	.Letext0:
 593              		.file 2 "c:\\program files (x86)\\gnu tools arm embedded\\8 2019-q3-update\\arm-none-eabi\\include
 594              		.file 3 "c:\\program files (x86)\\gnu tools arm embedded\\8 2019-q3-update\\arm-none-eabi\\include
 595              		.file 4 "Drivers/CMSIS/Include/core_cm3.h"
 596              		.file 5 "Drivers/CMSIS/Device/ST/STM32F1xx/Include/system_stm32f1xx.h"
 597              		.file 6 "Drivers/CMSIS/Device/ST/STM32F1xx/Include/stm32f103xe.h"
 598              		.file 7 "c:\\program files (x86)\\gnu tools arm embedded\\8 2019-q3-update\\lib\\gcc\\arm-none-eab
 599              		.file 8 "c:\\program files (x86)\\gnu tools arm embedded\\8 2019-q3-update\\arm-none-eabi\\include
 600              		.file 9 "c:\\program files (x86)\\gnu tools arm embedded\\8 2019-q3-update\\arm-none-eabi\\include
 601              		.file 10 "c:\\program files (x86)\\gnu tools arm embedded\\8 2019-q3-update\\arm-none-eabi\\includ
 602              		.file 11 "Drivers/STM32F1xx_HAL_Driver/Inc/stm32f1xx_hal_gpio.h"
 603              		.file 12 "Drivers/STM32F1xx_HAL_Driver/Inc/stm32f1xx_hal.h"
 604              		.file 13 "Inc/key.h"
 605              		.file 14 "u8g2/csrc/u8x8.h"
 606              		.file 15 "u8g2/csrc/u8g2.h"
 607              		.file 16 "Inc/user_bitmap.h"
 608              		.file 17 "Inc/main_screen.h"
 609              		.file 18 "c:\\program files (x86)\\gnu tools arm embedded\\8 2019-q3-update\\arm-none-eabi\\includ
ARM GAS  C:\Users\behun\AppData\Local\Temp\ccm1ezjU.s 			page 16


DEFINED SYMBOLS
                            *ABS*:00000000 key.c
C:\Users\behun\AppData\Local\Temp\ccm1ezjU.s:16     .text.KeyInit:00000000 $t
C:\Users\behun\AppData\Local\Temp\ccm1ezjU.s:24     .text.KeyInit:00000000 KeyInit
C:\Users\behun\AppData\Local\Temp\ccm1ezjU.s:120    .text.KeyInit:00000060 $d
                            *COM*:00000018 key
C:\Users\behun\AppData\Local\Temp\ccm1ezjU.s:127    .text.KeyGet:00000000 $t
C:\Users\behun\AppData\Local\Temp\ccm1ezjU.s:134    .text.KeyGet:00000000 KeyGet
C:\Users\behun\AppData\Local\Temp\ccm1ezjU.s:154    .text.KeyGet:0000000c $d
C:\Users\behun\AppData\Local\Temp\ccm1ezjU.s:158    .text.KeyGet:00000010 $t
C:\Users\behun\AppData\Local\Temp\ccm1ezjU.s:322    .text.KeyGet:000000d8 $d
C:\Users\behun\AppData\Local\Temp\ccm1ezjU.s:328    .text.KeyProcess:00000000 $t
C:\Users\behun\AppData\Local\Temp\ccm1ezjU.s:335    .text.KeyProcess:00000000 KeyProcess
C:\Users\behun\AppData\Local\Temp\ccm1ezjU.s:369    .text.KeyProcess:0000001c $d
C:\Users\behun\AppData\Local\Temp\ccm1ezjU.s:373    .text.KeyProcess:00000020 $t
C:\Users\behun\AppData\Local\Temp\ccm1ezjU.s:469    .text.KeyProcess:0000007c $d
C:\Users\behun\AppData\Local\Temp\ccm1ezjU.s:474    .text.KeyManage:00000000 $t
C:\Users\behun\AppData\Local\Temp\ccm1ezjU.s:481    .text.KeyManage:00000000 KeyManage
C:\Users\behun\AppData\Local\Temp\ccm1ezjU.s:518    .text.KeyManage:00000020 $d
C:\Users\behun\AppData\Local\Temp\ccm1ezjU.s:522    .text.KeyManage:00000024 $t
C:\Users\behun\AppData\Local\Temp\ccm1ezjU.s:580    .text.KeyManage:0000005c $d
C:\Users\behun\AppData\Local\Temp\ccm1ezjU.s:588    .rodata.KeyManage.str1.4:00000000 $d

UNDEFINED SYMBOLS
HAL_GPIO_Init
HAL_GetTick
HAL_GPIO_ReadPin
printf
main_scr
