ARM GAS  C:\Users\behun\AppData\Local\Temp\ccuXC3bb.s 			page 1


   1              		.cpu cortex-m3
   2              		.eabi_attribute 20, 1
   3              		.eabi_attribute 21, 1
   4              		.eabi_attribute 23, 3
   5              		.eabi_attribute 24, 1
   6              		.eabi_attribute 25, 1
   7              		.eabi_attribute 26, 1
   8              		.eabi_attribute 30, 1
   9              		.eabi_attribute 34, 1
  10              		.eabi_attribute 18, 4
  11              		.file	"logo.c"
  12              		.text
  13              	.Ltext0:
  14              		.cfi_sections	.debug_frame
  15              		.section	.text.Logo,"ax",%progbits
  16              		.align	1
  17              		.global	Logo
  18              		.arch armv7-m
  19              		.syntax unified
  20              		.thumb
  21              		.thumb_func
  22              		.fpu softvfp
  24              	Logo:
  25              	.LFB66:
  26              		.file 1 "Src/logo.c"
   1:Src/logo.c    **** #include "logo.h"
   2:Src/logo.c    **** #include "u8g2.h"
   3:Src/logo.c    **** 
   4:Src/logo.c    **** const unsigned char ph_logo [] = {
   5:Src/logo.c    **** 0x00, 0x00, 0x00, 0x00, 0x00, 0x00, 0x00, 0x00, 0x00, 0x00, 0x00, 0x1E, 0x00, 0x00, 0x00, 0x00,
   6:Src/logo.c    **** 0x00, 0x00, 0x00, 0x00, 0x00, 0x00, 0x00, 0x00, 0x00, 0x00, 0x00, 0x3E, 0x00, 0x00, 0x00, 0x00,
   7:Src/logo.c    **** 0x00, 0x00, 0x00, 0x00, 0x00, 0x00, 0x00, 0x00, 0x00, 0x00, 0x00, 0x3F, 0x00, 0x00, 0x00, 0x00,
   8:Src/logo.c    **** 0x00, 0x00, 0x00, 0x00, 0x00, 0x00, 0x00, 0x00, 0x07, 0x80, 0x00, 0x7F, 0x00, 0x00, 0x00, 0x00,
   9:Src/logo.c    **** 0x00, 0x00, 0x00, 0x00, 0x00, 0x00, 0x00, 0x00, 0x07, 0xC0, 0x00, 0x7F, 0x00, 0x00, 0x00, 0x00,
  10:Src/logo.c    **** 0x00, 0x00, 0x00, 0x00, 0x00, 0x00, 0x00, 0x00, 0x0F, 0xE0, 0x00, 0x7F, 0x00, 0x00, 0x00, 0x00,
  11:Src/logo.c    **** 0x00, 0x00, 0x00, 0x00, 0x00, 0x00, 0x00, 0x00, 0x0F, 0xE0, 0x00, 0xFF, 0x00, 0x00, 0x00, 0x00,
  12:Src/logo.c    **** 0x00, 0x00, 0x00, 0x00, 0x00, 0x70, 0x00, 0x00, 0x1F, 0xE0, 0x00, 0xFF, 0x00, 0x00, 0x00, 0x00,
  13:Src/logo.c    **** 0x00, 0x00, 0x00, 0x00, 0x00, 0xF8, 0x00, 0x00, 0x1F, 0xE0, 0x00, 0xFF, 0x80, 0x00, 0x00, 0x00,
  14:Src/logo.c    **** 0x00, 0x00, 0x00, 0x00, 0x00, 0xFC, 0x00, 0x00, 0x1F, 0xE0, 0x00, 0xFF, 0x80, 0x00, 0x00, 0x00,
  15:Src/logo.c    **** 0x00, 0x00, 0x00, 0x00, 0x01, 0xFC, 0x00, 0x00, 0x3F, 0xE0, 0x01, 0xFF, 0x80, 0x00, 0x00, 0x00,
  16:Src/logo.c    **** 0x00, 0x00, 0x00, 0x00, 0x01, 0xFE, 0x00, 0x00, 0x3F, 0xE0, 0x01, 0xFF, 0x80, 0x00, 0x00, 0x00,
  17:Src/logo.c    **** 0x00, 0x00, 0x00, 0x00, 0x01, 0xFE, 0x00, 0x00, 0x3F, 0xE0, 0x01, 0xFF, 0x80, 0x00, 0x00, 0x00,
  18:Src/logo.c    **** 0x00, 0x00, 0x00, 0x00, 0x03, 0xFE, 0x00, 0x00, 0x7F, 0xE0, 0x03, 0xFF, 0x80, 0x00, 0x00, 0x00,
  19:Src/logo.c    **** 0x00, 0x00, 0x00, 0x00, 0x03, 0xFE, 0x00, 0x00, 0x7F, 0xE0, 0x03, 0xFF, 0x80, 0x00, 0x00, 0x00,
  20:Src/logo.c    **** 0x00, 0x00, 0x00, 0x00, 0x07, 0xFF, 0xF8, 0x00, 0x7F, 0xE0, 0x03, 0xFF, 0x00, 0x00, 0x00, 0x00,
  21:Src/logo.c    **** 0x00, 0x00, 0x00, 0x00, 0x07, 0xFF, 0xFE, 0x00, 0x7F, 0xE0, 0x03, 0xFF, 0x00, 0x00, 0x00, 0x00,
  22:Src/logo.c    **** 0x00, 0x00, 0x00, 0x00, 0x0F, 0xFF, 0xFF, 0x80, 0xFF, 0xE0, 0x03, 0xFF, 0x00, 0x00, 0x00, 0x00,
  23:Src/logo.c    **** 0x00, 0x00, 0x00, 0x00, 0x0F, 0xFF, 0xFF, 0xC0, 0xFF, 0xE0, 0x07, 0xFF, 0x00, 0x00, 0x00, 0x00,
  24:Src/logo.c    **** 0x00, 0x00, 0x00, 0x00, 0x0F, 0xFF, 0xFF, 0xE0, 0xFF, 0xC0, 0x07, 0xFF, 0x00, 0x00, 0x00, 0x00,
  25:Src/logo.c    **** 0x00, 0x00, 0x00, 0x00, 0x1F, 0xFF, 0xFF, 0xE0, 0xFF, 0xC0, 0x07, 0xFF, 0x00, 0x00, 0x00, 0x00,
  26:Src/logo.c    **** 0x00, 0x00, 0x00, 0x00, 0x1F, 0xFF, 0xFF, 0xF0, 0xFF, 0xC0, 0x0F, 0xFF, 0x00, 0x00, 0x00, 0x00,
  27:Src/logo.c    **** 0x00, 0x00, 0x00, 0x00, 0x3F, 0xFF, 0xFF, 0xF0, 0xFF, 0xC1, 0xFF, 0xFF, 0xE0, 0x00, 0x00, 0x00,
  28:Src/logo.c    **** 0x00, 0x00, 0x00, 0x00, 0x7F, 0xFF, 0xFF, 0xF8, 0xFF, 0xFF, 0xFF, 0xFF, 0xE0, 0x00, 0x00, 0x00,
  29:Src/logo.c    **** 0x00, 0x00, 0x00, 0x00, 0x7F, 0xFE, 0x1F, 0xF8, 0xFF, 0xFF, 0xFF, 0xFF, 0x00, 0x00, 0x00, 0x00,
  30:Src/logo.c    **** 0x00, 0x00, 0x00, 0x00, 0xFF, 0xFC, 0x0F, 0xF9, 0xFF, 0xFF, 0xFF, 0xFC, 0x00, 0x00, 0x00, 0x00,
  31:Src/logo.c    **** 0x00, 0x00, 0x00, 0x00, 0xFF, 0xF8, 0x07, 0xF9, 0xFF, 0xF8, 0x0F, 0xFC, 0x00, 0x00, 0x00, 0x00,
  32:Src/logo.c    **** 0x00, 0x00, 0x00, 0x00, 0x7F, 0xF0, 0x07, 0xF9, 0xFF, 0xC0, 0x0F, 0xF8, 0x00, 0x00, 0x00, 0x00,
ARM GAS  C:\Users\behun\AppData\Local\Temp\ccuXC3bb.s 			page 2


  33:Src/logo.c    **** 0x00, 0x00, 0x00, 0x00, 0x7F, 0xF0, 0x03, 0xF9, 0xFF, 0x80, 0x0F, 0xF8, 0x00, 0x00, 0x00, 0x00,
  34:Src/logo.c    **** 0x00, 0x00, 0x00, 0x00, 0x7F, 0xE0, 0x07, 0xF9, 0xFF, 0x80, 0x0F, 0xF8, 0x00, 0x00, 0x00, 0x00,
  35:Src/logo.c    **** 0x00, 0x00, 0x00, 0x00, 0x7F, 0xF0, 0x07, 0xF9, 0xFF, 0x00, 0x0F, 0xF8, 0x00, 0x00, 0x00, 0x00,
  36:Src/logo.c    **** 0x00, 0x00, 0x00, 0x00, 0x7F, 0xF0, 0x1F, 0xF9, 0xFF, 0x00, 0x0F, 0xF0, 0x00, 0x00, 0x00, 0x00,
  37:Src/logo.c    **** 0x00, 0x00, 0x00, 0x00, 0xFF, 0xFC, 0x7F, 0xF9, 0xFF, 0x00, 0x0F, 0xF0, 0x00, 0x00, 0x00, 0x00,
  38:Src/logo.c    **** 0x00, 0x00, 0x00, 0x00, 0xFF, 0xFF, 0xFF, 0xF1, 0xFE, 0x00, 0x0F, 0xF0, 0x00, 0x00, 0x00, 0x00,
  39:Src/logo.c    **** 0x00, 0x00, 0x00, 0x00, 0xFF, 0xFF, 0xFF, 0xF1, 0xFE, 0x00, 0x0F, 0xF0, 0x00, 0x00, 0x00, 0x00,
  40:Src/logo.c    **** 0x00, 0x00, 0x00, 0x00, 0xFF, 0xFF, 0xFF, 0xE1, 0xFE, 0x00, 0x0F, 0xF0, 0x00, 0x00, 0x00, 0x00,
  41:Src/logo.c    **** 0x00, 0x00, 0x00, 0x01, 0xFF, 0xFF, 0xFF, 0xC1, 0xFC, 0x00, 0x0F, 0xF0, 0x00, 0x00, 0x00, 0x00,
  42:Src/logo.c    **** 0x00, 0x00, 0x00, 0x01, 0xFF, 0xFF, 0xFF, 0x81, 0xFC, 0x00, 0x0F, 0xF0, 0x00, 0x00, 0x00, 0x00,
  43:Src/logo.c    **** 0x00, 0x00, 0x00, 0x01, 0xFE, 0xFF, 0xFF, 0x01, 0xFC, 0x00, 0x0F, 0xF0, 0x00, 0x00, 0x00, 0x00,
  44:Src/logo.c    **** 0x00, 0x00, 0x00, 0x01, 0xFE, 0x1F, 0xFC, 0x01, 0xFC, 0x00, 0x07, 0xF0, 0x00, 0x00, 0x00, 0x00,
  45:Src/logo.c    **** 0x00, 0x00, 0x00, 0x01, 0xFC, 0x01, 0xC0, 0x01, 0xF8, 0x00, 0x07, 0xF0, 0x00, 0x00, 0x00, 0x00,
  46:Src/logo.c    **** 0x00, 0x00, 0x00, 0x03, 0xFC, 0x00, 0x00, 0x00, 0xF8, 0x00, 0x07, 0xF0, 0x00, 0x00, 0x00, 0x00,
  47:Src/logo.c    **** 0x00, 0x00, 0x00, 0x03, 0xFC, 0x00, 0x00, 0x00, 0xF8, 0x00, 0x07, 0xF0, 0x00, 0x00, 0x00, 0x00,
  48:Src/logo.c    **** 0x00, 0x00, 0x00, 0x03, 0xFC, 0x00, 0x00, 0x00, 0xF0, 0x00, 0x07, 0xF0, 0x0F, 0x80, 0x00, 0x00,
  49:Src/logo.c    **** 0x00, 0x00, 0x00, 0x03, 0xF8, 0x00, 0x00, 0x00, 0xF0, 0x00, 0x03, 0xF0, 0x38, 0xE0, 0x00, 0x00,
  50:Src/logo.c    **** 0x00, 0x00, 0x00, 0x03, 0xF8, 0x00, 0x00, 0x00, 0xF0, 0x00, 0x03, 0xF0, 0x30, 0x60, 0x00, 0x00,
  51:Src/logo.c    **** 0x00, 0x00, 0x00, 0x03, 0xF8, 0x00, 0x00, 0x00, 0x60, 0x00, 0x03, 0xE0, 0x60, 0x4C, 0x00, 0x00,
  52:Src/logo.c    **** 0x00, 0x00, 0x00, 0x03, 0xF0, 0x00, 0x00, 0x00, 0x00, 0x00, 0x00, 0x00, 0x60, 0x0C, 0x00, 0x00,
  53:Src/logo.c    **** 0x00, 0x00, 0x00, 0x07, 0xF0, 0x00, 0x00, 0x00, 0x00, 0x10, 0x00, 0x00, 0x60, 0x00, 0x00, 0x00,
  54:Src/logo.c    **** 0x00, 0x00, 0x00, 0x07, 0xF0, 0x00, 0x00, 0x00, 0x00, 0x18, 0x00, 0x00, 0x60, 0x00, 0x00, 0x00,
  55:Src/logo.c    **** 0x06, 0x00, 0x1E, 0x07, 0xF0, 0x18, 0x00, 0x03, 0x00, 0x3C, 0x80, 0x00, 0xF0, 0x00, 0x00, 0x38,
  56:Src/logo.c    **** 0x3F, 0x80, 0xF7, 0x87, 0xF0, 0xE7, 0x03, 0xFF, 0xE0, 0xFF, 0xC7, 0x83, 0xFF, 0x3C, 0x03, 0xFE,
  57:Src/logo.c    **** 0x60, 0xC1, 0xC1, 0x87, 0xE1, 0x83, 0x81, 0xF0, 0xF0, 0x38, 0x01, 0x80, 0xF0, 0x0C, 0x07, 0x07,
  58:Src/logo.c    **** 0xE0, 0xC3, 0x80, 0x87, 0xE3, 0x81, 0xC1, 0xE0, 0x70, 0x38, 0x01, 0x80, 0x60, 0x0C, 0x0E, 0x03,
  59:Src/logo.c    **** 0xE0, 0x07, 0x00, 0x07, 0xE7, 0x81, 0xC1, 0xC0, 0x70, 0x38, 0x01, 0x80, 0x60, 0x0C, 0x0E, 0x00,
  60:Src/logo.c    **** 0x78, 0x07, 0x00, 0x07, 0xE7, 0xFF, 0xC1, 0xC0, 0x30, 0x38, 0x01, 0x80, 0x60, 0x0C, 0x1C, 0x00,
  61:Src/logo.c    **** 0x7F, 0x07, 0x00, 0x07, 0xE7, 0xFF, 0x81, 0xC0, 0x30, 0x38, 0x01, 0x80, 0x60, 0x0C, 0x1C, 0x00,
  62:Src/logo.c    **** 0x0F, 0xC7, 0x00, 0x07, 0xE7, 0x00, 0x01, 0xC0, 0x30, 0x38, 0x01, 0x80, 0x60, 0x0C, 0x1C, 0x00,
  63:Src/logo.c    **** 0x03, 0xE7, 0x00, 0x07, 0xE7, 0x00, 0x01, 0xC0, 0x30, 0x38, 0x01, 0x80, 0x60, 0x0C, 0x1C, 0x00,
  64:Src/logo.c    **** 0x00, 0xE7, 0x00, 0x0F, 0xC7, 0x80, 0x01, 0xC0, 0x30, 0x38, 0x01, 0x80, 0x60, 0x0C, 0x0E, 0x00,
  65:Src/logo.c    **** 0x40, 0xE3, 0x80, 0x07, 0x83, 0x80, 0x01, 0xC0, 0x30, 0x38, 0x01, 0x80, 0x60, 0x0C, 0x0E, 0x00,
  66:Src/logo.c    **** 0x60, 0xC3, 0xC0, 0x87, 0x83, 0xC0, 0xC1, 0xE0, 0x78, 0x1C, 0x41, 0x80, 0xF0, 0x0E, 0x0F, 0x83,
  67:Src/logo.c    **** 0x7F, 0x81, 0xFF, 0x83, 0x00, 0xFF, 0x87, 0xF0, 0xFC, 0x0F, 0xCF, 0xE2, 0x04, 0x3F, 0x83, 0xFE,
  68:Src/logo.c    **** 0x00, 0x00, 0x08, 0x00, 0x00, 0x1E, 0x00, 0x00, 0x00, 0x00, 0x00, 0x00, 0x00, 0x00, 0x00, 0x20
  69:Src/logo.c    **** };
  70:Src/logo.c    **** u8g2_t u8g2;
  71:Src/logo.c    **** void Logo(void)
  72:Src/logo.c    **** {
  27              		.loc 1 72 1 view -0
  28              		.cfi_startproc
  29              		@ args = 0, pretend = 0, frame = 0
  30              		@ frame_needed = 0, uses_anonymous_args = 0
  31 0000 10B5     		push	{r4, lr}
  32              	.LCFI0:
  33              		.cfi_def_cfa_offset 8
  34              		.cfi_offset 4, -8
  35              		.cfi_offset 14, -4
  36 0002 82B0     		sub	sp, sp, #8
  37              	.LCFI1:
  38              		.cfi_def_cfa_offset 16
  73:Src/logo.c    ****   u8g2_DrawBitmap(&u8g2, 0, 0, 16, 64, ph_logo);
  39              		.loc 1 73 3 view .LVU1
  40 0004 074C     		ldr	r4, .L3
  41 0006 084B     		ldr	r3, .L3+4
  42 0008 0193     		str	r3, [sp, #4]
ARM GAS  C:\Users\behun\AppData\Local\Temp\ccuXC3bb.s 			page 3


  43 000a 4023     		movs	r3, #64
  44 000c 0093     		str	r3, [sp]
  45 000e 1023     		movs	r3, #16
  46 0010 0022     		movs	r2, #0
  47 0012 1146     		mov	r1, r2
  48 0014 2046     		mov	r0, r4
  49 0016 FFF7FEFF 		bl	u8g2_DrawBitmap
  50              	.LVL0:
  74:Src/logo.c    ****   u8g2_SendBuffer(&u8g2);
  51              		.loc 1 74 3 view .LVU2
  52 001a 2046     		mov	r0, r4
  53 001c FFF7FEFF 		bl	u8g2_SendBuffer
  54              	.LVL1:
  75:Src/logo.c    **** }...
  55              		.loc 1 75 1 is_stmt 0 view .LVU3
  56 0020 02B0     		add	sp, sp, #8
  57              	.LCFI2:
  58              		.cfi_def_cfa_offset 8
  59              		@ sp needed
  60 0022 10BD     		pop	{r4, pc}
  61              	.L4:
  62              		.align	2
  63              	.L3:
  64 0024 00000000 		.word	u8g2
  65 0028 00000000 		.word	.LANCHOR0
  66              		.cfi_endproc
  67              	.LFE66:
  69              		.comm	u8g2,128,4
  70              		.global	ph_logo
  71              		.section	.rodata.ph_logo,"a"
  72              		.align	2
  73              		.set	.LANCHOR0,. + 0
  76              	ph_logo:
  77 0000 00       		.byte	0
  78 0001 00       		.byte	0
  79 0002 00       		.byte	0
  80 0003 00       		.byte	0
  81 0004 00       		.byte	0
  82 0005 00       		.byte	0
  83 0006 00       		.byte	0
  84 0007 00       		.byte	0
  85 0008 00       		.byte	0
  86 0009 00       		.byte	0
  87 000a 00       		.byte	0
  88 000b 1E       		.byte	30
  89 000c 00       		.byte	0
  90 000d 00       		.byte	0
  91 000e 00       		.byte	0
  92 000f 00       		.byte	0
  93 0010 00       		.byte	0
  94 0011 00       		.byte	0
  95 0012 00       		.byte	0
  96 0013 00       		.byte	0
  97 0014 00       		.byte	0
  98 0015 00       		.byte	0
  99 0016 00       		.byte	0
 100 0017 00       		.byte	0
ARM GAS  C:\Users\behun\AppData\Local\Temp\ccuXC3bb.s 			page 4


 101 0018 00       		.byte	0
 102 0019 00       		.byte	0
 103 001a 00       		.byte	0
 104 001b 3E       		.byte	62
 105 001c 00       		.byte	0
 106 001d 00       		.byte	0
 107 001e 00       		.byte	0
 108 001f 00       		.byte	0
 109 0020 00       		.byte	0
 110 0021 00       		.byte	0
 111 0022 00       		.byte	0
 112 0023 00       		.byte	0
 113 0024 00       		.byte	0
 114 0025 00       		.byte	0
 115 0026 00       		.byte	0
 116 0027 00       		.byte	0
 117 0028 00       		.byte	0
 118 0029 00       		.byte	0
 119 002a 00       		.byte	0
 120 002b 3F       		.byte	63
 121 002c 00       		.byte	0
 122 002d 00       		.byte	0
 123 002e 00       		.byte	0
 124 002f 00       		.byte	0
 125 0030 00       		.byte	0
 126 0031 00       		.byte	0
 127 0032 00       		.byte	0
 128 0033 00       		.byte	0
 129 0034 00       		.byte	0
 130 0035 00       		.byte	0
 131 0036 00       		.byte	0
 132 0037 00       		.byte	0
 133 0038 07       		.byte	7
 134 0039 80       		.byte	-128
 135 003a 00       		.byte	0
 136 003b 7F       		.byte	127
 137 003c 00       		.byte	0
 138 003d 00       		.byte	0
 139 003e 00       		.byte	0
 140 003f 00       		.byte	0
 141 0040 00       		.byte	0
 142 0041 00       		.byte	0
 143 0042 00       		.byte	0
 144 0043 00       		.byte	0
 145 0044 00       		.byte	0
 146 0045 00       		.byte	0
 147 0046 00       		.byte	0
 148 0047 00       		.byte	0
 149 0048 07       		.byte	7
 150 0049 C0       		.byte	-64
 151 004a 00       		.byte	0
 152 004b 7F       		.byte	127
 153 004c 00       		.byte	0
 154 004d 00       		.byte	0
 155 004e 00       		.byte	0
 156 004f 00       		.byte	0
 157 0050 00       		.byte	0
ARM GAS  C:\Users\behun\AppData\Local\Temp\ccuXC3bb.s 			page 5


 158 0051 00       		.byte	0
 159 0052 00       		.byte	0
 160 0053 00       		.byte	0
 161 0054 00       		.byte	0
 162 0055 00       		.byte	0
 163 0056 00       		.byte	0
 164 0057 00       		.byte	0
 165 0058 0F       		.byte	15
 166 0059 E0       		.byte	-32
 167 005a 00       		.byte	0
 168 005b 7F       		.byte	127
 169 005c 00       		.byte	0
 170 005d 00       		.byte	0
 171 005e 00       		.byte	0
 172 005f 00       		.byte	0
 173 0060 00       		.byte	0
 174 0061 00       		.byte	0
 175 0062 00       		.byte	0
 176 0063 00       		.byte	0
 177 0064 00       		.byte	0
 178 0065 00       		.byte	0
 179 0066 00       		.byte	0
 180 0067 00       		.byte	0
 181 0068 0F       		.byte	15
 182 0069 E0       		.byte	-32
 183 006a 00       		.byte	0
 184 006b FF       		.byte	-1
 185 006c 00       		.byte	0
 186 006d 00       		.byte	0
 187 006e 00       		.byte	0
 188 006f 00       		.byte	0
 189 0070 00       		.byte	0
 190 0071 00       		.byte	0
 191 0072 00       		.byte	0
 192 0073 00       		.byte	0
 193 0074 00       		.byte	0
 194 0075 70       		.byte	112
 195 0076 00       		.byte	0
 196 0077 00       		.byte	0
 197 0078 1F       		.byte	31
 198 0079 E0       		.byte	-32
 199 007a 00       		.byte	0
 200 007b FF       		.byte	-1
 201 007c 00       		.byte	0
 202 007d 00       		.byte	0
 203 007e 00       		.byte	0
 204 007f 00       		.byte	0
 205 0080 00       		.byte	0
 206 0081 00       		.byte	0
 207 0082 00       		.byte	0
 208 0083 00       		.byte	0
 209 0084 00       		.byte	0
 210 0085 F8       		.byte	-8
 211 0086 00       		.byte	0
 212 0087 00       		.byte	0
 213 0088 1F       		.byte	31
 214 0089 E0       		.byte	-32
ARM GAS  C:\Users\behun\AppData\Local\Temp\ccuXC3bb.s 			page 6


 215 008a 00       		.byte	0
 216 008b FF       		.byte	-1
 217 008c 80       		.byte	-128
 218 008d 00       		.byte	0
 219 008e 00       		.byte	0
 220 008f 00       		.byte	0
 221 0090 00       		.byte	0
 222 0091 00       		.byte	0
 223 0092 00       		.byte	0
 224 0093 00       		.byte	0
 225 0094 00       		.byte	0
 226 0095 FC       		.byte	-4
 227 0096 00       		.byte	0
 228 0097 00       		.byte	0
 229 0098 1F       		.byte	31
 230 0099 E0       		.byte	-32
 231 009a 00       		.byte	0
 232 009b FF       		.byte	-1
 233 009c 80       		.byte	-128
 234 009d 00       		.byte	0
 235 009e 00       		.byte	0
 236 009f 00       		.byte	0
 237 00a0 00       		.byte	0
 238 00a1 00       		.byte	0
 239 00a2 00       		.byte	0
 240 00a3 00       		.byte	0
 241 00a4 01       		.byte	1
 242 00a5 FC       		.byte	-4
 243 00a6 00       		.byte	0
 244 00a7 00       		.byte	0
 245 00a8 3F       		.byte	63
 246 00a9 E0       		.byte	-32
 247 00aa 01       		.byte	1
 248 00ab FF       		.byte	-1
 249 00ac 80       		.byte	-128
 250 00ad 00       		.byte	0
 251 00ae 00       		.byte	0
 252 00af 00       		.byte	0
 253 00b0 00       		.byte	0
 254 00b1 00       		.byte	0
 255 00b2 00       		.byte	0
 256 00b3 00       		.byte	0
 257 00b4 01       		.byte	1
 258 00b5 FE       		.byte	-2
 259 00b6 00       		.byte	0
 260 00b7 00       		.byte	0
 261 00b8 3F       		.byte	63
 262 00b9 E0       		.byte	-32
 263 00ba 01       		.byte	1
 264 00bb FF       		.byte	-1
 265 00bc 80       		.byte	-128
 266 00bd 00       		.byte	0
 267 00be 00       		.byte	0
 268 00bf 00       		.byte	0
 269 00c0 00       		.byte	0
 270 00c1 00       		.byte	0
 271 00c2 00       		.byte	0
ARM GAS  C:\Users\behun\AppData\Local\Temp\ccuXC3bb.s 			page 7


 272 00c3 00       		.byte	0
 273 00c4 01       		.byte	1
 274 00c5 FE       		.byte	-2
 275 00c6 00       		.byte	0
 276 00c7 00       		.byte	0
 277 00c8 3F       		.byte	63
 278 00c9 E0       		.byte	-32
 279 00ca 01       		.byte	1
 280 00cb FF       		.byte	-1
 281 00cc 80       		.byte	-128
 282 00cd 00       		.byte	0
 283 00ce 00       		.byte	0
 284 00cf 00       		.byte	0
 285 00d0 00       		.byte	0
 286 00d1 00       		.byte	0
 287 00d2 00       		.byte	0
 288 00d3 00       		.byte	0
 289 00d4 03       		.byte	3
 290 00d5 FE       		.byte	-2
 291 00d6 00       		.byte	0
 292 00d7 00       		.byte	0
 293 00d8 7F       		.byte	127
 294 00d9 E0       		.byte	-32
 295 00da 03       		.byte	3
 296 00db FF       		.byte	-1
 297 00dc 80       		.byte	-128
 298 00dd 00       		.byte	0
 299 00de 00       		.byte	0
 300 00df 00       		.byte	0
 301 00e0 00       		.byte	0
 302 00e1 00       		.byte	0
 303 00e2 00       		.byte	0
 304 00e3 00       		.byte	0
 305 00e4 03       		.byte	3
 306 00e5 FE       		.byte	-2
 307 00e6 00       		.byte	0
 308 00e7 00       		.byte	0
 309 00e8 7F       		.byte	127
 310 00e9 E0       		.byte	-32
 311 00ea 03       		.byte	3
 312 00eb FF       		.byte	-1
 313 00ec 80       		.byte	-128
 314 00ed 00       		.byte	0
 315 00ee 00       		.byte	0
 316 00ef 00       		.byte	0
 317 00f0 00       		.byte	0
 318 00f1 00       		.byte	0
 319 00f2 00       		.byte	0
 320 00f3 00       		.byte	0
 321 00f4 07       		.byte	7
 322 00f5 FF       		.byte	-1
 323 00f6 F8       		.byte	-8
 324 00f7 00       		.byte	0
 325 00f8 7F       		.byte	127
 326 00f9 E0       		.byte	-32
 327 00fa 03       		.byte	3
 328 00fb FF       		.byte	-1
ARM GAS  C:\Users\behun\AppData\Local\Temp\ccuXC3bb.s 			page 8


 329 00fc 00       		.byte	0
 330 00fd 00       		.byte	0
 331 00fe 00       		.byte	0
 332 00ff 00       		.byte	0
 333 0100 00       		.byte	0
 334 0101 00       		.byte	0
 335 0102 00       		.byte	0
 336 0103 00       		.byte	0
 337 0104 07       		.byte	7
 338 0105 FF       		.byte	-1
 339 0106 FE       		.byte	-2
 340 0107 00       		.byte	0
 341 0108 7F       		.byte	127
 342 0109 E0       		.byte	-32
 343 010a 03       		.byte	3
 344 010b FF       		.byte	-1
 345 010c 00       		.byte	0
 346 010d 00       		.byte	0
 347 010e 00       		.byte	0
 348 010f 00       		.byte	0
 349 0110 00       		.byte	0
 350 0111 00       		.byte	0
 351 0112 00       		.byte	0
 352 0113 00       		.byte	0
 353 0114 0F       		.byte	15
 354 0115 FF       		.byte	-1
 355 0116 FF       		.byte	-1
 356 0117 80       		.byte	-128
 357 0118 FF       		.byte	-1
 358 0119 E0       		.byte	-32
 359 011a 03       		.byte	3
 360 011b FF       		.byte	-1
 361 011c 00       		.byte	0
 362 011d 00       		.byte	0
 363 011e 00       		.byte	0
 364 011f 00       		.byte	0
 365 0120 00       		.byte	0
 366 0121 00       		.byte	0
 367 0122 00       		.byte	0
 368 0123 00       		.byte	0
 369 0124 0F       		.byte	15
 370 0125 FF       		.byte	-1
 371 0126 FF       		.byte	-1
 372 0127 C0       		.byte	-64
 373 0128 FF       		.byte	-1
 374 0129 E0       		.byte	-32
 375 012a 07       		.byte	7
 376 012b FF       		.byte	-1
 377 012c 00       		.byte	0
 378 012d 00       		.byte	0
 379 012e 00       		.byte	0
 380 012f 00       		.byte	0
 381 0130 00       		.byte	0
 382 0131 00       		.byte	0
 383 0132 00       		.byte	0
 384 0133 00       		.byte	0
 385 0134 0F       		.byte	15
ARM GAS  C:\Users\behun\AppData\Local\Temp\ccuXC3bb.s 			page 9


 386 0135 FF       		.byte	-1
 387 0136 FF       		.byte	-1
 388 0137 E0       		.byte	-32
 389 0138 FF       		.byte	-1
 390 0139 C0       		.byte	-64
 391 013a 07       		.byte	7
 392 013b FF       		.byte	-1
 393 013c 00       		.byte	0
 394 013d 00       		.byte	0
 395 013e 00       		.byte	0
 396 013f 00       		.byte	0
 397 0140 00       		.byte	0
 398 0141 00       		.byte	0
 399 0142 00       		.byte	0
 400 0143 00       		.byte	0
 401 0144 1F       		.byte	31
 402 0145 FF       		.byte	-1
 403 0146 FF       		.byte	-1
 404 0147 E0       		.byte	-32
 405 0148 FF       		.byte	-1
 406 0149 C0       		.byte	-64
 407 014a 07       		.byte	7
 408 014b FF       		.byte	-1
 409 014c 00       		.byte	0
 410 014d 00       		.byte	0
 411 014e 00       		.byte	0
 412 014f 00       		.byte	0
 413 0150 00       		.byte	0
 414 0151 00       		.byte	0
 415 0152 00       		.byte	0
 416 0153 00       		.byte	0
 417 0154 1F       		.byte	31
 418 0155 FF       		.byte	-1
 419 0156 FF       		.byte	-1
 420 0157 F0       		.byte	-16
 421 0158 FF       		.byte	-1
 422 0159 C0       		.byte	-64
 423 015a 0F       		.byte	15
 424 015b FF       		.byte	-1
 425 015c 00       		.byte	0
 426 015d 00       		.byte	0
 427 015e 00       		.byte	0
 428 015f 00       		.byte	0
 429 0160 00       		.byte	0
 430 0161 00       		.byte	0
 431 0162 00       		.byte	0
 432 0163 00       		.byte	0
 433 0164 3F       		.byte	63
 434 0165 FF       		.byte	-1
 435 0166 FF       		.byte	-1
 436 0167 F0       		.byte	-16
 437 0168 FF       		.byte	-1
 438 0169 C1       		.byte	-63
 439 016a FF       		.byte	-1
 440 016b FF       		.byte	-1
 441 016c E0       		.byte	-32
 442 016d 00       		.byte	0
ARM GAS  C:\Users\behun\AppData\Local\Temp\ccuXC3bb.s 			page 10


 443 016e 00       		.byte	0
 444 016f 00       		.byte	0
 445 0170 00       		.byte	0
 446 0171 00       		.byte	0
 447 0172 00       		.byte	0
 448 0173 00       		.byte	0
 449 0174 7F       		.byte	127
 450 0175 FF       		.byte	-1
 451 0176 FF       		.byte	-1
 452 0177 F8       		.byte	-8
 453 0178 FF       		.byte	-1
 454 0179 FF       		.byte	-1
 455 017a FF       		.byte	-1
 456 017b FF       		.byte	-1
 457 017c E0       		.byte	-32
 458 017d 00       		.byte	0
 459 017e 00       		.byte	0
 460 017f 00       		.byte	0
 461 0180 00       		.byte	0
 462 0181 00       		.byte	0
 463 0182 00       		.byte	0
 464 0183 00       		.byte	0
 465 0184 7F       		.byte	127
 466 0185 FE       		.byte	-2
 467 0186 1F       		.byte	31
 468 0187 F8       		.byte	-8
 469 0188 FF       		.byte	-1
 470 0189 FF       		.byte	-1
 471 018a FF       		.byte	-1
 472 018b FF       		.byte	-1
 473 018c 00       		.byte	0
 474 018d 00       		.byte	0
 475 018e 00       		.byte	0
 476 018f 00       		.byte	0
 477 0190 00       		.byte	0
 478 0191 00       		.byte	0
 479 0192 00       		.byte	0
 480 0193 00       		.byte	0
 481 0194 FF       		.byte	-1
 482 0195 FC       		.byte	-4
 483 0196 0F       		.byte	15
 484 0197 F9       		.byte	-7
 485 0198 FF       		.byte	-1
 486 0199 FF       		.byte	-1
 487 019a FF       		.byte	-1
 488 019b FC       		.byte	-4
 489 019c 00       		.byte	0
 490 019d 00       		.byte	0
 491 019e 00       		.byte	0
 492 019f 00       		.byte	0
 493 01a0 00       		.byte	0
 494 01a1 00       		.byte	0
 495 01a2 00       		.byte	0
 496 01a3 00       		.byte	0
 497 01a4 FF       		.byte	-1
 498 01a5 F8       		.byte	-8
 499 01a6 07       		.byte	7
ARM GAS  C:\Users\behun\AppData\Local\Temp\ccuXC3bb.s 			page 11


 500 01a7 F9       		.byte	-7
 501 01a8 FF       		.byte	-1
 502 01a9 F8       		.byte	-8
 503 01aa 0F       		.byte	15
 504 01ab FC       		.byte	-4
 505 01ac 00       		.byte	0
 506 01ad 00       		.byte	0
 507 01ae 00       		.byte	0
 508 01af 00       		.byte	0
 509 01b0 00       		.byte	0
 510 01b1 00       		.byte	0
 511 01b2 00       		.byte	0
 512 01b3 00       		.byte	0
 513 01b4 7F       		.byte	127
 514 01b5 F0       		.byte	-16
 515 01b6 07       		.byte	7
 516 01b7 F9       		.byte	-7
 517 01b8 FF       		.byte	-1
 518 01b9 C0       		.byte	-64
 519 01ba 0F       		.byte	15
 520 01bb F8       		.byte	-8
 521 01bc 00       		.byte	0
 522 01bd 00       		.byte	0
 523 01be 00       		.byte	0
 524 01bf 00       		.byte	0
 525 01c0 00       		.byte	0
 526 01c1 00       		.byte	0
 527 01c2 00       		.byte	0
 528 01c3 00       		.byte	0
 529 01c4 7F       		.byte	127
 530 01c5 F0       		.byte	-16
 531 01c6 03       		.byte	3
 532 01c7 F9       		.byte	-7
 533 01c8 FF       		.byte	-1
 534 01c9 80       		.byte	-128
 535 01ca 0F       		.byte	15
 536 01cb F8       		.byte	-8
 537 01cc 00       		.byte	0
 538 01cd 00       		.byte	0
 539 01ce 00       		.byte	0
 540 01cf 00       		.byte	0
 541 01d0 00       		.byte	0
 542 01d1 00       		.byte	0
 543 01d2 00       		.byte	0
 544 01d3 00       		.byte	0
 545 01d4 7F       		.byte	127
 546 01d5 E0       		.byte	-32
 547 01d6 07       		.byte	7
 548 01d7 F9       		.byte	-7
 549 01d8 FF       		.byte	-1
 550 01d9 80       		.byte	-128
 551 01da 0F       		.byte	15
 552 01db F8       		.byte	-8
 553 01dc 00       		.byte	0
 554 01dd 00       		.byte	0
 555 01de 00       		.byte	0
 556 01df 00       		.byte	0
ARM GAS  C:\Users\behun\AppData\Local\Temp\ccuXC3bb.s 			page 12


 557 01e0 00       		.byte	0
 558 01e1 00       		.byte	0
 559 01e2 00       		.byte	0
 560 01e3 00       		.byte	0
 561 01e4 7F       		.byte	127
 562 01e5 F0       		.byte	-16
 563 01e6 07       		.byte	7
 564 01e7 F9       		.byte	-7
 565 01e8 FF       		.byte	-1
 566 01e9 00       		.byte	0
 567 01ea 0F       		.byte	15
 568 01eb F8       		.byte	-8
 569 01ec 00       		.byte	0
 570 01ed 00       		.byte	0
 571 01ee 00       		.byte	0
 572 01ef 00       		.byte	0
 573 01f0 00       		.byte	0
 574 01f1 00       		.byte	0
 575 01f2 00       		.byte	0
 576 01f3 00       		.byte	0
 577 01f4 7F       		.byte	127
 578 01f5 F0       		.byte	-16
 579 01f6 1F       		.byte	31
 580 01f7 F9       		.byte	-7
 581 01f8 FF       		.byte	-1
 582 01f9 00       		.byte	0
 583 01fa 0F       		.byte	15
 584 01fb F0       		.byte	-16
 585 01fc 00       		.byte	0
 586 01fd 00       		.byte	0
 587 01fe 00       		.byte	0
 588 01ff 00       		.byte	0
 589 0200 00       		.byte	0
 590 0201 00       		.byte	0
 591 0202 00       		.byte	0
 592 0203 00       		.byte	0
 593 0204 FF       		.byte	-1
 594 0205 FC       		.byte	-4
 595 0206 7F       		.byte	127
 596 0207 F9       		.byte	-7
 597 0208 FF       		.byte	-1
 598 0209 00       		.byte	0
 599 020a 0F       		.byte	15
 600 020b F0       		.byte	-16
 601 020c 00       		.byte	0
 602 020d 00       		.byte	0
 603 020e 00       		.byte	0
 604 020f 00       		.byte	0
 605 0210 00       		.byte	0
 606 0211 00       		.byte	0
 607 0212 00       		.byte	0
 608 0213 00       		.byte	0
 609 0214 FF       		.byte	-1
 610 0215 FF       		.byte	-1
 611 0216 FF       		.byte	-1
 612 0217 F1       		.byte	-15
 613 0218 FE       		.byte	-2
ARM GAS  C:\Users\behun\AppData\Local\Temp\ccuXC3bb.s 			page 13


 614 0219 00       		.byte	0
 615 021a 0F       		.byte	15
 616 021b F0       		.byte	-16
 617 021c 00       		.byte	0
 618 021d 00       		.byte	0
 619 021e 00       		.byte	0
 620 021f 00       		.byte	0
 621 0220 00       		.byte	0
 622 0221 00       		.byte	0
 623 0222 00       		.byte	0
 624 0223 00       		.byte	0
 625 0224 FF       		.byte	-1
 626 0225 FF       		.byte	-1
 627 0226 FF       		.byte	-1
 628 0227 F1       		.byte	-15
 629 0228 FE       		.byte	-2
 630 0229 00       		.byte	0
 631 022a 0F       		.byte	15
 632 022b F0       		.byte	-16
 633 022c 00       		.byte	0
 634 022d 00       		.byte	0
 635 022e 00       		.byte	0
 636 022f 00       		.byte	0
 637 0230 00       		.byte	0
 638 0231 00       		.byte	0
 639 0232 00       		.byte	0
 640 0233 00       		.byte	0
 641 0234 FF       		.byte	-1
 642 0235 FF       		.byte	-1
 643 0236 FF       		.byte	-1
 644 0237 E1       		.byte	-31
 645 0238 FE       		.byte	-2
 646 0239 00       		.byte	0
 647 023a 0F       		.byte	15
 648 023b F0       		.byte	-16
 649 023c 00       		.byte	0
 650 023d 00       		.byte	0
 651 023e 00       		.byte	0
 652 023f 00       		.byte	0
 653 0240 00       		.byte	0
 654 0241 00       		.byte	0
 655 0242 00       		.byte	0
 656 0243 01       		.byte	1
 657 0244 FF       		.byte	-1
 658 0245 FF       		.byte	-1
 659 0246 FF       		.byte	-1
 660 0247 C1       		.byte	-63
 661 0248 FC       		.byte	-4
 662 0249 00       		.byte	0
 663 024a 0F       		.byte	15
 664 024b F0       		.byte	-16
 665 024c 00       		.byte	0
 666 024d 00       		.byte	0
 667 024e 00       		.byte	0
 668 024f 00       		.byte	0
 669 0250 00       		.byte	0
 670 0251 00       		.byte	0
ARM GAS  C:\Users\behun\AppData\Local\Temp\ccuXC3bb.s 			page 14


 671 0252 00       		.byte	0
 672 0253 01       		.byte	1
 673 0254 FF       		.byte	-1
 674 0255 FF       		.byte	-1
 675 0256 FF       		.byte	-1
 676 0257 81       		.byte	-127
 677 0258 FC       		.byte	-4
 678 0259 00       		.byte	0
 679 025a 0F       		.byte	15
 680 025b F0       		.byte	-16
 681 025c 00       		.byte	0
 682 025d 00       		.byte	0
 683 025e 00       		.byte	0
 684 025f 00       		.byte	0
 685 0260 00       		.byte	0
 686 0261 00       		.byte	0
 687 0262 00       		.byte	0
 688 0263 01       		.byte	1
 689 0264 FE       		.byte	-2
 690 0265 FF       		.byte	-1
 691 0266 FF       		.byte	-1
 692 0267 01       		.byte	1
 693 0268 FC       		.byte	-4
 694 0269 00       		.byte	0
 695 026a 0F       		.byte	15
 696 026b F0       		.byte	-16
 697 026c 00       		.byte	0
 698 026d 00       		.byte	0
 699 026e 00       		.byte	0
 700 026f 00       		.byte	0
 701 0270 00       		.byte	0
 702 0271 00       		.byte	0
 703 0272 00       		.byte	0
 704 0273 01       		.byte	1
 705 0274 FE       		.byte	-2
 706 0275 1F       		.byte	31
 707 0276 FC       		.byte	-4
 708 0277 01       		.byte	1
 709 0278 FC       		.byte	-4
 710 0279 00       		.byte	0
 711 027a 07       		.byte	7
 712 027b F0       		.byte	-16
 713 027c 00       		.byte	0
 714 027d 00       		.byte	0
 715 027e 00       		.byte	0
 716 027f 00       		.byte	0
 717 0280 00       		.byte	0
 718 0281 00       		.byte	0
 719 0282 00       		.byte	0
 720 0283 01       		.byte	1
 721 0284 FC       		.byte	-4
 722 0285 01       		.byte	1
 723 0286 C0       		.byte	-64
 724 0287 01       		.byte	1
 725 0288 F8       		.byte	-8
 726 0289 00       		.byte	0
 727 028a 07       		.byte	7
ARM GAS  C:\Users\behun\AppData\Local\Temp\ccuXC3bb.s 			page 15


 728 028b F0       		.byte	-16
 729 028c 00       		.byte	0
 730 028d 00       		.byte	0
 731 028e 00       		.byte	0
 732 028f 00       		.byte	0
 733 0290 00       		.byte	0
 734 0291 00       		.byte	0
 735 0292 00       		.byte	0
 736 0293 03       		.byte	3
 737 0294 FC       		.byte	-4
 738 0295 00       		.byte	0
 739 0296 00       		.byte	0
 740 0297 00       		.byte	0
 741 0298 F8       		.byte	-8
 742 0299 00       		.byte	0
 743 029a 07       		.byte	7
 744 029b F0       		.byte	-16
 745 029c 00       		.byte	0
 746 029d 00       		.byte	0
 747 029e 00       		.byte	0
 748 029f 00       		.byte	0
 749 02a0 00       		.byte	0
 750 02a1 00       		.byte	0
 751 02a2 00       		.byte	0
 752 02a3 03       		.byte	3
 753 02a4 FC       		.byte	-4
 754 02a5 00       		.byte	0
 755 02a6 00       		.byte	0
 756 02a7 00       		.byte	0
 757 02a8 F8       		.byte	-8
 758 02a9 00       		.byte	0
 759 02aa 07       		.byte	7
 760 02ab F0       		.byte	-16
 761 02ac 00       		.byte	0
 762 02ad 00       		.byte	0
 763 02ae 00       		.byte	0
 764 02af 00       		.byte	0
 765 02b0 00       		.byte	0
 766 02b1 00       		.byte	0
 767 02b2 00       		.byte	0
 768 02b3 03       		.byte	3
 769 02b4 FC       		.byte	-4
 770 02b5 00       		.byte	0
 771 02b6 00       		.byte	0
 772 02b7 00       		.byte	0
 773 02b8 F0       		.byte	-16
 774 02b9 00       		.byte	0
 775 02ba 07       		.byte	7
 776 02bb F0       		.byte	-16
 777 02bc 0F       		.byte	15
 778 02bd 80       		.byte	-128
 779 02be 00       		.byte	0
 780 02bf 00       		.byte	0
 781 02c0 00       		.byte	0
 782 02c1 00       		.byte	0
 783 02c2 00       		.byte	0
 784 02c3 03       		.byte	3
ARM GAS  C:\Users\behun\AppData\Local\Temp\ccuXC3bb.s 			page 16


 785 02c4 F8       		.byte	-8
 786 02c5 00       		.byte	0
 787 02c6 00       		.byte	0
 788 02c7 00       		.byte	0
 789 02c8 F0       		.byte	-16
 790 02c9 00       		.byte	0
 791 02ca 03       		.byte	3
 792 02cb F0       		.byte	-16
 793 02cc 38       		.byte	56
 794 02cd E0       		.byte	-32
 795 02ce 00       		.byte	0
 796 02cf 00       		.byte	0
 797 02d0 00       		.byte	0
 798 02d1 00       		.byte	0
 799 02d2 00       		.byte	0
 800 02d3 03       		.byte	3
 801 02d4 F8       		.byte	-8
 802 02d5 00       		.byte	0
 803 02d6 00       		.byte	0
 804 02d7 00       		.byte	0
 805 02d8 F0       		.byte	-16
 806 02d9 00       		.byte	0
 807 02da 03       		.byte	3
 808 02db F0       		.byte	-16
 809 02dc 30       		.byte	48
 810 02dd 60       		.byte	96
 811 02de 00       		.byte	0
 812 02df 00       		.byte	0
 813 02e0 00       		.byte	0
 814 02e1 00       		.byte	0
 815 02e2 00       		.byte	0
 816 02e3 03       		.byte	3
 817 02e4 F8       		.byte	-8
 818 02e5 00       		.byte	0
 819 02e6 00       		.byte	0
 820 02e7 00       		.byte	0
 821 02e8 60       		.byte	96
 822 02e9 00       		.byte	0
 823 02ea 03       		.byte	3
 824 02eb E0       		.byte	-32
 825 02ec 60       		.byte	96
 826 02ed 4C       		.byte	76
 827 02ee 00       		.byte	0
 828 02ef 00       		.byte	0
 829 02f0 00       		.byte	0
 830 02f1 00       		.byte	0
 831 02f2 00       		.byte	0
 832 02f3 03       		.byte	3
 833 02f4 F0       		.byte	-16
 834 02f5 00       		.byte	0
 835 02f6 00       		.byte	0
 836 02f7 00       		.byte	0
 837 02f8 00       		.byte	0
 838 02f9 00       		.byte	0
 839 02fa 00       		.byte	0
 840 02fb 00       		.byte	0
 841 02fc 60       		.byte	96
ARM GAS  C:\Users\behun\AppData\Local\Temp\ccuXC3bb.s 			page 17


 842 02fd 0C       		.byte	12
 843 02fe 00       		.byte	0
 844 02ff 00       		.byte	0
 845 0300 00       		.byte	0
 846 0301 00       		.byte	0
 847 0302 00       		.byte	0
 848 0303 07       		.byte	7
 849 0304 F0       		.byte	-16
 850 0305 00       		.byte	0
 851 0306 00       		.byte	0
 852 0307 00       		.byte	0
 853 0308 00       		.byte	0
 854 0309 10       		.byte	16
 855 030a 00       		.byte	0
 856 030b 00       		.byte	0
 857 030c 60       		.byte	96
 858 030d 00       		.byte	0
 859 030e 00       		.byte	0
 860 030f 00       		.byte	0
 861 0310 00       		.byte	0
 862 0311 00       		.byte	0
 863 0312 00       		.byte	0
 864 0313 07       		.byte	7
 865 0314 F0       		.byte	-16
 866 0315 00       		.byte	0
 867 0316 00       		.byte	0
 868 0317 00       		.byte	0
 869 0318 00       		.byte	0
 870 0319 18       		.byte	24
 871 031a 00       		.byte	0
 872 031b 00       		.byte	0
 873 031c 60       		.byte	96
 874 031d 00       		.byte	0
 875 031e 00       		.byte	0
 876 031f 00       		.byte	0
 877 0320 06       		.byte	6
 878 0321 00       		.byte	0
 879 0322 1E       		.byte	30
 880 0323 07       		.byte	7
 881 0324 F0       		.byte	-16
 882 0325 18       		.byte	24
 883 0326 00       		.byte	0
 884 0327 03       		.byte	3
 885 0328 00       		.byte	0
 886 0329 3C       		.byte	60
 887 032a 80       		.byte	-128
 888 032b 00       		.byte	0
 889 032c F0       		.byte	-16
 890 032d 00       		.byte	0
 891 032e 00       		.byte	0
 892 032f 38       		.byte	56
 893 0330 3F       		.byte	63
 894 0331 80       		.byte	-128
 895 0332 F7       		.byte	-9
 896 0333 87       		.byte	-121
 897 0334 F0       		.byte	-16
 898 0335 E7       		.byte	-25
ARM GAS  C:\Users\behun\AppData\Local\Temp\ccuXC3bb.s 			page 18


 899 0336 03       		.byte	3
 900 0337 FF       		.byte	-1
 901 0338 E0       		.byte	-32
 902 0339 FF       		.byte	-1
 903 033a C7       		.byte	-57
 904 033b 83       		.byte	-125
 905 033c FF       		.byte	-1
 906 033d 3C       		.byte	60
 907 033e 03       		.byte	3
 908 033f FE       		.byte	-2
 909 0340 60       		.byte	96
 910 0341 C1       		.byte	-63
 911 0342 C1       		.byte	-63
 912 0343 87       		.byte	-121
 913 0344 E1       		.byte	-31
 914 0345 83       		.byte	-125
 915 0346 81       		.byte	-127
 916 0347 F0       		.byte	-16
 917 0348 F0       		.byte	-16
 918 0349 38       		.byte	56
 919 034a 01       		.byte	1
 920 034b 80       		.byte	-128
 921 034c F0       		.byte	-16
 922 034d 0C       		.byte	12
 923 034e 07       		.byte	7
 924 034f 07       		.byte	7
 925 0350 E0       		.byte	-32
 926 0351 C3       		.byte	-61
 927 0352 80       		.byte	-128
 928 0353 87       		.byte	-121
 929 0354 E3       		.byte	-29
 930 0355 81       		.byte	-127
 931 0356 C1       		.byte	-63
 932 0357 E0       		.byte	-32
 933 0358 70       		.byte	112
 934 0359 38       		.byte	56
 935 035a 01       		.byte	1
 936 035b 80       		.byte	-128
 937 035c 60       		.byte	96
 938 035d 0C       		.byte	12
 939 035e 0E       		.byte	14
 940 035f 03       		.byte	3
 941 0360 E0       		.byte	-32
 942 0361 07       		.byte	7
 943 0362 00       		.byte	0
 944 0363 07       		.byte	7
 945 0364 E7       		.byte	-25
 946 0365 81       		.byte	-127
 947 0366 C1       		.byte	-63
 948 0367 C0       		.byte	-64
 949 0368 70       		.byte	112
 950 0369 38       		.byte	56
 951 036a 01       		.byte	1
 952 036b 80       		.byte	-128
 953 036c 60       		.byte	96
 954 036d 0C       		.byte	12
 955 036e 0E       		.byte	14
ARM GAS  C:\Users\behun\AppData\Local\Temp\ccuXC3bb.s 			page 19


 956 036f 00       		.byte	0
 957 0370 78       		.byte	120
 958 0371 07       		.byte	7
 959 0372 00       		.byte	0
 960 0373 07       		.byte	7
 961 0374 E7       		.byte	-25
 962 0375 FF       		.byte	-1
 963 0376 C1       		.byte	-63
 964 0377 C0       		.byte	-64
 965 0378 30       		.byte	48
 966 0379 38       		.byte	56
 967 037a 01       		.byte	1
 968 037b 80       		.byte	-128
 969 037c 60       		.byte	96
 970 037d 0C       		.byte	12
 971 037e 1C       		.byte	28
 972 037f 00       		.byte	0
 973 0380 7F       		.byte	127
 974 0381 07       		.byte	7
 975 0382 00       		.byte	0
 976 0383 07       		.byte	7
 977 0384 E7       		.byte	-25
 978 0385 FF       		.byte	-1
 979 0386 81       		.byte	-127
 980 0387 C0       		.byte	-64
 981 0388 30       		.byte	48
 982 0389 38       		.byte	56
 983 038a 01       		.byte	1
 984 038b 80       		.byte	-128
 985 038c 60       		.byte	96
 986 038d 0C       		.byte	12
 987 038e 1C       		.byte	28
 988 038f 00       		.byte	0
 989 0390 0F       		.byte	15
 990 0391 C7       		.byte	-57
 991 0392 00       		.byte	0
 992 0393 07       		.byte	7
 993 0394 E7       		.byte	-25
 994 0395 00       		.byte	0
 995 0396 01       		.byte	1
 996 0397 C0       		.byte	-64
 997 0398 30       		.byte	48
 998 0399 38       		.byte	56
 999 039a 01       		.byte	1
 1000 039b 80       		.byte	-128
 1001 039c 60       		.byte	96
 1002 039d 0C       		.byte	12
 1003 039e 1C       		.byte	28
 1004 039f 00       		.byte	0
 1005 03a0 03       		.byte	3
 1006 03a1 E7       		.byte	-25
 1007 03a2 00       		.byte	0
 1008 03a3 07       		.byte	7
 1009 03a4 E7       		.byte	-25
 1010 03a5 00       		.byte	0
 1011 03a6 01       		.byte	1
 1012 03a7 C0       		.byte	-64
ARM GAS  C:\Users\behun\AppData\Local\Temp\ccuXC3bb.s 			page 20


 1013 03a8 30       		.byte	48
 1014 03a9 38       		.byte	56
 1015 03aa 01       		.byte	1
 1016 03ab 80       		.byte	-128
 1017 03ac 60       		.byte	96
 1018 03ad 0C       		.byte	12
 1019 03ae 1C       		.byte	28
 1020 03af 00       		.byte	0
 1021 03b0 00       		.byte	0
 1022 03b1 E7       		.byte	-25
 1023 03b2 00       		.byte	0
 1024 03b3 0F       		.byte	15
 1025 03b4 C7       		.byte	-57
 1026 03b5 80       		.byte	-128
 1027 03b6 01       		.byte	1
 1028 03b7 C0       		.byte	-64
 1029 03b8 30       		.byte	48
 1030 03b9 38       		.byte	56
 1031 03ba 01       		.byte	1
 1032 03bb 80       		.byte	-128
 1033 03bc 60       		.byte	96
 1034 03bd 0C       		.byte	12
 1035 03be 0E       		.byte	14
 1036 03bf 00       		.byte	0
 1037 03c0 40       		.byte	64
 1038 03c1 E3       		.byte	-29
 1039 03c2 80       		.byte	-128
 1040 03c3 07       		.byte	7
 1041 03c4 83       		.byte	-125
 1042 03c5 80       		.byte	-128
 1043 03c6 01       		.byte	1
 1044 03c7 C0       		.byte	-64
 1045 03c8 30       		.byte	48
 1046 03c9 38       		.byte	56
 1047 03ca 01       		.byte	1
 1048 03cb 80       		.byte	-128
 1049 03cc 60       		.byte	96
 1050 03cd 0C       		.byte	12
 1051 03ce 0E       		.byte	14
 1052 03cf 00       		.byte	0
 1053 03d0 60       		.byte	96
 1054 03d1 C3       		.byte	-61
 1055 03d2 C0       		.byte	-64
 1056 03d3 87       		.byte	-121
 1057 03d4 83       		.byte	-125
 1058 03d5 C0       		.byte	-64
 1059 03d6 C1       		.byte	-63
 1060 03d7 E0       		.byte	-32
 1061 03d8 78       		.byte	120
 1062 03d9 1C       		.byte	28
 1063 03da 41       		.byte	65
 1064 03db 80       		.byte	-128
 1065 03dc F0       		.byte	-16
 1066 03dd 0E       		.byte	14
 1067 03de 0F       		.byte	15
 1068 03df 83       		.byte	-125
 1069 03e0 7F       		.byte	127
ARM GAS  C:\Users\behun\AppData\Local\Temp\ccuXC3bb.s 			page 21


 1070 03e1 81       		.byte	-127
 1071 03e2 FF       		.byte	-1
 1072 03e3 83       		.byte	-125
 1073 03e4 00       		.byte	0
 1074 03e5 FF       		.byte	-1
 1075 03e6 87       		.byte	-121
 1076 03e7 F0       		.byte	-16
 1077 03e8 FC       		.byte	-4
 1078 03e9 0F       		.byte	15
 1079 03ea CF       		.byte	-49
 1080 03eb E2       		.byte	-30
 1081 03ec 04       		.byte	4
 1082 03ed 3F       		.byte	63
 1083 03ee 83       		.byte	-125
 1084 03ef FE       		.byte	-2
 1085 03f0 00       		.byte	0
 1086 03f1 00       		.byte	0
 1087 03f2 08       		.byte	8
 1088 03f3 00       		.byte	0
 1089 03f4 00       		.byte	0
 1090 03f5 1E       		.byte	30
 1091 03f6 00       		.byte	0
 1092 03f7 00       		.byte	0
 1093 03f8 00       		.byte	0
 1094 03f9 00       		.byte	0
 1095 03fa 00       		.byte	0
 1096 03fb 00       		.byte	0
 1097 03fc 00       		.byte	0
 1098 03fd 00       		.byte	0
 1099 03fe 00       		.byte	0
 1100 03ff 20       		.byte	32
 1101              		.text
 1102              	.Letext0:
 1103              		.file 2 "c:\\program files (x86)\\gnu tools arm embedded\\8 2019-q3-update\\arm-none-eabi\\include
 1104              		.file 3 "c:\\program files (x86)\\gnu tools arm embedded\\8 2019-q3-update\\arm-none-eabi\\include
 1105              		.file 4 "Drivers/CMSIS/Include/core_cm3.h"
 1106              		.file 5 "Drivers/CMSIS/Device/ST/STM32F1xx/Include/system_stm32f1xx.h"
 1107              		.file 6 "c:\\program files (x86)\\gnu tools arm embedded\\8 2019-q3-update\\lib\\gcc\\arm-none-eab
 1108              		.file 7 "c:\\program files (x86)\\gnu tools arm embedded\\8 2019-q3-update\\arm-none-eabi\\include
 1109              		.file 8 "c:\\program files (x86)\\gnu tools arm embedded\\8 2019-q3-update\\arm-none-eabi\\include
 1110              		.file 9 "c:\\program files (x86)\\gnu tools arm embedded\\8 2019-q3-update\\arm-none-eabi\\include
 1111              		.file 10 "Drivers/STM32F1xx_HAL_Driver/Inc/stm32f1xx_hal.h"
 1112              		.file 11 "u8g2/csrc/u8x8.h"
 1113              		.file 12 "u8g2/csrc/u8g2.h"
ARM GAS  C:\Users\behun\AppData\Local\Temp\ccuXC3bb.s 			page 22


DEFINED SYMBOLS
                            *ABS*:00000000 logo.c
C:\Users\behun\AppData\Local\Temp\ccuXC3bb.s:16     .text.Logo:00000000 $t
C:\Users\behun\AppData\Local\Temp\ccuXC3bb.s:24     .text.Logo:00000000 Logo
C:\Users\behun\AppData\Local\Temp\ccuXC3bb.s:64     .text.Logo:00000024 $d
                            *COM*:00000080 u8g2
C:\Users\behun\AppData\Local\Temp\ccuXC3bb.s:76     .rodata.ph_logo:00000000 ph_logo
C:\Users\behun\AppData\Local\Temp\ccuXC3bb.s:72     .rodata.ph_logo:00000000 $d

UNDEFINED SYMBOLS
u8g2_DrawBitmap
u8g2_SendBuffer
