ARM GAS  C:\Users\behun\AppData\Local\Temp\ccJMynT3.s 			page 1


   1              		.cpu cortex-m3
   2              		.eabi_attribute 20, 1
   3              		.eabi_attribute 21, 1
   4              		.eabi_attribute 23, 3
   5              		.eabi_attribute 24, 1
   6              		.eabi_attribute 25, 1
   7              		.eabi_attribute 26, 1
   8              		.eabi_attribute 30, 1
   9              		.eabi_attribute 34, 1
  10              		.eabi_attribute 18, 4
  11              		.file	"userInterface.c"
  12              		.text
  13              	.Ltext0:
  14              		.cfi_sections	.debug_frame
  15              		.section	.text.Lamp_Status,"ax",%progbits
  16              		.align	1
  17              		.global	Lamp_Status
  18              		.arch armv7-m
  19              		.syntax unified
  20              		.thumb
  21              		.thumb_func
  22              		.fpu softvfp
  24              	Lamp_Status:
  25              	.LVL0:
  26              	.LFB66:
  27              		.file 1 "Src/userInterface.c"
   1:Src/userInterface.c **** #include "userInterface.h"
   2:Src/userInterface.c **** #include "u8g2.h"
   3:Src/userInterface.c **** 
   4:Src/userInterface.c **** const unsigned char Neon_On [] = {
   5:Src/userInterface.c **** 0x00, 0x00, 0x00, 0x00, 0x00, 0x00, 0x00, 0x00, 0x00, 0x00, 0x00, 0x00, 0x00, 0x01, 0x00, 0x00,
   6:Src/userInterface.c **** 0x00, 0x01, 0x00, 0x00, 0x00, 0x11, 0x08, 0x00, 0x00, 0x08, 0x10, 0x00, 0x00, 0x80, 0x01, 0x00,
   7:Src/userInterface.c **** 0x00, 0x47, 0xF2, 0x00, 0x00, 0x18, 0x18, 0x00, 0x00, 0x20, 0x04, 0x00, 0x03, 0x20, 0x04, 0xC0,
   8:Src/userInterface.c **** 0x00, 0x40, 0x02, 0x00, 0x00, 0x40, 0x02, 0x00, 0x00, 0x44, 0x42, 0x00, 0x07, 0x42, 0x82, 0xE0,
   9:Src/userInterface.c **** 0x00, 0x41, 0x02, 0x00, 0x00, 0x21, 0x04, 0x00, 0x00, 0x21, 0x04, 0x00, 0x01, 0x99, 0x19, 0x80,
  10:Src/userInterface.c **** 0x00, 0x09, 0x10, 0x00, 0x00, 0x05, 0x20, 0x00, 0x00, 0x05, 0x20, 0x00, 0x00, 0x07, 0xE0, 0x00,
  11:Src/userInterface.c **** 0x00, 0x04, 0x20, 0x00, 0x00, 0x04, 0x20, 0x00, 0x00, 0x07, 0xE0, 0x00, 0x00, 0x02, 0x40, 0x00,
  12:Src/userInterface.c **** 0x00, 0x03, 0xC0, 0x00, 0x00, 0x00, 0x00, 0x00, 0x00, 0x00, 0x00, 0x00, 0x00, 0x00, 0x00, 0x00
  13:Src/userInterface.c **** };
  14:Src/userInterface.c **** 
  15:Src/userInterface.c **** const unsigned char Neon_Off [] = {
  16:Src/userInterface.c **** 0x00, 0x00, 0x00, 0x00, 0x00, 0x00, 0x00, 0x00, 0x00, 0x00, 0x00, 0x00, 0x00, 0x00, 0x00, 0x00,
  17:Src/userInterface.c **** 0x00, 0x00, 0x00, 0x00, 0x00, 0x00, 0x00, 0x00, 0x00, 0x00, 0x00, 0x00, 0x00, 0x00, 0x00, 0x00,
  18:Src/userInterface.c **** 0x00, 0x07, 0xF0, 0x00, 0x00, 0x18, 0x18, 0x00, 0x00, 0x20, 0x04, 0x00, 0x00, 0x20, 0x04, 0x00,
  19:Src/userInterface.c **** 0x00, 0x40, 0x02, 0x00, 0x00, 0x40, 0x02, 0x00, 0x00, 0x44, 0x42, 0x00, 0x00, 0x42, 0x82, 0x00,
  20:Src/userInterface.c **** 0x00, 0x41, 0x02, 0x00, 0x00, 0x21, 0x04, 0x00, 0x00, 0x21, 0x04, 0x00, 0x00, 0x19, 0x18, 0x00,
  21:Src/userInterface.c **** 0x00, 0x09, 0x10, 0x00, 0x00, 0x05, 0x20, 0x00, 0x00, 0x05, 0x20, 0x00, 0x00, 0x07, 0xE0, 0x00,
  22:Src/userInterface.c **** 0x00, 0x04, 0x20, 0x00, 0x00, 0x04, 0x20, 0x00, 0x00, 0x07, 0xE0, 0x00, 0x00, 0x02, 0x40, 0x00,
  23:Src/userInterface.c **** 0x00, 0x03, 0xC0, 0x00, 0x00, 0x00, 0x00, 0x00, 0x00, 0x00, 0x00, 0x00, 0x00, 0x00, 0x00, 0x00
  24:Src/userInterface.c **** };
  25:Src/userInterface.c **** 
  26:Src/userInterface.c **** const unsigned char UV_On [] = {
  27:Src/userInterface.c **** 0x00, 0x00, 0x00, 0x00, 0x00, 0x00, 0x00, 0x00, 0x00, 0x00, 0x00, 0x00, 0x00, 0x00, 0x00, 0x00,
  28:Src/userInterface.c **** 0x00, 0x00, 0x80, 0x00, 0x00, 0x00, 0x80, 0x00, 0x00, 0x00, 0x80, 0x00, 0x01, 0x00, 0x00, 0x40,
  29:Src/userInterface.c **** 0x00, 0x83, 0xE0, 0x80, 0x00, 0x0C, 0x18, 0x00, 0x00, 0x10, 0x04, 0x00, 0x00, 0x20, 0x02, 0x00,
  30:Src/userInterface.c **** 0x00, 0x40, 0x01, 0x00, 0x00, 0x40, 0x01, 0x00, 0x00, 0x84, 0x10, 0x80, 0x00, 0x80, 0x00, 0x80,
  31:Src/userInterface.c **** 0x0E, 0x80, 0x00, 0xB8, 0x00, 0x80, 0x00, 0x80, 0x00, 0x80, 0x00, 0x80, 0x00, 0x46, 0x31, 0x00,
ARM GAS  C:\Users\behun\AppData\Local\Temp\ccJMynT3.s 			page 2


  32:Src/userInterface.c **** 0x00, 0x41, 0xC1, 0x00, 0x00, 0x20, 0x02, 0x00, 0x00, 0x10, 0x04, 0x00, 0x00, 0x0C, 0x18, 0x00,
  33:Src/userInterface.c **** 0x00, 0x83, 0xE0, 0x80, 0x01, 0x00, 0x00, 0x40, 0x00, 0x00, 0x80, 0x00, 0x00, 0x00, 0x80, 0x00,
  34:Src/userInterface.c **** 0x00, 0x00, 0x80, 0x00, 0x00, 0x00, 0x00, 0x00, 0x00, 0x00, 0x00, 0x00, 0x00, 0x00, 0x00, 0x00
  35:Src/userInterface.c **** };
  36:Src/userInterface.c **** 
  37:Src/userInterface.c **** 
  38:Src/userInterface.c **** const unsigned char UV_Off [] = {
  39:Src/userInterface.c **** 0x00, 0x00, 0x00, 0x00, 0x00, 0x00, 0x00, 0x00, 0x00, 0x00, 0x00, 0x00, 0x00, 0x00, 0x00, 0x00,
  40:Src/userInterface.c **** 0x00, 0x00, 0x00, 0x00, 0x00, 0x00, 0x00, 0x00, 0x00, 0x00, 0x00, 0x00, 0x00, 0x00, 0x00, 0x00,
  41:Src/userInterface.c **** 0x00, 0x03, 0xE0, 0x00, 0x00, 0x0C, 0x18, 0x00, 0x00, 0x10, 0x04, 0x00, 0x00, 0x20, 0x02, 0x00,
  42:Src/userInterface.c **** 0x00, 0x40, 0x01, 0x00, 0x00, 0x40, 0x01, 0x00, 0x00, 0x84, 0x10, 0x80, 0x00, 0x80, 0x00, 0x80,
  43:Src/userInterface.c **** 0x00, 0x80, 0x00, 0x80, 0x00, 0x80, 0x00, 0x80, 0x00, 0x80, 0x00, 0x80, 0x00, 0x41, 0xC1, 0x00,
  44:Src/userInterface.c **** 0x00, 0x42, 0x21, 0x00, 0x00, 0x20, 0x02, 0x00, 0x00, 0x10, 0x04, 0x00, 0x00, 0x0C, 0x18, 0x00,
  45:Src/userInterface.c **** 0x00, 0x03, 0xE0, 0x00, 0x00, 0x00, 0x00, 0x00, 0x00, 0x00, 0x00, 0x00, 0x00, 0x00, 0x00, 0x00,
  46:Src/userInterface.c **** 0x00, 0x00, 0x00, 0x00, 0x00, 0x00, 0x00, 0x00, 0x00, 0x00, 0x00, 0x00, 0x00, 0x00, 0x00, 0x00
  47:Src/userInterface.c **** };
  48:Src/userInterface.c **** 
  49:Src/userInterface.c **** const unsigned char Fan0 [] = {
  50:Src/userInterface.c **** 0x00, 0x1E, 0x00, 0x00, 0x7F, 0x80, 0x00, 0x7F, 0x80, 0x00, 0xFF, 0x80, 0x00, 0xFF, 0x80, 0x00,
  51:Src/userInterface.c **** 0xFF, 0x00, 0x00, 0x7E, 0x00, 0x78, 0x7C, 0x00, 0x7C, 0x3C, 0x38, 0xFE, 0x42, 0xFE, 0xFF, 0x81,
  52:Src/userInterface.c **** 0xFE, 0xFF, 0x99, 0xFF, 0xFF, 0x99, 0xFF, 0x7F, 0x81, 0xFF, 0x7F, 0x42, 0x7F, 0x1C, 0x3C, 0x3E,
  53:Src/userInterface.c **** 0x00, 0x3E, 0x1E, 0x00, 0x7E, 0x00, 0x00, 0xFF, 0x00, 0x01, 0xFF, 0x00, 0x01, 0xFF, 0x00, 0x01,
  54:Src/userInterface.c **** 0xFE, 0x00, 0x01, 0xFE, 0x00, 0x00, 0x78, 0x00, 
  55:Src/userInterface.c **** };
  56:Src/userInterface.c **** 
  57:Src/userInterface.c **** const unsigned char Fan1 [] = {
  58:Src/userInterface.c **** 0x00, 0x00, 0x00, 0x00, 0x00, 0x00, 0x03, 0x80, 0x00, 0x07, 0xC1, 0xF0, 0x0F, 0xC3, 0xF8, 0x1F,
  59:Src/userInterface.c **** 0xC3, 0xFC, 0x1F, 0xC7, 0xFE, 0x1F, 0xC7, 0xFE, 0x1F, 0xFF, 0xFE, 0x0F, 0xC3, 0xFC, 0x03, 0x81,
  60:Src/userInterface.c **** 0x00, 0x00, 0x99, 0x00, 0x00, 0x99, 0x00, 0x00, 0x81, 0xC0, 0x3F, 0xC3, 0xF0, 0x7F, 0xFF, 0xF8,
  61:Src/userInterface.c **** 0x7F, 0xE3, 0xF8, 0x7F, 0xE3, 0xF8, 0x3F, 0xC3, 0xF8, 0x1F, 0xC3, 0xF0, 0x0F, 0x83, 0xE0, 0x00,
  62:Src/userInterface.c **** 0x01, 0xC0, 0x00, 0x00, 0x00, 0x00, 0x00, 0x00, 
  63:Src/userInterface.c **** };
  64:Src/userInterface.c **** 
  65:Src/userInterface.c **** 
  66:Src/userInterface.c **** const unsigned char Socket_On [] = {
  67:Src/userInterface.c **** 0x00, 0x00, 0x00, 0x00, 0x00, 0x00, 0x00, 0x00, 0x00, 0x00, 0x00, 0x00, 0x00, 0x00, 0x00, 0x00,
  68:Src/userInterface.c **** 0x00, 0x00, 0x00, 0x00, 0x00, 0x00, 0x00, 0x00, 0x00, 0xFF, 0xF8, 0x00, 0x01, 0x00, 0x04, 0x00,
  69:Src/userInterface.c **** 0x02, 0x0F, 0x82, 0x00, 0x02, 0x10, 0x42, 0x00, 0x02, 0x20, 0x22, 0x00, 0x02, 0x40, 0x12, 0x00,
  70:Src/userInterface.c **** 0x02, 0x80, 0x0A, 0x00, 0x02, 0x80, 0x0A, 0x00, 0x02, 0x8D, 0x8A, 0x00, 0x02, 0x80, 0x0A, 0x00,
  71:Src/userInterface.c **** 0x02, 0x80, 0x0A, 0x00, 0x02, 0x40, 0x12, 0x00, 0x02, 0x20, 0x22, 0x00, 0x02, 0x10, 0x42, 0x00,
  72:Src/userInterface.c **** 0x02, 0x0F, 0x82, 0x00, 0x01, 0x00, 0x04, 0x00, 0x00, 0xFF, 0xF8, 0x00, 0x00, 0x00, 0x00, 0x00,
  73:Src/userInterface.c **** 0x00, 0x00, 0x00, 0x00, 0x00, 0x00, 0x00, 0x00, 0x00, 0x00, 0x00, 0x00, 0x00, 0x00, 0x00, 0x00,
  74:Src/userInterface.c **** 0x00, 0x00, 0x00, 0x00, 0x00, 0x00, 0x00, 0x00, 0x00, 0x00, 0x00, 0x00, 0x00, 0x00, 0x00, 0x00
  75:Src/userInterface.c **** };
  76:Src/userInterface.c **** 
  77:Src/userInterface.c **** const unsigned char Socket_Off [] = {
  78:Src/userInterface.c **** 0x00, 0x00, 0x00, 0x00, 0x00, 0x00, 0x00, 0x00, 0x00, 0x00, 0x00, 0x00, 0x00, 0x00, 0x00, 0x00,
  79:Src/userInterface.c **** 0x00, 0x00, 0x00, 0x00, 0x00, 0x00, 0x00, 0x00, 0x00, 0xFF, 0xF8, 0x00, 0x01, 0x00, 0x04, 0x00,
  80:Src/userInterface.c **** 0x02, 0x0F, 0x82, 0x00, 0x02, 0x10, 0x42, 0x00, 0x02, 0x20, 0x22, 0x00, 0x02, 0x40, 0x12, 0x00,
  81:Src/userInterface.c **** 0x02, 0x80, 0x0A, 0x00, 0x02, 0x80, 0x0A, 0x00, 0x02, 0x80, 0x0A, 0x00, 0x02, 0x80, 0x0A, 0x00,
  82:Src/userInterface.c **** 0x02, 0x80, 0x0A, 0x00, 0x02, 0x40, 0x12, 0x00, 0x02, 0x20, 0x22, 0x00, 0x02, 0x10, 0x42, 0x00,
  83:Src/userInterface.c **** 0x02, 0x0F, 0x82, 0x00, 0x01, 0x00, 0x04, 0x00, 0x00, 0xFF, 0xF8, 0x00, 0x00, 0x00, 0x00, 0x00,
  84:Src/userInterface.c **** 0x00, 0x00, 0x00, 0x00, 0x00, 0x00, 0x00, 0x00, 0x00, 0x00, 0x00, 0x00, 0x00, 0x00, 0x00, 0x00,
  85:Src/userInterface.c **** 0x00, 0x00, 0x00, 0x00, 0x00, 0x00, 0x00, 0x00, 0x00, 0x00, 0x00, 0x00, 0x00, 0x00, 0x00, 0x00
  86:Src/userInterface.c **** };
  87:Src/userInterface.c **** 
  88:Src/userInterface.c **** /*uint8_t lampStatus = 0;
ARM GAS  C:\Users\behun\AppData\Local\Temp\ccJMynT3.s 			page 3


  89:Src/userInterface.c **** uint8_t uvStatus = 0;
  90:Src/userInterface.c **** uint8_t fanStatus = 0;
  91:Src/userInterface.c **** uint8_t socketStatus = 0;
  92:Src/userInterface.c **** uint8_t Filter_st = 0;*/
  93:Src/userInterface.c **** u8g2_t u8g2;
  94:Src/userInterface.c **** u8g2_cb_t u8g2_cb;
  95:Src/userInterface.c **** void Lamp_Status(uint8_t lampStatus)
  96:Src/userInterface.c **** {
  28              		.loc 1 96 1 view -0
  29              		.cfi_startproc
  30              		@ args = 0, pretend = 0, frame = 0
  31              		@ frame_needed = 0, uses_anonymous_args = 0
  32              		.loc 1 96 1 is_stmt 0 view .LVU1
  33 0000 10B5     		push	{r4, lr}
  34              	.LCFI0:
  35              		.cfi_def_cfa_offset 8
  36              		.cfi_offset 4, -8
  37              		.cfi_offset 14, -4
  38 0002 82B0     		sub	sp, sp, #8
  39              	.LCFI1:
  40              		.cfi_def_cfa_offset 16
  97:Src/userInterface.c ****     if(lampStatus)
  41              		.loc 1 97 5 is_stmt 1 view .LVU2
  42              		.loc 1 97 7 is_stmt 0 view .LVU3
  43 0004 C8B1     		cbz	r0, .L2
  98:Src/userInterface.c ****     {
  99:Src/userInterface.c ****         u8g2_ClearBuffer(&u8g2);
  44              		.loc 1 99 9 is_stmt 1 view .LVU4
  45 0006 194C     		ldr	r4, .L5
  46 0008 2046     		mov	r0, r4
  47              	.LVL1:
  48              		.loc 1 99 9 is_stmt 0 view .LVU5
  49 000a FFF7FEFF 		bl	u8g2_ClearBuffer
  50              	.LVL2:
 100:Src/userInterface.c ****         u8g2_DrawBitmap(&u8g2, 0, 33, 4, 32, Neon_On);
  51              		.loc 1 100 9 is_stmt 1 view .LVU6
  52 000e 184B     		ldr	r3, .L5+4
  53 0010 0193     		str	r3, [sp, #4]
  54 0012 2023     		movs	r3, #32
  55 0014 0093     		str	r3, [sp]
  56 0016 0423     		movs	r3, #4
  57 0018 2122     		movs	r2, #33
  58 001a 0021     		movs	r1, #0
  59 001c 2046     		mov	r0, r4
  60 001e FFF7FEFF 		bl	u8g2_DrawBitmap
  61              	.LVL3:
 101:Src/userInterface.c ****         u8g2_SetFont(&u8g2, u8g2_font_micro_tr );
  62              		.loc 1 101 9 view .LVU7
  63 0022 1449     		ldr	r1, .L5+8
  64 0024 2046     		mov	r0, r4
  65 0026 FFF7FEFF 		bl	u8g2_SetFont
  66              	.LVL4:
 102:Src/userInterface.c ****         // u8g2_SetDrawColor(&u8g2, ~lampStatus);
 103:Src/userInterface.c ****         u8g2_DrawStr(&u8g2, 9, 33, "NEON");
  67              		.loc 1 103 9 view .LVU8
  68 002a 134B     		ldr	r3, .L5+12
  69 002c 2122     		movs	r2, #33
ARM GAS  C:\Users\behun\AppData\Local\Temp\ccJMynT3.s 			page 4


  70 002e 0921     		movs	r1, #9
  71 0030 2046     		mov	r0, r4
  72 0032 FFF7FEFF 		bl	u8g2_DrawStr
  73              	.LVL5:
  74              	.L1:
 104:Src/userInterface.c ****     }
 105:Src/userInterface.c ****     else
 106:Src/userInterface.c ****     {
 107:Src/userInterface.c ****         u8g2_ClearBuffer(&u8g2);
 108:Src/userInterface.c ****         u8g2_DrawBitmap(&u8g2, 0, 33, 4, 32, Neon_Off);
 109:Src/userInterface.c ****         u8g2_SetFont(&u8g2, u8g2_font_micro_tr );
 110:Src/userInterface.c ****         // u8g2_SetDrawColor(&u8g2, ~lampStatus);
 111:Src/userInterface.c ****         u8g2_DrawStr(&u8g2, 9, 33, "NEON");
 112:Src/userInterface.c ****     }  
 113:Src/userInterface.c **** }
  75              		.loc 1 113 1 is_stmt 0 view .LVU9
  76 0036 02B0     		add	sp, sp, #8
  77              	.LCFI2:
  78              		.cfi_remember_state
  79              		.cfi_def_cfa_offset 8
  80              		@ sp needed
  81 0038 10BD     		pop	{r4, pc}
  82              	.LVL6:
  83              	.L2:
  84              	.LCFI3:
  85              		.cfi_restore_state
 107:Src/userInterface.c ****         u8g2_DrawBitmap(&u8g2, 0, 33, 4, 32, Neon_Off);
  86              		.loc 1 107 9 is_stmt 1 view .LVU10
  87 003a 0C4C     		ldr	r4, .L5
  88 003c 2046     		mov	r0, r4
  89              	.LVL7:
 107:Src/userInterface.c ****         u8g2_DrawBitmap(&u8g2, 0, 33, 4, 32, Neon_Off);
  90              		.loc 1 107 9 is_stmt 0 view .LVU11
  91 003e FFF7FEFF 		bl	u8g2_ClearBuffer
  92              	.LVL8:
 108:Src/userInterface.c ****         u8g2_SetFont(&u8g2, u8g2_font_micro_tr );
  93              		.loc 1 108 9 is_stmt 1 view .LVU12
  94 0042 0E4B     		ldr	r3, .L5+16
  95 0044 0193     		str	r3, [sp, #4]
  96 0046 2023     		movs	r3, #32
  97 0048 0093     		str	r3, [sp]
  98 004a 0423     		movs	r3, #4
  99 004c 2122     		movs	r2, #33
 100 004e 0021     		movs	r1, #0
 101 0050 2046     		mov	r0, r4
 102 0052 FFF7FEFF 		bl	u8g2_DrawBitmap
 103              	.LVL9:
 109:Src/userInterface.c ****         // u8g2_SetDrawColor(&u8g2, ~lampStatus);
 104              		.loc 1 109 9 view .LVU13
 105 0056 0749     		ldr	r1, .L5+8
 106 0058 2046     		mov	r0, r4
 107 005a FFF7FEFF 		bl	u8g2_SetFont
 108              	.LVL10:
 111:Src/userInterface.c ****     }  
 109              		.loc 1 111 9 view .LVU14
 110 005e 064B     		ldr	r3, .L5+12
 111 0060 2122     		movs	r2, #33
ARM GAS  C:\Users\behun\AppData\Local\Temp\ccJMynT3.s 			page 5


 112 0062 0921     		movs	r1, #9
 113 0064 2046     		mov	r0, r4
 114 0066 FFF7FEFF 		bl	u8g2_DrawStr
 115              	.LVL11:
 116              		.loc 1 113 1 is_stmt 0 view .LVU15
 117 006a E4E7     		b	.L1
 118              	.L6:
 119              		.align	2
 120              	.L5:
 121 006c 00000000 		.word	u8g2
 122 0070 00000000 		.word	.LANCHOR0
 123 0074 00000000 		.word	u8g2_font_micro_tr
 124 0078 00000000 		.word	.LC0
 125 007c 00000000 		.word	.LANCHOR1
 126              		.cfi_endproc
 127              	.LFE66:
 129              		.section	.text.UV_Status,"ax",%progbits
 130              		.align	1
 131              		.global	UV_Status
 132              		.syntax unified
 133              		.thumb
 134              		.thumb_func
 135              		.fpu softvfp
 137              	UV_Status:
 138              	.LVL12:
 139              	.LFB67:
 114:Src/userInterface.c **** void UV_Status(uint8_t uvStatus)
 115:Src/userInterface.c **** {
 140              		.loc 1 115 1 is_stmt 1 view -0
 141              		.cfi_startproc
 142              		@ args = 0, pretend = 0, frame = 0
 143              		@ frame_needed = 0, uses_anonymous_args = 0
 144              		.loc 1 115 1 is_stmt 0 view .LVU17
 145 0000 10B5     		push	{r4, lr}
 146              	.LCFI4:
 147              		.cfi_def_cfa_offset 8
 148              		.cfi_offset 4, -8
 149              		.cfi_offset 14, -4
 150 0002 82B0     		sub	sp, sp, #8
 151              	.LCFI5:
 152              		.cfi_def_cfa_offset 16
 116:Src/userInterface.c ****     if(uvStatus)
 153              		.loc 1 116 5 is_stmt 1 view .LVU18
 154              		.loc 1 116 7 is_stmt 0 view .LVU19
 155 0004 A8B1     		cbz	r0, .L8
 117:Src/userInterface.c ****     {
 118:Src/userInterface.c ****         u8g2_DrawBitmap(&u8g2, 32, 33, 4, 32, UV_On);
 156              		.loc 1 118 9 is_stmt 1 view .LVU20
 157 0006 154C     		ldr	r4, .L11
 158 0008 154B     		ldr	r3, .L11+4
 159 000a 0193     		str	r3, [sp, #4]
 160 000c 2021     		movs	r1, #32
 161 000e 0091     		str	r1, [sp]
 162 0010 0423     		movs	r3, #4
 163 0012 2122     		movs	r2, #33
 164 0014 2046     		mov	r0, r4
 165              	.LVL13:
ARM GAS  C:\Users\behun\AppData\Local\Temp\ccJMynT3.s 			page 6


 166              		.loc 1 118 9 is_stmt 0 view .LVU21
 167 0016 FFF7FEFF 		bl	u8g2_DrawBitmap
 168              	.LVL14:
 119:Src/userInterface.c ****         u8g2_SetFont(&u8g2, u8g2_font_micro_tr );
 169              		.loc 1 119 9 is_stmt 1 view .LVU22
 170 001a 1249     		ldr	r1, .L11+8
 171 001c 2046     		mov	r0, r4
 172 001e FFF7FEFF 		bl	u8g2_SetFont
 173              	.LVL15:
 120:Src/userInterface.c ****         // u8g2_SetDrawColor(&u8g2, ~uvStatus);
 121:Src/userInterface.c ****         u8g2_DrawStr(&u8g2, 45, 33, "UV");
 174              		.loc 1 121 9 view .LVU23
 175 0022 114B     		ldr	r3, .L11+12
 176 0024 2122     		movs	r2, #33
 177 0026 2D21     		movs	r1, #45
 178 0028 2046     		mov	r0, r4
 179 002a FFF7FEFF 		bl	u8g2_DrawStr
 180              	.LVL16:
 181              	.L7:
 122:Src/userInterface.c ****     }
 123:Src/userInterface.c ****     else
 124:Src/userInterface.c ****     {
 125:Src/userInterface.c ****         u8g2_DrawBitmap(&u8g2, 32, 33, 4, 32, UV_Off);
 126:Src/userInterface.c ****         u8g2_SetFont(&u8g2, u8g2_font_micro_tr );
 127:Src/userInterface.c ****         // u8g2_SetDrawColor(&u8g2, ~uvStatus);
 128:Src/userInterface.c ****         u8g2_DrawStr(&u8g2, 45, 33, "UV");
 129:Src/userInterface.c ****     }  
 130:Src/userInterface.c **** }
 182              		.loc 1 130 1 is_stmt 0 view .LVU24
 183 002e 02B0     		add	sp, sp, #8
 184              	.LCFI6:
 185              		.cfi_remember_state
 186              		.cfi_def_cfa_offset 8
 187              		@ sp needed
 188 0030 10BD     		pop	{r4, pc}
 189              	.LVL17:
 190              	.L8:
 191              	.LCFI7:
 192              		.cfi_restore_state
 125:Src/userInterface.c ****         u8g2_SetFont(&u8g2, u8g2_font_micro_tr );
 193              		.loc 1 125 9 is_stmt 1 view .LVU25
 194 0032 0A4C     		ldr	r4, .L11
 195 0034 0D4B     		ldr	r3, .L11+16
 196 0036 0193     		str	r3, [sp, #4]
 197 0038 2021     		movs	r1, #32
 198 003a 0091     		str	r1, [sp]
 199 003c 0423     		movs	r3, #4
 200 003e 2122     		movs	r2, #33
 201 0040 2046     		mov	r0, r4
 202              	.LVL18:
 125:Src/userInterface.c ****         u8g2_SetFont(&u8g2, u8g2_font_micro_tr );
 203              		.loc 1 125 9 is_stmt 0 view .LVU26
 204 0042 FFF7FEFF 		bl	u8g2_DrawBitmap
 205              	.LVL19:
 126:Src/userInterface.c ****         // u8g2_SetDrawColor(&u8g2, ~uvStatus);
 206              		.loc 1 126 9 is_stmt 1 view .LVU27
 207 0046 0749     		ldr	r1, .L11+8
ARM GAS  C:\Users\behun\AppData\Local\Temp\ccJMynT3.s 			page 7


 208 0048 2046     		mov	r0, r4
 209 004a FFF7FEFF 		bl	u8g2_SetFont
 210              	.LVL20:
 128:Src/userInterface.c ****     }  
 211              		.loc 1 128 9 view .LVU28
 212 004e 064B     		ldr	r3, .L11+12
 213 0050 2122     		movs	r2, #33
 214 0052 2D21     		movs	r1, #45
 215 0054 2046     		mov	r0, r4
 216 0056 FFF7FEFF 		bl	u8g2_DrawStr
 217              	.LVL21:
 218              		.loc 1 130 1 is_stmt 0 view .LVU29
 219 005a E8E7     		b	.L7
 220              	.L12:
 221              		.align	2
 222              	.L11:
 223 005c 00000000 		.word	u8g2
 224 0060 00000000 		.word	.LANCHOR2
 225 0064 00000000 		.word	u8g2_font_micro_tr
 226 0068 00000000 		.word	.LC1
 227 006c 00000000 		.word	.LANCHOR3
 228              		.cfi_endproc
 229              	.LFE67:
 231              		.section	.text.Fan_Status,"ax",%progbits
 232              		.align	1
 233              		.global	Fan_Status
 234              		.syntax unified
 235              		.thumb
 236              		.thumb_func
 237              		.fpu softvfp
 239              	Fan_Status:
 240              	.LVL22:
 241              	.LFB68:
 131:Src/userInterface.c **** 
 132:Src/userInterface.c **** extern uint32_t tFan;
 133:Src/userInterface.c **** 
 134:Src/userInterface.c **** void Fan_Status(uint8_t fanStatus)
 135:Src/userInterface.c **** {
 242              		.loc 1 135 1 is_stmt 1 view -0
 243              		.cfi_startproc
 244              		@ args = 0, pretend = 0, frame = 0
 245              		@ frame_needed = 0, uses_anonymous_args = 0
 246              		.loc 1 135 1 is_stmt 0 view .LVU31
 247 0000 10B5     		push	{r4, lr}
 248              	.LCFI8:
 249              		.cfi_def_cfa_offset 8
 250              		.cfi_offset 4, -8
 251              		.cfi_offset 14, -4
 252 0002 82B0     		sub	sp, sp, #8
 253              	.LCFI9:
 254              		.cfi_def_cfa_offset 16
 136:Src/userInterface.c ****     if(fanStatus)
 255              		.loc 1 136 5 is_stmt 1 view .LVU32
 256              		.loc 1 136 7 is_stmt 0 view .LVU33
 257 0004 B0B1     		cbz	r0, .L14
 137:Src/userInterface.c ****     {
 138:Src/userInterface.c ****         u8g2_SetFont(&u8g2, u8g2_font_micro_tr );
ARM GAS  C:\Users\behun\AppData\Local\Temp\ccJMynT3.s 			page 8


 258              		.loc 1 138 9 is_stmt 1 view .LVU34
 259 0006 164C     		ldr	r4, .L17
 260 0008 1649     		ldr	r1, .L17+4
 261 000a 2046     		mov	r0, r4
 262              	.LVL23:
 263              		.loc 1 138 9 is_stmt 0 view .LVU35
 264 000c FFF7FEFF 		bl	u8g2_SetFont
 265              	.LVL24:
 139:Src/userInterface.c ****         // u8g2_SetDrawColor(&u8g2, ~fanStatus);
 140:Src/userInterface.c ****         u8g2_DrawStr(&u8g2, 75, 33, "FAN");
 266              		.loc 1 140 9 is_stmt 1 view .LVU36
 267 0010 154B     		ldr	r3, .L17+8
 268 0012 2122     		movs	r2, #33
 269 0014 4B21     		movs	r1, #75
 270 0016 2046     		mov	r0, r4
 271 0018 FFF7FEFF 		bl	u8g2_DrawStr
 272              	.LVL25:
 141:Src/userInterface.c ****         u8g2_DrawBitmap(&u8g2, 68, 38, 3, 24, Fan1);
 273              		.loc 1 141 9 view .LVU37
 274 001c 134B     		ldr	r3, .L17+12
 275 001e 0193     		str	r3, [sp, #4]
 276 0020 1823     		movs	r3, #24
 277 0022 0093     		str	r3, [sp]
 278 0024 0323     		movs	r3, #3
 279 0026 2622     		movs	r2, #38
 280 0028 4421     		movs	r1, #68
 281 002a 2046     		mov	r0, r4
 282 002c FFF7FEFF 		bl	u8g2_DrawBitmap
 283              	.LVL26:
 284              	.L13:
 142:Src/userInterface.c ****         // if(HAL_GetTick() - tFan > 200){
 143:Src/userInterface.c ****         //     temp = ~temp;
 144:Src/userInterface.c ****         //     tFan = HAL_GetTick();
 145:Src/userInterface.c ****         // }
 146:Src/userInterface.c ****         // if(temp)
 147:Src/userInterface.c ****         //     u8g2_DrawBitmap(&u8g2, 68, 38, 3, 24, Fan0);
 148:Src/userInterface.c ****         // else
 149:Src/userInterface.c ****         //     u8g2_DrawBitmap(&u8g2, 68, 38, 3, 24, Fan1);
 150:Src/userInterface.c ****         
 151:Src/userInterface.c ****         // if(HAL_GetTick() - t1 >20){
 152:Src/userInterface.c ****         //     u8g2_DrawBitmap(&u8g2, 68, 38, 3, 24, Fan0);
 153:Src/userInterface.c ****         //     t1 = HAL_GetTick();
 154:Src/userInterface.c ****         // }
 155:Src/userInterface.c ****     }
 156:Src/userInterface.c ****     else
 157:Src/userInterface.c ****     {
 158:Src/userInterface.c ****         u8g2_SetFont(&u8g2, u8g2_font_micro_tr );
 159:Src/userInterface.c ****         // u8g2_SetDrawColor(&u8g2, ~fanStatus);
 160:Src/userInterface.c ****         u8g2_DrawStr(&u8g2, 75, 33, "FAN");
 161:Src/userInterface.c ****         u8g2_DrawBitmap(&u8g2, 68, 38, 3, 24, Fan0);
 162:Src/userInterface.c ****     }  
 163:Src/userInterface.c **** }
 285              		.loc 1 163 1 is_stmt 0 view .LVU38
 286 0030 02B0     		add	sp, sp, #8
 287              	.LCFI10:
 288              		.cfi_remember_state
 289              		.cfi_def_cfa_offset 8
ARM GAS  C:\Users\behun\AppData\Local\Temp\ccJMynT3.s 			page 9


 290              		@ sp needed
 291 0032 10BD     		pop	{r4, pc}
 292              	.LVL27:
 293              	.L14:
 294              	.LCFI11:
 295              		.cfi_restore_state
 158:Src/userInterface.c ****         // u8g2_SetDrawColor(&u8g2, ~fanStatus);
 296              		.loc 1 158 9 is_stmt 1 view .LVU39
 297 0034 0A4C     		ldr	r4, .L17
 298 0036 0B49     		ldr	r1, .L17+4
 299 0038 2046     		mov	r0, r4
 300              	.LVL28:
 158:Src/userInterface.c ****         // u8g2_SetDrawColor(&u8g2, ~fanStatus);
 301              		.loc 1 158 9 is_stmt 0 view .LVU40
 302 003a FFF7FEFF 		bl	u8g2_SetFont
 303              	.LVL29:
 160:Src/userInterface.c ****         u8g2_DrawBitmap(&u8g2, 68, 38, 3, 24, Fan0);
 304              		.loc 1 160 9 is_stmt 1 view .LVU41
 305 003e 0A4B     		ldr	r3, .L17+8
 306 0040 2122     		movs	r2, #33
 307 0042 4B21     		movs	r1, #75
 308 0044 2046     		mov	r0, r4
 309 0046 FFF7FEFF 		bl	u8g2_DrawStr
 310              	.LVL30:
 161:Src/userInterface.c ****     }  
 311              		.loc 1 161 9 view .LVU42
 312 004a 094B     		ldr	r3, .L17+16
 313 004c 0193     		str	r3, [sp, #4]
 314 004e 1823     		movs	r3, #24
 315 0050 0093     		str	r3, [sp]
 316 0052 0323     		movs	r3, #3
 317 0054 2622     		movs	r2, #38
 318 0056 4421     		movs	r1, #68
 319 0058 2046     		mov	r0, r4
 320 005a FFF7FEFF 		bl	u8g2_DrawBitmap
 321              	.LVL31:
 322              		.loc 1 163 1 is_stmt 0 view .LVU43
 323 005e E7E7     		b	.L13
 324              	.L18:
 325              		.align	2
 326              	.L17:
 327 0060 00000000 		.word	u8g2
 328 0064 00000000 		.word	u8g2_font_micro_tr
 329 0068 00000000 		.word	.LC2
 330 006c 00000000 		.word	.LANCHOR4
 331 0070 00000000 		.word	.LANCHOR5
 332              		.cfi_endproc
 333              	.LFE68:
 335              		.section	.text.Socket_Status,"ax",%progbits
 336              		.align	1
 337              		.global	Socket_Status
 338              		.syntax unified
 339              		.thumb
 340              		.thumb_func
 341              		.fpu softvfp
 343              	Socket_Status:
 344              	.LVL32:
ARM GAS  C:\Users\behun\AppData\Local\Temp\ccJMynT3.s 			page 10


 345              	.LFB69:
 164:Src/userInterface.c **** void Socket_Status(uint8_t sStatus)
 165:Src/userInterface.c **** {
 346              		.loc 1 165 1 is_stmt 1 view -0
 347              		.cfi_startproc
 348              		@ args = 0, pretend = 0, frame = 0
 349              		@ frame_needed = 0, uses_anonymous_args = 0
 350              		.loc 1 165 1 is_stmt 0 view .LVU45
 351 0000 10B5     		push	{r4, lr}
 352              	.LCFI12:
 353              		.cfi_def_cfa_offset 8
 354              		.cfi_offset 4, -8
 355              		.cfi_offset 14, -4
 356 0002 82B0     		sub	sp, sp, #8
 357              	.LCFI13:
 358              		.cfi_def_cfa_offset 16
 166:Src/userInterface.c ****     if(sStatus)
 359              		.loc 1 166 5 is_stmt 1 view .LVU46
 360              		.loc 1 166 7 is_stmt 0 view .LVU47
 361 0004 00B3     		cbz	r0, .L20
 167:Src/userInterface.c ****     {
 168:Src/userInterface.c ****         u8g2_DrawBitmap(&u8g2, 98, 34, 4, 32, Socket_On);
 362              		.loc 1 168 9 is_stmt 1 view .LVU48
 363 0006 204C     		ldr	r4, .L23
 364 0008 204B     		ldr	r3, .L23+4
 365 000a 0193     		str	r3, [sp, #4]
 366 000c 2023     		movs	r3, #32
 367 000e 0093     		str	r3, [sp]
 368 0010 0423     		movs	r3, #4
 369 0012 2222     		movs	r2, #34
 370 0014 6221     		movs	r1, #98
 371 0016 2046     		mov	r0, r4
 372              	.LVL33:
 373              		.loc 1 168 9 is_stmt 0 view .LVU49
 374 0018 FFF7FEFF 		bl	u8g2_DrawBitmap
 375              	.LVL34:
 169:Src/userInterface.c ****         u8g2_SetFont(&u8g2, u8g2_font_u8glib_4_tf );
 376              		.loc 1 169 9 is_stmt 1 view .LVU50
 377 001c 1C49     		ldr	r1, .L23+8
 378 001e 2046     		mov	r0, r4
 379 0020 FFF7FEFF 		bl	u8g2_SetFont
 380              	.LVL35:
 170:Src/userInterface.c ****         u8g2_DrawStr(&u8g2, 108, 62, "ON");
 381              		.loc 1 170 9 view .LVU51
 382 0024 1B4B     		ldr	r3, .L23+12
 383 0026 3E22     		movs	r2, #62
 384 0028 6C21     		movs	r1, #108
 385 002a 2046     		mov	r0, r4
 386 002c FFF7FEFF 		bl	u8g2_DrawStr
 387              	.LVL36:
 171:Src/userInterface.c ****         u8g2_SetFont(&u8g2, u8g2_font_micro_tr );
 388              		.loc 1 171 9 view .LVU52
 389 0030 1949     		ldr	r1, .L23+16
 390 0032 2046     		mov	r0, r4
 391 0034 FFF7FEFF 		bl	u8g2_SetFont
 392              	.LVL37:
 172:Src/userInterface.c ****         // u8g2_SetDrawColor(&u8g2, ~sStatus);
ARM GAS  C:\Users\behun\AppData\Local\Temp\ccJMynT3.s 			page 11


 173:Src/userInterface.c ****         u8g2_DrawStr(&u8g2, 101, 33, "SOCKET");
 393              		.loc 1 173 9 view .LVU53
 394 0038 184B     		ldr	r3, .L23+20
 395 003a 2122     		movs	r2, #33
 396 003c 6521     		movs	r1, #101
 397 003e 2046     		mov	r0, r4
 398 0040 FFF7FEFF 		bl	u8g2_DrawStr
 399              	.LVL38:
 400              	.L19:
 174:Src/userInterface.c ****     }
 175:Src/userInterface.c ****     else
 176:Src/userInterface.c ****     {
 177:Src/userInterface.c ****         u8g2_DrawBitmap(&u8g2, 98, 34, 4, 32, Socket_Off);
 178:Src/userInterface.c ****         u8g2_SetFont(&u8g2, u8g2_font_u8glib_4_tf );
 179:Src/userInterface.c ****         u8g2_DrawStr(&u8g2, 105, 62, "OFF");
 180:Src/userInterface.c ****         u8g2_SetFont(&u8g2, u8g2_font_micro_tr );
 181:Src/userInterface.c ****         // u8g2_SetDrawColor(&u8g2, ~sStatus);
 182:Src/userInterface.c ****         u8g2_DrawStr(&u8g2, 101, 33, "SOCKET");
 183:Src/userInterface.c ****     }  
 184:Src/userInterface.c **** }
 401              		.loc 1 184 1 is_stmt 0 view .LVU54
 402 0044 02B0     		add	sp, sp, #8
 403              	.LCFI14:
 404              		.cfi_remember_state
 405              		.cfi_def_cfa_offset 8
 406              		@ sp needed
 407 0046 10BD     		pop	{r4, pc}
 408              	.LVL39:
 409              	.L20:
 410              	.LCFI15:
 411              		.cfi_restore_state
 177:Src/userInterface.c ****         u8g2_SetFont(&u8g2, u8g2_font_u8glib_4_tf );
 412              		.loc 1 177 9 is_stmt 1 view .LVU55
 413 0048 0F4C     		ldr	r4, .L23
 414 004a 154B     		ldr	r3, .L23+24
 415 004c 0193     		str	r3, [sp, #4]
 416 004e 2023     		movs	r3, #32
 417 0050 0093     		str	r3, [sp]
 418 0052 0423     		movs	r3, #4
 419 0054 2222     		movs	r2, #34
 420 0056 6221     		movs	r1, #98
 421 0058 2046     		mov	r0, r4
 422              	.LVL40:
 177:Src/userInterface.c ****         u8g2_SetFont(&u8g2, u8g2_font_u8glib_4_tf );
 423              		.loc 1 177 9 is_stmt 0 view .LVU56
 424 005a FFF7FEFF 		bl	u8g2_DrawBitmap
 425              	.LVL41:
 178:Src/userInterface.c ****         u8g2_DrawStr(&u8g2, 105, 62, "OFF");
 426              		.loc 1 178 9 is_stmt 1 view .LVU57
 427 005e 0C49     		ldr	r1, .L23+8
 428 0060 2046     		mov	r0, r4
 429 0062 FFF7FEFF 		bl	u8g2_SetFont
 430              	.LVL42:
 179:Src/userInterface.c ****         u8g2_SetFont(&u8g2, u8g2_font_micro_tr );
 431              		.loc 1 179 9 view .LVU58
 432 0066 0F4B     		ldr	r3, .L23+28
 433 0068 3E22     		movs	r2, #62
ARM GAS  C:\Users\behun\AppData\Local\Temp\ccJMynT3.s 			page 12


 434 006a 6921     		movs	r1, #105
 435 006c 2046     		mov	r0, r4
 436 006e FFF7FEFF 		bl	u8g2_DrawStr
 437              	.LVL43:
 180:Src/userInterface.c ****         // u8g2_SetDrawColor(&u8g2, ~sStatus);
 438              		.loc 1 180 9 view .LVU59
 439 0072 0949     		ldr	r1, .L23+16
 440 0074 2046     		mov	r0, r4
 441 0076 FFF7FEFF 		bl	u8g2_SetFont
 442              	.LVL44:
 182:Src/userInterface.c ****     }  
 443              		.loc 1 182 9 view .LVU60
 444 007a 084B     		ldr	r3, .L23+20
 445 007c 2122     		movs	r2, #33
 446 007e 6521     		movs	r1, #101
 447 0080 2046     		mov	r0, r4
 448 0082 FFF7FEFF 		bl	u8g2_DrawStr
 449              	.LVL45:
 450              		.loc 1 184 1 is_stmt 0 view .LVU61
 451 0086 DDE7     		b	.L19
 452              	.L24:
 453              		.align	2
 454              	.L23:
 455 0088 00000000 		.word	u8g2
 456 008c 00000000 		.word	.LANCHOR6
 457 0090 00000000 		.word	u8g2_font_u8glib_4_tf
 458 0094 00000000 		.word	.LC3
 459 0098 00000000 		.word	u8g2_font_micro_tr
 460 009c 04000000 		.word	.LC4
 461 00a0 00000000 		.word	.LANCHOR7
 462 00a4 0C000000 		.word	.LC5
 463              		.cfi_endproc
 464              	.LFE69:
 466              		.section	.text.Filter,"ax",%progbits
 467              		.align	1
 468              		.global	Filter
 469              		.syntax unified
 470              		.thumb
 471              		.thumb_func
 472              		.fpu softvfp
 474              	Filter:
 475              	.LVL46:
 476              	.LFB70:
 185:Src/userInterface.c **** void Filter(uint8_t FStatus)
 186:Src/userInterface.c **** {
 477              		.loc 1 186 1 is_stmt 1 view -0
 478              		.cfi_startproc
 479              		@ args = 0, pretend = 0, frame = 0
 480              		@ frame_needed = 0, uses_anonymous_args = 0
 481              		.loc 1 186 1 is_stmt 0 view .LVU63
 482 0000 10B5     		push	{r4, lr}
 483              	.LCFI16:
 484              		.cfi_def_cfa_offset 8
 485              		.cfi_offset 4, -8
 486              		.cfi_offset 14, -4
 487 0002 82B0     		sub	sp, sp, #8
 488              	.LCFI17:
ARM GAS  C:\Users\behun\AppData\Local\Temp\ccJMynT3.s 			page 13


 489              		.cfi_def_cfa_offset 16
 187:Src/userInterface.c ****     switch(FStatus)
 490              		.loc 1 187 5 is_stmt 1 view .LVU64
 491 0004 70B1     		cbz	r0, .L26
 492 0006 0128     		cmp	r0, #1
 493 0008 0AD1     		bne	.L25
 188:Src/userInterface.c ****     {
 189:Src/userInterface.c ****         case 1:
 190:Src/userInterface.c ****             u8g2_SetFont(&u8g2, u8g2_font_5x7_tf);//
 494              		.loc 1 190 13 view .LVU65
 495 000a 1C4C     		ldr	r4, .L29
 496 000c 1C49     		ldr	r1, .L29+4
 497 000e 2046     		mov	r0, r4
 498              	.LVL47:
 499              		.loc 1 190 13 is_stmt 0 view .LVU66
 500 0010 FFF7FEFF 		bl	u8g2_SetFont
 501              	.LVL48:
 191:Src/userInterface.c ****             u8g2_DrawStr(&u8g2, 2, 19, "Please change the filter!");// When Filter < 30%, show stri
 502              		.loc 1 191 13 is_stmt 1 view .LVU67
 503 0014 1B4B     		ldr	r3, .L29+8
 504 0016 1322     		movs	r2, #19
 505 0018 0221     		movs	r1, #2
 506 001a 2046     		mov	r0, r4
 507 001c FFF7FEFF 		bl	u8g2_DrawStr
 508              	.LVL49:
 192:Src/userInterface.c ****             break;
 509              		.loc 1 192 13 view .LVU68
 510              	.L25:
 193:Src/userInterface.c ****         case 0:
 194:Src/userInterface.c ****             u8g2_SetDrawColor(&u8g2, ~FStatus);
 195:Src/userInterface.c ****             u8g2_SetFont(&u8g2, u8g2_font_5x7_tf);//
 196:Src/userInterface.c ****             u8g2_DrawStr(&u8g2, 2, 19, "Please change the filter!");// When Filter < 30%, show stri
 197:Src/userInterface.c ****             u8g2_DrawStr(&u8g2, 7, 10, "Filter:");
 198:Src/userInterface.c ****             u8g2_DrawStr(&u8g2, 98, 10, "100"); //variable x
 199:Src/userInterface.c ****             u8g2_DrawStr(&u8g2, 115, 10, "%");
 200:Src/userInterface.c ****             u8g2_DrawBox(&u8g2, 45, 4, 50, 6); //Value of filter
 201:Src/userInterface.c ****             break;
 202:Src/userInterface.c ****     }
 203:Src/userInterface.c **** }
 511              		.loc 1 203 1 is_stmt 0 view .LVU69
 512 0020 02B0     		add	sp, sp, #8
 513              	.LCFI18:
 514              		.cfi_remember_state
 515              		.cfi_def_cfa_offset 8
 516              		@ sp needed
 517 0022 10BD     		pop	{r4, pc}
 518              	.LVL50:
 519              	.L26:
 520              	.LCFI19:
 521              		.cfi_restore_state
 194:Src/userInterface.c ****             u8g2_SetFont(&u8g2, u8g2_font_5x7_tf);//
 522              		.loc 1 194 13 is_stmt 1 view .LVU70
 523 0024 C143     		mvns	r1, r0
 524 0026 154C     		ldr	r4, .L29
 525 0028 C9B2     		uxtb	r1, r1
 526 002a 2046     		mov	r0, r4
 527              	.LVL51:
ARM GAS  C:\Users\behun\AppData\Local\Temp\ccJMynT3.s 			page 14


 194:Src/userInterface.c ****             u8g2_SetFont(&u8g2, u8g2_font_5x7_tf);//
 528              		.loc 1 194 13 is_stmt 0 view .LVU71
 529 002c FFF7FEFF 		bl	u8g2_SetDrawColor
 530              	.LVL52:
 195:Src/userInterface.c ****             u8g2_DrawStr(&u8g2, 2, 19, "Please change the filter!");// When Filter < 30%, show stri
 531              		.loc 1 195 13 is_stmt 1 view .LVU72
 532 0030 1349     		ldr	r1, .L29+4
 533 0032 2046     		mov	r0, r4
 534 0034 FFF7FEFF 		bl	u8g2_SetFont
 535              	.LVL53:
 196:Src/userInterface.c ****             u8g2_DrawStr(&u8g2, 7, 10, "Filter:");
 536              		.loc 1 196 13 view .LVU73
 537 0038 124B     		ldr	r3, .L29+8
 538 003a 1322     		movs	r2, #19
 539 003c 0221     		movs	r1, #2
 540 003e 2046     		mov	r0, r4
 541 0040 FFF7FEFF 		bl	u8g2_DrawStr
 542              	.LVL54:
 197:Src/userInterface.c ****             u8g2_DrawStr(&u8g2, 98, 10, "100"); //variable x
 543              		.loc 1 197 13 view .LVU74
 544 0044 104B     		ldr	r3, .L29+12
 545 0046 0A22     		movs	r2, #10
 546 0048 0721     		movs	r1, #7
 547 004a 2046     		mov	r0, r4
 548 004c FFF7FEFF 		bl	u8g2_DrawStr
 549              	.LVL55:
 198:Src/userInterface.c ****             u8g2_DrawStr(&u8g2, 115, 10, "%");
 550              		.loc 1 198 13 view .LVU75
 551 0050 0E4B     		ldr	r3, .L29+16
 552 0052 0A22     		movs	r2, #10
 553 0054 6221     		movs	r1, #98
 554 0056 2046     		mov	r0, r4
 555 0058 FFF7FEFF 		bl	u8g2_DrawStr
 556              	.LVL56:
 199:Src/userInterface.c ****             u8g2_DrawBox(&u8g2, 45, 4, 50, 6); //Value of filter
 557              		.loc 1 199 13 view .LVU76
 558 005c 0C4B     		ldr	r3, .L29+20
 559 005e 0A22     		movs	r2, #10
 560 0060 7321     		movs	r1, #115
 561 0062 2046     		mov	r0, r4
 562 0064 FFF7FEFF 		bl	u8g2_DrawStr
 563              	.LVL57:
 200:Src/userInterface.c ****             break;
 564              		.loc 1 200 13 view .LVU77
 565 0068 0623     		movs	r3, #6
 566 006a 0093     		str	r3, [sp]
 567 006c 3223     		movs	r3, #50
 568 006e 0422     		movs	r2, #4
 569 0070 2D21     		movs	r1, #45
 570 0072 2046     		mov	r0, r4
 571 0074 FFF7FEFF 		bl	u8g2_DrawBox
 572              	.LVL58:
 201:Src/userInterface.c ****     }
 573              		.loc 1 201 13 view .LVU78
 574              		.loc 1 203 1 is_stmt 0 view .LVU79
 575 0078 D2E7     		b	.L25
 576              	.L30:
ARM GAS  C:\Users\behun\AppData\Local\Temp\ccJMynT3.s 			page 15


 577 007a 00BF     		.align	2
 578              	.L29:
 579 007c 00000000 		.word	u8g2
 580 0080 00000000 		.word	u8g2_font_5x7_tf
 581 0084 00000000 		.word	.LC6
 582 0088 1C000000 		.word	.LC7
 583 008c 24000000 		.word	.LC8
 584 0090 28000000 		.word	.LC9
 585              		.cfi_endproc
 586              	.LFE70:
 588              		.section	.text.Horizontal,"ax",%progbits
 589              		.align	1
 590              		.global	Horizontal
 591              		.syntax unified
 592              		.thumb
 593              		.thumb_func
 594              		.fpu softvfp
 596              	Horizontal:
 597              	.LFB71:
 204:Src/userInterface.c **** void Horizontal(void)
 205:Src/userInterface.c **** {
 598              		.loc 1 205 1 is_stmt 1 view -0
 599              		.cfi_startproc
 600              		@ args = 0, pretend = 0, frame = 0
 601              		@ frame_needed = 0, uses_anonymous_args = 0
 602 0000 70B5     		push	{r4, r5, r6, lr}
 603              	.LCFI20:
 604              		.cfi_def_cfa_offset 16
 605              		.cfi_offset 4, -16
 606              		.cfi_offset 5, -12
 607              		.cfi_offset 6, -8
 608              		.cfi_offset 14, -4
 609 0002 82B0     		sub	sp, sp, #8
 610              	.LCFI21:
 611              		.cfi_def_cfa_offset 24
 206:Src/userInterface.c ****     u8g2_SetDrawColor(&u8g2, 1);
 612              		.loc 1 206 5 view .LVU81
 613 0004 154C     		ldr	r4, .L33
 614 0006 0121     		movs	r1, #1
 615 0008 2046     		mov	r0, r4
 616 000a FFF7FEFF 		bl	u8g2_SetDrawColor
 617              	.LVL59:
 207:Src/userInterface.c ****     u8g2_DrawFrame(&u8g2, 0, 24, 128, 40);
 618              		.loc 1 207 5 view .LVU82
 619 000e 2825     		movs	r5, #40
 620 0010 0095     		str	r5, [sp]
 621 0012 8023     		movs	r3, #128
 622 0014 1822     		movs	r2, #24
 623 0016 0021     		movs	r1, #0
 624 0018 2046     		mov	r0, r4
 625 001a FFF7FEFF 		bl	u8g2_DrawFrame
 626              	.LVL60:
 208:Src/userInterface.c ****     u8g2_DrawHLine(&u8g2, 0, 36, 128);
 627              		.loc 1 208 5 view .LVU83
 628 001e 8023     		movs	r3, #128
 629 0020 2422     		movs	r2, #36
 630 0022 0021     		movs	r1, #0
ARM GAS  C:\Users\behun\AppData\Local\Temp\ccJMynT3.s 			page 16


 631 0024 2046     		mov	r0, r4
 632 0026 FFF7FEFF 		bl	u8g2_DrawHLine
 633              	.LVL61:
 209:Src/userInterface.c ****     u8g2_DrawHVLine(&u8g2, 32, 24, 40, 1);
 634              		.loc 1 209 5 view .LVU84
 635 002a 0126     		movs	r6, #1
 636 002c 0096     		str	r6, [sp]
 637 002e 2B46     		mov	r3, r5
 638 0030 1822     		movs	r2, #24
 639 0032 2021     		movs	r1, #32
 640 0034 2046     		mov	r0, r4
 641 0036 FFF7FEFF 		bl	u8g2_DrawHVLine
 642              	.LVL62:
 210:Src/userInterface.c ****     u8g2_DrawHVLine(&u8g2, 64, 24, 40, 1);
 643              		.loc 1 210 5 view .LVU85
 644 003a 0096     		str	r6, [sp]
 645 003c 2B46     		mov	r3, r5
 646 003e 1822     		movs	r2, #24
 647 0040 4021     		movs	r1, #64
 648 0042 2046     		mov	r0, r4
 649 0044 FFF7FEFF 		bl	u8g2_DrawHVLine
 650              	.LVL63:
 211:Src/userInterface.c ****     u8g2_DrawHVLine(&u8g2, 96, 24, 40, 1);
 651              		.loc 1 211 5 view .LVU86
 652 0048 0096     		str	r6, [sp]
 653 004a 2B46     		mov	r3, r5
 654 004c 1822     		movs	r2, #24
 655 004e 6021     		movs	r1, #96
 656 0050 2046     		mov	r0, r4
 657 0052 FFF7FEFF 		bl	u8g2_DrawHVLine
 658              	.LVL64:
 212:Src/userInterface.c **** }
 659              		.loc 1 212 1 is_stmt 0 view .LVU87
 660 0056 02B0     		add	sp, sp, #8
 661              	.LCFI22:
 662              		.cfi_def_cfa_offset 16
 663              		@ sp needed
 664 0058 70BD     		pop	{r4, r5, r6, pc}
 665              	.L34:
 666 005a 00BF     		.align	2
 667              	.L33:
 668 005c 00000000 		.word	u8g2
 669              		.cfi_endproc
 670              	.LFE71:
 672              		.comm	u8g2_cb,8,4
 673              		.comm	u8g2,128,4
 674              		.global	Socket_Off
 675              		.global	Socket_On
 676              		.global	Fan1
 677              		.global	Fan0
 678              		.global	UV_Off
 679              		.global	UV_On
 680              		.global	Neon_Off
 681              		.global	Neon_On
 682              		.section	.rodata.Fan0,"a"
 683              		.align	2
 684              		.set	.LANCHOR5,. + 0
ARM GAS  C:\Users\behun\AppData\Local\Temp\ccJMynT3.s 			page 17


 687              	Fan0:
 688 0000 00       		.byte	0
 689 0001 1E       		.byte	30
 690 0002 00       		.byte	0
 691 0003 00       		.byte	0
 692 0004 7F       		.byte	127
 693 0005 80       		.byte	-128
 694 0006 00       		.byte	0
 695 0007 7F       		.byte	127
 696 0008 80       		.byte	-128
 697 0009 00       		.byte	0
 698 000a FF       		.byte	-1
 699 000b 80       		.byte	-128
 700 000c 00       		.byte	0
 701 000d FF       		.byte	-1
 702 000e 80       		.byte	-128
 703 000f 00       		.byte	0
 704 0010 FF       		.byte	-1
 705 0011 00       		.byte	0
 706 0012 00       		.byte	0
 707 0013 7E       		.byte	126
 708 0014 00       		.byte	0
 709 0015 78       		.byte	120
 710 0016 7C       		.byte	124
 711 0017 00       		.byte	0
 712 0018 7C       		.byte	124
 713 0019 3C       		.byte	60
 714 001a 38       		.byte	56
 715 001b FE       		.byte	-2
 716 001c 42       		.byte	66
 717 001d FE       		.byte	-2
 718 001e FF       		.byte	-1
 719 001f 81       		.byte	-127
 720 0020 FE       		.byte	-2
 721 0021 FF       		.byte	-1
 722 0022 99       		.byte	-103
 723 0023 FF       		.byte	-1
 724 0024 FF       		.byte	-1
 725 0025 99       		.byte	-103
 726 0026 FF       		.byte	-1
 727 0027 7F       		.byte	127
 728 0028 81       		.byte	-127
 729 0029 FF       		.byte	-1
 730 002a 7F       		.byte	127
 731 002b 42       		.byte	66
 732 002c 7F       		.byte	127
 733 002d 1C       		.byte	28
 734 002e 3C       		.byte	60
 735 002f 3E       		.byte	62
 736 0030 00       		.byte	0
 737 0031 3E       		.byte	62
 738 0032 1E       		.byte	30
 739 0033 00       		.byte	0
 740 0034 7E       		.byte	126
 741 0035 00       		.byte	0
 742 0036 00       		.byte	0
 743 0037 FF       		.byte	-1
ARM GAS  C:\Users\behun\AppData\Local\Temp\ccJMynT3.s 			page 18


 744 0038 00       		.byte	0
 745 0039 01       		.byte	1
 746 003a FF       		.byte	-1
 747 003b 00       		.byte	0
 748 003c 01       		.byte	1
 749 003d FF       		.byte	-1
 750 003e 00       		.byte	0
 751 003f 01       		.byte	1
 752 0040 FE       		.byte	-2
 753 0041 00       		.byte	0
 754 0042 01       		.byte	1
 755 0043 FE       		.byte	-2
 756 0044 00       		.byte	0
 757 0045 00       		.byte	0
 758 0046 78       		.byte	120
 759 0047 00       		.byte	0
 760              		.section	.rodata.Fan1,"a"
 761              		.align	2
 762              		.set	.LANCHOR4,. + 0
 765              	Fan1:
 766 0000 00       		.byte	0
 767 0001 00       		.byte	0
 768 0002 00       		.byte	0
 769 0003 00       		.byte	0
 770 0004 00       		.byte	0
 771 0005 00       		.byte	0
 772 0006 03       		.byte	3
 773 0007 80       		.byte	-128
 774 0008 00       		.byte	0
 775 0009 07       		.byte	7
 776 000a C1       		.byte	-63
 777 000b F0       		.byte	-16
 778 000c 0F       		.byte	15
 779 000d C3       		.byte	-61
 780 000e F8       		.byte	-8
 781 000f 1F       		.byte	31
 782 0010 C3       		.byte	-61
 783 0011 FC       		.byte	-4
 784 0012 1F       		.byte	31
 785 0013 C7       		.byte	-57
 786 0014 FE       		.byte	-2
 787 0015 1F       		.byte	31
 788 0016 C7       		.byte	-57
 789 0017 FE       		.byte	-2
 790 0018 1F       		.byte	31
 791 0019 FF       		.byte	-1
 792 001a FE       		.byte	-2
 793 001b 0F       		.byte	15
 794 001c C3       		.byte	-61
 795 001d FC       		.byte	-4
 796 001e 03       		.byte	3
 797 001f 81       		.byte	-127
 798 0020 00       		.byte	0
 799 0021 00       		.byte	0
 800 0022 99       		.byte	-103
 801 0023 00       		.byte	0
 802 0024 00       		.byte	0
ARM GAS  C:\Users\behun\AppData\Local\Temp\ccJMynT3.s 			page 19


 803 0025 99       		.byte	-103
 804 0026 00       		.byte	0
 805 0027 00       		.byte	0
 806 0028 81       		.byte	-127
 807 0029 C0       		.byte	-64
 808 002a 3F       		.byte	63
 809 002b C3       		.byte	-61
 810 002c F0       		.byte	-16
 811 002d 7F       		.byte	127
 812 002e FF       		.byte	-1
 813 002f F8       		.byte	-8
 814 0030 7F       		.byte	127
 815 0031 E3       		.byte	-29
 816 0032 F8       		.byte	-8
 817 0033 7F       		.byte	127
 818 0034 E3       		.byte	-29
 819 0035 F8       		.byte	-8
 820 0036 3F       		.byte	63
 821 0037 C3       		.byte	-61
 822 0038 F8       		.byte	-8
 823 0039 1F       		.byte	31
 824 003a C3       		.byte	-61
 825 003b F0       		.byte	-16
 826 003c 0F       		.byte	15
 827 003d 83       		.byte	-125
 828 003e E0       		.byte	-32
 829 003f 00       		.byte	0
 830 0040 01       		.byte	1
 831 0041 C0       		.byte	-64
 832 0042 00       		.byte	0
 833 0043 00       		.byte	0
 834 0044 00       		.byte	0
 835 0045 00       		.byte	0
 836 0046 00       		.byte	0
 837 0047 00       		.byte	0
 838              		.section	.rodata.Fan_Status.str1.4,"aMS",%progbits,1
 839              		.align	2
 840              	.LC2:
 841 0000 46414E00 		.ascii	"FAN\000"
 842              		.section	.rodata.Filter.str1.4,"aMS",%progbits,1
 843              		.align	2
 844              	.LC6:
 845 0000 506C6561 		.ascii	"Please change the filter!\000"
 845      73652063 
 845      68616E67 
 845      65207468 
 845      65206669 
 846 001a 0000     		.space	2
 847              	.LC7:
 848 001c 46696C74 		.ascii	"Filter:\000"
 848      65723A00 
 849              	.LC8:
 850 0024 31303000 		.ascii	"100\000"
 851              	.LC9:
 852 0028 2500     		.ascii	"%\000"
 853              		.section	.rodata.Lamp_Status.str1.4,"aMS",%progbits,1
 854              		.align	2
ARM GAS  C:\Users\behun\AppData\Local\Temp\ccJMynT3.s 			page 20


 855              	.LC0:
 856 0000 4E454F4E 		.ascii	"NEON\000"
 856      00
 857              		.section	.rodata.Neon_Off,"a"
 858              		.align	2
 859              		.set	.LANCHOR1,. + 0
 862              	Neon_Off:
 863 0000 00       		.byte	0
 864 0001 00       		.byte	0
 865 0002 00       		.byte	0
 866 0003 00       		.byte	0
 867 0004 00       		.byte	0
 868 0005 00       		.byte	0
 869 0006 00       		.byte	0
 870 0007 00       		.byte	0
 871 0008 00       		.byte	0
 872 0009 00       		.byte	0
 873 000a 00       		.byte	0
 874 000b 00       		.byte	0
 875 000c 00       		.byte	0
 876 000d 00       		.byte	0
 877 000e 00       		.byte	0
 878 000f 00       		.byte	0
 879 0010 00       		.byte	0
 880 0011 00       		.byte	0
 881 0012 00       		.byte	0
 882 0013 00       		.byte	0
 883 0014 00       		.byte	0
 884 0015 00       		.byte	0
 885 0016 00       		.byte	0
 886 0017 00       		.byte	0
 887 0018 00       		.byte	0
 888 0019 00       		.byte	0
 889 001a 00       		.byte	0
 890 001b 00       		.byte	0
 891 001c 00       		.byte	0
 892 001d 00       		.byte	0
 893 001e 00       		.byte	0
 894 001f 00       		.byte	0
 895 0020 00       		.byte	0
 896 0021 07       		.byte	7
 897 0022 F0       		.byte	-16
 898 0023 00       		.byte	0
 899 0024 00       		.byte	0
 900 0025 18       		.byte	24
 901 0026 18       		.byte	24
 902 0027 00       		.byte	0
 903 0028 00       		.byte	0
 904 0029 20       		.byte	32
 905 002a 04       		.byte	4
 906 002b 00       		.byte	0
 907 002c 00       		.byte	0
 908 002d 20       		.byte	32
 909 002e 04       		.byte	4
 910 002f 00       		.byte	0
 911 0030 00       		.byte	0
 912 0031 40       		.byte	64
ARM GAS  C:\Users\behun\AppData\Local\Temp\ccJMynT3.s 			page 21


 913 0032 02       		.byte	2
 914 0033 00       		.byte	0
 915 0034 00       		.byte	0
 916 0035 40       		.byte	64
 917 0036 02       		.byte	2
 918 0037 00       		.byte	0
 919 0038 00       		.byte	0
 920 0039 44       		.byte	68
 921 003a 42       		.byte	66
 922 003b 00       		.byte	0
 923 003c 00       		.byte	0
 924 003d 42       		.byte	66
 925 003e 82       		.byte	-126
 926 003f 00       		.byte	0
 927 0040 00       		.byte	0
 928 0041 41       		.byte	65
 929 0042 02       		.byte	2
 930 0043 00       		.byte	0
 931 0044 00       		.byte	0
 932 0045 21       		.byte	33
 933 0046 04       		.byte	4
 934 0047 00       		.byte	0
 935 0048 00       		.byte	0
 936 0049 21       		.byte	33
 937 004a 04       		.byte	4
 938 004b 00       		.byte	0
 939 004c 00       		.byte	0
 940 004d 19       		.byte	25
 941 004e 18       		.byte	24
 942 004f 00       		.byte	0
 943 0050 00       		.byte	0
 944 0051 09       		.byte	9
 945 0052 10       		.byte	16
 946 0053 00       		.byte	0
 947 0054 00       		.byte	0
 948 0055 05       		.byte	5
 949 0056 20       		.byte	32
 950 0057 00       		.byte	0
 951 0058 00       		.byte	0
 952 0059 05       		.byte	5
 953 005a 20       		.byte	32
 954 005b 00       		.byte	0
 955 005c 00       		.byte	0
 956 005d 07       		.byte	7
 957 005e E0       		.byte	-32
 958 005f 00       		.byte	0
 959 0060 00       		.byte	0
 960 0061 04       		.byte	4
 961 0062 20       		.byte	32
 962 0063 00       		.byte	0
 963 0064 00       		.byte	0
 964 0065 04       		.byte	4
 965 0066 20       		.byte	32
 966 0067 00       		.byte	0
 967 0068 00       		.byte	0
 968 0069 07       		.byte	7
 969 006a E0       		.byte	-32
ARM GAS  C:\Users\behun\AppData\Local\Temp\ccJMynT3.s 			page 22


 970 006b 00       		.byte	0
 971 006c 00       		.byte	0
 972 006d 02       		.byte	2
 973 006e 40       		.byte	64
 974 006f 00       		.byte	0
 975 0070 00       		.byte	0
 976 0071 03       		.byte	3
 977 0072 C0       		.byte	-64
 978 0073 00       		.byte	0
 979 0074 00       		.byte	0
 980 0075 00       		.byte	0
 981 0076 00       		.byte	0
 982 0077 00       		.byte	0
 983 0078 00       		.byte	0
 984 0079 00       		.byte	0
 985 007a 00       		.byte	0
 986 007b 00       		.byte	0
 987 007c 00       		.byte	0
 988 007d 00       		.byte	0
 989 007e 00       		.byte	0
 990 007f 00       		.byte	0
 991              		.section	.rodata.Neon_On,"a"
 992              		.align	2
 993              		.set	.LANCHOR0,. + 0
 996              	Neon_On:
 997 0000 00       		.byte	0
 998 0001 00       		.byte	0
 999 0002 00       		.byte	0
 1000 0003 00       		.byte	0
 1001 0004 00       		.byte	0
 1002 0005 00       		.byte	0
 1003 0006 00       		.byte	0
 1004 0007 00       		.byte	0
 1005 0008 00       		.byte	0
 1006 0009 00       		.byte	0
 1007 000a 00       		.byte	0
 1008 000b 00       		.byte	0
 1009 000c 00       		.byte	0
 1010 000d 01       		.byte	1
 1011 000e 00       		.byte	0
 1012 000f 00       		.byte	0
 1013 0010 00       		.byte	0
 1014 0011 01       		.byte	1
 1015 0012 00       		.byte	0
 1016 0013 00       		.byte	0
 1017 0014 00       		.byte	0
 1018 0015 11       		.byte	17
 1019 0016 08       		.byte	8
 1020 0017 00       		.byte	0
 1021 0018 00       		.byte	0
 1022 0019 08       		.byte	8
 1023 001a 10       		.byte	16
 1024 001b 00       		.byte	0
 1025 001c 00       		.byte	0
 1026 001d 80       		.byte	-128
 1027 001e 01       		.byte	1
 1028 001f 00       		.byte	0
ARM GAS  C:\Users\behun\AppData\Local\Temp\ccJMynT3.s 			page 23


 1029 0020 00       		.byte	0
 1030 0021 47       		.byte	71
 1031 0022 F2       		.byte	-14
 1032 0023 00       		.byte	0
 1033 0024 00       		.byte	0
 1034 0025 18       		.byte	24
 1035 0026 18       		.byte	24
 1036 0027 00       		.byte	0
 1037 0028 00       		.byte	0
 1038 0029 20       		.byte	32
 1039 002a 04       		.byte	4
 1040 002b 00       		.byte	0
 1041 002c 03       		.byte	3
 1042 002d 20       		.byte	32
 1043 002e 04       		.byte	4
 1044 002f C0       		.byte	-64
 1045 0030 00       		.byte	0
 1046 0031 40       		.byte	64
 1047 0032 02       		.byte	2
 1048 0033 00       		.byte	0
 1049 0034 00       		.byte	0
 1050 0035 40       		.byte	64
 1051 0036 02       		.byte	2
 1052 0037 00       		.byte	0
 1053 0038 00       		.byte	0
 1054 0039 44       		.byte	68
 1055 003a 42       		.byte	66
 1056 003b 00       		.byte	0
 1057 003c 07       		.byte	7
 1058 003d 42       		.byte	66
 1059 003e 82       		.byte	-126
 1060 003f E0       		.byte	-32
 1061 0040 00       		.byte	0
 1062 0041 41       		.byte	65
 1063 0042 02       		.byte	2
 1064 0043 00       		.byte	0
 1065 0044 00       		.byte	0
 1066 0045 21       		.byte	33
 1067 0046 04       		.byte	4
 1068 0047 00       		.byte	0
 1069 0048 00       		.byte	0
 1070 0049 21       		.byte	33
 1071 004a 04       		.byte	4
 1072 004b 00       		.byte	0
 1073 004c 01       		.byte	1
 1074 004d 99       		.byte	-103
 1075 004e 19       		.byte	25
 1076 004f 80       		.byte	-128
 1077 0050 00       		.byte	0
 1078 0051 09       		.byte	9
 1079 0052 10       		.byte	16
 1080 0053 00       		.byte	0
 1081 0054 00       		.byte	0
 1082 0055 05       		.byte	5
 1083 0056 20       		.byte	32
 1084 0057 00       		.byte	0
 1085 0058 00       		.byte	0
ARM GAS  C:\Users\behun\AppData\Local\Temp\ccJMynT3.s 			page 24


 1086 0059 05       		.byte	5
 1087 005a 20       		.byte	32
 1088 005b 00       		.byte	0
 1089 005c 00       		.byte	0
 1090 005d 07       		.byte	7
 1091 005e E0       		.byte	-32
 1092 005f 00       		.byte	0
 1093 0060 00       		.byte	0
 1094 0061 04       		.byte	4
 1095 0062 20       		.byte	32
 1096 0063 00       		.byte	0
 1097 0064 00       		.byte	0
 1098 0065 04       		.byte	4
 1099 0066 20       		.byte	32
 1100 0067 00       		.byte	0
 1101 0068 00       		.byte	0
 1102 0069 07       		.byte	7
 1103 006a E0       		.byte	-32
 1104 006b 00       		.byte	0
 1105 006c 00       		.byte	0
 1106 006d 02       		.byte	2
 1107 006e 40       		.byte	64
 1108 006f 00       		.byte	0
 1109 0070 00       		.byte	0
 1110 0071 03       		.byte	3
 1111 0072 C0       		.byte	-64
 1112 0073 00       		.byte	0
 1113 0074 00       		.byte	0
 1114 0075 00       		.byte	0
 1115 0076 00       		.byte	0
 1116 0077 00       		.byte	0
 1117 0078 00       		.byte	0
 1118 0079 00       		.byte	0
 1119 007a 00       		.byte	0
 1120 007b 00       		.byte	0
 1121 007c 00       		.byte	0
 1122 007d 00       		.byte	0
 1123 007e 00       		.byte	0
 1124 007f 00       		.byte	0
 1125              		.section	.rodata.Socket_Off,"a"
 1126              		.align	2
 1127              		.set	.LANCHOR7,. + 0
 1130              	Socket_Off:
 1131 0000 00       		.byte	0
 1132 0001 00       		.byte	0
 1133 0002 00       		.byte	0
 1134 0003 00       		.byte	0
 1135 0004 00       		.byte	0
 1136 0005 00       		.byte	0
 1137 0006 00       		.byte	0
 1138 0007 00       		.byte	0
 1139 0008 00       		.byte	0
 1140 0009 00       		.byte	0
 1141 000a 00       		.byte	0
 1142 000b 00       		.byte	0
 1143 000c 00       		.byte	0
 1144 000d 00       		.byte	0
ARM GAS  C:\Users\behun\AppData\Local\Temp\ccJMynT3.s 			page 25


 1145 000e 00       		.byte	0
 1146 000f 00       		.byte	0
 1147 0010 00       		.byte	0
 1148 0011 00       		.byte	0
 1149 0012 00       		.byte	0
 1150 0013 00       		.byte	0
 1151 0014 00       		.byte	0
 1152 0015 00       		.byte	0
 1153 0016 00       		.byte	0
 1154 0017 00       		.byte	0
 1155 0018 00       		.byte	0
 1156 0019 FF       		.byte	-1
 1157 001a F8       		.byte	-8
 1158 001b 00       		.byte	0
 1159 001c 01       		.byte	1
 1160 001d 00       		.byte	0
 1161 001e 04       		.byte	4
 1162 001f 00       		.byte	0
 1163 0020 02       		.byte	2
 1164 0021 0F       		.byte	15
 1165 0022 82       		.byte	-126
 1166 0023 00       		.byte	0
 1167 0024 02       		.byte	2
 1168 0025 10       		.byte	16
 1169 0026 42       		.byte	66
 1170 0027 00       		.byte	0
 1171 0028 02       		.byte	2
 1172 0029 20       		.byte	32
 1173 002a 22       		.byte	34
 1174 002b 00       		.byte	0
 1175 002c 02       		.byte	2
 1176 002d 40       		.byte	64
 1177 002e 12       		.byte	18
 1178 002f 00       		.byte	0
 1179 0030 02       		.byte	2
 1180 0031 80       		.byte	-128
 1181 0032 0A       		.byte	10
 1182 0033 00       		.byte	0
 1183 0034 02       		.byte	2
 1184 0035 80       		.byte	-128
 1185 0036 0A       		.byte	10
 1186 0037 00       		.byte	0
 1187 0038 02       		.byte	2
 1188 0039 80       		.byte	-128
 1189 003a 0A       		.byte	10
 1190 003b 00       		.byte	0
 1191 003c 02       		.byte	2
 1192 003d 80       		.byte	-128
 1193 003e 0A       		.byte	10
 1194 003f 00       		.byte	0
 1195 0040 02       		.byte	2
 1196 0041 80       		.byte	-128
 1197 0042 0A       		.byte	10
 1198 0043 00       		.byte	0
 1199 0044 02       		.byte	2
 1200 0045 40       		.byte	64
 1201 0046 12       		.byte	18
ARM GAS  C:\Users\behun\AppData\Local\Temp\ccJMynT3.s 			page 26


 1202 0047 00       		.byte	0
 1203 0048 02       		.byte	2
 1204 0049 20       		.byte	32
 1205 004a 22       		.byte	34
 1206 004b 00       		.byte	0
 1207 004c 02       		.byte	2
 1208 004d 10       		.byte	16
 1209 004e 42       		.byte	66
 1210 004f 00       		.byte	0
 1211 0050 02       		.byte	2
 1212 0051 0F       		.byte	15
 1213 0052 82       		.byte	-126
 1214 0053 00       		.byte	0
 1215 0054 01       		.byte	1
 1216 0055 00       		.byte	0
 1217 0056 04       		.byte	4
 1218 0057 00       		.byte	0
 1219 0058 00       		.byte	0
 1220 0059 FF       		.byte	-1
 1221 005a F8       		.byte	-8
 1222 005b 00       		.byte	0
 1223 005c 00       		.byte	0
 1224 005d 00       		.byte	0
 1225 005e 00       		.byte	0
 1226 005f 00       		.byte	0
 1227 0060 00       		.byte	0
 1228 0061 00       		.byte	0
 1229 0062 00       		.byte	0
 1230 0063 00       		.byte	0
 1231 0064 00       		.byte	0
 1232 0065 00       		.byte	0
 1233 0066 00       		.byte	0
 1234 0067 00       		.byte	0
 1235 0068 00       		.byte	0
 1236 0069 00       		.byte	0
 1237 006a 00       		.byte	0
 1238 006b 00       		.byte	0
 1239 006c 00       		.byte	0
 1240 006d 00       		.byte	0
 1241 006e 00       		.byte	0
 1242 006f 00       		.byte	0
 1243 0070 00       		.byte	0
 1244 0071 00       		.byte	0
 1245 0072 00       		.byte	0
 1246 0073 00       		.byte	0
 1247 0074 00       		.byte	0
 1248 0075 00       		.byte	0
 1249 0076 00       		.byte	0
 1250 0077 00       		.byte	0
 1251 0078 00       		.byte	0
 1252 0079 00       		.byte	0
 1253 007a 00       		.byte	0
 1254 007b 00       		.byte	0
 1255 007c 00       		.byte	0
 1256 007d 00       		.byte	0
 1257 007e 00       		.byte	0
 1258 007f 00       		.byte	0
ARM GAS  C:\Users\behun\AppData\Local\Temp\ccJMynT3.s 			page 27


 1259              		.section	.rodata.Socket_On,"a"
 1260              		.align	2
 1261              		.set	.LANCHOR6,. + 0
 1264              	Socket_On:
 1265 0000 00       		.byte	0
 1266 0001 00       		.byte	0
 1267 0002 00       		.byte	0
 1268 0003 00       		.byte	0
 1269 0004 00       		.byte	0
 1270 0005 00       		.byte	0
 1271 0006 00       		.byte	0
 1272 0007 00       		.byte	0
 1273 0008 00       		.byte	0
 1274 0009 00       		.byte	0
 1275 000a 00       		.byte	0
 1276 000b 00       		.byte	0
 1277 000c 00       		.byte	0
 1278 000d 00       		.byte	0
 1279 000e 00       		.byte	0
 1280 000f 00       		.byte	0
 1281 0010 00       		.byte	0
 1282 0011 00       		.byte	0
 1283 0012 00       		.byte	0
 1284 0013 00       		.byte	0
 1285 0014 00       		.byte	0
 1286 0015 00       		.byte	0
 1287 0016 00       		.byte	0
 1288 0017 00       		.byte	0
 1289 0018 00       		.byte	0
 1290 0019 FF       		.byte	-1
 1291 001a F8       		.byte	-8
 1292 001b 00       		.byte	0
 1293 001c 01       		.byte	1
 1294 001d 00       		.byte	0
 1295 001e 04       		.byte	4
 1296 001f 00       		.byte	0
 1297 0020 02       		.byte	2
 1298 0021 0F       		.byte	15
 1299 0022 82       		.byte	-126
 1300 0023 00       		.byte	0
 1301 0024 02       		.byte	2
 1302 0025 10       		.byte	16
 1303 0026 42       		.byte	66
 1304 0027 00       		.byte	0
 1305 0028 02       		.byte	2
 1306 0029 20       		.byte	32
 1307 002a 22       		.byte	34
 1308 002b 00       		.byte	0
 1309 002c 02       		.byte	2
 1310 002d 40       		.byte	64
 1311 002e 12       		.byte	18
 1312 002f 00       		.byte	0
 1313 0030 02       		.byte	2
 1314 0031 80       		.byte	-128
 1315 0032 0A       		.byte	10
 1316 0033 00       		.byte	0
 1317 0034 02       		.byte	2
ARM GAS  C:\Users\behun\AppData\Local\Temp\ccJMynT3.s 			page 28


 1318 0035 80       		.byte	-128
 1319 0036 0A       		.byte	10
 1320 0037 00       		.byte	0
 1321 0038 02       		.byte	2
 1322 0039 8D       		.byte	-115
 1323 003a 8A       		.byte	-118
 1324 003b 00       		.byte	0
 1325 003c 02       		.byte	2
 1326 003d 80       		.byte	-128
 1327 003e 0A       		.byte	10
 1328 003f 00       		.byte	0
 1329 0040 02       		.byte	2
 1330 0041 80       		.byte	-128
 1331 0042 0A       		.byte	10
 1332 0043 00       		.byte	0
 1333 0044 02       		.byte	2
 1334 0045 40       		.byte	64
 1335 0046 12       		.byte	18
 1336 0047 00       		.byte	0
 1337 0048 02       		.byte	2
 1338 0049 20       		.byte	32
 1339 004a 22       		.byte	34
 1340 004b 00       		.byte	0
 1341 004c 02       		.byte	2
 1342 004d 10       		.byte	16
 1343 004e 42       		.byte	66
 1344 004f 00       		.byte	0
 1345 0050 02       		.byte	2
 1346 0051 0F       		.byte	15
 1347 0052 82       		.byte	-126
 1348 0053 00       		.byte	0
 1349 0054 01       		.byte	1
 1350 0055 00       		.byte	0
 1351 0056 04       		.byte	4
 1352 0057 00       		.byte	0
 1353 0058 00       		.byte	0
 1354 0059 FF       		.byte	-1
 1355 005a F8       		.byte	-8
 1356 005b 00       		.byte	0
 1357 005c 00       		.byte	0
 1358 005d 00       		.byte	0
 1359 005e 00       		.byte	0
 1360 005f 00       		.byte	0
 1361 0060 00       		.byte	0
 1362 0061 00       		.byte	0
 1363 0062 00       		.byte	0
 1364 0063 00       		.byte	0
 1365 0064 00       		.byte	0
 1366 0065 00       		.byte	0
 1367 0066 00       		.byte	0
 1368 0067 00       		.byte	0
 1369 0068 00       		.byte	0
 1370 0069 00       		.byte	0
 1371 006a 00       		.byte	0
 1372 006b 00       		.byte	0
 1373 006c 00       		.byte	0
 1374 006d 00       		.byte	0
ARM GAS  C:\Users\behun\AppData\Local\Temp\ccJMynT3.s 			page 29


 1375 006e 00       		.byte	0
 1376 006f 00       		.byte	0
 1377 0070 00       		.byte	0
 1378 0071 00       		.byte	0
 1379 0072 00       		.byte	0
 1380 0073 00       		.byte	0
 1381 0074 00       		.byte	0
 1382 0075 00       		.byte	0
 1383 0076 00       		.byte	0
 1384 0077 00       		.byte	0
 1385 0078 00       		.byte	0
 1386 0079 00       		.byte	0
 1387 007a 00       		.byte	0
 1388 007b 00       		.byte	0
 1389 007c 00       		.byte	0
 1390 007d 00       		.byte	0
 1391 007e 00       		.byte	0
 1392 007f 00       		.byte	0
 1393              		.section	.rodata.Socket_Status.str1.4,"aMS",%progbits,1
 1394              		.align	2
 1395              	.LC3:
 1396 0000 4F4E00   		.ascii	"ON\000"
 1397 0003 00       		.space	1
 1398              	.LC4:
 1399 0004 534F434B 		.ascii	"SOCKET\000"
 1399      455400
 1400 000b 00       		.space	1
 1401              	.LC5:
 1402 000c 4F464600 		.ascii	"OFF\000"
 1403              		.section	.rodata.UV_Off,"a"
 1404              		.align	2
 1405              		.set	.LANCHOR3,. + 0
 1408              	UV_Off:
 1409 0000 00       		.byte	0
 1410 0001 00       		.byte	0
 1411 0002 00       		.byte	0
 1412 0003 00       		.byte	0
 1413 0004 00       		.byte	0
 1414 0005 00       		.byte	0
 1415 0006 00       		.byte	0
 1416 0007 00       		.byte	0
 1417 0008 00       		.byte	0
 1418 0009 00       		.byte	0
 1419 000a 00       		.byte	0
 1420 000b 00       		.byte	0
 1421 000c 00       		.byte	0
 1422 000d 00       		.byte	0
 1423 000e 00       		.byte	0
 1424 000f 00       		.byte	0
 1425 0010 00       		.byte	0
 1426 0011 00       		.byte	0
 1427 0012 00       		.byte	0
 1428 0013 00       		.byte	0
 1429 0014 00       		.byte	0
 1430 0015 00       		.byte	0
 1431 0016 00       		.byte	0
 1432 0017 00       		.byte	0
ARM GAS  C:\Users\behun\AppData\Local\Temp\ccJMynT3.s 			page 30


 1433 0018 00       		.byte	0
 1434 0019 00       		.byte	0
 1435 001a 00       		.byte	0
 1436 001b 00       		.byte	0
 1437 001c 00       		.byte	0
 1438 001d 00       		.byte	0
 1439 001e 00       		.byte	0
 1440 001f 00       		.byte	0
 1441 0020 00       		.byte	0
 1442 0021 03       		.byte	3
 1443 0022 E0       		.byte	-32
 1444 0023 00       		.byte	0
 1445 0024 00       		.byte	0
 1446 0025 0C       		.byte	12
 1447 0026 18       		.byte	24
 1448 0027 00       		.byte	0
 1449 0028 00       		.byte	0
 1450 0029 10       		.byte	16
 1451 002a 04       		.byte	4
 1452 002b 00       		.byte	0
 1453 002c 00       		.byte	0
 1454 002d 20       		.byte	32
 1455 002e 02       		.byte	2
 1456 002f 00       		.byte	0
 1457 0030 00       		.byte	0
 1458 0031 40       		.byte	64
 1459 0032 01       		.byte	1
 1460 0033 00       		.byte	0
 1461 0034 00       		.byte	0
 1462 0035 40       		.byte	64
 1463 0036 01       		.byte	1
 1464 0037 00       		.byte	0
 1465 0038 00       		.byte	0
 1466 0039 84       		.byte	-124
 1467 003a 10       		.byte	16
 1468 003b 80       		.byte	-128
 1469 003c 00       		.byte	0
 1470 003d 80       		.byte	-128
 1471 003e 00       		.byte	0
 1472 003f 80       		.byte	-128
 1473 0040 00       		.byte	0
 1474 0041 80       		.byte	-128
 1475 0042 00       		.byte	0
 1476 0043 80       		.byte	-128
 1477 0044 00       		.byte	0
 1478 0045 80       		.byte	-128
 1479 0046 00       		.byte	0
 1480 0047 80       		.byte	-128
 1481 0048 00       		.byte	0
 1482 0049 80       		.byte	-128
 1483 004a 00       		.byte	0
 1484 004b 80       		.byte	-128
 1485 004c 00       		.byte	0
 1486 004d 41       		.byte	65
 1487 004e C1       		.byte	-63
 1488 004f 00       		.byte	0
 1489 0050 00       		.byte	0
ARM GAS  C:\Users\behun\AppData\Local\Temp\ccJMynT3.s 			page 31


 1490 0051 42       		.byte	66
 1491 0052 21       		.byte	33
 1492 0053 00       		.byte	0
 1493 0054 00       		.byte	0
 1494 0055 20       		.byte	32
 1495 0056 02       		.byte	2
 1496 0057 00       		.byte	0
 1497 0058 00       		.byte	0
 1498 0059 10       		.byte	16
 1499 005a 04       		.byte	4
 1500 005b 00       		.byte	0
 1501 005c 00       		.byte	0
 1502 005d 0C       		.byte	12
 1503 005e 18       		.byte	24
 1504 005f 00       		.byte	0
 1505 0060 00       		.byte	0
 1506 0061 03       		.byte	3
 1507 0062 E0       		.byte	-32
 1508 0063 00       		.byte	0
 1509 0064 00       		.byte	0
 1510 0065 00       		.byte	0
 1511 0066 00       		.byte	0
 1512 0067 00       		.byte	0
 1513 0068 00       		.byte	0
 1514 0069 00       		.byte	0
 1515 006a 00       		.byte	0
 1516 006b 00       		.byte	0
 1517 006c 00       		.byte	0
 1518 006d 00       		.byte	0
 1519 006e 00       		.byte	0
 1520 006f 00       		.byte	0
 1521 0070 00       		.byte	0
 1522 0071 00       		.byte	0
 1523 0072 00       		.byte	0
 1524 0073 00       		.byte	0
 1525 0074 00       		.byte	0
 1526 0075 00       		.byte	0
 1527 0076 00       		.byte	0
 1528 0077 00       		.byte	0
 1529 0078 00       		.byte	0
 1530 0079 00       		.byte	0
 1531 007a 00       		.byte	0
 1532 007b 00       		.byte	0
 1533 007c 00       		.byte	0
 1534 007d 00       		.byte	0
 1535 007e 00       		.byte	0
 1536 007f 00       		.byte	0
 1537              		.section	.rodata.UV_On,"a"
 1538              		.align	2
 1539              		.set	.LANCHOR2,. + 0
 1542              	UV_On:
 1543 0000 00       		.byte	0
 1544 0001 00       		.byte	0
 1545 0002 00       		.byte	0
 1546 0003 00       		.byte	0
 1547 0004 00       		.byte	0
 1548 0005 00       		.byte	0
ARM GAS  C:\Users\behun\AppData\Local\Temp\ccJMynT3.s 			page 32


 1549 0006 00       		.byte	0
 1550 0007 00       		.byte	0
 1551 0008 00       		.byte	0
 1552 0009 00       		.byte	0
 1553 000a 00       		.byte	0
 1554 000b 00       		.byte	0
 1555 000c 00       		.byte	0
 1556 000d 00       		.byte	0
 1557 000e 00       		.byte	0
 1558 000f 00       		.byte	0
 1559 0010 00       		.byte	0
 1560 0011 00       		.byte	0
 1561 0012 80       		.byte	-128
 1562 0013 00       		.byte	0
 1563 0014 00       		.byte	0
 1564 0015 00       		.byte	0
 1565 0016 80       		.byte	-128
 1566 0017 00       		.byte	0
 1567 0018 00       		.byte	0
 1568 0019 00       		.byte	0
 1569 001a 80       		.byte	-128
 1570 001b 00       		.byte	0
 1571 001c 01       		.byte	1
 1572 001d 00       		.byte	0
 1573 001e 00       		.byte	0
 1574 001f 40       		.byte	64
 1575 0020 00       		.byte	0
 1576 0021 83       		.byte	-125
 1577 0022 E0       		.byte	-32
 1578 0023 80       		.byte	-128
 1579 0024 00       		.byte	0
 1580 0025 0C       		.byte	12
 1581 0026 18       		.byte	24
 1582 0027 00       		.byte	0
 1583 0028 00       		.byte	0
 1584 0029 10       		.byte	16
 1585 002a 04       		.byte	4
 1586 002b 00       		.byte	0
 1587 002c 00       		.byte	0
 1588 002d 20       		.byte	32
 1589 002e 02       		.byte	2
 1590 002f 00       		.byte	0
 1591 0030 00       		.byte	0
 1592 0031 40       		.byte	64
 1593 0032 01       		.byte	1
 1594 0033 00       		.byte	0
 1595 0034 00       		.byte	0
 1596 0035 40       		.byte	64
 1597 0036 01       		.byte	1
 1598 0037 00       		.byte	0
 1599 0038 00       		.byte	0
 1600 0039 84       		.byte	-124
 1601 003a 10       		.byte	16
 1602 003b 80       		.byte	-128
 1603 003c 00       		.byte	0
 1604 003d 80       		.byte	-128
 1605 003e 00       		.byte	0
ARM GAS  C:\Users\behun\AppData\Local\Temp\ccJMynT3.s 			page 33


 1606 003f 80       		.byte	-128
 1607 0040 0E       		.byte	14
 1608 0041 80       		.byte	-128
 1609 0042 00       		.byte	0
 1610 0043 B8       		.byte	-72
 1611 0044 00       		.byte	0
 1612 0045 80       		.byte	-128
 1613 0046 00       		.byte	0
 1614 0047 80       		.byte	-128
 1615 0048 00       		.byte	0
 1616 0049 80       		.byte	-128
 1617 004a 00       		.byte	0
 1618 004b 80       		.byte	-128
 1619 004c 00       		.byte	0
 1620 004d 46       		.byte	70
 1621 004e 31       		.byte	49
 1622 004f 00       		.byte	0
 1623 0050 00       		.byte	0
 1624 0051 41       		.byte	65
 1625 0052 C1       		.byte	-63
 1626 0053 00       		.byte	0
 1627 0054 00       		.byte	0
 1628 0055 20       		.byte	32
 1629 0056 02       		.byte	2
 1630 0057 00       		.byte	0
 1631 0058 00       		.byte	0
 1632 0059 10       		.byte	16
 1633 005a 04       		.byte	4
 1634 005b 00       		.byte	0
 1635 005c 00       		.byte	0
 1636 005d 0C       		.byte	12
 1637 005e 18       		.byte	24
 1638 005f 00       		.byte	0
 1639 0060 00       		.byte	0
 1640 0061 83       		.byte	-125
 1641 0062 E0       		.byte	-32
 1642 0063 80       		.byte	-128
 1643 0064 01       		.byte	1
 1644 0065 00       		.byte	0
 1645 0066 00       		.byte	0
 1646 0067 40       		.byte	64
 1647 0068 00       		.byte	0
 1648 0069 00       		.byte	0
 1649 006a 80       		.byte	-128
 1650 006b 00       		.byte	0
 1651 006c 00       		.byte	0
 1652 006d 00       		.byte	0
 1653 006e 80       		.byte	-128
 1654 006f 00       		.byte	0
 1655 0070 00       		.byte	0
 1656 0071 00       		.byte	0
 1657 0072 80       		.byte	-128
 1658 0073 00       		.byte	0
 1659 0074 00       		.byte	0
 1660 0075 00       		.byte	0
 1661 0076 00       		.byte	0
 1662 0077 00       		.byte	0
ARM GAS  C:\Users\behun\AppData\Local\Temp\ccJMynT3.s 			page 34


 1663 0078 00       		.byte	0
 1664 0079 00       		.byte	0
 1665 007a 00       		.byte	0
 1666 007b 00       		.byte	0
 1667 007c 00       		.byte	0
 1668 007d 00       		.byte	0
 1669 007e 00       		.byte	0
 1670 007f 00       		.byte	0
 1671              		.section	.rodata.UV_Status.str1.4,"aMS",%progbits,1
 1672              		.align	2
 1673              	.LC1:
 1674 0000 555600   		.ascii	"UV\000"
 1675              		.text
 1676              	.Letext0:
 1677              		.file 2 "c:\\program files (x86)\\gnu tools arm embedded\\8 2019-q3-update\\arm-none-eabi\\include
 1678              		.file 3 "c:\\program files (x86)\\gnu tools arm embedded\\8 2019-q3-update\\arm-none-eabi\\include
 1679              		.file 4 "Drivers/CMSIS/Include/core_cm3.h"
 1680              		.file 5 "Drivers/CMSIS/Device/ST/STM32F1xx/Include/system_stm32f1xx.h"
 1681              		.file 6 "c:\\program files (x86)\\gnu tools arm embedded\\8 2019-q3-update\\lib\\gcc\\arm-none-eab
 1682              		.file 7 "c:\\program files (x86)\\gnu tools arm embedded\\8 2019-q3-update\\arm-none-eabi\\include
 1683              		.file 8 "c:\\program files (x86)\\gnu tools arm embedded\\8 2019-q3-update\\arm-none-eabi\\include
 1684              		.file 9 "c:\\program files (x86)\\gnu tools arm embedded\\8 2019-q3-update\\arm-none-eabi\\include
 1685              		.file 10 "Drivers/STM32F1xx_HAL_Driver/Inc/stm32f1xx_hal.h"
 1686              		.file 11 "u8g2/csrc/u8x8.h"
 1687              		.file 12 "u8g2/csrc/u8g2.h"
ARM GAS  C:\Users\behun\AppData\Local\Temp\ccJMynT3.s 			page 35


DEFINED SYMBOLS
                            *ABS*:00000000 userInterface.c
C:\Users\behun\AppData\Local\Temp\ccJMynT3.s:16     .text.Lamp_Status:00000000 $t
C:\Users\behun\AppData\Local\Temp\ccJMynT3.s:24     .text.Lamp_Status:00000000 Lamp_Status
C:\Users\behun\AppData\Local\Temp\ccJMynT3.s:121    .text.Lamp_Status:0000006c $d
                            *COM*:00000080 u8g2
C:\Users\behun\AppData\Local\Temp\ccJMynT3.s:130    .text.UV_Status:00000000 $t
C:\Users\behun\AppData\Local\Temp\ccJMynT3.s:137    .text.UV_Status:00000000 UV_Status
C:\Users\behun\AppData\Local\Temp\ccJMynT3.s:223    .text.UV_Status:0000005c $d
C:\Users\behun\AppData\Local\Temp\ccJMynT3.s:232    .text.Fan_Status:00000000 $t
C:\Users\behun\AppData\Local\Temp\ccJMynT3.s:239    .text.Fan_Status:00000000 Fan_Status
C:\Users\behun\AppData\Local\Temp\ccJMynT3.s:327    .text.Fan_Status:00000060 $d
C:\Users\behun\AppData\Local\Temp\ccJMynT3.s:336    .text.Socket_Status:00000000 $t
C:\Users\behun\AppData\Local\Temp\ccJMynT3.s:343    .text.Socket_Status:00000000 Socket_Status
C:\Users\behun\AppData\Local\Temp\ccJMynT3.s:455    .text.Socket_Status:00000088 $d
C:\Users\behun\AppData\Local\Temp\ccJMynT3.s:467    .text.Filter:00000000 $t
C:\Users\behun\AppData\Local\Temp\ccJMynT3.s:474    .text.Filter:00000000 Filter
C:\Users\behun\AppData\Local\Temp\ccJMynT3.s:579    .text.Filter:0000007c $d
C:\Users\behun\AppData\Local\Temp\ccJMynT3.s:589    .text.Horizontal:00000000 $t
C:\Users\behun\AppData\Local\Temp\ccJMynT3.s:596    .text.Horizontal:00000000 Horizontal
C:\Users\behun\AppData\Local\Temp\ccJMynT3.s:668    .text.Horizontal:0000005c $d
                            *COM*:00000008 u8g2_cb
C:\Users\behun\AppData\Local\Temp\ccJMynT3.s:1130   .rodata.Socket_Off:00000000 Socket_Off
C:\Users\behun\AppData\Local\Temp\ccJMynT3.s:1264   .rodata.Socket_On:00000000 Socket_On
C:\Users\behun\AppData\Local\Temp\ccJMynT3.s:765    .rodata.Fan1:00000000 Fan1
C:\Users\behun\AppData\Local\Temp\ccJMynT3.s:687    .rodata.Fan0:00000000 Fan0
C:\Users\behun\AppData\Local\Temp\ccJMynT3.s:1408   .rodata.UV_Off:00000000 UV_Off
C:\Users\behun\AppData\Local\Temp\ccJMynT3.s:1542   .rodata.UV_On:00000000 UV_On
C:\Users\behun\AppData\Local\Temp\ccJMynT3.s:862    .rodata.Neon_Off:00000000 Neon_Off
C:\Users\behun\AppData\Local\Temp\ccJMynT3.s:996    .rodata.Neon_On:00000000 Neon_On
C:\Users\behun\AppData\Local\Temp\ccJMynT3.s:683    .rodata.Fan0:00000000 $d
C:\Users\behun\AppData\Local\Temp\ccJMynT3.s:761    .rodata.Fan1:00000000 $d
C:\Users\behun\AppData\Local\Temp\ccJMynT3.s:839    .rodata.Fan_Status.str1.4:00000000 $d
C:\Users\behun\AppData\Local\Temp\ccJMynT3.s:843    .rodata.Filter.str1.4:00000000 $d
C:\Users\behun\AppData\Local\Temp\ccJMynT3.s:854    .rodata.Lamp_Status.str1.4:00000000 $d
C:\Users\behun\AppData\Local\Temp\ccJMynT3.s:858    .rodata.Neon_Off:00000000 $d
C:\Users\behun\AppData\Local\Temp\ccJMynT3.s:992    .rodata.Neon_On:00000000 $d
C:\Users\behun\AppData\Local\Temp\ccJMynT3.s:1126   .rodata.Socket_Off:00000000 $d
C:\Users\behun\AppData\Local\Temp\ccJMynT3.s:1260   .rodata.Socket_On:00000000 $d
C:\Users\behun\AppData\Local\Temp\ccJMynT3.s:1394   .rodata.Socket_Status.str1.4:00000000 $d
C:\Users\behun\AppData\Local\Temp\ccJMynT3.s:1404   .rodata.UV_Off:00000000 $d
C:\Users\behun\AppData\Local\Temp\ccJMynT3.s:1538   .rodata.UV_On:00000000 $d
C:\Users\behun\AppData\Local\Temp\ccJMynT3.s:1672   .rodata.UV_Status.str1.4:00000000 $d

UNDEFINED SYMBOLS
u8g2_ClearBuffer
u8g2_DrawBitmap
u8g2_SetFont
u8g2_DrawStr
u8g2_font_micro_tr
u8g2_font_u8glib_4_tf
u8g2_SetDrawColor
u8g2_DrawBox
u8g2_font_5x7_tf
u8g2_DrawFrame
u8g2_DrawHLine
u8g2_DrawHVLine
ARM GAS  C:\Users\behun\AppData\Local\Temp\ccJMynT3.s 			page 36


