ARM GAS  C:\Users\behun\AppData\Local\Temp\cclM1NTF.s 			page 1


   1              		.cpu cortex-m3
   2              		.eabi_attribute 20, 1
   3              		.eabi_attribute 21, 1
   4              		.eabi_attribute 23, 3
   5              		.eabi_attribute 24, 1
   6              		.eabi_attribute 25, 1
   7              		.eabi_attribute 26, 1
   8              		.eabi_attribute 30, 1
   9              		.eabi_attribute 34, 1
  10              		.eabi_attribute 18, 4
  11              		.file	"main.c"
  12              		.text
  13              	.Ltext0:
  14              		.cfi_sections	.debug_frame
  15              		.section	.text.MX_GPIO_Init,"ax",%progbits
  16              		.align	1
  17              		.arch armv7-m
  18              		.syntax unified
  19              		.thumb
  20              		.thumb_func
  21              		.fpu softvfp
  23              	MX_GPIO_Init:
  24              	.LFB68:
  25              		.file 1 "Src/main.c"
   1:Src/main.c    **** /* USER CODE BEGIN Header */
   2:Src/main.c    **** /**
   3:Src/main.c    ****   ******************************************************************************
   4:Src/main.c    ****   * @file           : main.c
   5:Src/main.c    ****   * @brief          : Main program body
   6:Src/main.c    ****   ******************************************************************************
   7:Src/main.c    ****   * @attention
   8:Src/main.c    ****   *
   9:Src/main.c    ****   * <h2><center>&copy; Copyright (c) 2019 STMicroelectronics.
  10:Src/main.c    ****   * All rights reserved.</center></h2>
  11:Src/main.c    ****   *
  12:Src/main.c    ****   * This software component is licensed by ST under BSD 3-Clause license,
  13:Src/main.c    ****   * the "License"; You may not use this file except in compliance with the
  14:Src/main.c    ****   * License. You may obtain a copy of the License at:
  15:Src/main.c    ****   *                        opensource.org/licenses/BSD-3-Clause
  16:Src/main.c    ****   *
  17:Src/main.c    ****   ******************************************************************************
  18:Src/main.c    ****   */
  19:Src/main.c    **** /* USER CODE END Header */
  20:Src/main.c    **** 
  21:Src/main.c    **** /* Includes ------------------------------------------------------------------*/
  22:Src/main.c    **** 
  23:Src/main.c    **** #include "main.h"
  24:Src/main.c    **** /* Private includes ----------------------------------------------------------*/
  25:Src/main.c    **** /* USER CODE BEGIN Includes */
  26:Src/main.c    **** #include "lcd.h"
  27:Src/main.c    **** /* USER CODE END Includes */
  28:Src/main.c    **** 
  29:Src/main.c    **** /* Private typedef -----------------------------------------------------------*/
  30:Src/main.c    **** /* USER CODE BEGIN PTD */
  31:Src/main.c    **** 
  32:Src/main.c    **** /* USER CODE END PTD */
  33:Src/main.c    **** 
ARM GAS  C:\Users\behun\AppData\Local\Temp\cclM1NTF.s 			page 2


  34:Src/main.c    **** /* Private define ------------------------------------------------------------*/
  35:Src/main.c    **** /* USER CODE BEGIN PD */
  36:Src/main.c    **** 
  37:Src/main.c    **** /* USER CODE END PD */
  38:Src/main.c    **** 
  39:Src/main.c    **** /* Private macro -------------------------------------------------------------*/
  40:Src/main.c    **** /* USER CODE BEGIN PM */
  41:Src/main.c    **** 
  42:Src/main.c    **** /* USER CODE END PM */
  43:Src/main.c    **** 
  44:Src/main.c    **** /* Private variables ---------------------------------------------------------*/
  45:Src/main.c    **** 
  46:Src/main.c    **** /* USER CODE BEGIN PV */
  47:Src/main.c    **** 
  48:Src/main.c    **** /* USER CODE END PV */
  49:Src/main.c    **** 
  50:Src/main.c    **** /* Private function prototypes -----------------------------------------------*/
  51:Src/main.c    **** void SystemClock_Config(void);
  52:Src/main.c    **** static void MX_GPIO_Init(void);
  53:Src/main.c    **** /* USER CODE BEGIN PFP */
  54:Src/main.c    **** 
  55:Src/main.c    **** /* USER CODE END PFP */
  56:Src/main.c    **** 
  57:Src/main.c    **** /* Private user code ---------------------------------------------------------*/
  58:Src/main.c    **** /* USER CODE BEGIN 0 */
  59:Src/main.c    **** 
  60:Src/main.c    **** /* USER CODE END 0 */
  61:Src/main.c    **** 
  62:Src/main.c    **** /**
  63:Src/main.c    ****   * @brief  The application entry point.
  64:Src/main.c    ****   * @retval int
  65:Src/main.c    ****   */
  66:Src/main.c    **** int main(void)
  67:Src/main.c    **** {
  68:Src/main.c    ****   /* USER CODE BEGIN 1 */
  69:Src/main.c    **** 
  70:Src/main.c    ****   /* USER CODE END 1 */
  71:Src/main.c    ****   
  72:Src/main.c    **** 
  73:Src/main.c    ****   /* MCU Configuration--------------------------------------------------------*/
  74:Src/main.c    **** 
  75:Src/main.c    ****   /* Reset of all peripherals, Initializes the Flash interface and the Systick. */
  76:Src/main.c    ****   HAL_Init();
  77:Src/main.c    **** 
  78:Src/main.c    ****   /* USER CODE BEGIN Init */
  79:Src/main.c    **** 
  80:Src/main.c    ****   /* USER CODE END Init */
  81:Src/main.c    **** 
  82:Src/main.c    ****   /* Configure the system clock */
  83:Src/main.c    ****   SystemClock_Config();
  84:Src/main.c    **** 
  85:Src/main.c    ****   /* USER CODE BEGIN SysInit */
  86:Src/main.c    **** 
  87:Src/main.c    ****   /* USER CODE END SysInit */
  88:Src/main.c    **** 
  89:Src/main.c    ****   /* Initialize all configured peripherals */
  90:Src/main.c    ****   MX_GPIO_Init();
ARM GAS  C:\Users\behun\AppData\Local\Temp\cclM1NTF.s 			page 3


  91:Src/main.c    ****   /* USER CODE BEGIN 2 */
  92:Src/main.c    ****   LCD_Init();
  93:Src/main.c    ****   LCD_SetPos(0, 0);
  94:Src/main.c    ****   LCD_String("LCD_TEST");
  95:Src/main.c    ****   LCD_SetPos(1, 1);
  96:Src/main.c    ****   LCD_String("STM32F103");
  97:Src/main.c    ****   LCD_SetPos(2, 2);
  98:Src/main.c    ****   LCD_String("Motor_Control");
  99:Src/main.c    ****   LCD_SetPos(3, 3);
 100:Src/main.c    ****   LCD_String("Continue");
 101:Src/main.c    ****   /* USER CODE END 2 */
 102:Src/main.c    **** 
 103:Src/main.c    ****   /* Infinite loop */
 104:Src/main.c    ****   /* USER CODE BEGIN WHILE */
 105:Src/main.c    ****   while (1)
 106:Src/main.c    ****   {
 107:Src/main.c    ****     /* USER CODE END WHILE */
 108:Src/main.c    **** 
 109:Src/main.c    ****     /* USER CODE BEGIN 3 */
 110:Src/main.c    ****   }
 111:Src/main.c    ****   /* USER CODE END 3 */
 112:Src/main.c    **** }
 113:Src/main.c    **** 
 114:Src/main.c    **** /**
 115:Src/main.c    ****   * @brief System Clock Configuration
 116:Src/main.c    ****   * @retval None
 117:Src/main.c    ****   */
 118:Src/main.c    **** void SystemClock_Config(void)
 119:Src/main.c    **** {
 120:Src/main.c    ****   RCC_OscInitTypeDef RCC_OscInitStruct = {0};
 121:Src/main.c    ****   RCC_ClkInitTypeDef RCC_ClkInitStruct = {0};
 122:Src/main.c    **** 
 123:Src/main.c    ****   /** Initializes the CPU, AHB and APB busses clocks 
 124:Src/main.c    ****   */
 125:Src/main.c    ****   RCC_OscInitStruct.OscillatorType = RCC_OSCILLATORTYPE_HSI;
 126:Src/main.c    ****   RCC_OscInitStruct.HSIState = RCC_HSI_ON;
 127:Src/main.c    ****   RCC_OscInitStruct.HSICalibrationValue = RCC_HSICALIBRATION_DEFAULT;
 128:Src/main.c    ****   RCC_OscInitStruct.PLL.PLLState = RCC_PLL_NONE;
 129:Src/main.c    ****   if (HAL_RCC_OscConfig(&RCC_OscInitStruct) != HAL_OK)
 130:Src/main.c    ****   {
 131:Src/main.c    ****     Error_Handler();
 132:Src/main.c    ****   }
 133:Src/main.c    ****   /** Initializes the CPU, AHB and APB busses clocks 
 134:Src/main.c    ****   */
 135:Src/main.c    ****   RCC_ClkInitStruct.ClockType = RCC_CLOCKTYPE_HCLK|RCC_CLOCKTYPE_SYSCLK
 136:Src/main.c    ****                               |RCC_CLOCKTYPE_PCLK1|RCC_CLOCKTYPE_PCLK2;
 137:Src/main.c    ****   RCC_ClkInitStruct.SYSCLKSource = RCC_SYSCLKSOURCE_HSI;
 138:Src/main.c    ****   RCC_ClkInitStruct.AHBCLKDivider = RCC_SYSCLK_DIV1;
 139:Src/main.c    ****   RCC_ClkInitStruct.APB1CLKDivider = RCC_HCLK_DIV1;
 140:Src/main.c    ****   RCC_ClkInitStruct.APB2CLKDivider = RCC_HCLK_DIV1;
 141:Src/main.c    **** 
 142:Src/main.c    ****   if (HAL_RCC_ClockConfig(&RCC_ClkInitStruct, FLASH_LATENCY_0) != HAL_OK)
 143:Src/main.c    ****   {
 144:Src/main.c    ****     Error_Handler();
 145:Src/main.c    ****   }
 146:Src/main.c    **** }
 147:Src/main.c    **** 
ARM GAS  C:\Users\behun\AppData\Local\Temp\cclM1NTF.s 			page 4


 148:Src/main.c    **** /**
 149:Src/main.c    ****   * @brief GPIO Initialization Function
 150:Src/main.c    ****   * @param None
 151:Src/main.c    ****   * @retval None
 152:Src/main.c    ****   */
 153:Src/main.c    **** static void MX_GPIO_Init(void)
 154:Src/main.c    **** {
  26              		.loc 1 154 1 view -0
  27              		.cfi_startproc
  28              		@ args = 0, pretend = 0, frame = 24
  29              		@ frame_needed = 0, uses_anonymous_args = 0
  30 0000 30B5     		push	{r4, r5, lr}
  31              	.LCFI0:
  32              		.cfi_def_cfa_offset 12
  33              		.cfi_offset 4, -12
  34              		.cfi_offset 5, -8
  35              		.cfi_offset 14, -4
  36 0002 87B0     		sub	sp, sp, #28
  37              	.LCFI1:
  38              		.cfi_def_cfa_offset 40
 155:Src/main.c    ****   GPIO_InitTypeDef GPIO_InitStruct = {0};
  39              		.loc 1 155 3 view .LVU1
  40              		.loc 1 155 20 is_stmt 0 view .LVU2
  41 0004 0024     		movs	r4, #0
  42 0006 0294     		str	r4, [sp, #8]
  43 0008 0394     		str	r4, [sp, #12]
  44 000a 0494     		str	r4, [sp, #16]
  45 000c 0594     		str	r4, [sp, #20]
 156:Src/main.c    **** 
 157:Src/main.c    ****   /* GPIO Ports Clock Enable */
 158:Src/main.c    ****   __HAL_RCC_GPIOA_CLK_ENABLE();
  46              		.loc 1 158 3 is_stmt 1 view .LVU3
  47              	.LBB2:
  48              		.loc 1 158 3 view .LVU4
  49              		.loc 1 158 3 view .LVU5
  50 000e 134B     		ldr	r3, .L3
  51 0010 9A69     		ldr	r2, [r3, #24]
  52 0012 42F00402 		orr	r2, r2, #4
  53 0016 9A61     		str	r2, [r3, #24]
  54              		.loc 1 158 3 view .LVU6
  55 0018 9A69     		ldr	r2, [r3, #24]
  56 001a 02F00402 		and	r2, r2, #4
  57 001e 0092     		str	r2, [sp]
  58              		.loc 1 158 3 view .LVU7
  59 0020 009A     		ldr	r2, [sp]
  60              	.LBE2:
 159:Src/main.c    ****   __HAL_RCC_GPIOD_CLK_ENABLE();
  61              		.loc 1 159 3 view .LVU8
  62              	.LBB3:
  63              		.loc 1 159 3 view .LVU9
  64              		.loc 1 159 3 view .LVU10
  65 0022 9A69     		ldr	r2, [r3, #24]
  66 0024 42F02002 		orr	r2, r2, #32
  67 0028 9A61     		str	r2, [r3, #24]
  68              		.loc 1 159 3 view .LVU11
  69 002a 9B69     		ldr	r3, [r3, #24]
  70 002c 03F02003 		and	r3, r3, #32
ARM GAS  C:\Users\behun\AppData\Local\Temp\cclM1NTF.s 			page 5


  71 0030 0193     		str	r3, [sp, #4]
  72              		.loc 1 159 3 view .LVU12
  73 0032 019B     		ldr	r3, [sp, #4]
  74              	.LBE3:
 160:Src/main.c    **** 
 161:Src/main.c    ****   /*Configure GPIO pin Output Level */
 162:Src/main.c    ****   HAL_GPIO_WritePin(GPIOD, LCD_LIGHT_Pin|LCD_E_Pin|LCD_RW_Pin|LCD_RS_Pin 
  75              		.loc 1 162 3 view .LVU13
  76 0034 0A4D     		ldr	r5, .L3+4
  77 0036 2246     		mov	r2, r4
  78 0038 FF21     		movs	r1, #255
  79 003a 2846     		mov	r0, r5
  80 003c FFF7FEFF 		bl	HAL_GPIO_WritePin
  81              	.LVL0:
 163:Src/main.c    ****                           |LCD_DB4_Pin|LCD_DB5_Pin|LCD_DB6_Pin|LCD_DB7_Pin, GPIO_PIN_RESET);
 164:Src/main.c    **** 
 165:Src/main.c    ****   /*Configure GPIO pins : LCD_LIGHT_Pin LCD_E_Pin LCD_RW_Pin LCD_RS_Pin 
 166:Src/main.c    ****                            LCD_DB4_Pin LCD_DB5_Pin LCD_DB6_Pin LCD_DB7_Pin */
 167:Src/main.c    ****   GPIO_InitStruct.Pin = LCD_LIGHT_Pin|LCD_E_Pin|LCD_RW_Pin|LCD_RS_Pin 
  82              		.loc 1 167 3 view .LVU14
  83              		.loc 1 167 23 is_stmt 0 view .LVU15
  84 0040 FF23     		movs	r3, #255
  85 0042 0293     		str	r3, [sp, #8]
 168:Src/main.c    ****                           |LCD_DB4_Pin|LCD_DB5_Pin|LCD_DB6_Pin|LCD_DB7_Pin;
 169:Src/main.c    ****   GPIO_InitStruct.Mode = GPIO_MODE_OUTPUT_PP;
  86              		.loc 1 169 3 is_stmt 1 view .LVU16
  87              		.loc 1 169 24 is_stmt 0 view .LVU17
  88 0044 0123     		movs	r3, #1
  89 0046 0393     		str	r3, [sp, #12]
 170:Src/main.c    ****   GPIO_InitStruct.Pull = GPIO_NOPULL;
  90              		.loc 1 170 3 is_stmt 1 view .LVU18
  91              		.loc 1 170 24 is_stmt 0 view .LVU19
  92 0048 0494     		str	r4, [sp, #16]
 171:Src/main.c    ****   GPIO_InitStruct.Speed = GPIO_SPEED_FREQ_HIGH;
  93              		.loc 1 171 3 is_stmt 1 view .LVU20
  94              		.loc 1 171 25 is_stmt 0 view .LVU21
  95 004a 0323     		movs	r3, #3
  96 004c 0593     		str	r3, [sp, #20]
 172:Src/main.c    ****   HAL_GPIO_Init(GPIOD, &GPIO_InitStruct);
  97              		.loc 1 172 3 is_stmt 1 view .LVU22
  98 004e 02A9     		add	r1, sp, #8
  99 0050 2846     		mov	r0, r5
 100 0052 FFF7FEFF 		bl	HAL_GPIO_Init
 101              	.LVL1:
 173:Src/main.c    **** 
 174:Src/main.c    **** }
 102              		.loc 1 174 1 is_stmt 0 view .LVU23
 103 0056 07B0     		add	sp, sp, #28
 104              	.LCFI2:
 105              		.cfi_def_cfa_offset 12
 106              		@ sp needed
 107 0058 30BD     		pop	{r4, r5, pc}
 108              	.L4:
 109 005a 00BF     		.align	2
 110              	.L3:
 111 005c 00100240 		.word	1073876992
 112 0060 00140140 		.word	1073812480
ARM GAS  C:\Users\behun\AppData\Local\Temp\cclM1NTF.s 			page 6


 113              		.cfi_endproc
 114              	.LFE68:
 116              		.section	.text.SystemClock_Config,"ax",%progbits
 117              		.align	1
 118              		.global	SystemClock_Config
 119              		.syntax unified
 120              		.thumb
 121              		.thumb_func
 122              		.fpu softvfp
 124              	SystemClock_Config:
 125              	.LFB67:
 119:Src/main.c    ****   RCC_OscInitTypeDef RCC_OscInitStruct = {0};
 126              		.loc 1 119 1 is_stmt 1 view -0
 127              		.cfi_startproc
 128              		@ args = 0, pretend = 0, frame = 64
 129              		@ frame_needed = 0, uses_anonymous_args = 0
 130 0000 10B5     		push	{r4, lr}
 131              	.LCFI3:
 132              		.cfi_def_cfa_offset 8
 133              		.cfi_offset 4, -8
 134              		.cfi_offset 14, -4
 135 0002 90B0     		sub	sp, sp, #64
 136              	.LCFI4:
 137              		.cfi_def_cfa_offset 72
 120:Src/main.c    ****   RCC_ClkInitTypeDef RCC_ClkInitStruct = {0};
 138              		.loc 1 120 3 view .LVU25
 120:Src/main.c    ****   RCC_ClkInitTypeDef RCC_ClkInitStruct = {0};
 139              		.loc 1 120 22 is_stmt 0 view .LVU26
 140 0004 2422     		movs	r2, #36
 141 0006 0021     		movs	r1, #0
 142 0008 07A8     		add	r0, sp, #28
 143 000a FFF7FEFF 		bl	memset
 144              	.LVL2:
 121:Src/main.c    **** 
 145              		.loc 1 121 3 is_stmt 1 view .LVU27
 121:Src/main.c    **** 
 146              		.loc 1 121 22 is_stmt 0 view .LVU28
 147 000e 0024     		movs	r4, #0
 148 0010 0194     		str	r4, [sp, #4]
 149 0012 0294     		str	r4, [sp, #8]
 150 0014 0394     		str	r4, [sp, #12]
 151 0016 0494     		str	r4, [sp, #16]
 152 0018 0594     		str	r4, [sp, #20]
 125:Src/main.c    ****   RCC_OscInitStruct.HSIState = RCC_HSI_ON;
 153              		.loc 1 125 3 is_stmt 1 view .LVU29
 125:Src/main.c    ****   RCC_OscInitStruct.HSIState = RCC_HSI_ON;
 154              		.loc 1 125 36 is_stmt 0 view .LVU30
 155 001a 0223     		movs	r3, #2
 156 001c 0693     		str	r3, [sp, #24]
 126:Src/main.c    ****   RCC_OscInitStruct.HSICalibrationValue = RCC_HSICALIBRATION_DEFAULT;
 157              		.loc 1 126 3 is_stmt 1 view .LVU31
 126:Src/main.c    ****   RCC_OscInitStruct.HSICalibrationValue = RCC_HSICALIBRATION_DEFAULT;
 158              		.loc 1 126 30 is_stmt 0 view .LVU32
 159 001e 0123     		movs	r3, #1
 160 0020 0A93     		str	r3, [sp, #40]
 127:Src/main.c    ****   RCC_OscInitStruct.PLL.PLLState = RCC_PLL_NONE;
 161              		.loc 1 127 3 is_stmt 1 view .LVU33
ARM GAS  C:\Users\behun\AppData\Local\Temp\cclM1NTF.s 			page 7


 127:Src/main.c    ****   RCC_OscInitStruct.PLL.PLLState = RCC_PLL_NONE;
 162              		.loc 1 127 41 is_stmt 0 view .LVU34
 163 0022 1023     		movs	r3, #16
 164 0024 0B93     		str	r3, [sp, #44]
 128:Src/main.c    ****   if (HAL_RCC_OscConfig(&RCC_OscInitStruct) != HAL_OK)
 165              		.loc 1 128 3 is_stmt 1 view .LVU35
 129:Src/main.c    ****   {
 166              		.loc 1 129 3 view .LVU36
 129:Src/main.c    ****   {
 167              		.loc 1 129 7 is_stmt 0 view .LVU37
 168 0026 06A8     		add	r0, sp, #24
 169 0028 FFF7FEFF 		bl	HAL_RCC_OscConfig
 170              	.LVL3:
 135:Src/main.c    ****                               |RCC_CLOCKTYPE_PCLK1|RCC_CLOCKTYPE_PCLK2;
 171              		.loc 1 135 3 is_stmt 1 view .LVU38
 135:Src/main.c    ****                               |RCC_CLOCKTYPE_PCLK1|RCC_CLOCKTYPE_PCLK2;
 172              		.loc 1 135 31 is_stmt 0 view .LVU39
 173 002c 0F23     		movs	r3, #15
 174 002e 0193     		str	r3, [sp, #4]
 137:Src/main.c    ****   RCC_ClkInitStruct.AHBCLKDivider = RCC_SYSCLK_DIV1;
 175              		.loc 1 137 3 is_stmt 1 view .LVU40
 137:Src/main.c    ****   RCC_ClkInitStruct.AHBCLKDivider = RCC_SYSCLK_DIV1;
 176              		.loc 1 137 34 is_stmt 0 view .LVU41
 177 0030 0294     		str	r4, [sp, #8]
 138:Src/main.c    ****   RCC_ClkInitStruct.APB1CLKDivider = RCC_HCLK_DIV1;
 178              		.loc 1 138 3 is_stmt 1 view .LVU42
 138:Src/main.c    ****   RCC_ClkInitStruct.APB1CLKDivider = RCC_HCLK_DIV1;
 179              		.loc 1 138 35 is_stmt 0 view .LVU43
 180 0032 0394     		str	r4, [sp, #12]
 139:Src/main.c    ****   RCC_ClkInitStruct.APB2CLKDivider = RCC_HCLK_DIV1;
 181              		.loc 1 139 3 is_stmt 1 view .LVU44
 139:Src/main.c    ****   RCC_ClkInitStruct.APB2CLKDivider = RCC_HCLK_DIV1;
 182              		.loc 1 139 36 is_stmt 0 view .LVU45
 183 0034 0494     		str	r4, [sp, #16]
 140:Src/main.c    **** 
 184              		.loc 1 140 3 is_stmt 1 view .LVU46
 140:Src/main.c    **** 
 185              		.loc 1 140 36 is_stmt 0 view .LVU47
 186 0036 0594     		str	r4, [sp, #20]
 142:Src/main.c    ****   {
 187              		.loc 1 142 3 is_stmt 1 view .LVU48
 142:Src/main.c    ****   {
 188              		.loc 1 142 7 is_stmt 0 view .LVU49
 189 0038 2146     		mov	r1, r4
 190 003a 01A8     		add	r0, sp, #4
 191 003c FFF7FEFF 		bl	HAL_RCC_ClockConfig
 192              	.LVL4:
 146:Src/main.c    **** 
 193              		.loc 1 146 1 view .LVU50
 194 0040 10B0     		add	sp, sp, #64
 195              	.LCFI5:
 196              		.cfi_def_cfa_offset 8
 197              		@ sp needed
 198 0042 10BD     		pop	{r4, pc}
 199              		.cfi_endproc
 200              	.LFE67:
 202              		.section	.text.main,"ax",%progbits
ARM GAS  C:\Users\behun\AppData\Local\Temp\cclM1NTF.s 			page 8


 203              		.align	1
 204              		.global	main
 205              		.syntax unified
 206              		.thumb
 207              		.thumb_func
 208              		.fpu softvfp
 210              	main:
 211              	.LFB66:
  67:Src/main.c    ****   /* USER CODE BEGIN 1 */
 212              		.loc 1 67 1 is_stmt 1 view -0
 213              		.cfi_startproc
 214              		@ Volatile: function does not return.
 215              		@ args = 0, pretend = 0, frame = 0
 216              		@ frame_needed = 0, uses_anonymous_args = 0
 217 0000 08B5     		push	{r3, lr}
 218              	.LCFI6:
 219              		.cfi_def_cfa_offset 8
 220              		.cfi_offset 3, -8
 221              		.cfi_offset 14, -4
  76:Src/main.c    **** 
 222              		.loc 1 76 3 view .LVU52
 223 0002 FFF7FEFF 		bl	HAL_Init
 224              	.LVL5:
  83:Src/main.c    **** 
 225              		.loc 1 83 3 view .LVU53
 226 0006 FFF7FEFF 		bl	SystemClock_Config
 227              	.LVL6:
  90:Src/main.c    ****   /* USER CODE BEGIN 2 */
 228              		.loc 1 90 3 view .LVU54
 229 000a FFF7FEFF 		bl	MX_GPIO_Init
 230              	.LVL7:
  92:Src/main.c    ****   LCD_SetPos(0, 0);
 231              		.loc 1 92 3 view .LVU55
 232 000e FFF7FEFF 		bl	LCD_Init
 233              	.LVL8:
  93:Src/main.c    ****   LCD_String("LCD_TEST");
 234              		.loc 1 93 3 view .LVU56
 235 0012 0021     		movs	r1, #0
 236 0014 0846     		mov	r0, r1
 237 0016 FFF7FEFF 		bl	LCD_SetPos
 238              	.LVL9:
  94:Src/main.c    ****   LCD_SetPos(1, 1);
 239              		.loc 1 94 3 view .LVU57
 240 001a 0C48     		ldr	r0, .L10
 241 001c FFF7FEFF 		bl	LCD_String
 242              	.LVL10:
  95:Src/main.c    ****   LCD_String("STM32F103");
 243              		.loc 1 95 3 view .LVU58
 244 0020 0121     		movs	r1, #1
 245 0022 0846     		mov	r0, r1
 246 0024 FFF7FEFF 		bl	LCD_SetPos
 247              	.LVL11:
  96:Src/main.c    ****   LCD_SetPos(2, 2);
 248              		.loc 1 96 3 view .LVU59
 249 0028 0948     		ldr	r0, .L10+4
 250 002a FFF7FEFF 		bl	LCD_String
 251              	.LVL12:
ARM GAS  C:\Users\behun\AppData\Local\Temp\cclM1NTF.s 			page 9


  97:Src/main.c    ****   LCD_String("Motor_Control");
 252              		.loc 1 97 3 view .LVU60
 253 002e 0221     		movs	r1, #2
 254 0030 0846     		mov	r0, r1
 255 0032 FFF7FEFF 		bl	LCD_SetPos
 256              	.LVL13:
  98:Src/main.c    ****   LCD_SetPos(3, 3);
 257              		.loc 1 98 3 view .LVU61
 258 0036 0748     		ldr	r0, .L10+8
 259 0038 FFF7FEFF 		bl	LCD_String
 260              	.LVL14:
  99:Src/main.c    ****   LCD_String("Continue");
 261              		.loc 1 99 3 view .LVU62
 262 003c 0321     		movs	r1, #3
 263 003e 0846     		mov	r0, r1
 264 0040 FFF7FEFF 		bl	LCD_SetPos
 265              	.LVL15:
 100:Src/main.c    ****   /* USER CODE END 2 */
 266              		.loc 1 100 3 view .LVU63
 267 0044 0448     		ldr	r0, .L10+12
 268 0046 FFF7FEFF 		bl	LCD_String
 269              	.LVL16:
 270              	.L8:
 105:Src/main.c    ****   {
 271              		.loc 1 105 3 discriminator 1 view .LVU64
 110:Src/main.c    ****   /* USER CODE END 3 */
 272              		.loc 1 110 3 discriminator 1 view .LVU65
 273 004a FEE7     		b	.L8
 274              	.L11:
 275              		.align	2
 276              	.L10:
 277 004c 00000000 		.word	.LC0
 278 0050 0C000000 		.word	.LC1
 279 0054 18000000 		.word	.LC2
 280 0058 28000000 		.word	.LC3
 281              		.cfi_endproc
 282              	.LFE66:
 284              		.section	.text.Error_Handler,"ax",%progbits
 285              		.align	1
 286              		.global	Error_Handler
 287              		.syntax unified
 288              		.thumb
 289              		.thumb_func
 290              		.fpu softvfp
 292              	Error_Handler:
 293              	.LFB69:
 175:Src/main.c    **** 
 176:Src/main.c    **** /* USER CODE BEGIN 4 */
 177:Src/main.c    **** 
 178:Src/main.c    **** /* USER CODE END 4 */
 179:Src/main.c    **** 
 180:Src/main.c    **** /**
 181:Src/main.c    ****   * @brief  This function is executed in case of error occurrence.
 182:Src/main.c    ****   * @retval None
 183:Src/main.c    ****   */
 184:Src/main.c    **** void Error_Handler(void)
 185:Src/main.c    **** {
ARM GAS  C:\Users\behun\AppData\Local\Temp\cclM1NTF.s 			page 10


 294              		.loc 1 185 1 view -0
 295              		.cfi_startproc
 296              		@ args = 0, pretend = 0, frame = 0
 297              		@ frame_needed = 0, uses_anonymous_args = 0
 298              		@ link register save eliminated.
 186:Src/main.c    ****   /* USER CODE BEGIN Error_Handler_Debug */
 187:Src/main.c    ****   /* User can add his own implementation to report the HAL error return state */
 188:Src/main.c    **** 
 189:Src/main.c    ****   /* USER CODE END Error_Handler_Debug */
 190:Src/main.c    **** }
 299              		.loc 1 190 1 view .LVU67
 300 0000 7047     		bx	lr
 301              		.cfi_endproc
 302              	.LFE69:
 304              		.section	.rodata.main.str1.4,"aMS",%progbits,1
 305              		.align	2
 306              	.LC0:
 307 0000 4C43445F 		.ascii	"LCD_TEST\000"
 307      54455354 
 307      00
 308 0009 000000   		.space	3
 309              	.LC1:
 310 000c 53544D33 		.ascii	"STM32F103\000"
 310      32463130 
 310      3300
 311 0016 0000     		.space	2
 312              	.LC2:
 313 0018 4D6F746F 		.ascii	"Motor_Control\000"
 313      725F436F 
 313      6E74726F 
 313      6C00
 314 0026 0000     		.space	2
 315              	.LC3:
 316 0028 436F6E74 		.ascii	"Continue\000"
 316      696E7565 
 316      00
 317              		.text
 318              	.Letext0:
 319              		.file 2 "c:\\program files (x86)\\gnu tools arm embedded\\8 2019-q3-update\\arm-none-eabi\\include
 320              		.file 3 "c:\\program files (x86)\\gnu tools arm embedded\\8 2019-q3-update\\arm-none-eabi\\include
 321              		.file 4 "Drivers/CMSIS/Include/core_cm3.h"
 322              		.file 5 "Drivers/CMSIS/Device/ST/STM32F1xx/Include/system_stm32f1xx.h"
 323              		.file 6 "Drivers/CMSIS/Device/ST/STM32F1xx/Include/stm32f103xe.h"
 324              		.file 7 "c:\\program files (x86)\\gnu tools arm embedded\\8 2019-q3-update\\lib\\gcc\\arm-none-eab
 325              		.file 8 "c:\\program files (x86)\\gnu tools arm embedded\\8 2019-q3-update\\arm-none-eabi\\include
 326              		.file 9 "c:\\program files (x86)\\gnu tools arm embedded\\8 2019-q3-update\\arm-none-eabi\\include
 327              		.file 10 "c:\\program files (x86)\\gnu tools arm embedded\\8 2019-q3-update\\arm-none-eabi\\includ
 328              		.file 11 "Drivers/STM32F1xx_HAL_Driver/Inc/stm32f1xx_hal_rcc.h"
 329              		.file 12 "Drivers/STM32F1xx_HAL_Driver/Inc/stm32f1xx_hal_rcc_ex.h"
 330              		.file 13 "Drivers/STM32F1xx_HAL_Driver/Inc/stm32f1xx_hal_gpio.h"
 331              		.file 14 "Drivers/STM32F1xx_HAL_Driver/Inc/stm32f1xx_hal_def.h"
 332              		.file 15 "Drivers/STM32F1xx_HAL_Driver/Inc/stm32f1xx_hal.h"
 333              		.file 16 "Inc/lcd.h"
 334              		.file 17 "<built-in>"
ARM GAS  C:\Users\behun\AppData\Local\Temp\cclM1NTF.s 			page 11


DEFINED SYMBOLS
                            *ABS*:00000000 main.c
C:\Users\behun\AppData\Local\Temp\cclM1NTF.s:16     .text.MX_GPIO_Init:00000000 $t
C:\Users\behun\AppData\Local\Temp\cclM1NTF.s:23     .text.MX_GPIO_Init:00000000 MX_GPIO_Init
C:\Users\behun\AppData\Local\Temp\cclM1NTF.s:111    .text.MX_GPIO_Init:0000005c $d
C:\Users\behun\AppData\Local\Temp\cclM1NTF.s:117    .text.SystemClock_Config:00000000 $t
C:\Users\behun\AppData\Local\Temp\cclM1NTF.s:124    .text.SystemClock_Config:00000000 SystemClock_Config
C:\Users\behun\AppData\Local\Temp\cclM1NTF.s:203    .text.main:00000000 $t
C:\Users\behun\AppData\Local\Temp\cclM1NTF.s:210    .text.main:00000000 main
C:\Users\behun\AppData\Local\Temp\cclM1NTF.s:277    .text.main:0000004c $d
C:\Users\behun\AppData\Local\Temp\cclM1NTF.s:285    .text.Error_Handler:00000000 $t
C:\Users\behun\AppData\Local\Temp\cclM1NTF.s:292    .text.Error_Handler:00000000 Error_Handler
C:\Users\behun\AppData\Local\Temp\cclM1NTF.s:305    .rodata.main.str1.4:00000000 $d

UNDEFINED SYMBOLS
HAL_GPIO_WritePin
HAL_GPIO_Init
memset
HAL_RCC_OscConfig
HAL_RCC_ClockConfig
HAL_Init
LCD_Init
LCD_SetPos
LCD_String
